[2024-05-26T01:24:21.615+0000] {local_task_job_runner.py:120} INFO - ::group::Pre task execution logs
[2024-05-26T01:24:21.655+0000] {taskinstance.py:2076} INFO - Dependencies all met for dep_context=non-requeueable deps ti=<TaskInstance: process_sales.get_send_data_task scheduled__2023-03-25T01:00:00+00:00 [queued]>
[2024-05-26T01:24:21.668+0000] {taskinstance.py:2076} INFO - Dependencies all met for dep_context=requeueable deps ti=<TaskInstance: process_sales.get_send_data_task scheduled__2023-03-25T01:00:00+00:00 [queued]>
[2024-05-26T01:24:21.668+0000] {taskinstance.py:2306} INFO - Starting attempt 1 of 3
[2024-05-26T01:24:21.690+0000] {taskinstance.py:2330} INFO - Executing <Task(PythonOperator): get_send_data_task> on 2023-03-25 01:00:00+00:00
[2024-05-26T01:24:21.700+0000] {warnings.py:110} WARNING - /home/***/.local/lib/python3.12/site-packages/***/task/task_runner/standard_task_runner.py:61: DeprecationWarning: This process (pid=4782) is multi-threaded, use of fork() may lead to deadlocks in the child.
  pid = os.fork()

[2024-05-26T01:24:21.703+0000] {standard_task_runner.py:63} INFO - Started process 4784 to run task
[2024-05-26T01:24:21.705+0000] {standard_task_runner.py:90} INFO - Running: ['***', 'tasks', 'run', 'process_sales', 'get_send_data_task', 'scheduled__2023-03-25T01:00:00+00:00', '--job-id', '883', '--raw', '--subdir', 'DAGS_FOLDER/process_sales.py', '--cfg-path', '/tmp/tmp4ce492uz']
[2024-05-26T01:24:21.709+0000] {standard_task_runner.py:91} INFO - Job 883: Subtask get_send_data_task
[2024-05-26T01:24:21.810+0000] {task_command.py:426} INFO - Running <TaskInstance: process_sales.get_send_data_task scheduled__2023-03-25T01:00:00+00:00 [running]> on host 6ecac41592ab
[2024-05-26T01:24:21.996+0000] {taskinstance.py:2648} INFO - Exporting env vars: AIRFLOW_CTX_DAG_EMAIL='gurlenko.1488@gmail.com' AIRFLOW_CTX_DAG_OWNER='***' AIRFLOW_CTX_DAG_ID='process_sales' AIRFLOW_CTX_TASK_ID='get_send_data_task' AIRFLOW_CTX_EXECUTION_DATE='2023-03-25T01:00:00+00:00' AIRFLOW_CTX_TRY_NUMBER='1' AIRFLOW_CTX_DAG_RUN_ID='scheduled__2023-03-25T01:00:00+00:00'
[2024-05-26T01:24:22.000+0000] {taskinstance.py:430} INFO - ::endgroup::
[2024-05-26T01:24:22.315+0000] {logging_mixin.py:188} INFO - Response status code on page 1:  200
[2024-05-26T01:24:22.609+0000] {logging_mixin.py:188} INFO - Response status code on page 2:  200
[2024-05-26T01:24:22.915+0000] {logging_mixin.py:188} INFO - Response status code on page 3:  200
[2024-05-26T01:24:23.191+0000] {logging_mixin.py:188} INFO - Response status code on page 4:  200
[2024-05-26T01:24:23.473+0000] {logging_mixin.py:188} INFO - Total pages: 4
[2024-05-26T01:24:23.493+0000] {logging_mixin.py:188} INFO - Data successfully posted to Job_1.
[2024-05-26T01:24:23.496+0000] {python.py:237} INFO - Done. Returned value was: None
[2024-05-26T01:24:23.498+0000] {taskinstance.py:441} INFO - ::group::Post task execution logs
[2024-05-26T01:24:23.514+0000] {taskinstance.py:1206} INFO - Marking task as SUCCESS. dag_id=process_sales, task_id=get_send_data_task, run_id=scheduled__2023-03-25T01:00:00+00:00, execution_date=20230325T010000, start_date=20240526T012421, end_date=20240526T012423
[2024-05-26T01:24:23.565+0000] {local_task_job_runner.py:240} INFO - Task exited with return code 0
[2024-05-26T01:24:23.599+0000] {taskinstance.py:3498} INFO - 1 downstream tasks scheduled from follow-on schedule check
[2024-05-26T01:24:23.602+0000] {local_task_job_runner.py:222} INFO - ::endgroup::
