[2024-05-25T22:22:52.199+0000] {local_task_job_runner.py:120} INFO - ::group::Pre task execution logs
[2024-05-25T22:22:52.234+0000] {taskinstance.py:2076} INFO - Dependencies all met for dep_context=non-requeueable deps ti=<TaskInstance: process_sales.get_send_data_task scheduled__2023-02-12T01:00:00+00:00 [queued]>
[2024-05-25T22:22:52.246+0000] {taskinstance.py:2076} INFO - Dependencies all met for dep_context=requeueable deps ti=<TaskInstance: process_sales.get_send_data_task scheduled__2023-02-12T01:00:00+00:00 [queued]>
[2024-05-25T22:22:52.247+0000] {taskinstance.py:2306} INFO - Starting attempt 1 of 3
[2024-05-25T22:22:52.267+0000] {taskinstance.py:2330} INFO - Executing <Task(PythonOperator): get_send_data_task> on 2023-02-12 01:00:00+00:00
[2024-05-25T22:22:52.281+0000] {warnings.py:110} WARNING - /home/***/.local/lib/python3.12/site-packages/***/task/task_runner/standard_task_runner.py:61: DeprecationWarning: This process (pid=3915) is multi-threaded, use of fork() may lead to deadlocks in the child.
  pid = os.fork()

[2024-05-25T22:22:52.288+0000] {standard_task_runner.py:63} INFO - Started process 3917 to run task
[2024-05-25T22:22:52.287+0000] {standard_task_runner.py:90} INFO - Running: ['***', 'tasks', 'run', 'process_sales', 'get_send_data_task', 'scheduled__2023-02-12T01:00:00+00:00', '--job-id', '719', '--raw', '--subdir', 'DAGS_FOLDER/process_sales.py', '--cfg-path', '/tmp/tmpyivs1h3v']
[2024-05-25T22:22:52.293+0000] {standard_task_runner.py:91} INFO - Job 719: Subtask get_send_data_task
[2024-05-25T22:22:52.375+0000] {task_command.py:426} INFO - Running <TaskInstance: process_sales.get_send_data_task scheduled__2023-02-12T01:00:00+00:00 [running]> on host 6ecac41592ab
[2024-05-25T22:22:52.572+0000] {taskinstance.py:2648} INFO - Exporting env vars: AIRFLOW_CTX_DAG_EMAIL='gurlenko.1488@gmail.com' AIRFLOW_CTX_DAG_OWNER='***' AIRFLOW_CTX_DAG_ID='process_sales' AIRFLOW_CTX_TASK_ID='get_send_data_task' AIRFLOW_CTX_EXECUTION_DATE='2023-02-12T01:00:00+00:00' AIRFLOW_CTX_TRY_NUMBER='1' AIRFLOW_CTX_DAG_RUN_ID='scheduled__2023-02-12T01:00:00+00:00'
[2024-05-25T22:22:52.577+0000] {taskinstance.py:430} INFO - ::endgroup::
[2024-05-25T22:22:52.869+0000] {logging_mixin.py:188} INFO - Response status code on page 1:  200
[2024-05-25T22:22:53.162+0000] {logging_mixin.py:188} INFO - Response status code on page 2:  200
[2024-05-25T22:22:53.514+0000] {logging_mixin.py:188} INFO - Response status code on page 3:  200
[2024-05-25T22:22:53.783+0000] {logging_mixin.py:188} INFO - Response status code on page 4:  200
[2024-05-25T22:22:54.054+0000] {logging_mixin.py:188} INFO - Total pages: 4
[2024-05-25T22:22:54.069+0000] {logging_mixin.py:188} INFO - Data successfully posted to Job_1.
[2024-05-25T22:22:54.073+0000] {python.py:237} INFO - Done. Returned value was: None
[2024-05-25T22:22:54.074+0000] {taskinstance.py:441} INFO - ::group::Post task execution logs
[2024-05-25T22:22:54.088+0000] {taskinstance.py:1206} INFO - Marking task as SUCCESS. dag_id=process_sales, task_id=get_send_data_task, run_id=scheduled__2023-02-12T01:00:00+00:00, execution_date=20230212T010000, start_date=20240525T222252, end_date=20240525T222254
[2024-05-25T22:22:54.116+0000] {local_task_job_runner.py:240} INFO - Task exited with return code 0
[2024-05-25T22:22:54.147+0000] {taskinstance.py:3498} INFO - 1 downstream tasks scheduled from follow-on schedule check
[2024-05-25T22:22:54.149+0000] {local_task_job_runner.py:222} INFO - ::endgroup::
