[2024-05-27T20:44:37.056+0000] {local_task_job_runner.py:120} INFO - ::group::Pre task execution logs
[2024-05-27T20:44:37.092+0000] {taskinstance.py:2076} INFO - Dependencies all met for dep_context=non-requeueable deps ti=<TaskInstance: process_sales.extract_data_from_api manual__2024-05-27T20:44:25.315391+00:00 [queued]>
[2024-05-27T20:44:37.103+0000] {taskinstance.py:2076} INFO - Dependencies all met for dep_context=requeueable deps ti=<TaskInstance: process_sales.extract_data_from_api manual__2024-05-27T20:44:25.315391+00:00 [queued]>
[2024-05-27T20:44:37.104+0000] {taskinstance.py:2306} INFO - Starting attempt 2 of 3
[2024-05-27T20:44:37.121+0000] {taskinstance.py:2330} INFO - Executing <Task(PythonOperator): extract_data_from_api> on 2024-05-27 20:44:25.315391+00:00
[2024-05-27T20:44:37.129+0000] {warnings.py:110} WARNING - /home/***/.local/lib/python3.12/site-packages/***/task/task_runner/standard_task_runner.py:61: DeprecationWarning: This process (pid=274) is multi-threaded, use of fork() may lead to deadlocks in the child.
  pid = os.fork()

[2024-05-27T20:44:37.132+0000] {standard_task_runner.py:63} INFO - Started process 276 to run task
[2024-05-27T20:44:37.132+0000] {standard_task_runner.py:90} INFO - Running: ['***', 'tasks', 'run', 'process_sales', 'extract_data_from_api', 'manual__2024-05-27T20:44:25.315391+00:00', '--job-id', '2467', '--raw', '--subdir', 'DAGS_FOLDER/process_sales.py', '--cfg-path', '/tmp/tmpzfkmb52s']
[2024-05-27T20:44:37.136+0000] {standard_task_runner.py:91} INFO - Job 2467: Subtask extract_data_from_api
[2024-05-27T20:44:37.196+0000] {task_command.py:426} INFO - Running <TaskInstance: process_sales.extract_data_from_api manual__2024-05-27T20:44:25.315391+00:00 [running]> on host 6ecac41592ab
[2024-05-27T20:44:37.313+0000] {taskinstance.py:2648} INFO - Exporting env vars: AIRFLOW_CTX_DAG_EMAIL='gurlenko.1488@gmail.com' AIRFLOW_CTX_DAG_OWNER='***' AIRFLOW_CTX_DAG_ID='process_sales' AIRFLOW_CTX_TASK_ID='extract_data_from_api' AIRFLOW_CTX_EXECUTION_DATE='2024-05-27T20:44:25.315391+00:00' AIRFLOW_CTX_TRY_NUMBER='2' AIRFLOW_CTX_DAG_RUN_ID='manual__2024-05-27T20:44:25.315391+00:00'
[2024-05-27T20:44:37.315+0000] {taskinstance.py:430} INFO - ::endgroup::
[2024-05-27T20:44:37.316+0000] {taskinstance.py:441} INFO - ::group::Post task execution logs
[2024-05-27T20:44:37.317+0000] {taskinstance.py:2905} ERROR - Task failed with exception
Traceback (most recent call last):
  File "/home/airflow/.local/lib/python3.12/site-packages/airflow/models/taskinstance.py", line 465, in _execute_task
    result = _execute_callable(context=context, **execute_callable_kwargs)
             ^^^^^^^^^^^^^^^^^^^^^^^^^^^^^^^^^^^^^^^^^^^^^^^^^^^^^^^^^^^^^
  File "/home/airflow/.local/lib/python3.12/site-packages/airflow/models/taskinstance.py", line 432, in _execute_callable
    return execute_callable(context=context, **execute_callable_kwargs)
           ^^^^^^^^^^^^^^^^^^^^^^^^^^^^^^^^^^^^^^^^^^^^^^^^^^^^^^^^^^^^
  File "/home/airflow/.local/lib/python3.12/site-packages/airflow/models/baseoperator.py", line 400, in wrapper
    return func(self, *args, **kwargs)
           ^^^^^^^^^^^^^^^^^^^^^^^^^^^
  File "/home/airflow/.local/lib/python3.12/site-packages/airflow/operators/python.py", line 235, in execute
    return_value = self.execute_callable()
                   ^^^^^^^^^^^^^^^^^^^^^^^
  File "/home/airflow/.local/lib/python3.12/site-packages/airflow/operators/python.py", line 252, in execute_callable
    return self.python_callable(*self.op_args, **self.op_kwargs)
           ^^^^^^^^^^^^^^^^^^^^^^^^^^^^^^^^^^^^^^^^^^^^^^^^^^^^^
TypeError: run_job_1() missing 1 required positional argument: 'datetime'
[2024-05-27T20:44:37.330+0000] {taskinstance.py:1206} INFO - Marking task as UP_FOR_RETRY. dag_id=process_sales, task_id=extract_data_from_api, run_id=manual__2024-05-27T20:44:25.315391+00:00, execution_date=20240527T204425, start_date=20240527T204437, end_date=20240527T204437
[2024-05-27T20:44:37.347+0000] {standard_task_runner.py:110} ERROR - Failed to execute job 2467 for task extract_data_from_api (run_job_1() missing 1 required positional argument: 'datetime'; 276)
[2024-05-27T20:44:37.359+0000] {local_task_job_runner.py:240} INFO - Task exited with return code 1
[2024-05-27T20:44:37.394+0000] {taskinstance.py:3498} INFO - 0 downstream tasks scheduled from follow-on schedule check
[2024-05-27T20:44:37.397+0000] {local_task_job_runner.py:222} INFO - ::endgroup::
