[2024-05-27T06:01:13.551+0000] {local_task_job_runner.py:120} INFO - ::group::Pre task execution logs
[2024-05-27T06:01:13.759+0000] {taskinstance.py:2076} INFO - Dependencies all met for dep_context=non-requeueable deps ti=<TaskInstance: process_sales.get_send_data_task scheduled__2023-11-06T01:00:00+00:00 [queued]>
[2024-05-27T06:01:13.832+0000] {taskinstance.py:2076} INFO - Dependencies all met for dep_context=requeueable deps ti=<TaskInstance: process_sales.get_send_data_task scheduled__2023-11-06T01:00:00+00:00 [queued]>
[2024-05-27T06:01:13.837+0000] {taskinstance.py:2306} INFO - Starting attempt 1 of 3
[2024-05-27T06:01:13.970+0000] {taskinstance.py:2330} INFO - Executing <Task(PythonOperator): get_send_data_task> on 2023-11-06 01:00:00+00:00
[2024-05-27T06:01:14.031+0000] {warnings.py:110} WARNING - /home/***/.local/lib/python3.12/site-packages/***/task/task_runner/standard_task_runner.py:61: DeprecationWarning: This process (pid=10047) is multi-threaded, use of fork() may lead to deadlocks in the child.
  pid = os.fork()

[2024-05-27T06:01:14.059+0000] {standard_task_runner.py:63} INFO - Started process 10049 to run task
[2024-05-27T06:01:14.064+0000] {standard_task_runner.py:90} INFO - Running: ['***', 'tasks', 'run', 'process_sales', 'get_send_data_task', 'scheduled__2023-11-06T01:00:00+00:00', '--job-id', '1794', '--raw', '--subdir', 'DAGS_FOLDER/process_sales.py', '--cfg-path', '/tmp/tmp8ldddxlr']
[2024-05-27T06:01:14.111+0000] {standard_task_runner.py:91} INFO - Job 1794: Subtask get_send_data_task
[2024-05-27T06:01:14.738+0000] {task_command.py:426} INFO - Running <TaskInstance: process_sales.get_send_data_task scheduled__2023-11-06T01:00:00+00:00 [running]> on host 6ecac41592ab
[2024-05-27T06:01:15.924+0000] {taskinstance.py:2648} INFO - Exporting env vars: AIRFLOW_CTX_DAG_EMAIL='gurlenko.1488@gmail.com' AIRFLOW_CTX_DAG_OWNER='***' AIRFLOW_CTX_DAG_ID='process_sales' AIRFLOW_CTX_TASK_ID='get_send_data_task' AIRFLOW_CTX_EXECUTION_DATE='2023-11-06T01:00:00+00:00' AIRFLOW_CTX_TRY_NUMBER='1' AIRFLOW_CTX_DAG_RUN_ID='scheduled__2023-11-06T01:00:00+00:00'
[2024-05-27T06:01:15.954+0000] {taskinstance.py:430} INFO - ::endgroup::
[2024-05-27T06:01:18.371+0000] {logging_mixin.py:188} INFO - Response status code on page 1:  200
[2024-05-27T06:01:19.072+0000] {logging_mixin.py:188} INFO - Response status code on page 2:  200
[2024-05-27T06:01:19.916+0000] {logging_mixin.py:188} INFO - Response status code on page 3:  200
[2024-05-27T06:01:20.573+0000] {logging_mixin.py:188} INFO - Response status code on page 4:  200
[2024-05-27T06:01:21.249+0000] {logging_mixin.py:188} INFO - Total pages: 4
[2024-05-27T06:01:21.323+0000] {logging_mixin.py:188} INFO - Data successfully posted to Job_1.
[2024-05-27T06:01:21.344+0000] {python.py:237} INFO - Done. Returned value was: None
[2024-05-27T06:01:21.352+0000] {taskinstance.py:441} INFO - ::group::Post task execution logs
[2024-05-27T06:01:21.448+0000] {taskinstance.py:1206} INFO - Marking task as SUCCESS. dag_id=process_sales, task_id=get_send_data_task, run_id=scheduled__2023-11-06T01:00:00+00:00, execution_date=20231106T010000, start_date=20240527T060113, end_date=20240527T060121
[2024-05-27T06:01:21.643+0000] {local_task_job_runner.py:240} INFO - Task exited with return code 0
[2024-05-27T06:01:21.795+0000] {taskinstance.py:3498} INFO - 1 downstream tasks scheduled from follow-on schedule check
[2024-05-27T06:01:21.803+0000] {local_task_job_runner.py:222} INFO - ::endgroup::
