[2024-05-28T01:10:46.740+0000] {local_task_job_runner.py:120} INFO - ::group::Pre task execution logs
[2024-05-28T01:10:47.293+0000] {taskinstance.py:2076} INFO - Dependencies all met for dep_context=non-requeueable deps ti=<TaskInstance: process_sales.convert_to_avro scheduled__2024-05-27T01:00:00+00:00 [queued]>
[2024-05-28T01:10:47.407+0000] {taskinstance.py:2076} INFO - Dependencies all met for dep_context=requeueable deps ti=<TaskInstance: process_sales.convert_to_avro scheduled__2024-05-27T01:00:00+00:00 [queued]>
[2024-05-28T01:10:47.419+0000] {taskinstance.py:2306} INFO - Starting attempt 1 of 3
[2024-05-28T01:10:47.661+0000] {taskinstance.py:2330} INFO - Executing <Task(PythonOperator): convert_to_avro> on 2024-05-27 01:00:00+00:00
[2024-05-28T01:10:47.769+0000] {warnings.py:110} WARNING - /home/***/.local/lib/python3.12/site-packages/***/task/task_runner/standard_task_runner.py:61: DeprecationWarning: This process (pid=814) is multi-threaded, use of fork() may lead to deadlocks in the child.
  pid = os.fork()

[2024-05-28T01:10:47.817+0000] {standard_task_runner.py:63} INFO - Started process 816 to run task
[2024-05-28T01:10:47.836+0000] {standard_task_runner.py:90} INFO - Running: ['***', 'tasks', 'run', 'process_sales', 'convert_to_avro', 'scheduled__2024-05-27T01:00:00+00:00', '--job-id', '2482', '--raw', '--subdir', 'DAGS_FOLDER/process_sales.py', '--cfg-path', '/tmp/tmp0dr5pt24']
[2024-05-28T01:10:47.933+0000] {standard_task_runner.py:91} INFO - Job 2482: Subtask convert_to_avro
[2024-05-28T01:10:48.702+0000] {task_command.py:426} INFO - Running <TaskInstance: process_sales.convert_to_avro scheduled__2024-05-27T01:00:00+00:00 [running]> on host 6ecac41592ab
[2024-05-28T01:10:50.378+0000] {taskinstance.py:2648} INFO - Exporting env vars: AIRFLOW_CTX_DAG_EMAIL='gurlenko.1488@gmail.com' AIRFLOW_CTX_DAG_OWNER='***' AIRFLOW_CTX_DAG_ID='process_sales' AIRFLOW_CTX_TASK_ID='convert_to_avro' AIRFLOW_CTX_EXECUTION_DATE='2024-05-27T01:00:00+00:00' AIRFLOW_CTX_TRY_NUMBER='1' AIRFLOW_CTX_DAG_RUN_ID='scheduled__2024-05-27T01:00:00+00:00'
[2024-05-28T01:10:50.416+0000] {taskinstance.py:430} INFO - ::endgroup::
[2024-05-28T01:10:50.432+0000] {logging_mixin.py:188} INFO - Starting job 2
[2024-05-28T01:10:50.669+0000] {logging_mixin.py:188} INFO - Files processed successfully
[2024-05-28T01:10:50.677+0000] {python.py:237} INFO - Done. Returned value was: None
[2024-05-28T01:10:50.694+0000] {taskinstance.py:441} INFO - ::group::Post task execution logs
[2024-05-28T01:10:50.900+0000] {taskinstance.py:1206} INFO - Marking task as SUCCESS. dag_id=process_sales, task_id=convert_to_avro, run_id=scheduled__2024-05-27T01:00:00+00:00, execution_date=20240527T010000, start_date=20240528T011047, end_date=20240528T011050
[2024-05-28T01:10:51.696+0000] {local_task_job_runner.py:240} INFO - Task exited with return code 0
[2024-05-28T01:10:52.151+0000] {taskinstance.py:3498} INFO - 0 downstream tasks scheduled from follow-on schedule check
[2024-05-28T01:10:52.204+0000] {local_task_job_runner.py:222} INFO - ::endgroup::
