[2024-05-29T19:07:25.408+0000] {local_task_job_runner.py:120} INFO - ::group::Pre task execution logs
[2024-05-29T19:07:25.440+0000] {taskinstance.py:2076} INFO - Dependencies all met for dep_context=non-requeueable deps ti=<TaskInstance: example_dag_1.get_rates manual__2024-05-29T19:07:21.792192+00:00 [queued]>
[2024-05-29T19:07:25.455+0000] {taskinstance.py:2076} INFO - Dependencies all met for dep_context=requeueable deps ti=<TaskInstance: example_dag_1.get_rates manual__2024-05-29T19:07:21.792192+00:00 [queued]>
[2024-05-29T19:07:25.457+0000] {taskinstance.py:2306} INFO - Starting attempt 1 of 4
[2024-05-29T19:07:25.487+0000] {taskinstance.py:2330} INFO - Executing <Task(PythonOperator): get_rates> on 2024-05-29 19:07:21.792192+00:00
[2024-05-29T19:07:25.497+0000] {warnings.py:110} WARNING - /home/***/.local/lib/python3.12/site-packages/***/task/task_runner/standard_task_runner.py:61: DeprecationWarning: This process (pid=563) is multi-threaded, use of fork() may lead to deadlocks in the child.
  pid = os.fork()

[2024-05-29T19:07:25.502+0000] {standard_task_runner.py:63} INFO - Started process 565 to run task
[2024-05-29T19:07:25.501+0000] {standard_task_runner.py:90} INFO - Running: ['***', 'tasks', 'run', 'example_dag_1', 'get_rates', 'manual__2024-05-29T19:07:21.792192+00:00', '--job-id', '2617', '--raw', '--subdir', 'DAGS_FOLDER/first_dag.py', '--cfg-path', '/tmp/tmpkb1uufv6']
[2024-05-29T19:07:25.508+0000] {standard_task_runner.py:91} INFO - Job 2617: Subtask get_rates
[2024-05-29T19:07:25.582+0000] {task_command.py:426} INFO - Running <TaskInstance: example_dag_1.get_rates manual__2024-05-29T19:07:21.792192+00:00 [running]> on host 6ecac41592ab
[2024-05-29T19:07:25.708+0000] {taskinstance.py:2648} INFO - Exporting env vars: AIRFLOW_CTX_DAG_EMAIL='gurlenko.13032001@gmail.com' AIRFLOW_CTX_DAG_OWNER='***' AIRFLOW_CTX_DAG_ID='example_dag_1' AIRFLOW_CTX_TASK_ID='get_rates' AIRFLOW_CTX_EXECUTION_DATE='2024-05-29T19:07:21.792192+00:00' AIRFLOW_CTX_TRY_NUMBER='1' AIRFLOW_CTX_DAG_RUN_ID='manual__2024-05-29T19:07:21.792192+00:00'
[2024-05-29T19:07:25.710+0000] {taskinstance.py:430} INFO - ::endgroup::
[2024-05-29T19:07:25.722+0000] {base.py:84} INFO - Using connection ID 'coin_conn' for task execution.
[2024-05-29T19:07:25.821+0000] {logging_mixin.py:188} INFO - Current rate 67442.1118
[2024-05-29T19:07:25.837+0000] {python.py:237} INFO - Done. Returned value was: 67442.1118
[2024-05-29T19:07:25.838+0000] {taskinstance.py:441} INFO - ::group::Post task execution logs
[2024-05-29T19:07:25.863+0000] {taskinstance.py:1206} INFO - Marking task as SUCCESS. dag_id=example_dag_1, task_id=get_rates, run_id=manual__2024-05-29T19:07:21.792192+00:00, execution_date=20240529T190721, start_date=20240529T190725, end_date=20240529T190725
[2024-05-29T19:07:25.894+0000] {local_task_job_runner.py:240} INFO - Task exited with return code 0
[2024-05-29T19:07:25.925+0000] {taskinstance.py:3498} INFO - 1 downstream tasks scheduled from follow-on schedule check
[2024-05-29T19:07:25.928+0000] {local_task_job_runner.py:222} INFO - ::endgroup::
