[2024-05-26T18:49:56.087+0000] {local_task_job_runner.py:120} INFO - ::group::Pre task execution logs
[2024-05-26T18:49:56.513+0000] {taskinstance.py:2076} INFO - Dependencies all met for dep_context=non-requeueable deps ti=<TaskInstance: process_sales.read_send_data_task scheduled__2023-08-26T01:00:00+00:00 [queued]>
[2024-05-26T18:49:56.661+0000] {taskinstance.py:2076} INFO - Dependencies all met for dep_context=requeueable deps ti=<TaskInstance: process_sales.read_send_data_task scheduled__2023-08-26T01:00:00+00:00 [queued]>
[2024-05-26T18:49:56.666+0000] {taskinstance.py:2306} INFO - Starting attempt 1 of 3
[2024-05-26T18:49:57.103+0000] {taskinstance.py:2330} INFO - Executing <Task(PythonOperator): read_send_data_task> on 2023-08-26 01:00:00+00:00
[2024-05-26T18:49:57.265+0000] {warnings.py:110} WARNING - /home/***/.local/lib/python3.12/site-packages/***/task/task_runner/standard_task_runner.py:61: DeprecationWarning: This process (pid=8217) is multi-threaded, use of fork() may lead to deadlocks in the child.
  pid = os.fork()

[2024-05-26T18:49:57.341+0000] {standard_task_runner.py:63} INFO - Started process 8219 to run task
[2024-05-26T18:49:57.349+0000] {standard_task_runner.py:90} INFO - Running: ['***', 'tasks', 'run', 'process_sales', 'read_send_data_task', 'scheduled__2023-08-26T01:00:00+00:00', '--job-id', '1507', '--raw', '--subdir', 'DAGS_FOLDER/process_sales.py', '--cfg-path', '/tmp/tmppb34lpg6']
[2024-05-26T18:49:57.448+0000] {standard_task_runner.py:91} INFO - Job 1507: Subtask read_send_data_task
[2024-05-26T18:49:58.253+0000] {task_command.py:426} INFO - Running <TaskInstance: process_sales.read_send_data_task scheduled__2023-08-26T01:00:00+00:00 [running]> on host 6ecac41592ab
[2024-05-26T18:49:59.817+0000] {taskinstance.py:2648} INFO - Exporting env vars: AIRFLOW_CTX_DAG_EMAIL='gurlenko.1488@gmail.com' AIRFLOW_CTX_DAG_OWNER='***' AIRFLOW_CTX_DAG_ID='process_sales' AIRFLOW_CTX_TASK_ID='read_send_data_task' AIRFLOW_CTX_EXECUTION_DATE='2023-08-26T01:00:00+00:00' AIRFLOW_CTX_TRY_NUMBER='1' AIRFLOW_CTX_DAG_RUN_ID='scheduled__2023-08-26T01:00:00+00:00'
[2024-05-26T18:49:59.883+0000] {taskinstance.py:430} INFO - ::endgroup::
[2024-05-26T18:49:59.897+0000] {taskinstance.py:441} INFO - ::group::Post task execution logs
[2024-05-26T18:49:59.914+0000] {taskinstance.py:2905} ERROR - Task failed with exception
Traceback (most recent call last):
  File "/home/airflow/.local/lib/python3.12/site-packages/airflow/models/taskinstance.py", line 465, in _execute_task
    result = _execute_callable(context=context, **execute_callable_kwargs)
             ^^^^^^^^^^^^^^^^^^^^^^^^^^^^^^^^^^^^^^^^^^^^^^^^^^^^^^^^^^^^^
  File "/home/airflow/.local/lib/python3.12/site-packages/airflow/models/taskinstance.py", line 432, in _execute_callable
    return execute_callable(context=context, **execute_callable_kwargs)
           ^^^^^^^^^^^^^^^^^^^^^^^^^^^^^^^^^^^^^^^^^^^^^^^^^^^^^^^^^^^^
  File "/home/airflow/.local/lib/python3.12/site-packages/airflow/models/baseoperator.py", line 400, in wrapper
    return func(self, *args, **kwargs)
           ^^^^^^^^^^^^^^^^^^^^^^^^^^^
  File "/home/airflow/.local/lib/python3.12/site-packages/airflow/operators/python.py", line 235, in execute
    return_value = self.execute_callable()
                   ^^^^^^^^^^^^^^^^^^^^^^^
  File "/home/airflow/.local/lib/python3.12/site-packages/airflow/operators/python.py", line 252, in execute_callable
    return self.python_callable(*self.op_args, **self.op_kwargs)
           ^^^^^^^^^^^^^^^^^^^^^^^^^^^^^^^^^^^^^^^^^^^^^^^^^^^^^
  File "/opt/airflow/dags/data_sender.py", line 36, in read_send_data
    for json_file in os.listdir(read_dir):
                     ^^^^^^^^^^^^^^^^^^^^
FileNotFoundError: [Errno 2] No such file or directory: '/Users/admin/Desktop/Take data from API/pythonProject/file_storage/raw/sales'
[2024-05-26T18:50:00.089+0000] {taskinstance.py:1206} INFO - Marking task as UP_FOR_RETRY. dag_id=process_sales, task_id=read_send_data_task, run_id=scheduled__2023-08-26T01:00:00+00:00, execution_date=20230826T010000, start_date=20240526T184956, end_date=20240526T185000
[2024-05-26T18:50:00.343+0000] {standard_task_runner.py:110} ERROR - Failed to execute job 1507 for task read_send_data_task ([Errno 2] No such file or directory: '/Users/admin/Desktop/Take data from API/pythonProject/file_storage/raw/sales'; 8219)
[2024-05-26T18:50:00.507+0000] {local_task_job_runner.py:240} INFO - Task exited with return code 1
[2024-05-26T18:50:00.669+0000] {local_task_job_runner.py:222} INFO - ::endgroup::
