[2024-05-29T19:06:09.638+0000] {local_task_job_runner.py:120} INFO - ::group::Pre task execution logs
[2024-05-29T19:06:09.657+0000] {taskinstance.py:2076} INFO - Dependencies all met for dep_context=non-requeueable deps ti=<TaskInstance: example_dag_1.get_rates manual__2024-05-29T19:06:07.493219+00:00 [queued]>
[2024-05-29T19:06:09.666+0000] {taskinstance.py:2076} INFO - Dependencies all met for dep_context=requeueable deps ti=<TaskInstance: example_dag_1.get_rates manual__2024-05-29T19:06:07.493219+00:00 [queued]>
[2024-05-29T19:06:09.666+0000] {taskinstance.py:2306} INFO - Starting attempt 1 of 4
[2024-05-29T19:06:09.681+0000] {taskinstance.py:2330} INFO - Executing <Task(PythonOperator): get_rates> on 2024-05-29 19:06:07.493219+00:00
[2024-05-29T19:06:09.686+0000] {warnings.py:110} WARNING - /home/***/.local/lib/python3.12/site-packages/***/task/task_runner/standard_task_runner.py:61: DeprecationWarning: This process (pid=539) is multi-threaded, use of fork() may lead to deadlocks in the child.
  pid = os.fork()

[2024-05-29T19:06:09.688+0000] {standard_task_runner.py:63} INFO - Started process 541 to run task
[2024-05-29T19:06:09.689+0000] {standard_task_runner.py:90} INFO - Running: ['***', 'tasks', 'run', 'example_dag_1', 'get_rates', 'manual__2024-05-29T19:06:07.493219+00:00', '--job-id', '2613', '--raw', '--subdir', 'DAGS_FOLDER/first_dag.py', '--cfg-path', '/tmp/tmp__mrpmij']
[2024-05-29T19:06:09.691+0000] {standard_task_runner.py:91} INFO - Job 2613: Subtask get_rates
[2024-05-29T19:06:09.744+0000] {task_command.py:426} INFO - Running <TaskInstance: example_dag_1.get_rates manual__2024-05-29T19:06:07.493219+00:00 [running]> on host 6ecac41592ab
[2024-05-29T19:06:09.884+0000] {taskinstance.py:2648} INFO - Exporting env vars: AIRFLOW_CTX_DAG_EMAIL='gurlenko.13032001@gmail.com' AIRFLOW_CTX_DAG_OWNER='***' AIRFLOW_CTX_DAG_ID='example_dag_1' AIRFLOW_CTX_TASK_ID='get_rates' AIRFLOW_CTX_EXECUTION_DATE='2024-05-29T19:06:07.493219+00:00' AIRFLOW_CTX_TRY_NUMBER='1' AIRFLOW_CTX_DAG_RUN_ID='manual__2024-05-29T19:06:07.493219+00:00'
[2024-05-29T19:06:09.886+0000] {taskinstance.py:430} INFO - ::endgroup::
[2024-05-29T19:06:09.903+0000] {base.py:84} INFO - Using connection ID 'coin_conn' for task execution.
[2024-05-29T19:06:09.963+0000] {logging_mixin.py:188} INFO - Current rate 67444.0486
[2024-05-29T19:06:09.996+0000] {logging_mixin.py:188} INFO - RATE: 67444.0486
[2024-05-29T19:06:10.000+0000] {python.py:237} INFO - Done. Returned value was: 67444.0486
[2024-05-29T19:06:10.002+0000] {taskinstance.py:441} INFO - ::group::Post task execution logs
[2024-05-29T19:06:10.043+0000] {taskinstance.py:1206} INFO - Marking task as SUCCESS. dag_id=example_dag_1, task_id=get_rates, run_id=manual__2024-05-29T19:06:07.493219+00:00, execution_date=20240529T190607, start_date=20240529T190609, end_date=20240529T190610
[2024-05-29T19:06:10.076+0000] {local_task_job_runner.py:240} INFO - Task exited with return code 0
[2024-05-29T19:06:10.127+0000] {taskinstance.py:3498} INFO - 1 downstream tasks scheduled from follow-on schedule check
[2024-05-29T19:06:10.129+0000] {local_task_job_runner.py:222} INFO - ::endgroup::
