[2024-05-29T19:07:17.007+0000] {local_task_job_runner.py:120} INFO - ::group::Pre task execution logs
[2024-05-29T19:07:17.033+0000] {taskinstance.py:2076} INFO - Dependencies all met for dep_context=non-requeueable deps ti=<TaskInstance: example_dag_1.branch_rate manual__2024-05-29T19:06:07.493219+00:00 [queued]>
[2024-05-29T19:07:17.046+0000] {taskinstance.py:2076} INFO - Dependencies all met for dep_context=requeueable deps ti=<TaskInstance: example_dag_1.branch_rate manual__2024-05-29T19:06:07.493219+00:00 [queued]>
[2024-05-29T19:07:17.047+0000] {taskinstance.py:2306} INFO - Starting attempt 3 of 4
[2024-05-29T19:07:17.069+0000] {taskinstance.py:2330} INFO - Executing <Task(RateBaseOperator): branch_rate> on 2024-05-29 19:06:07.493219+00:00
[2024-05-29T19:07:17.078+0000] {warnings.py:110} WARNING - /home/***/.local/lib/python3.12/site-packages/***/task/task_runner/standard_task_runner.py:61: DeprecationWarning: This process (pid=560) is multi-threaded, use of fork() may lead to deadlocks in the child.
  pid = os.fork()

[2024-05-29T19:07:17.080+0000] {standard_task_runner.py:63} INFO - Started process 562 to run task
[2024-05-29T19:07:17.081+0000] {standard_task_runner.py:90} INFO - Running: ['***', 'tasks', 'run', 'example_dag_1', 'branch_rate', 'manual__2024-05-29T19:06:07.493219+00:00', '--job-id', '2616', '--raw', '--subdir', 'DAGS_FOLDER/first_dag.py', '--cfg-path', '/tmp/tmpjs3vcn5x']
[2024-05-29T19:07:17.084+0000] {standard_task_runner.py:91} INFO - Job 2616: Subtask branch_rate
[2024-05-29T19:07:17.147+0000] {task_command.py:426} INFO - Running <TaskInstance: example_dag_1.branch_rate manual__2024-05-29T19:06:07.493219+00:00 [running]> on host 6ecac41592ab
[2024-05-29T19:07:17.259+0000] {taskinstance.py:2648} INFO - Exporting env vars: AIRFLOW_CTX_DAG_EMAIL='gurlenko.13032001@gmail.com' AIRFLOW_CTX_DAG_OWNER='***' AIRFLOW_CTX_DAG_ID='example_dag_1' AIRFLOW_CTX_TASK_ID='branch_rate' AIRFLOW_CTX_EXECUTION_DATE='2024-05-29T19:06:07.493219+00:00' AIRFLOW_CTX_TRY_NUMBER='3' AIRFLOW_CTX_DAG_RUN_ID='manual__2024-05-29T19:06:07.493219+00:00'
[2024-05-29T19:07:17.262+0000] {taskinstance.py:430} INFO - ::endgroup::
[2024-05-29T19:07:17.262+0000] {logging_mixin.py:188} INFO - TI: <TaskInstance: example_dag_1.branch_rate manual__2024-05-29T19:06:07.493219+00:00 [running]>
[2024-05-29T19:07:17.296+0000] {crypto.py:82} WARNING - empty cryptography key - values will not be stored encrypted.
[2024-05-29T19:07:17.301+0000] {branch.py:36} INFO - Branch into go_up
[2024-05-29T19:07:17.303+0000] {skipmixin.py:178} INFO - Following branch go_up
[2024-05-29T19:07:17.323+0000] {skipmixin.py:246} INFO - Skipping tasks [('go_down', -1)]
[2024-05-29T19:07:17.354+0000] {taskinstance.py:441} INFO - ::group::Post task execution logs
[2024-05-29T19:07:17.377+0000] {taskinstance.py:1206} INFO - Marking task as SUCCESS. dag_id=example_dag_1, task_id=branch_rate, run_id=manual__2024-05-29T19:06:07.493219+00:00, execution_date=20240529T190607, start_date=20240529T190717, end_date=20240529T190717
[2024-05-29T19:07:17.428+0000] {local_task_job_runner.py:240} INFO - Task exited with return code 0
[2024-05-29T19:07:17.460+0000] {taskinstance.py:3498} INFO - 0 downstream tasks scheduled from follow-on schedule check
[2024-05-29T19:07:17.462+0000] {local_task_job_runner.py:222} INFO - ::endgroup::
