[2024-05-22T19:04:03.496+0000] {local_task_job_runner.py:120} INFO - ::group::Pre task execution logs
[2024-05-22T19:04:03.544+0000] {taskinstance.py:2076} INFO - Dependencies all met for dep_context=non-requeueable deps ti=<TaskInstance: my_example_dag.get_send_data_task manual__2024-05-22T19:03:55.543204+00:00 [queued]>
[2024-05-22T19:04:03.559+0000] {taskinstance.py:2076} INFO - Dependencies all met for dep_context=requeueable deps ti=<TaskInstance: my_example_dag.get_send_data_task manual__2024-05-22T19:03:55.543204+00:00 [queued]>
[2024-05-22T19:04:03.560+0000] {taskinstance.py:2306} INFO - Starting attempt 1 of 1
[2024-05-22T19:04:03.578+0000] {taskinstance.py:2330} INFO - Executing <Task(PythonOperator): get_send_data_task> on 2024-05-22 19:03:55.543204+00:00
[2024-05-22T19:04:03.591+0000] {warnings.py:110} WARNING - /home/***/.local/lib/python3.12/site-packages/***/task/task_runner/standard_task_runner.py:61: DeprecationWarning: This process (pid=6571) is multi-threaded, use of fork() may lead to deadlocks in the child.
  pid = os.fork()

[2024-05-22T19:04:03.595+0000] {standard_task_runner.py:63} INFO - Started process 6573 to run task
[2024-05-22T19:04:03.594+0000] {standard_task_runner.py:90} INFO - Running: ['***', 'tasks', 'run', 'my_example_dag', 'get_send_data_task', 'manual__2024-05-22T19:03:55.543204+00:00', '--job-id', '13', '--raw', '--subdir', 'DAGS_FOLDER/process_sales.py', '--cfg-path', '/tmp/tmpjpy1sfrk']
[2024-05-22T19:04:03.600+0000] {standard_task_runner.py:91} INFO - Job 13: Subtask get_send_data_task
[2024-05-22T19:04:03.677+0000] {task_command.py:426} INFO - Running <TaskInstance: my_example_dag.get_send_data_task manual__2024-05-22T19:03:55.543204+00:00 [running]> on host 6ecac41592ab
[2024-05-22T19:04:03.861+0000] {taskinstance.py:2648} INFO - Exporting env vars: AIRFLOW_CTX_DAG_OWNER='***' AIRFLOW_CTX_DAG_ID='my_example_dag' AIRFLOW_CTX_TASK_ID='get_send_data_task' AIRFLOW_CTX_EXECUTION_DATE='2024-05-22T19:03:55.543204+00:00' AIRFLOW_CTX_TRY_NUMBER='1' AIRFLOW_CTX_DAG_RUN_ID='manual__2024-05-22T19:03:55.543204+00:00'
[2024-05-22T19:04:03.863+0000] {taskinstance.py:430} INFO - ::endgroup::
[2024-05-22T19:04:05.328+0000] {logging_mixin.py:188} INFO - Response status code on page 1:  200
[2024-05-22T19:04:05.594+0000] {logging_mixin.py:188} INFO - Response status code on page 2:  200
[2024-05-22T19:04:05.959+0000] {logging_mixin.py:188} INFO - Response status code on page 3:  200
[2024-05-22T19:04:06.370+0000] {logging_mixin.py:188} INFO - Response status code on page 4:  200
[2024-05-22T19:04:06.616+0000] {logging_mixin.py:188} INFO - Total pages: 4
[2024-05-22T19:05:05.027+0000] {logging_mixin.py:188} INFO - Data successfully posted to Job_1.
[2024-05-22T19:05:05.030+0000] {python.py:237} INFO - Done. Returned value was: None
[2024-05-22T19:05:05.031+0000] {taskinstance.py:441} INFO - ::group::Post task execution logs
[2024-05-22T19:05:05.043+0000] {taskinstance.py:1206} INFO - Marking task as SUCCESS. dag_id=my_example_dag, task_id=get_send_data_task, run_id=manual__2024-05-22T19:03:55.543204+00:00, execution_date=20240522T190355, start_date=20240522T190403, end_date=20240522T190505
[2024-05-22T19:05:05.106+0000] {local_task_job_runner.py:240} INFO - Task exited with return code 0
[2024-05-22T19:05:05.126+0000] {taskinstance.py:3498} INFO - 0 downstream tasks scheduled from follow-on schedule check
[2024-05-22T19:05:05.129+0000] {local_task_job_runner.py:222} INFO - ::endgroup::
