[2024-05-28T21:03:22.821+0000] {local_task_job_runner.py:120} INFO - ::group::Pre task execution logs
[2024-05-28T21:03:22.882+0000] {taskinstance.py:2076} INFO - Dependencies all met for dep_context=non-requeueable deps ti=<TaskInstance: example_dag_1.python_task manual__2024-05-28T20:59:16.755685+00:00 [queued]>
[2024-05-28T21:03:22.914+0000] {taskinstance.py:2076} INFO - Dependencies all met for dep_context=requeueable deps ti=<TaskInstance: example_dag_1.python_task manual__2024-05-28T20:59:16.755685+00:00 [queued]>
[2024-05-28T21:03:22.915+0000] {taskinstance.py:2306} INFO - Starting attempt 1 of 4
[2024-05-28T21:03:22.951+0000] {taskinstance.py:2330} INFO - Executing <Task(PythonOperator): python_task> on 2024-05-28 20:59:16.755685+00:00
[2024-05-28T21:03:22.962+0000] {warnings.py:110} WARNING - /home/***/.local/lib/python3.12/site-packages/***/task/task_runner/standard_task_runner.py:61: DeprecationWarning: This process (pid=4649) is multi-threaded, use of fork() may lead to deadlocks in the child.
  pid = os.fork()

[2024-05-28T21:03:22.970+0000] {standard_task_runner.py:63} INFO - Started process 4657 to run task
[2024-05-28T21:03:22.972+0000] {standard_task_runner.py:90} INFO - Running: ['***', 'tasks', 'run', 'example_dag_1', 'python_task', 'manual__2024-05-28T20:59:16.755685+00:00', '--job-id', '2502', '--raw', '--subdir', 'DAGS_FOLDER/first_dag.py', '--cfg-path', '/tmp/tmpli8k1ma5']
[2024-05-28T21:03:22.981+0000] {standard_task_runner.py:91} INFO - Job 2502: Subtask python_task
[2024-05-28T21:03:23.117+0000] {task_command.py:426} INFO - Running <TaskInstance: example_dag_1.python_task manual__2024-05-28T20:59:16.755685+00:00 [running]> on host 6ecac41592ab
[2024-05-28T21:03:23.309+0000] {taskinstance.py:2648} INFO - Exporting env vars: AIRFLOW_CTX_DAG_EMAIL='gurlenko.13032001@gmail.com' AIRFLOW_CTX_DAG_OWNER='***' AIRFLOW_CTX_DAG_ID='example_dag_1' AIRFLOW_CTX_TASK_ID='python_task' AIRFLOW_CTX_EXECUTION_DATE='2024-05-28T20:59:16.755685+00:00' AIRFLOW_CTX_TRY_NUMBER='1' AIRFLOW_CTX_DAG_RUN_ID='manual__2024-05-28T20:59:16.755685+00:00'
[2024-05-28T21:03:23.312+0000] {taskinstance.py:430} INFO - ::endgroup::
[2024-05-28T21:03:23.321+0000] {base.py:84} INFO - Using connection ID 'coin_conn' for task execution.
[2024-05-28T21:03:23.379+0000] {logging_mixin.py:188} INFO - Current rate 68236.1433
[2024-05-28T21:03:23.380+0000] {python.py:237} INFO - Done. Returned value was: 68236.1433
[2024-05-28T21:03:23.381+0000] {taskinstance.py:441} INFO - ::group::Post task execution logs
[2024-05-28T21:03:23.407+0000] {taskinstance.py:1206} INFO - Marking task as SUCCESS. dag_id=example_dag_1, task_id=python_task, run_id=manual__2024-05-28T20:59:16.755685+00:00, execution_date=20240528T205916, start_date=20240528T210322, end_date=20240528T210323
[2024-05-28T21:03:23.446+0000] {local_task_job_runner.py:240} INFO - Task exited with return code 0
[2024-05-28T21:03:23.482+0000] {taskinstance.py:3498} INFO - 1 downstream tasks scheduled from follow-on schedule check
[2024-05-28T21:03:23.484+0000] {local_task_job_runner.py:222} INFO - ::endgroup::
