[2024-05-28T21:03:21.280+0000] {local_task_job_runner.py:120} INFO - ::group::Pre task execution logs
[2024-05-28T21:03:21.480+0000] {taskinstance.py:2076} INFO - Dependencies all met for dep_context=non-requeueable deps ti=<TaskInstance: example_dag_1.some_taskgroup.python_task manual__2024-05-28T20:57:07.403445+00:00 [queued]>
[2024-05-28T21:03:21.545+0000] {taskinstance.py:2076} INFO - Dependencies all met for dep_context=requeueable deps ti=<TaskInstance: example_dag_1.some_taskgroup.python_task manual__2024-05-28T20:57:07.403445+00:00 [queued]>
[2024-05-28T21:03:21.547+0000] {taskinstance.py:2306} INFO - Starting attempt 1 of 4
[2024-05-28T21:03:21.651+0000] {taskinstance.py:2330} INFO - Executing <Task(PythonOperator): some_taskgroup.python_task> on 2024-05-28 20:57:07.403445+00:00
[2024-05-28T21:03:21.688+0000] {warnings.py:110} WARNING - /home/***/.local/lib/python3.12/site-packages/***/task/task_runner/standard_task_runner.py:61: DeprecationWarning: This process (pid=4646) is multi-threaded, use of fork() may lead to deadlocks in the child.
  pid = os.fork()

[2024-05-28T21:03:21.713+0000] {standard_task_runner.py:63} INFO - Started process 4655 to run task
[2024-05-28T21:03:21.717+0000] {standard_task_runner.py:90} INFO - Running: ['***', 'tasks', 'run', 'example_dag_1', 'some_taskgroup.python_task', 'manual__2024-05-28T20:57:07.403445+00:00', '--job-id', '2500', '--raw', '--subdir', 'DAGS_FOLDER/first_dag.py', '--cfg-path', '/tmp/tmprv3s6dgx']
[2024-05-28T21:03:21.743+0000] {standard_task_runner.py:91} INFO - Job 2500: Subtask some_taskgroup.python_task
[2024-05-28T21:03:21.960+0000] {task_command.py:426} INFO - Running <TaskInstance: example_dag_1.some_taskgroup.python_task manual__2024-05-28T20:57:07.403445+00:00 [running]> on host 6ecac41592ab
[2024-05-28T21:03:22.526+0000] {taskinstance.py:2648} INFO - Exporting env vars: AIRFLOW_CTX_DAG_EMAIL='gurlenko.13032001@gmail.com' AIRFLOW_CTX_DAG_OWNER='***' AIRFLOW_CTX_DAG_ID='example_dag_1' AIRFLOW_CTX_TASK_ID='some_taskgroup.python_task' AIRFLOW_CTX_EXECUTION_DATE='2024-05-28T20:57:07.403445+00:00' AIRFLOW_CTX_TRY_NUMBER='1' AIRFLOW_CTX_DAG_RUN_ID='manual__2024-05-28T20:57:07.403445+00:00'
[2024-05-28T21:03:22.545+0000] {taskinstance.py:430} INFO - ::endgroup::
[2024-05-28T21:03:22.549+0000] {logging_mixin.py:188} INFO - Hello world
[2024-05-28T21:03:22.553+0000] {python.py:237} INFO - Done. Returned value was: None
[2024-05-28T21:03:22.562+0000] {taskinstance.py:441} INFO - ::group::Post task execution logs
[2024-05-28T21:03:22.610+0000] {taskinstance.py:1206} INFO - Marking task as SUCCESS. dag_id=example_dag_1, task_id=some_taskgroup.python_task, run_id=manual__2024-05-28T20:57:07.403445+00:00, execution_date=20240528T205707, start_date=20240528T210321, end_date=20240528T210322
[2024-05-28T21:03:22.735+0000] {local_task_job_runner.py:240} INFO - Task exited with return code 0
[2024-05-28T21:03:22.848+0000] {taskinstance.py:3498} INFO - 0 downstream tasks scheduled from follow-on schedule check
[2024-05-28T21:03:22.853+0000] {local_task_job_runner.py:222} INFO - ::endgroup::
