[2024-05-28T20:57:18.834+0000] {local_task_job_runner.py:120} INFO - ::group::Pre task execution logs
[2024-05-28T20:57:18.975+0000] {taskinstance.py:2076} INFO - Dependencies all met for dep_context=non-requeueable deps ti=<TaskInstance: example_dag_1.bash_task manual__2024-05-28T20:51:41.175049+00:00 [queued]>
[2024-05-28T20:57:19.041+0000] {taskinstance.py:2076} INFO - Dependencies all met for dep_context=requeueable deps ti=<TaskInstance: example_dag_1.bash_task manual__2024-05-28T20:51:41.175049+00:00 [queued]>
[2024-05-28T20:57:19.045+0000] {taskinstance.py:2306} INFO - Starting attempt 3 of 4
[2024-05-28T20:57:19.205+0000] {taskinstance.py:2330} INFO - Executing <Task(BashOperator): bash_task> on 2024-05-28 20:51:41.175049+00:00
[2024-05-28T20:57:19.239+0000] {warnings.py:110} WARNING - /home/***/.local/lib/python3.12/site-packages/***/task/task_runner/standard_task_runner.py:61: DeprecationWarning: This process (pid=4575) is multi-threaded, use of fork() may lead to deadlocks in the child.
  pid = os.fork()

[2024-05-28T20:57:19.250+0000] {standard_task_runner.py:63} INFO - Started process 4582 to run task
[2024-05-28T20:57:19.273+0000] {standard_task_runner.py:90} INFO - Running: ['***', 'tasks', 'run', 'example_dag_1', 'bash_task', 'manual__2024-05-28T20:51:41.175049+00:00', '--job-id', '2490', '--raw', '--subdir', 'DAGS_FOLDER/first_dag.py', '--cfg-path', '/tmp/tmpr41hpp9u']
[2024-05-28T20:57:19.278+0000] {standard_task_runner.py:91} INFO - Job 2490: Subtask bash_task
[2024-05-28T20:57:19.621+0000] {task_command.py:426} INFO - Running <TaskInstance: example_dag_1.bash_task manual__2024-05-28T20:51:41.175049+00:00 [running]> on host 6ecac41592ab
[2024-05-28T20:57:20.072+0000] {taskinstance.py:2648} INFO - Exporting env vars: AIRFLOW_CTX_DAG_EMAIL='gurlenko.13032001@gmail.com' AIRFLOW_CTX_DAG_OWNER='***' AIRFLOW_CTX_DAG_ID='example_dag_1' AIRFLOW_CTX_TASK_ID='bash_task' AIRFLOW_CTX_EXECUTION_DATE='2024-05-28T20:51:41.175049+00:00' AIRFLOW_CTX_TRY_NUMBER='3' AIRFLOW_CTX_DAG_RUN_ID='manual__2024-05-28T20:51:41.175049+00:00'
[2024-05-28T20:57:20.110+0000] {taskinstance.py:430} INFO - ::endgroup::
[2024-05-28T20:57:20.134+0000] {subprocess.py:63} INFO - Tmp dir root location: /tmp
[2024-05-28T20:57:20.137+0000] {subprocess.py:75} INFO - Running command: ['/usr/bin/bash', '-c', 'echo "Hi from bash operator"']
[2024-05-28T20:57:20.216+0000] {subprocess.py:86} INFO - Output:
[2024-05-28T20:57:20.294+0000] {subprocess.py:93} INFO - Hi from bash operator
[2024-05-28T20:57:20.297+0000] {subprocess.py:97} INFO - Command exited with return code 0
[2024-05-28T20:57:20.301+0000] {taskinstance.py:441} INFO - ::group::Post task execution logs
[2024-05-28T20:57:20.446+0000] {taskinstance.py:1206} INFO - Marking task as SUCCESS. dag_id=example_dag_1, task_id=bash_task, run_id=manual__2024-05-28T20:51:41.175049+00:00, execution_date=20240528T205141, start_date=20240528T205718, end_date=20240528T205720
[2024-05-28T20:57:20.622+0000] {local_task_job_runner.py:240} INFO - Task exited with return code 0
[2024-05-28T20:57:20.740+0000] {taskinstance.py:3498} INFO - 1 downstream tasks scheduled from follow-on schedule check
[2024-05-28T20:57:20.744+0000] {local_task_job_runner.py:222} INFO - ::endgroup::
