[2024-05-25T22:28:24.270+0000] {local_task_job_runner.py:120} INFO - ::group::Pre task execution logs
[2024-05-25T22:28:24.346+0000] {taskinstance.py:2076} INFO - Dependencies all met for dep_context=non-requeueable deps ti=<TaskInstance: process_sales.get_send_data_task scheduled__2023-02-25T01:00:00+00:00 [queued]>
[2024-05-25T22:28:24.358+0000] {taskinstance.py:2076} INFO - Dependencies all met for dep_context=requeueable deps ti=<TaskInstance: process_sales.get_send_data_task scheduled__2023-02-25T01:00:00+00:00 [queued]>
[2024-05-25T22:28:24.359+0000] {taskinstance.py:2306} INFO - Starting attempt 1 of 3
[2024-05-25T22:28:24.382+0000] {taskinstance.py:2330} INFO - Executing <Task(PythonOperator): get_send_data_task> on 2023-02-25 01:00:00+00:00
[2024-05-25T22:28:24.397+0000] {warnings.py:110} WARNING - /home/***/.local/lib/python3.12/site-packages/***/task/task_runner/standard_task_runner.py:61: DeprecationWarning: This process (pid=4133) is multi-threaded, use of fork() may lead to deadlocks in the child.
  pid = os.fork()

[2024-05-25T22:28:24.403+0000] {standard_task_runner.py:63} INFO - Started process 4142 to run task
[2024-05-25T22:28:24.404+0000] {standard_task_runner.py:90} INFO - Running: ['***', 'tasks', 'run', 'process_sales', 'get_send_data_task', 'scheduled__2023-02-25T01:00:00+00:00', '--job-id', '771', '--raw', '--subdir', 'DAGS_FOLDER/process_sales.py', '--cfg-path', '/tmp/tmp8mx5fgwm']
[2024-05-25T22:28:24.411+0000] {standard_task_runner.py:91} INFO - Job 771: Subtask get_send_data_task
[2024-05-25T22:28:24.505+0000] {task_command.py:426} INFO - Running <TaskInstance: process_sales.get_send_data_task scheduled__2023-02-25T01:00:00+00:00 [running]> on host 6ecac41592ab
[2024-05-25T22:28:24.675+0000] {taskinstance.py:2648} INFO - Exporting env vars: AIRFLOW_CTX_DAG_EMAIL='gurlenko.1488@gmail.com' AIRFLOW_CTX_DAG_OWNER='***' AIRFLOW_CTX_DAG_ID='process_sales' AIRFLOW_CTX_TASK_ID='get_send_data_task' AIRFLOW_CTX_EXECUTION_DATE='2023-02-25T01:00:00+00:00' AIRFLOW_CTX_TRY_NUMBER='1' AIRFLOW_CTX_DAG_RUN_ID='scheduled__2023-02-25T01:00:00+00:00'
[2024-05-25T22:28:24.682+0000] {taskinstance.py:430} INFO - ::endgroup::
[2024-05-25T22:28:24.982+0000] {logging_mixin.py:188} INFO - Response status code on page 1:  200
[2024-05-25T22:28:25.265+0000] {logging_mixin.py:188} INFO - Response status code on page 2:  200
[2024-05-25T22:28:25.556+0000] {logging_mixin.py:188} INFO - Response status code on page 3:  200
[2024-05-25T22:28:25.832+0000] {logging_mixin.py:188} INFO - Response status code on page 4:  200
[2024-05-25T22:28:26.176+0000] {logging_mixin.py:188} INFO - Total pages: 4
[2024-05-25T22:28:26.203+0000] {logging_mixin.py:188} INFO - Data successfully posted to Job_1.
[2024-05-25T22:28:26.209+0000] {python.py:237} INFO - Done. Returned value was: None
[2024-05-25T22:28:26.213+0000] {taskinstance.py:441} INFO - ::group::Post task execution logs
[2024-05-25T22:28:26.254+0000] {taskinstance.py:1206} INFO - Marking task as SUCCESS. dag_id=process_sales, task_id=get_send_data_task, run_id=scheduled__2023-02-25T01:00:00+00:00, execution_date=20230225T010000, start_date=20240525T222824, end_date=20240525T222826
[2024-05-25T22:28:26.355+0000] {local_task_job_runner.py:240} INFO - Task exited with return code 0
[2024-05-25T22:28:26.380+0000] {local_task_job_runner.py:222} INFO - ::endgroup::
