[2024-05-28T21:03:03.022+0000] {local_task_job_runner.py:120} INFO - ::group::Pre task execution logs
[2024-05-28T21:03:03.285+0000] {taskinstance.py:2076} INFO - Dependencies all met for dep_context=non-requeueable deps ti=<TaskInstance: example_dag_1.bash_task manual__2024-05-28T20:59:16.755685+00:00 [queued]>
[2024-05-28T21:03:03.420+0000] {taskinstance.py:2076} INFO - Dependencies all met for dep_context=requeueable deps ti=<TaskInstance: example_dag_1.bash_task manual__2024-05-28T20:59:16.755685+00:00 [queued]>
[2024-05-28T21:03:03.434+0000] {taskinstance.py:2306} INFO - Starting attempt 1 of 4
[2024-05-28T21:03:03.724+0000] {taskinstance.py:2330} INFO - Executing <Task(BashOperator): bash_task> on 2024-05-28 20:59:16.755685+00:00
[2024-05-28T21:03:03.817+0000] {warnings.py:110} WARNING - /home/***/.local/lib/python3.12/site-packages/***/task/task_runner/standard_task_runner.py:61: DeprecationWarning: This process (pid=4613) is multi-threaded, use of fork() may lead to deadlocks in the child.
  pid = os.fork()

[2024-05-28T21:03:03.861+0000] {standard_task_runner.py:63} INFO - Started process 4644 to run task
[2024-05-28T21:03:03.860+0000] {standard_task_runner.py:90} INFO - Running: ['***', 'tasks', 'run', 'example_dag_1', 'bash_task', 'manual__2024-05-28T20:59:16.755685+00:00', '--job-id', '2498', '--raw', '--subdir', 'DAGS_FOLDER/first_dag.py', '--cfg-path', '/tmp/tmpvtyer7v0']
[2024-05-28T21:03:03.914+0000] {standard_task_runner.py:91} INFO - Job 2498: Subtask bash_task
[2024-05-28T21:03:04.399+0000] {task_command.py:426} INFO - Running <TaskInstance: example_dag_1.bash_task manual__2024-05-28T20:59:16.755685+00:00 [running]> on host 6ecac41592ab
[2024-05-28T21:03:06.267+0000] {taskinstance.py:2648} INFO - Exporting env vars: AIRFLOW_CTX_DAG_EMAIL='gurlenko.13032001@gmail.com' AIRFLOW_CTX_DAG_OWNER='***' AIRFLOW_CTX_DAG_ID='example_dag_1' AIRFLOW_CTX_TASK_ID='bash_task' AIRFLOW_CTX_EXECUTION_DATE='2024-05-28T20:59:16.755685+00:00' AIRFLOW_CTX_TRY_NUMBER='1' AIRFLOW_CTX_DAG_RUN_ID='manual__2024-05-28T20:59:16.755685+00:00'
[2024-05-28T21:03:06.279+0000] {taskinstance.py:430} INFO - ::endgroup::
[2024-05-28T21:03:06.298+0000] {subprocess.py:63} INFO - Tmp dir root location: /tmp
[2024-05-28T21:03:06.322+0000] {subprocess.py:75} INFO - Running command: ['/usr/bin/bash', '-c', 'echo "Hi from bash operator"']
[2024-05-28T21:03:06.442+0000] {subprocess.py:86} INFO - Output:
[2024-05-28T21:03:06.467+0000] {subprocess.py:93} INFO - Hi from bash operator
[2024-05-28T21:03:06.471+0000] {subprocess.py:97} INFO - Command exited with return code 0
[2024-05-28T21:03:06.473+0000] {taskinstance.py:441} INFO - ::group::Post task execution logs
[2024-05-28T21:03:06.758+0000] {taskinstance.py:1206} INFO - Marking task as SUCCESS. dag_id=example_dag_1, task_id=bash_task, run_id=manual__2024-05-28T20:59:16.755685+00:00, execution_date=20240528T205916, start_date=20240528T210303, end_date=20240528T210306
[2024-05-28T21:03:07.146+0000] {local_task_job_runner.py:240} INFO - Task exited with return code 0
[2024-05-28T21:03:07.599+0000] {taskinstance.py:3498} INFO - 1 downstream tasks scheduled from follow-on schedule check
[2024-05-28T21:03:07.621+0000] {local_task_job_runner.py:222} INFO - ::endgroup::
