[2024-05-29T18:39:27.803+0000] {local_task_job_runner.py:120} INFO - ::group::Pre task execution logs
[2024-05-29T18:39:27.828+0000] {taskinstance.py:2076} INFO - Dependencies all met for dep_context=non-requeueable deps ti=<TaskInstance: example_dag_1.branch_rate manual__2024-05-29T18:23:44.896414+00:00 [queued]>
[2024-05-29T18:39:27.838+0000] {taskinstance.py:2076} INFO - Dependencies all met for dep_context=requeueable deps ti=<TaskInstance: example_dag_1.branch_rate manual__2024-05-29T18:23:44.896414+00:00 [queued]>
[2024-05-29T18:39:27.840+0000] {taskinstance.py:2306} INFO - Starting attempt 6 of 8
[2024-05-29T18:39:27.856+0000] {taskinstance.py:2330} INFO - Executing <Task(BaseBranchOperator): branch_rate> on 2024-05-29 18:23:44.896414+00:00
[2024-05-29T18:39:27.868+0000] {warnings.py:110} WARNING - /home/***/.local/lib/python3.12/site-packages/***/task/task_runner/standard_task_runner.py:61: DeprecationWarning: This process (pid=67) is multi-threaded, use of fork() may lead to deadlocks in the child.
  pid = os.fork()

[2024-05-29T18:39:27.872+0000] {standard_task_runner.py:63} INFO - Started process 71 to run task
[2024-05-29T18:39:27.872+0000] {standard_task_runner.py:90} INFO - Running: ['***', 'tasks', 'run', 'example_dag_1', 'branch_rate', 'manual__2024-05-29T18:23:44.896414+00:00', '--job-id', '2563', '--raw', '--subdir', 'DAGS_FOLDER/first_dag.py', '--cfg-path', '/tmp/tmpb22iz_lf']
[2024-05-29T18:39:27.877+0000] {standard_task_runner.py:91} INFO - Job 2563: Subtask branch_rate
[2024-05-29T18:39:27.937+0000] {task_command.py:426} INFO - Running <TaskInstance: example_dag_1.branch_rate manual__2024-05-29T18:23:44.896414+00:00 [running]> on host 6ecac41592ab
[2024-05-29T18:39:28.066+0000] {taskinstance.py:2648} INFO - Exporting env vars: AIRFLOW_CTX_DAG_EMAIL='gurlenko.13032001@gmail.com' AIRFLOW_CTX_DAG_OWNER='***' AIRFLOW_CTX_DAG_ID='example_dag_1' AIRFLOW_CTX_TASK_ID='branch_rate' AIRFLOW_CTX_EXECUTION_DATE='2024-05-29T18:23:44.896414+00:00' AIRFLOW_CTX_TRY_NUMBER='6' AIRFLOW_CTX_DAG_RUN_ID='manual__2024-05-29T18:23:44.896414+00:00'
[2024-05-29T18:39:28.072+0000] {taskinstance.py:430} INFO - ::endgroup::
[2024-05-29T18:39:28.074+0000] {taskinstance.py:441} INFO - ::group::Post task execution logs
[2024-05-29T18:39:28.076+0000] {taskinstance.py:2905} ERROR - Task failed with exception
Traceback (most recent call last):
  File "/home/airflow/.local/lib/python3.12/site-packages/airflow/models/taskinstance.py", line 465, in _execute_task
    result = _execute_callable(context=context, **execute_callable_kwargs)
             ^^^^^^^^^^^^^^^^^^^^^^^^^^^^^^^^^^^^^^^^^^^^^^^^^^^^^^^^^^^^^
  File "/home/airflow/.local/lib/python3.12/site-packages/airflow/models/taskinstance.py", line 432, in _execute_callable
    return execute_callable(context=context, **execute_callable_kwargs)
           ^^^^^^^^^^^^^^^^^^^^^^^^^^^^^^^^^^^^^^^^^^^^^^^^^^^^^^^^^^^^
  File "/home/airflow/.local/lib/python3.12/site-packages/airflow/models/baseoperator.py", line 400, in wrapper
    return func(self, *args, **kwargs)
           ^^^^^^^^^^^^^^^^^^^^^^^^^^^
  File "/home/airflow/.local/lib/python3.12/site-packages/airflow/operators/branch.py", line 67, in execute
    return self.do_branch(context, self.choose_branch(context))
                                   ^^^^^^^^^^^^^^^^^^^^^^^^^^^
  File "/home/airflow/.local/lib/python3.12/site-packages/airflow/operators/branch.py", line 64, in choose_branch
    raise NotImplementedError
NotImplementedError
[2024-05-29T18:39:28.104+0000] {taskinstance.py:1206} INFO - Marking task as UP_FOR_RETRY. dag_id=example_dag_1, task_id=branch_rate, run_id=manual__2024-05-29T18:23:44.896414+00:00, execution_date=20240529T182344, start_date=20240529T183927, end_date=20240529T183928
[2024-05-29T18:39:28.134+0000] {standard_task_runner.py:110} ERROR - Failed to execute job 2563 for task branch_rate (; 71)
[2024-05-29T18:39:28.182+0000] {local_task_job_runner.py:240} INFO - Task exited with return code 1
[2024-05-29T18:39:28.213+0000] {taskinstance.py:3498} INFO - 0 downstream tasks scheduled from follow-on schedule check
[2024-05-29T18:39:28.215+0000] {local_task_job_runner.py:222} INFO - ::endgroup::
