[2024-05-26T05:51:53.635+0000] {local_task_job_runner.py:120} INFO - ::group::Pre task execution logs
[2024-05-26T05:51:53.813+0000] {taskinstance.py:2076} INFO - Dependencies all met for dep_context=non-requeueable deps ti=<TaskInstance: process_sales.get_send_data_task scheduled__2023-04-13T01:00:00+00:00 [queued]>
[2024-05-26T05:51:53.882+0000] {taskinstance.py:2076} INFO - Dependencies all met for dep_context=requeueable deps ti=<TaskInstance: process_sales.get_send_data_task scheduled__2023-04-13T01:00:00+00:00 [queued]>
[2024-05-26T05:51:53.887+0000] {taskinstance.py:2306} INFO - Starting attempt 1 of 3
[2024-05-26T05:51:53.990+0000] {taskinstance.py:2330} INFO - Executing <Task(PythonOperator): get_send_data_task> on 2023-04-13 01:00:00+00:00
[2024-05-26T05:51:54.038+0000] {warnings.py:110} WARNING - /home/***/.local/lib/python3.12/site-packages/***/task/task_runner/standard_task_runner.py:61: DeprecationWarning: This process (pid=5345) is multi-threaded, use of fork() may lead to deadlocks in the child.
  pid = os.fork()

[2024-05-26T05:51:54.065+0000] {standard_task_runner.py:63} INFO - Started process 5347 to run task
[2024-05-26T05:51:54.073+0000] {standard_task_runner.py:90} INFO - Running: ['***', 'tasks', 'run', 'process_sales', 'get_send_data_task', 'scheduled__2023-04-13T01:00:00+00:00', '--job-id', '960', '--raw', '--subdir', 'DAGS_FOLDER/process_sales.py', '--cfg-path', '/tmp/tmp8byxyf30']
[2024-05-26T05:51:54.091+0000] {standard_task_runner.py:91} INFO - Job 960: Subtask get_send_data_task
[2024-05-26T05:51:54.471+0000] {task_command.py:426} INFO - Running <TaskInstance: process_sales.get_send_data_task scheduled__2023-04-13T01:00:00+00:00 [running]> on host 6ecac41592ab
[2024-05-26T05:51:55.063+0000] {taskinstance.py:2648} INFO - Exporting env vars: AIRFLOW_CTX_DAG_EMAIL='gurlenko.1488@gmail.com' AIRFLOW_CTX_DAG_OWNER='***' AIRFLOW_CTX_DAG_ID='process_sales' AIRFLOW_CTX_TASK_ID='get_send_data_task' AIRFLOW_CTX_EXECUTION_DATE='2023-04-13T01:00:00+00:00' AIRFLOW_CTX_TRY_NUMBER='1' AIRFLOW_CTX_DAG_RUN_ID='scheduled__2023-04-13T01:00:00+00:00'
[2024-05-26T05:51:55.077+0000] {taskinstance.py:430} INFO - ::endgroup::
[2024-05-26T05:51:57.152+0000] {logging_mixin.py:188} INFO - Response status code on page 1:  200
[2024-05-26T05:51:58.078+0000] {logging_mixin.py:188} INFO - Response status code on page 2:  200
[2024-05-26T06:05:16.693+0000] {logging_mixin.py:188} INFO - Response status code on page 3:  200
[2024-05-26T06:05:17.584+0000] {logging_mixin.py:188} INFO - Response status code on page 4:  200
[2024-05-26T06:05:18.742+0000] {logging_mixin.py:188} INFO - Total pages: 4
[2024-05-26T06:05:18.812+0000] {logging_mixin.py:188} INFO - Data successfully posted to Job_1.
[2024-05-26T06:05:18.834+0000] {python.py:237} INFO - Done. Returned value was: None
[2024-05-26T06:05:18.847+0000] {taskinstance.py:441} INFO - ::group::Post task execution logs
[2024-05-26T06:05:19.091+0000] {taskinstance.py:1206} INFO - Marking task as SUCCESS. dag_id=process_sales, task_id=get_send_data_task, run_id=scheduled__2023-04-13T01:00:00+00:00, execution_date=20230413T010000, start_date=20240526T055153, end_date=20240526T060519
[2024-05-26T06:05:19.369+0000] {local_task_job_runner.py:240} INFO - Task exited with return code 0
[2024-05-26T06:05:19.685+0000] {taskinstance.py:3498} INFO - 1 downstream tasks scheduled from follow-on schedule check
[2024-05-26T06:05:19.694+0000] {local_task_job_runner.py:222} INFO - ::endgroup::
