[2024-05-28T20:59:28.748+0000] {local_task_job_runner.py:120} INFO - ::group::Pre task execution logs
[2024-05-28T20:59:29.579+0000] {taskinstance.py:2076} INFO - Dependencies all met for dep_context=non-requeueable deps ti=<TaskInstance: example_dag_1.python_task manual__2024-05-28T20:57:07.537135+00:00 [queued]>
[2024-05-28T20:59:30.055+0000] {taskinstance.py:2076} INFO - Dependencies all met for dep_context=requeueable deps ti=<TaskInstance: example_dag_1.python_task manual__2024-05-28T20:57:07.537135+00:00 [queued]>
[2024-05-28T20:59:30.063+0000] {taskinstance.py:2306} INFO - Starting attempt 1 of 4
[2024-05-28T20:59:30.484+0000] {taskinstance.py:2330} INFO - Executing <Task(PythonOperator): python_task> on 2024-05-28 20:57:07.537135+00:00
[2024-05-28T20:59:30.664+0000] {warnings.py:110} WARNING - /home/***/.local/lib/python3.12/site-packages/***/task/task_runner/standard_task_runner.py:61: DeprecationWarning: This process (pid=4611) is multi-threaded, use of fork() may lead to deadlocks in the child.
  pid = os.fork()

[2024-05-28T20:59:30.694+0000] {standard_task_runner.py:90} INFO - Running: ['***', 'tasks', 'run', 'example_dag_1', 'python_task', 'manual__2024-05-28T20:57:07.537135+00:00', '--job-id', '2497', '--raw', '--subdir', 'DAGS_FOLDER/first_dag.py', '--cfg-path', '/tmp/tmpmo2ap4d2']
[2024-05-28T20:59:30.837+0000] {standard_task_runner.py:91} INFO - Job 2497: Subtask python_task
[2024-05-28T20:59:30.831+0000] {standard_task_runner.py:63} INFO - Started process 4622 to run task
[2024-05-28T21:01:27.791+0000] {task_command.py:426} INFO - Running <TaskInstance: example_dag_1.python_task manual__2024-05-28T20:57:07.537135+00:00 [running]> on host 6ecac41592ab
[2024-05-28T21:03:03.777+0000] {taskinstance.py:2648} INFO - Exporting env vars: AIRFLOW_CTX_DAG_EMAIL='gurlenko.13032001@gmail.com' AIRFLOW_CTX_DAG_OWNER='***' AIRFLOW_CTX_DAG_ID='example_dag_1' AIRFLOW_CTX_TASK_ID='python_task' AIRFLOW_CTX_EXECUTION_DATE='2024-05-28T20:57:07.537135+00:00' AIRFLOW_CTX_TRY_NUMBER='1' AIRFLOW_CTX_DAG_RUN_ID='manual__2024-05-28T20:57:07.537135+00:00'
[2024-05-28T21:03:03.813+0000] {taskinstance.py:430} INFO - ::endgroup::
[2024-05-28T21:03:03.921+0000] {base.py:84} INFO - Using connection ID 'coin_conn' for task execution.
[2024-05-28T21:03:04.029+0000] {logging_mixin.py:188} INFO - Current rate 68233.9545
[2024-05-28T21:03:04.040+0000] {python.py:237} INFO - Done. Returned value was: 68233.9545
[2024-05-28T21:03:04.050+0000] {taskinstance.py:441} INFO - ::group::Post task execution logs
[2024-05-28T21:03:04.295+0000] {taskinstance.py:1206} INFO - Marking task as SUCCESS. dag_id=example_dag_1, task_id=python_task, run_id=manual__2024-05-28T20:57:07.537135+00:00, execution_date=20240528T205707, start_date=20240528T205929, end_date=20240528T210304
[2024-05-28T21:03:04.567+0000] {local_task_job_runner.py:240} INFO - Task exited with return code 0
[2024-05-28T21:03:04.881+0000] {taskinstance.py:3498} INFO - 1 downstream tasks scheduled from follow-on schedule check
[2024-05-28T21:03:04.914+0000] {local_task_job_runner.py:222} INFO - ::endgroup::
