[2024-05-29T00:03:16.245+0000] {local_task_job_runner.py:120} INFO - ::group::Pre task execution logs
[2024-05-29T00:03:16.463+0000] {taskinstance.py:2076} INFO - Dependencies all met for dep_context=non-requeueable deps ti=<TaskInstance: example_dag_1.some_taskgroup.python_task_3 scheduled__2024-05-28T00:00:00+00:00 [queued]>
[2024-05-29T00:03:16.541+0000] {taskinstance.py:2076} INFO - Dependencies all met for dep_context=requeueable deps ti=<TaskInstance: example_dag_1.some_taskgroup.python_task_3 scheduled__2024-05-28T00:00:00+00:00 [queued]>
[2024-05-29T00:03:16.548+0000] {taskinstance.py:2306} INFO - Starting attempt 1 of 4
[2024-05-29T00:03:16.788+0000] {taskinstance.py:2330} INFO - Executing <Task(PythonOperator): some_taskgroup.python_task_3> on 2024-05-28 00:00:00+00:00
[2024-05-29T00:03:16.870+0000] {warnings.py:110} WARNING - /home/***/.local/lib/python3.12/site-packages/***/task/task_runner/standard_task_runner.py:61: DeprecationWarning: This process (pid=448) is multi-threaded, use of fork() may lead to deadlocks in the child.
  pid = os.fork()

[2024-05-29T00:03:16.899+0000] {standard_task_runner.py:63} INFO - Started process 458 to run task
[2024-05-29T00:03:16.906+0000] {standard_task_runner.py:90} INFO - Running: ['***', 'tasks', 'run', 'example_dag_1', 'some_taskgroup.python_task_3', 'scheduled__2024-05-28T00:00:00+00:00', '--job-id', '2519', '--raw', '--subdir', 'DAGS_FOLDER/first_dag.py', '--cfg-path', '/tmp/tmpe4ridfaf']
[2024-05-29T00:03:16.941+0000] {standard_task_runner.py:91} INFO - Job 2519: Subtask some_taskgroup.python_task_3
[2024-05-29T00:03:17.546+0000] {task_command.py:426} INFO - Running <TaskInstance: example_dag_1.some_taskgroup.python_task_3 scheduled__2024-05-28T00:00:00+00:00 [running]> on host 6ecac41592ab
[2024-05-29T00:03:18.957+0000] {taskinstance.py:2648} INFO - Exporting env vars: AIRFLOW_CTX_DAG_EMAIL='gurlenko.13032001@gmail.com' AIRFLOW_CTX_DAG_OWNER='***' AIRFLOW_CTX_DAG_ID='example_dag_1' AIRFLOW_CTX_TASK_ID='some_taskgroup.python_task_3' AIRFLOW_CTX_EXECUTION_DATE='2024-05-28T00:00:00+00:00' AIRFLOW_CTX_TRY_NUMBER='1' AIRFLOW_CTX_DAG_RUN_ID='scheduled__2024-05-28T00:00:00+00:00'
[2024-05-29T00:03:18.974+0000] {taskinstance.py:430} INFO - ::endgroup::
[2024-05-29T00:03:18.980+0000] {logging_mixin.py:188} INFO - Hello world
[2024-05-29T00:03:18.984+0000] {python.py:237} INFO - Done. Returned value was: None
[2024-05-29T00:03:18.990+0000] {taskinstance.py:441} INFO - ::group::Post task execution logs
[2024-05-29T00:03:19.052+0000] {taskinstance.py:1206} INFO - Marking task as SUCCESS. dag_id=example_dag_1, task_id=some_taskgroup.python_task_3, run_id=scheduled__2024-05-28T00:00:00+00:00, execution_date=20240528T000000, start_date=20240529T000316, end_date=20240529T000319
[2024-05-29T00:03:19.208+0000] {local_task_job_runner.py:240} INFO - Task exited with return code 0
[2024-05-29T00:03:19.337+0000] {taskinstance.py:3498} INFO - 0 downstream tasks scheduled from follow-on schedule check
[2024-05-29T00:03:19.348+0000] {local_task_job_runner.py:222} INFO - ::endgroup::
