[2024-05-26T09:22:23.926+0000] {local_task_job_runner.py:120} INFO - ::group::Pre task execution logs
[2024-05-26T09:22:24.238+0000] {taskinstance.py:2076} INFO - Dependencies all met for dep_context=non-requeueable deps ti=<TaskInstance: process_sales.read_send_data_task scheduled__2023-05-07T01:00:00+00:00 [queued]>
[2024-05-26T09:22:24.372+0000] {taskinstance.py:2076} INFO - Dependencies all met for dep_context=requeueable deps ti=<TaskInstance: process_sales.read_send_data_task scheduled__2023-05-07T01:00:00+00:00 [queued]>
[2024-05-26T09:22:24.384+0000] {taskinstance.py:2306} INFO - Starting attempt 3 of 3
[2024-05-26T09:22:24.690+0000] {taskinstance.py:2330} INFO - Executing <Task(PythonOperator): read_send_data_task> on 2023-05-07 01:00:00+00:00
[2024-05-26T09:22:24.780+0000] {warnings.py:110} WARNING - /home/***/.local/lib/python3.12/site-packages/***/task/task_runner/standard_task_runner.py:61: DeprecationWarning: This process (pid=5933) is multi-threaded, use of fork() may lead to deadlocks in the child.
  pid = os.fork()

[2024-05-26T09:22:24.798+0000] {standard_task_runner.py:63} INFO - Started process 5935 to run task
[2024-05-26T09:22:24.802+0000] {standard_task_runner.py:90} INFO - Running: ['***', 'tasks', 'run', 'process_sales', 'read_send_data_task', 'scheduled__2023-05-07T01:00:00+00:00', '--job-id', '1059', '--raw', '--subdir', 'DAGS_FOLDER/process_sales.py', '--cfg-path', '/tmp/tmpq19sdofu']
[2024-05-26T09:22:24.850+0000] {standard_task_runner.py:91} INFO - Job 1059: Subtask read_send_data_task
[2024-05-26T09:22:25.352+0000] {task_command.py:426} INFO - Running <TaskInstance: process_sales.read_send_data_task scheduled__2023-05-07T01:00:00+00:00 [running]> on host 6ecac41592ab
[2024-05-26T09:22:26.283+0000] {taskinstance.py:2648} INFO - Exporting env vars: AIRFLOW_CTX_DAG_EMAIL='gurlenko.1488@gmail.com' AIRFLOW_CTX_DAG_OWNER='***' AIRFLOW_CTX_DAG_ID='process_sales' AIRFLOW_CTX_TASK_ID='read_send_data_task' AIRFLOW_CTX_EXECUTION_DATE='2023-05-07T01:00:00+00:00' AIRFLOW_CTX_TRY_NUMBER='3' AIRFLOW_CTX_DAG_RUN_ID='scheduled__2023-05-07T01:00:00+00:00'
[2024-05-26T09:22:26.299+0000] {taskinstance.py:430} INFO - ::endgroup::
[2024-05-26T09:22:26.305+0000] {taskinstance.py:441} INFO - ::group::Post task execution logs
[2024-05-26T09:22:26.309+0000] {taskinstance.py:2905} ERROR - Task failed with exception
Traceback (most recent call last):
  File "/home/airflow/.local/lib/python3.12/site-packages/airflow/models/taskinstance.py", line 465, in _execute_task
    result = _execute_callable(context=context, **execute_callable_kwargs)
             ^^^^^^^^^^^^^^^^^^^^^^^^^^^^^^^^^^^^^^^^^^^^^^^^^^^^^^^^^^^^^
  File "/home/airflow/.local/lib/python3.12/site-packages/airflow/models/taskinstance.py", line 432, in _execute_callable
    return execute_callable(context=context, **execute_callable_kwargs)
           ^^^^^^^^^^^^^^^^^^^^^^^^^^^^^^^^^^^^^^^^^^^^^^^^^^^^^^^^^^^^
  File "/home/airflow/.local/lib/python3.12/site-packages/airflow/models/baseoperator.py", line 400, in wrapper
    return func(self, *args, **kwargs)
           ^^^^^^^^^^^^^^^^^^^^^^^^^^^
  File "/home/airflow/.local/lib/python3.12/site-packages/airflow/operators/python.py", line 235, in execute
    return_value = self.execute_callable()
                   ^^^^^^^^^^^^^^^^^^^^^^^
  File "/home/airflow/.local/lib/python3.12/site-packages/airflow/operators/python.py", line 252, in execute_callable
    return self.python_callable(*self.op_args, **self.op_kwargs)
           ^^^^^^^^^^^^^^^^^^^^^^^^^^^^^^^^^^^^^^^^^^^^^^^^^^^^^
  File "/opt/airflow/dags/data_sender.py", line 36, in read_send_data
    for json_file in os.listdir(read_dir):
                     ^^^^^^^^^^^^^^^^^^^^
FileNotFoundError: [Errno 2] No such file or directory: '/Users/admin/Desktop/Take data from API/pythonProject/file_storage/raw/sales'
[2024-05-26T09:22:26.388+0000] {taskinstance.py:1206} INFO - Marking task as FAILED. dag_id=process_sales, task_id=read_send_data_task, run_id=scheduled__2023-05-07T01:00:00+00:00, execution_date=20230507T010000, start_date=20240526T092224, end_date=20240526T092226
[2024-05-26T09:22:26.473+0000] {standard_task_runner.py:110} ERROR - Failed to execute job 1059 for task read_send_data_task ([Errno 2] No such file or directory: '/Users/admin/Desktop/Take data from API/pythonProject/file_storage/raw/sales'; 5935)
[2024-05-26T09:22:26.531+0000] {local_task_job_runner.py:240} INFO - Task exited with return code 1
[2024-05-26T09:22:26.697+0000] {local_task_job_runner.py:222} INFO - ::endgroup::
