[2024-05-29T18:59:52.180+0000] {local_task_job_runner.py:120} INFO - ::group::Pre task execution logs
[2024-05-29T18:59:52.231+0000] {taskinstance.py:2076} INFO - Dependencies all met for dep_context=non-requeueable deps ti=<TaskInstance: example_dag_1.get_rates manual__2024-05-29T18:59:47.949552+00:00 [queued]>
[2024-05-29T18:59:52.256+0000] {taskinstance.py:2076} INFO - Dependencies all met for dep_context=requeueable deps ti=<TaskInstance: example_dag_1.get_rates manual__2024-05-29T18:59:47.949552+00:00 [queued]>
[2024-05-29T18:59:52.256+0000] {taskinstance.py:2306} INFO - Starting attempt 1 of 4
[2024-05-29T18:59:52.285+0000] {taskinstance.py:2330} INFO - Executing <Task(PythonOperator): get_rates> on 2024-05-29 18:59:47.949552+00:00
[2024-05-29T18:59:52.296+0000] {warnings.py:110} WARNING - /home/***/.local/lib/python3.12/site-packages/***/task/task_runner/standard_task_runner.py:61: DeprecationWarning: This process (pid=450) is multi-threaded, use of fork() may lead to deadlocks in the child.
  pid = os.fork()

[2024-05-29T18:59:52.299+0000] {standard_task_runner.py:63} INFO - Started process 452 to run task
[2024-05-29T18:59:52.300+0000] {standard_task_runner.py:90} INFO - Running: ['***', 'tasks', 'run', 'example_dag_1', 'get_rates', 'manual__2024-05-29T18:59:47.949552+00:00', '--job-id', '2608', '--raw', '--subdir', 'DAGS_FOLDER/first_dag.py', '--cfg-path', '/tmp/tmpfjreiy1m']
[2024-05-29T18:59:52.305+0000] {standard_task_runner.py:91} INFO - Job 2608: Subtask get_rates
[2024-05-29T18:59:52.401+0000] {task_command.py:426} INFO - Running <TaskInstance: example_dag_1.get_rates manual__2024-05-29T18:59:47.949552+00:00 [running]> on host 6ecac41592ab
[2024-05-29T18:59:52.552+0000] {taskinstance.py:2648} INFO - Exporting env vars: AIRFLOW_CTX_DAG_EMAIL='gurlenko.13032001@gmail.com' AIRFLOW_CTX_DAG_OWNER='***' AIRFLOW_CTX_DAG_ID='example_dag_1' AIRFLOW_CTX_TASK_ID='get_rates' AIRFLOW_CTX_EXECUTION_DATE='2024-05-29T18:59:47.949552+00:00' AIRFLOW_CTX_TRY_NUMBER='1' AIRFLOW_CTX_DAG_RUN_ID='manual__2024-05-29T18:59:47.949552+00:00'
[2024-05-29T18:59:52.554+0000] {taskinstance.py:430} INFO - ::endgroup::
[2024-05-29T18:59:52.564+0000] {base.py:84} INFO - Using connection ID 'coin_conn' for task execution.
[2024-05-29T18:59:52.648+0000] {logging_mixin.py:188} INFO - Current rate 67357.9805
[2024-05-29T18:59:52.663+0000] {logging_mixin.py:188} INFO - RATE: 67357.9805
[2024-05-29T18:59:52.665+0000] {python.py:237} INFO - Done. Returned value was: 67357.9805
[2024-05-29T18:59:52.666+0000] {taskinstance.py:441} INFO - ::group::Post task execution logs
[2024-05-29T18:59:52.688+0000] {taskinstance.py:1206} INFO - Marking task as SUCCESS. dag_id=example_dag_1, task_id=get_rates, run_id=manual__2024-05-29T18:59:47.949552+00:00, execution_date=20240529T185947, start_date=20240529T185952, end_date=20240529T185952
[2024-05-29T18:59:52.731+0000] {local_task_job_runner.py:240} INFO - Task exited with return code 0
[2024-05-29T18:59:52.760+0000] {taskinstance.py:3498} INFO - 1 downstream tasks scheduled from follow-on schedule check
[2024-05-29T18:59:52.763+0000] {local_task_job_runner.py:222} INFO - ::endgroup::
