[2024-05-29T18:46:48.432+0000] {local_task_job_runner.py:120} INFO - ::group::Pre task execution logs
[2024-05-29T18:46:48.453+0000] {taskinstance.py:2076} INFO - Dependencies all met for dep_context=non-requeueable deps ti=<TaskInstance: example_dag_1.get_rates manual__2024-05-29T18:34:50.517776+00:00 [queued]>
[2024-05-29T18:46:48.467+0000] {taskinstance.py:2076} INFO - Dependencies all met for dep_context=requeueable deps ti=<TaskInstance: example_dag_1.get_rates manual__2024-05-29T18:34:50.517776+00:00 [queued]>
[2024-05-29T18:46:48.467+0000] {taskinstance.py:2306} INFO - Starting attempt 1 of 4
[2024-05-29T18:46:48.487+0000] {taskinstance.py:2330} INFO - Executing <Task(PythonOperator): get_rates> on 2024-05-29 18:34:50.517776+00:00
[2024-05-29T18:46:48.499+0000] {warnings.py:110} WARNING - /home/***/.local/lib/python3.12/site-packages/***/task/task_runner/standard_task_runner.py:61: DeprecationWarning: This process (pid=186) is multi-threaded, use of fork() may lead to deadlocks in the child.
  pid = os.fork()

[2024-05-29T18:46:48.503+0000] {standard_task_runner.py:63} INFO - Started process 189 to run task
[2024-05-29T18:46:48.503+0000] {standard_task_runner.py:90} INFO - Running: ['***', 'tasks', 'run', 'example_dag_1', 'get_rates', 'manual__2024-05-29T18:34:50.517776+00:00', '--job-id', '2574', '--raw', '--subdir', 'DAGS_FOLDER/first_dag.py', '--cfg-path', '/tmp/tmpqicy691i']
[2024-05-29T18:46:48.509+0000] {standard_task_runner.py:91} INFO - Job 2574: Subtask get_rates
[2024-05-29T18:46:48.591+0000] {task_command.py:426} INFO - Running <TaskInstance: example_dag_1.get_rates manual__2024-05-29T18:34:50.517776+00:00 [running]> on host 6ecac41592ab
[2024-05-29T18:46:48.767+0000] {taskinstance.py:2648} INFO - Exporting env vars: AIRFLOW_CTX_DAG_EMAIL='gurlenko.13032001@gmail.com' AIRFLOW_CTX_DAG_OWNER='***' AIRFLOW_CTX_DAG_ID='example_dag_1' AIRFLOW_CTX_TASK_ID='get_rates' AIRFLOW_CTX_EXECUTION_DATE='2024-05-29T18:34:50.517776+00:00' AIRFLOW_CTX_TRY_NUMBER='1' AIRFLOW_CTX_DAG_RUN_ID='manual__2024-05-29T18:34:50.517776+00:00'
[2024-05-29T18:46:48.773+0000] {taskinstance.py:430} INFO - ::endgroup::
[2024-05-29T18:46:48.786+0000] {base.py:84} INFO - Using connection ID 'coin_conn' for task execution.
[2024-05-29T18:46:48.884+0000] {logging_mixin.py:188} INFO - Current rate 67421.8929
[2024-05-29T18:46:48.965+0000] {python.py:237} INFO - Done. Returned value was: 67421.8929
[2024-05-29T18:46:48.970+0000] {taskinstance.py:441} INFO - ::group::Post task execution logs
[2024-05-29T18:46:49.067+0000] {taskinstance.py:1206} INFO - Marking task as SUCCESS. dag_id=example_dag_1, task_id=get_rates, run_id=manual__2024-05-29T18:34:50.517776+00:00, execution_date=20240529T183450, start_date=20240529T184648, end_date=20240529T184649
[2024-05-29T18:46:49.110+0000] {local_task_job_runner.py:240} INFO - Task exited with return code 0
[2024-05-29T18:46:49.144+0000] {local_task_job_runner.py:222} INFO - ::endgroup::
