[2024-05-28T01:10:13.052+0000] {local_task_job_runner.py:120} INFO - ::group::Pre task execution logs
[2024-05-28T01:10:13.307+0000] {taskinstance.py:2076} INFO - Dependencies all met for dep_context=non-requeueable deps ti=<TaskInstance: process_sales.extract_data_from_api scheduled__2024-05-27T01:00:00+00:00 [queued]>
[2024-05-28T01:10:13.361+0000] {taskinstance.py:2076} INFO - Dependencies all met for dep_context=requeueable deps ti=<TaskInstance: process_sales.extract_data_from_api scheduled__2024-05-27T01:00:00+00:00 [queued]>
[2024-05-28T01:10:13.365+0000] {taskinstance.py:2306} INFO - Starting attempt 1 of 3
[2024-05-28T01:10:13.516+0000] {taskinstance.py:2330} INFO - Executing <Task(PythonOperator): extract_data_from_api> on 2024-05-27 01:00:00+00:00
[2024-05-28T01:10:13.566+0000] {warnings.py:110} WARNING - /home/***/.local/lib/python3.12/site-packages/***/task/task_runner/standard_task_runner.py:61: DeprecationWarning: This process (pid=804) is multi-threaded, use of fork() may lead to deadlocks in the child.
  pid = os.fork()

[2024-05-28T01:10:13.596+0000] {standard_task_runner.py:63} INFO - Started process 806 to run task
[2024-05-28T01:10:13.598+0000] {standard_task_runner.py:90} INFO - Running: ['***', 'tasks', 'run', 'process_sales', 'extract_data_from_api', 'scheduled__2024-05-27T01:00:00+00:00', '--job-id', '2481', '--raw', '--subdir', 'DAGS_FOLDER/process_sales.py', '--cfg-path', '/tmp/tmp9_5ecakj']
[2024-05-28T01:10:13.649+0000] {standard_task_runner.py:91} INFO - Job 2481: Subtask extract_data_from_api
[2024-05-28T01:10:14.469+0000] {task_command.py:426} INFO - Running <TaskInstance: process_sales.extract_data_from_api scheduled__2024-05-27T01:00:00+00:00 [running]> on host 6ecac41592ab
[2024-05-28T01:10:15.449+0000] {taskinstance.py:2648} INFO - Exporting env vars: AIRFLOW_CTX_DAG_EMAIL='gurlenko.1488@gmail.com' AIRFLOW_CTX_DAG_OWNER='***' AIRFLOW_CTX_DAG_ID='process_sales' AIRFLOW_CTX_TASK_ID='extract_data_from_api' AIRFLOW_CTX_EXECUTION_DATE='2024-05-27T01:00:00+00:00' AIRFLOW_CTX_TRY_NUMBER='1' AIRFLOW_CTX_DAG_RUN_ID='scheduled__2024-05-27T01:00:00+00:00'
[2024-05-28T01:10:15.483+0000] {taskinstance.py:430} INFO - ::endgroup::
[2024-05-28T01:10:15.491+0000] {logging_mixin.py:188} INFO - Starting job 1
[2024-05-28T01:10:20.223+0000] {logging_mixin.py:188} INFO - Passion
[2024-05-28T01:10:20.264+0000] {python.py:237} INFO - Done. Returned value was: None
[2024-05-28T01:10:20.297+0000] {taskinstance.py:441} INFO - ::group::Post task execution logs
[2024-05-28T01:10:20.505+0000] {taskinstance.py:1206} INFO - Marking task as SUCCESS. dag_id=process_sales, task_id=extract_data_from_api, run_id=scheduled__2024-05-27T01:00:00+00:00, execution_date=20240527T010000, start_date=20240528T011013, end_date=20240528T011020
[2024-05-28T01:10:20.835+0000] {local_task_job_runner.py:240} INFO - Task exited with return code 0
[2024-05-28T01:10:21.301+0000] {taskinstance.py:3498} INFO - 1 downstream tasks scheduled from follow-on schedule check
[2024-05-28T01:10:21.324+0000] {local_task_job_runner.py:222} INFO - ::endgroup::
