[2024-05-29T18:49:09.291+0000] {local_task_job_runner.py:120} INFO - ::group::Pre task execution logs
[2024-05-29T18:49:09.309+0000] {taskinstance.py:2076} INFO - Dependencies all met for dep_context=non-requeueable deps ti=<TaskInstance: example_dag_1.get_rates manual__2024-05-29T18:49:06.182848+00:00 [queued]>
[2024-05-29T18:49:09.318+0000] {taskinstance.py:2076} INFO - Dependencies all met for dep_context=requeueable deps ti=<TaskInstance: example_dag_1.get_rates manual__2024-05-29T18:49:06.182848+00:00 [queued]>
[2024-05-29T18:49:09.319+0000] {taskinstance.py:2306} INFO - Starting attempt 1 of 4
[2024-05-29T18:49:09.334+0000] {taskinstance.py:2330} INFO - Executing <Task(PythonOperator): get_rates> on 2024-05-29 18:49:06.182848+00:00
[2024-05-29T18:49:09.341+0000] {warnings.py:110} WARNING - /home/***/.local/lib/python3.12/site-packages/***/task/task_runner/standard_task_runner.py:61: DeprecationWarning: This process (pid=241) is multi-threaded, use of fork() may lead to deadlocks in the child.
  pid = os.fork()

[2024-05-29T18:49:09.344+0000] {standard_task_runner.py:63} INFO - Started process 243 to run task
[2024-05-29T18:49:09.344+0000] {standard_task_runner.py:90} INFO - Running: ['***', 'tasks', 'run', 'example_dag_1', 'get_rates', 'manual__2024-05-29T18:49:06.182848+00:00', '--job-id', '2584', '--raw', '--subdir', 'DAGS_FOLDER/first_dag.py', '--cfg-path', '/tmp/tmpkz6yzokw']
[2024-05-29T18:49:09.347+0000] {standard_task_runner.py:91} INFO - Job 2584: Subtask get_rates
[2024-05-29T18:49:09.400+0000] {task_command.py:426} INFO - Running <TaskInstance: example_dag_1.get_rates manual__2024-05-29T18:49:06.182848+00:00 [running]> on host 6ecac41592ab
[2024-05-29T18:49:09.510+0000] {taskinstance.py:2648} INFO - Exporting env vars: AIRFLOW_CTX_DAG_EMAIL='gurlenko.13032001@gmail.com' AIRFLOW_CTX_DAG_OWNER='***' AIRFLOW_CTX_DAG_ID='example_dag_1' AIRFLOW_CTX_TASK_ID='get_rates' AIRFLOW_CTX_EXECUTION_DATE='2024-05-29T18:49:06.182848+00:00' AIRFLOW_CTX_TRY_NUMBER='1' AIRFLOW_CTX_DAG_RUN_ID='manual__2024-05-29T18:49:06.182848+00:00'
[2024-05-29T18:49:09.516+0000] {taskinstance.py:430} INFO - ::endgroup::
[2024-05-29T18:49:09.529+0000] {base.py:84} INFO - Using connection ID 'coin_conn' for task execution.
[2024-05-29T18:49:09.608+0000] {logging_mixin.py:188} INFO - Current rate 67452.0851
[2024-05-29T18:49:09.625+0000] {python.py:237} INFO - Done. Returned value was: 67452.0851
[2024-05-29T18:49:09.628+0000] {taskinstance.py:441} INFO - ::group::Post task execution logs
[2024-05-29T18:49:09.653+0000] {taskinstance.py:1206} INFO - Marking task as SUCCESS. dag_id=example_dag_1, task_id=get_rates, run_id=manual__2024-05-29T18:49:06.182848+00:00, execution_date=20240529T184906, start_date=20240529T184909, end_date=20240529T184909
[2024-05-29T18:49:09.691+0000] {local_task_job_runner.py:240} INFO - Task exited with return code 0
[2024-05-29T18:49:09.720+0000] {taskinstance.py:3498} INFO - 1 downstream tasks scheduled from follow-on schedule check
[2024-05-29T18:49:09.722+0000] {local_task_job_runner.py:222} INFO - ::endgroup::
