[2024-05-27T20:17:03.791+0000] {local_task_job_runner.py:120} INFO - ::group::Pre task execution logs
[2024-05-27T20:17:03.823+0000] {taskinstance.py:2076} INFO - Dependencies all met for dep_context=non-requeueable deps ti=<TaskInstance: process_sales.read_send_data_task manual__2024-05-27T20:16:57.869708+00:00 [queued]>
[2024-05-27T20:17:03.845+0000] {taskinstance.py:2076} INFO - Dependencies all met for dep_context=requeueable deps ti=<TaskInstance: process_sales.read_send_data_task manual__2024-05-27T20:16:57.869708+00:00 [queued]>
[2024-05-27T20:17:03.846+0000] {taskinstance.py:2306} INFO - Starting attempt 1 of 3
[2024-05-27T20:17:03.865+0000] {taskinstance.py:2330} INFO - Executing <Task(PythonOperator): read_send_data_task> on 2024-05-27 20:16:57.869708+00:00
[2024-05-27T20:17:03.873+0000] {warnings.py:110} WARNING - /home/***/.local/lib/python3.12/site-packages/***/task/task_runner/standard_task_runner.py:61: DeprecationWarning: This process (pid=4923) is multi-threaded, use of fork() may lead to deadlocks in the child.
  pid = os.fork()

[2024-05-27T20:17:03.875+0000] {standard_task_runner.py:63} INFO - Started process 4925 to run task
[2024-05-27T20:17:03.875+0000] {standard_task_runner.py:90} INFO - Running: ['***', 'tasks', 'run', 'process_sales', 'read_send_data_task', 'manual__2024-05-27T20:16:57.869708+00:00', '--job-id', '2449', '--raw', '--subdir', 'DAGS_FOLDER/process_sales.py', '--cfg-path', '/tmp/tmpzu9z3i9w']
[2024-05-27T20:17:03.878+0000] {standard_task_runner.py:91} INFO - Job 2449: Subtask read_send_data_task
[2024-05-27T20:17:03.931+0000] {task_command.py:426} INFO - Running <TaskInstance: process_sales.read_send_data_task manual__2024-05-27T20:16:57.869708+00:00 [running]> on host 6ecac41592ab
[2024-05-27T20:17:04.048+0000] {taskinstance.py:2648} INFO - Exporting env vars: AIRFLOW_CTX_DAG_EMAIL='gurlenko.1488@gmail.com' AIRFLOW_CTX_DAG_OWNER='***' AIRFLOW_CTX_DAG_ID='process_sales' AIRFLOW_CTX_TASK_ID='read_send_data_task' AIRFLOW_CTX_EXECUTION_DATE='2024-05-27T20:16:57.869708+00:00' AIRFLOW_CTX_TRY_NUMBER='1' AIRFLOW_CTX_DAG_RUN_ID='manual__2024-05-27T20:16:57.869708+00:00'
[2024-05-27T20:17:04.051+0000] {taskinstance.py:430} INFO - ::endgroup::
[2024-05-27T20:17:04.052+0000] {logging_mixin.py:188} INFO - Starting job 2
[2024-05-27T20:17:04.070+0000] {logging_mixin.py:188} INFO - Files processed successfully
[2024-05-27T20:17:04.071+0000] {python.py:237} INFO - Done. Returned value was: None
[2024-05-27T20:17:04.071+0000] {taskinstance.py:441} INFO - ::group::Post task execution logs
[2024-05-27T20:17:04.081+0000] {taskinstance.py:1206} INFO - Marking task as SUCCESS. dag_id=process_sales, task_id=read_send_data_task, run_id=manual__2024-05-27T20:16:57.869708+00:00, execution_date=20240527T201657, start_date=20240527T201703, end_date=20240527T201704
[2024-05-27T20:17:04.098+0000] {local_task_job_runner.py:240} INFO - Task exited with return code 0
[2024-05-27T20:17:04.110+0000] {local_task_job_runner.py:222} INFO - ::endgroup::
