[2024-05-27T20:30:12.193+0000] {local_task_job_runner.py:120} INFO - ::group::Pre task execution logs
[2024-05-27T20:30:12.224+0000] {taskinstance.py:2076} INFO - Dependencies all met for dep_context=non-requeueable deps ti=<TaskInstance: process_sales.get_send_data_task manual__2024-05-27T20:30:08.721131+00:00 [queued]>
[2024-05-27T20:30:12.237+0000] {taskinstance.py:2076} INFO - Dependencies all met for dep_context=requeueable deps ti=<TaskInstance: process_sales.get_send_data_task manual__2024-05-27T20:30:08.721131+00:00 [queued]>
[2024-05-27T20:30:12.238+0000] {taskinstance.py:2306} INFO - Starting attempt 1 of 3
[2024-05-27T20:30:12.256+0000] {taskinstance.py:2330} INFO - Executing <Task(PythonOperator): get_send_data_task> on 2024-05-27 20:30:08.721131+00:00
[2024-05-27T20:30:12.263+0000] {warnings.py:110} WARNING - /home/***/.local/lib/python3.12/site-packages/***/task/task_runner/standard_task_runner.py:61: DeprecationWarning: This process (pid=76) is multi-threaded, use of fork() may lead to deadlocks in the child.
  pid = os.fork()

[2024-05-27T20:30:12.265+0000] {standard_task_runner.py:63} INFO - Started process 78 to run task
[2024-05-27T20:30:12.266+0000] {standard_task_runner.py:90} INFO - Running: ['***', 'tasks', 'run', 'process_sales', 'get_send_data_task', 'manual__2024-05-27T20:30:08.721131+00:00', '--job-id', '2458', '--raw', '--subdir', 'DAGS_FOLDER/process_sales.py', '--cfg-path', '/tmp/tmpy5l5rsdx']
[2024-05-27T20:30:12.269+0000] {standard_task_runner.py:91} INFO - Job 2458: Subtask get_send_data_task
[2024-05-27T20:30:12.332+0000] {task_command.py:426} INFO - Running <TaskInstance: process_sales.get_send_data_task manual__2024-05-27T20:30:08.721131+00:00 [running]> on host 6ecac41592ab
[2024-05-27T20:30:12.445+0000] {taskinstance.py:2648} INFO - Exporting env vars: AIRFLOW_CTX_DAG_EMAIL='gurlenko.1488@gmail.com' AIRFLOW_CTX_DAG_OWNER='***' AIRFLOW_CTX_DAG_ID='process_sales' AIRFLOW_CTX_TASK_ID='get_send_data_task' AIRFLOW_CTX_EXECUTION_DATE='2024-05-27T20:30:08.721131+00:00' AIRFLOW_CTX_TRY_NUMBER='1' AIRFLOW_CTX_DAG_RUN_ID='manual__2024-05-27T20:30:08.721131+00:00'
[2024-05-27T20:30:12.448+0000] {taskinstance.py:430} INFO - ::endgroup::
[2024-05-27T20:30:12.449+0000] {logging_mixin.py:188} INFO - Starting job 1
[2024-05-27T20:30:13.544+0000] {logging_mixin.py:188} INFO - Passion
[2024-05-27T20:30:13.546+0000] {python.py:237} INFO - Done. Returned value was: None
[2024-05-27T20:30:13.549+0000] {taskinstance.py:441} INFO - ::group::Post task execution logs
[2024-05-27T20:30:13.563+0000] {taskinstance.py:1206} INFO - Marking task as SUCCESS. dag_id=process_sales, task_id=get_send_data_task, run_id=manual__2024-05-27T20:30:08.721131+00:00, execution_date=20240527T203008, start_date=20240527T203012, end_date=20240527T203013
[2024-05-27T20:30:13.598+0000] {local_task_job_runner.py:240} INFO - Task exited with return code 0
[2024-05-27T20:30:13.631+0000] {taskinstance.py:3498} INFO - 1 downstream tasks scheduled from follow-on schedule check
[2024-05-27T20:30:13.634+0000] {local_task_job_runner.py:222} INFO - ::endgroup::
