[2024-05-29T18:38:53.833+0000] {local_task_job_runner.py:120} INFO - ::group::Pre task execution logs
[2024-05-29T18:38:53.897+0000] {taskinstance.py:2076} INFO - Dependencies all met for dep_context=non-requeueable deps ti=<TaskInstance: example_dag_1.branch_rate manual__2024-05-29T18:28:44.446768+00:00 [queued]>
[2024-05-29T18:38:53.919+0000] {taskinstance.py:2076} INFO - Dependencies all met for dep_context=requeueable deps ti=<TaskInstance: example_dag_1.branch_rate manual__2024-05-29T18:28:44.446768+00:00 [queued]>
[2024-05-29T18:38:53.922+0000] {taskinstance.py:2306} INFO - Starting attempt 1 of 4
[2024-05-29T18:38:53.948+0000] {taskinstance.py:2330} INFO - Executing <Task(BaseBranchOperator): branch_rate> on 2024-05-29 18:28:44.446768+00:00
[2024-05-29T18:38:53.958+0000] {warnings.py:110} WARNING - /home/***/.local/lib/python3.12/site-packages/***/task/task_runner/standard_task_runner.py:61: DeprecationWarning: This process (pid=55) is multi-threaded, use of fork() may lead to deadlocks in the child.
  pid = os.fork()

[2024-05-29T18:38:53.962+0000] {standard_task_runner.py:63} INFO - Started process 60 to run task
[2024-05-29T18:38:53.961+0000] {standard_task_runner.py:90} INFO - Running: ['***', 'tasks', 'run', 'example_dag_1', 'branch_rate', 'manual__2024-05-29T18:28:44.446768+00:00', '--job-id', '2562', '--raw', '--subdir', 'DAGS_FOLDER/first_dag.py', '--cfg-path', '/tmp/tmp92v3c4iw']
[2024-05-29T18:38:53.969+0000] {standard_task_runner.py:91} INFO - Job 2562: Subtask branch_rate
[2024-05-29T18:38:54.080+0000] {task_command.py:426} INFO - Running <TaskInstance: example_dag_1.branch_rate manual__2024-05-29T18:28:44.446768+00:00 [running]> on host 6ecac41592ab
[2024-05-29T18:38:54.351+0000] {taskinstance.py:2648} INFO - Exporting env vars: AIRFLOW_CTX_DAG_EMAIL='gurlenko.13032001@gmail.com' AIRFLOW_CTX_DAG_OWNER='***' AIRFLOW_CTX_DAG_ID='example_dag_1' AIRFLOW_CTX_TASK_ID='branch_rate' AIRFLOW_CTX_EXECUTION_DATE='2024-05-29T18:28:44.446768+00:00' AIRFLOW_CTX_TRY_NUMBER='1' AIRFLOW_CTX_DAG_RUN_ID='manual__2024-05-29T18:28:44.446768+00:00'
[2024-05-29T18:38:54.357+0000] {taskinstance.py:430} INFO - ::endgroup::
[2024-05-29T18:38:54.360+0000] {taskinstance.py:441} INFO - ::group::Post task execution logs
[2024-05-29T18:38:54.361+0000] {taskinstance.py:2905} ERROR - Task failed with exception
Traceback (most recent call last):
  File "/home/airflow/.local/lib/python3.12/site-packages/airflow/models/taskinstance.py", line 465, in _execute_task
    result = _execute_callable(context=context, **execute_callable_kwargs)
             ^^^^^^^^^^^^^^^^^^^^^^^^^^^^^^^^^^^^^^^^^^^^^^^^^^^^^^^^^^^^^
  File "/home/airflow/.local/lib/python3.12/site-packages/airflow/models/taskinstance.py", line 432, in _execute_callable
    return execute_callable(context=context, **execute_callable_kwargs)
           ^^^^^^^^^^^^^^^^^^^^^^^^^^^^^^^^^^^^^^^^^^^^^^^^^^^^^^^^^^^^
  File "/home/airflow/.local/lib/python3.12/site-packages/airflow/models/baseoperator.py", line 400, in wrapper
    return func(self, *args, **kwargs)
           ^^^^^^^^^^^^^^^^^^^^^^^^^^^
  File "/home/airflow/.local/lib/python3.12/site-packages/airflow/operators/branch.py", line 67, in execute
    return self.do_branch(context, self.choose_branch(context))
                                   ^^^^^^^^^^^^^^^^^^^^^^^^^^^
  File "/home/airflow/.local/lib/python3.12/site-packages/airflow/operators/branch.py", line 64, in choose_branch
    raise NotImplementedError
NotImplementedError
[2024-05-29T18:38:54.384+0000] {taskinstance.py:1206} INFO - Marking task as UP_FOR_RETRY. dag_id=example_dag_1, task_id=branch_rate, run_id=manual__2024-05-29T18:28:44.446768+00:00, execution_date=20240529T182844, start_date=20240529T183853, end_date=20240529T183854
[2024-05-29T18:38:54.429+0000] {standard_task_runner.py:110} ERROR - Failed to execute job 2562 for task branch_rate (; 60)
[2024-05-29T18:38:54.481+0000] {local_task_job_runner.py:240} INFO - Task exited with return code 1
[2024-05-29T18:38:54.498+0000] {local_task_job_runner.py:222} INFO - ::endgroup::
