[2024-05-28T21:03:26.012+0000] {local_task_job_runner.py:120} INFO - ::group::Pre task execution logs
[2024-05-28T21:03:26.032+0000] {taskinstance.py:2076} INFO - Dependencies all met for dep_context=non-requeueable deps ti=<TaskInstance: example_dag_1.some_taskgroup.python_task manual__2024-05-28T20:59:16.755685+00:00 [queued]>
[2024-05-28T21:03:26.041+0000] {taskinstance.py:2076} INFO - Dependencies all met for dep_context=requeueable deps ti=<TaskInstance: example_dag_1.some_taskgroup.python_task manual__2024-05-28T20:59:16.755685+00:00 [queued]>
[2024-05-28T21:03:26.044+0000] {taskinstance.py:2306} INFO - Starting attempt 1 of 4
[2024-05-28T21:03:26.057+0000] {taskinstance.py:2330} INFO - Executing <Task(PythonOperator): some_taskgroup.python_task> on 2024-05-28 20:59:16.755685+00:00
[2024-05-28T21:03:26.068+0000] {warnings.py:110} WARNING - /home/***/.local/lib/python3.12/site-packages/***/task/task_runner/standard_task_runner.py:61: DeprecationWarning: This process (pid=4658) is multi-threaded, use of fork() may lead to deadlocks in the child.
  pid = os.fork()

[2024-05-28T21:03:26.075+0000] {standard_task_runner.py:63} INFO - Started process 4661 to run task
[2024-05-28T21:03:26.071+0000] {standard_task_runner.py:90} INFO - Running: ['***', 'tasks', 'run', 'example_dag_1', 'some_taskgroup.python_task', 'manual__2024-05-28T20:59:16.755685+00:00', '--job-id', '2503', '--raw', '--subdir', 'DAGS_FOLDER/first_dag.py', '--cfg-path', '/tmp/tmptgtsywv4']
[2024-05-28T21:03:26.077+0000] {standard_task_runner.py:91} INFO - Job 2503: Subtask some_taskgroup.python_task
[2024-05-28T21:03:26.138+0000] {task_command.py:426} INFO - Running <TaskInstance: example_dag_1.some_taskgroup.python_task manual__2024-05-28T20:59:16.755685+00:00 [running]> on host 6ecac41592ab
[2024-05-28T21:03:26.245+0000] {taskinstance.py:2648} INFO - Exporting env vars: AIRFLOW_CTX_DAG_EMAIL='gurlenko.13032001@gmail.com' AIRFLOW_CTX_DAG_OWNER='***' AIRFLOW_CTX_DAG_ID='example_dag_1' AIRFLOW_CTX_TASK_ID='some_taskgroup.python_task' AIRFLOW_CTX_EXECUTION_DATE='2024-05-28T20:59:16.755685+00:00' AIRFLOW_CTX_TRY_NUMBER='1' AIRFLOW_CTX_DAG_RUN_ID='manual__2024-05-28T20:59:16.755685+00:00'
[2024-05-28T21:03:26.248+0000] {taskinstance.py:430} INFO - ::endgroup::
[2024-05-28T21:03:26.250+0000] {logging_mixin.py:188} INFO - Hello world
[2024-05-28T21:03:26.251+0000] {python.py:237} INFO - Done. Returned value was: None
[2024-05-28T21:03:26.252+0000] {taskinstance.py:441} INFO - ::group::Post task execution logs
[2024-05-28T21:03:26.263+0000] {taskinstance.py:1206} INFO - Marking task as SUCCESS. dag_id=example_dag_1, task_id=some_taskgroup.python_task, run_id=manual__2024-05-28T20:59:16.755685+00:00, execution_date=20240528T205916, start_date=20240528T210326, end_date=20240528T210326
[2024-05-28T21:03:26.302+0000] {local_task_job_runner.py:240} INFO - Task exited with return code 0
[2024-05-28T21:03:26.322+0000] {taskinstance.py:3498} INFO - 0 downstream tasks scheduled from follow-on schedule check
[2024-05-28T21:03:26.323+0000] {local_task_job_runner.py:222} INFO - ::endgroup::
