[2024-05-28T21:16:42.669+0000] {local_task_job_runner.py:120} INFO - ::group::Pre task execution logs
[2024-05-28T21:16:42.686+0000] {taskinstance.py:2076} INFO - Dependencies all met for dep_context=non-requeueable deps ti=<TaskInstance: example_dag_1.bash_task manual__2024-05-28T21:16:40.570786+00:00 [queued]>
[2024-05-28T21:16:42.694+0000] {taskinstance.py:2076} INFO - Dependencies all met for dep_context=requeueable deps ti=<TaskInstance: example_dag_1.bash_task manual__2024-05-28T21:16:40.570786+00:00 [queued]>
[2024-05-28T21:16:42.695+0000] {taskinstance.py:2306} INFO - Starting attempt 1 of 4
[2024-05-28T21:16:42.712+0000] {taskinstance.py:2330} INFO - Executing <Task(BashOperator): bash_task> on 2024-05-28 21:16:40.570786+00:00
[2024-05-28T21:16:42.720+0000] {warnings.py:110} WARNING - /home/***/.local/lib/python3.12/site-packages/***/task/task_runner/standard_task_runner.py:61: DeprecationWarning: This process (pid=211) is multi-threaded, use of fork() may lead to deadlocks in the child.
  pid = os.fork()

[2024-05-28T21:16:42.722+0000] {standard_task_runner.py:63} INFO - Started process 213 to run task
[2024-05-28T21:16:42.722+0000] {standard_task_runner.py:90} INFO - Running: ['***', 'tasks', 'run', 'example_dag_1', 'bash_task', 'manual__2024-05-28T21:16:40.570786+00:00', '--job-id', '2514', '--raw', '--subdir', 'DAGS_FOLDER/first_dag.py', '--cfg-path', '/tmp/tmpei71nebq']
[2024-05-28T21:16:42.725+0000] {standard_task_runner.py:91} INFO - Job 2514: Subtask bash_task
[2024-05-28T21:16:42.788+0000] {task_command.py:426} INFO - Running <TaskInstance: example_dag_1.bash_task manual__2024-05-28T21:16:40.570786+00:00 [running]> on host 6ecac41592ab
[2024-05-28T21:16:42.941+0000] {taskinstance.py:2648} INFO - Exporting env vars: AIRFLOW_CTX_DAG_EMAIL='gurlenko.13032001@gmail.com' AIRFLOW_CTX_DAG_OWNER='***' AIRFLOW_CTX_DAG_ID='example_dag_1' AIRFLOW_CTX_TASK_ID='bash_task' AIRFLOW_CTX_EXECUTION_DATE='2024-05-28T21:16:40.570786+00:00' AIRFLOW_CTX_TRY_NUMBER='1' AIRFLOW_CTX_DAG_RUN_ID='manual__2024-05-28T21:16:40.570786+00:00'
[2024-05-28T21:16:42.945+0000] {taskinstance.py:430} INFO - ::endgroup::
[2024-05-28T21:16:42.947+0000] {subprocess.py:63} INFO - Tmp dir root location: /tmp
[2024-05-28T21:16:42.948+0000] {subprocess.py:75} INFO - Running command: ['/usr/bin/bash', '-c', 'echo "Hi from bash operator"']
[2024-05-28T21:16:42.967+0000] {subprocess.py:86} INFO - Output:
[2024-05-28T21:16:42.969+0000] {subprocess.py:93} INFO - Hi from bash operator
[2024-05-28T21:16:42.970+0000] {subprocess.py:97} INFO - Command exited with return code 0
[2024-05-28T21:16:42.972+0000] {taskinstance.py:441} INFO - ::group::Post task execution logs
[2024-05-28T21:16:43.006+0000] {taskinstance.py:1206} INFO - Marking task as SUCCESS. dag_id=example_dag_1, task_id=bash_task, run_id=manual__2024-05-28T21:16:40.570786+00:00, execution_date=20240528T211640, start_date=20240528T211642, end_date=20240528T211643
[2024-05-28T21:16:43.068+0000] {local_task_job_runner.py:240} INFO - Task exited with return code 0
[2024-05-28T21:16:43.098+0000] {taskinstance.py:3498} INFO - 1 downstream tasks scheduled from follow-on schedule check
[2024-05-28T21:16:43.100+0000] {local_task_job_runner.py:222} INFO - ::endgroup::
