[2024-05-27T20:43:59.663+0000] {local_task_job_runner.py:120} INFO - ::group::Pre task execution logs
[2024-05-27T20:43:59.696+0000] {taskinstance.py:2076} INFO - Dependencies all met for dep_context=non-requeueable deps ti=<TaskInstance: process_sales.extract_data_from_api manual__2024-05-27T20:43:45.945119+00:00 [queued]>
[2024-05-27T20:43:59.706+0000] {taskinstance.py:2076} INFO - Dependencies all met for dep_context=requeueable deps ti=<TaskInstance: process_sales.extract_data_from_api manual__2024-05-27T20:43:45.945119+00:00 [queued]>
[2024-05-27T20:43:59.707+0000] {taskinstance.py:2306} INFO - Starting attempt 2 of 3
[2024-05-27T20:43:59.724+0000] {taskinstance.py:2330} INFO - Executing <Task(PythonOperator): extract_data_from_api> on 2024-05-27 20:43:45.945119+00:00
[2024-05-27T20:43:59.732+0000] {warnings.py:110} WARNING - /home/***/.local/lib/python3.12/site-packages/***/task/task_runner/standard_task_runner.py:61: DeprecationWarning: This process (pid=258) is multi-threaded, use of fork() may lead to deadlocks in the child.
  pid = os.fork()

[2024-05-27T20:43:59.734+0000] {standard_task_runner.py:63} INFO - Started process 260 to run task
[2024-05-27T20:43:59.734+0000] {standard_task_runner.py:90} INFO - Running: ['***', 'tasks', 'run', 'process_sales', 'extract_data_from_api', 'manual__2024-05-27T20:43:45.945119+00:00', '--job-id', '2464', '--raw', '--subdir', 'DAGS_FOLDER/process_sales.py', '--cfg-path', '/tmp/tmp4kh5ngh9']
[2024-05-27T20:43:59.740+0000] {standard_task_runner.py:91} INFO - Job 2464: Subtask extract_data_from_api
[2024-05-27T20:43:59.797+0000] {task_command.py:426} INFO - Running <TaskInstance: process_sales.extract_data_from_api manual__2024-05-27T20:43:45.945119+00:00 [running]> on host 6ecac41592ab
[2024-05-27T20:43:59.918+0000] {taskinstance.py:2648} INFO - Exporting env vars: AIRFLOW_CTX_DAG_EMAIL='gurlenko.1488@gmail.com' AIRFLOW_CTX_DAG_OWNER='***' AIRFLOW_CTX_DAG_ID='process_sales' AIRFLOW_CTX_TASK_ID='extract_data_from_api' AIRFLOW_CTX_EXECUTION_DATE='2024-05-27T20:43:45.945119+00:00' AIRFLOW_CTX_TRY_NUMBER='2' AIRFLOW_CTX_DAG_RUN_ID='manual__2024-05-27T20:43:45.945119+00:00'
[2024-05-27T20:43:59.921+0000] {taskinstance.py:430} INFO - ::endgroup::
[2024-05-27T20:43:59.922+0000] {taskinstance.py:441} INFO - ::group::Post task execution logs
[2024-05-27T20:43:59.922+0000] {taskinstance.py:2905} ERROR - Task failed with exception
Traceback (most recent call last):
  File "/home/airflow/.local/lib/python3.12/site-packages/airflow/models/taskinstance.py", line 465, in _execute_task
    result = _execute_callable(context=context, **execute_callable_kwargs)
             ^^^^^^^^^^^^^^^^^^^^^^^^^^^^^^^^^^^^^^^^^^^^^^^^^^^^^^^^^^^^^
  File "/home/airflow/.local/lib/python3.12/site-packages/airflow/models/taskinstance.py", line 432, in _execute_callable
    return execute_callable(context=context, **execute_callable_kwargs)
           ^^^^^^^^^^^^^^^^^^^^^^^^^^^^^^^^^^^^^^^^^^^^^^^^^^^^^^^^^^^^
  File "/home/airflow/.local/lib/python3.12/site-packages/airflow/models/baseoperator.py", line 400, in wrapper
    return func(self, *args, **kwargs)
           ^^^^^^^^^^^^^^^^^^^^^^^^^^^
  File "/home/airflow/.local/lib/python3.12/site-packages/airflow/operators/python.py", line 235, in execute
    return_value = self.execute_callable()
                   ^^^^^^^^^^^^^^^^^^^^^^^
  File "/home/airflow/.local/lib/python3.12/site-packages/airflow/operators/python.py", line 252, in execute_callable
    return self.python_callable(*self.op_args, **self.op_kwargs)
           ^^^^^^^^^^^^^^^^^^^^^^^^^^^^^^^^^^^^^^^^^^^^^^^^^^^^^
TypeError: run_job_1() missing 1 required positional argument: 'datetime'
[2024-05-27T20:43:59.934+0000] {taskinstance.py:1206} INFO - Marking task as UP_FOR_RETRY. dag_id=process_sales, task_id=extract_data_from_api, run_id=manual__2024-05-27T20:43:45.945119+00:00, execution_date=20240527T204345, start_date=20240527T204359, end_date=20240527T204359
[2024-05-27T20:43:59.948+0000] {standard_task_runner.py:110} ERROR - Failed to execute job 2464 for task extract_data_from_api (run_job_1() missing 1 required positional argument: 'datetime'; 260)
[2024-05-27T20:43:59.962+0000] {local_task_job_runner.py:240} INFO - Task exited with return code 1
[2024-05-27T20:43:59.993+0000] {taskinstance.py:3498} INFO - 0 downstream tasks scheduled from follow-on schedule check
[2024-05-27T20:43:59.995+0000] {local_task_job_runner.py:222} INFO - ::endgroup::
