[2024-05-26T07:21:34.002+0000] {local_task_job_runner.py:120} INFO - ::group::Pre task execution logs
[2024-05-26T07:21:34.287+0000] {taskinstance.py:2076} INFO - Dependencies all met for dep_context=non-requeueable deps ti=<TaskInstance: process_sales.read_send_data_task scheduled__2023-04-19T01:00:00+00:00 [queued]>
[2024-05-26T07:21:34.384+0000] {taskinstance.py:2076} INFO - Dependencies all met for dep_context=requeueable deps ti=<TaskInstance: process_sales.read_send_data_task scheduled__2023-04-19T01:00:00+00:00 [queued]>
[2024-05-26T07:21:34.390+0000] {taskinstance.py:2306} INFO - Starting attempt 2 of 3
[2024-05-26T07:21:34.539+0000] {taskinstance.py:2330} INFO - Executing <Task(PythonOperator): read_send_data_task> on 2023-04-19 01:00:00+00:00
[2024-05-26T07:21:34.581+0000] {warnings.py:110} WARNING - /home/***/.local/lib/python3.12/site-packages/***/task/task_runner/standard_task_runner.py:61: DeprecationWarning: This process (pid=5497) is multi-threaded, use of fork() may lead to deadlocks in the child.
  pid = os.fork()

[2024-05-26T07:21:34.631+0000] {standard_task_runner.py:63} INFO - Started process 5506 to run task
[2024-05-26T07:21:34.655+0000] {standard_task_runner.py:90} INFO - Running: ['***', 'tasks', 'run', 'process_sales', 'read_send_data_task', 'scheduled__2023-04-19T01:00:00+00:00', '--job-id', '986', '--raw', '--subdir', 'DAGS_FOLDER/process_sales.py', '--cfg-path', '/tmp/tmpl90ii5rf']
[2024-05-26T07:21:34.803+0000] {standard_task_runner.py:91} INFO - Job 986: Subtask read_send_data_task
[2024-05-26T07:21:35.444+0000] {task_command.py:426} INFO - Running <TaskInstance: process_sales.read_send_data_task scheduled__2023-04-19T01:00:00+00:00 [running]> on host 6ecac41592ab
[2024-05-26T07:21:36.852+0000] {taskinstance.py:2648} INFO - Exporting env vars: AIRFLOW_CTX_DAG_EMAIL='gurlenko.1488@gmail.com' AIRFLOW_CTX_DAG_OWNER='***' AIRFLOW_CTX_DAG_ID='process_sales' AIRFLOW_CTX_TASK_ID='read_send_data_task' AIRFLOW_CTX_EXECUTION_DATE='2023-04-19T01:00:00+00:00' AIRFLOW_CTX_TRY_NUMBER='2' AIRFLOW_CTX_DAG_RUN_ID='scheduled__2023-04-19T01:00:00+00:00'
[2024-05-26T07:21:36.883+0000] {taskinstance.py:430} INFO - ::endgroup::
[2024-05-26T07:21:36.889+0000] {taskinstance.py:441} INFO - ::group::Post task execution logs
[2024-05-26T07:21:36.894+0000] {taskinstance.py:2905} ERROR - Task failed with exception
Traceback (most recent call last):
  File "/home/airflow/.local/lib/python3.12/site-packages/airflow/models/taskinstance.py", line 465, in _execute_task
    result = _execute_callable(context=context, **execute_callable_kwargs)
             ^^^^^^^^^^^^^^^^^^^^^^^^^^^^^^^^^^^^^^^^^^^^^^^^^^^^^^^^^^^^^
  File "/home/airflow/.local/lib/python3.12/site-packages/airflow/models/taskinstance.py", line 432, in _execute_callable
    return execute_callable(context=context, **execute_callable_kwargs)
           ^^^^^^^^^^^^^^^^^^^^^^^^^^^^^^^^^^^^^^^^^^^^^^^^^^^^^^^^^^^^
  File "/home/airflow/.local/lib/python3.12/site-packages/airflow/models/baseoperator.py", line 400, in wrapper
    return func(self, *args, **kwargs)
           ^^^^^^^^^^^^^^^^^^^^^^^^^^^
  File "/home/airflow/.local/lib/python3.12/site-packages/airflow/operators/python.py", line 235, in execute
    return_value = self.execute_callable()
                   ^^^^^^^^^^^^^^^^^^^^^^^
  File "/home/airflow/.local/lib/python3.12/site-packages/airflow/operators/python.py", line 252, in execute_callable
    return self.python_callable(*self.op_args, **self.op_kwargs)
           ^^^^^^^^^^^^^^^^^^^^^^^^^^^^^^^^^^^^^^^^^^^^^^^^^^^^^
  File "/opt/airflow/dags/data_sender.py", line 36, in read_send_data
    for json_file in os.listdir(read_dir):
                     ^^^^^^^^^^^^^^^^^^^^
FileNotFoundError: [Errno 2] No such file or directory: '/Users/admin/Desktop/Take data from API/pythonProject/file_storage/raw/sales'
[2024-05-26T07:21:37.001+0000] {taskinstance.py:1206} INFO - Marking task as UP_FOR_RETRY. dag_id=process_sales, task_id=read_send_data_task, run_id=scheduled__2023-04-19T01:00:00+00:00, execution_date=20230419T010000, start_date=20240526T072134, end_date=20240526T072136
[2024-05-26T07:21:37.452+0000] {standard_task_runner.py:110} ERROR - Failed to execute job 986 for task read_send_data_task ([Errno 2] No such file or directory: '/Users/admin/Desktop/Take data from API/pythonProject/file_storage/raw/sales'; 5506)
[2024-05-26T07:21:37.612+0000] {local_task_job_runner.py:240} INFO - Task exited with return code 1
[2024-05-26T07:21:37.691+0000] {local_task_job_runner.py:222} INFO - ::endgroup::
