[2024-05-25T22:30:05.519+0000] {local_task_job_runner.py:120} INFO - ::group::Pre task execution logs
[2024-05-25T22:30:05.559+0000] {taskinstance.py:2076} INFO - Dependencies all met for dep_context=non-requeueable deps ti=<TaskInstance: process_sales.get_send_data_task scheduled__2023-03-01T01:00:00+00:00 [queued]>
[2024-05-25T22:30:05.572+0000] {taskinstance.py:2076} INFO - Dependencies all met for dep_context=requeueable deps ti=<TaskInstance: process_sales.get_send_data_task scheduled__2023-03-01T01:00:00+00:00 [queued]>
[2024-05-25T22:30:05.575+0000] {taskinstance.py:2306} INFO - Starting attempt 1 of 3
[2024-05-25T22:30:05.599+0000] {taskinstance.py:2330} INFO - Executing <Task(PythonOperator): get_send_data_task> on 2023-03-01 01:00:00+00:00
[2024-05-25T22:30:05.613+0000] {warnings.py:110} WARNING - /home/***/.local/lib/python3.12/site-packages/***/task/task_runner/standard_task_runner.py:61: DeprecationWarning: This process (pid=4201) is multi-threaded, use of fork() may lead to deadlocks in the child.
  pid = os.fork()

[2024-05-25T22:30:05.619+0000] {standard_task_runner.py:63} INFO - Started process 4203 to run task
[2024-05-25T22:30:05.618+0000] {standard_task_runner.py:90} INFO - Running: ['***', 'tasks', 'run', 'process_sales', 'get_send_data_task', 'scheduled__2023-03-01T01:00:00+00:00', '--job-id', '787', '--raw', '--subdir', 'DAGS_FOLDER/process_sales.py', '--cfg-path', '/tmp/tmpme0f674o']
[2024-05-25T22:30:05.625+0000] {standard_task_runner.py:91} INFO - Job 787: Subtask get_send_data_task
[2024-05-25T22:30:05.764+0000] {task_command.py:426} INFO - Running <TaskInstance: process_sales.get_send_data_task scheduled__2023-03-01T01:00:00+00:00 [running]> on host 6ecac41592ab
[2024-05-25T22:30:06.044+0000] {taskinstance.py:2648} INFO - Exporting env vars: AIRFLOW_CTX_DAG_EMAIL='gurlenko.1488@gmail.com' AIRFLOW_CTX_DAG_OWNER='***' AIRFLOW_CTX_DAG_ID='process_sales' AIRFLOW_CTX_TASK_ID='get_send_data_task' AIRFLOW_CTX_EXECUTION_DATE='2023-03-01T01:00:00+00:00' AIRFLOW_CTX_TRY_NUMBER='1' AIRFLOW_CTX_DAG_RUN_ID='scheduled__2023-03-01T01:00:00+00:00'
[2024-05-25T22:30:06.050+0000] {taskinstance.py:430} INFO - ::endgroup::
[2024-05-25T22:30:06.423+0000] {logging_mixin.py:188} INFO - Response status code on page 1:  200
[2024-05-25T22:30:06.781+0000] {logging_mixin.py:188} INFO - Response status code on page 2:  200
[2024-05-25T22:30:07.098+0000] {logging_mixin.py:188} INFO - Response status code on page 3:  200
[2024-05-25T22:30:07.451+0000] {logging_mixin.py:188} INFO - Response status code on page 4:  200
[2024-05-25T22:30:07.749+0000] {logging_mixin.py:188} INFO - Total pages: 4
[2024-05-25T22:30:07.768+0000] {logging_mixin.py:188} INFO - Data successfully posted to Job_1.
[2024-05-25T22:30:07.771+0000] {python.py:237} INFO - Done. Returned value was: None
[2024-05-25T22:30:07.775+0000] {taskinstance.py:441} INFO - ::group::Post task execution logs
[2024-05-25T22:30:07.793+0000] {taskinstance.py:1206} INFO - Marking task as SUCCESS. dag_id=process_sales, task_id=get_send_data_task, run_id=scheduled__2023-03-01T01:00:00+00:00, execution_date=20230301T010000, start_date=20240525T223005, end_date=20240525T223007
[2024-05-25T22:30:07.865+0000] {local_task_job_runner.py:240} INFO - Task exited with return code 0
[2024-05-25T22:30:07.900+0000] {taskinstance.py:3498} INFO - 1 downstream tasks scheduled from follow-on schedule check
[2024-05-25T22:30:07.903+0000] {local_task_job_runner.py:222} INFO - ::endgroup::
