[2024-05-24T00:10:40.274+0000] {processor.py:161} INFO - Started process (PID=87395) to work on /opt/airflow/dags/process_sales.py
[2024-05-24T00:10:40.275+0000] {processor.py:830} INFO - Processing file /opt/airflow/dags/process_sales.py for tasks to queue
[2024-05-24T00:10:40.277+0000] {logging_mixin.py:188} INFO - [2024-05-24T00:10:40.276+0000] {dagbag.py:545} INFO - Filling up the DagBag from /opt/airflow/dags/process_sales.py
[2024-05-24T00:10:40.285+0000] {processor.py:840} INFO - DAG(s) 'my_example_dag' retrieved from /opt/airflow/dags/process_sales.py
[2024-05-24T00:10:40.308+0000] {logging_mixin.py:188} INFO - [2024-05-24T00:10:40.307+0000] {dag.py:3096} INFO - Sync 1 DAGs
[2024-05-24T00:10:40.331+0000] {logging_mixin.py:188} INFO - [2024-05-24T00:10:40.331+0000] {dag.py:3954} INFO - Setting next_dagrun for my_example_dag to None, run_after=None
[2024-05-24T00:10:40.365+0000] {processor.py:183} INFO - Processing /opt/airflow/dags/process_sales.py took 0.098 seconds
[2024-05-24T03:14:58.732+0000] {processor.py:161} INFO - Started process (PID=87454) to work on /opt/airflow/dags/process_sales.py
[2024-05-24T03:14:58.736+0000] {processor.py:830} INFO - Processing file /opt/airflow/dags/process_sales.py for tasks to queue
[2024-05-24T03:14:58.737+0000] {logging_mixin.py:188} INFO - [2024-05-24T03:14:58.736+0000] {dagbag.py:545} INFO - Filling up the DagBag from /opt/airflow/dags/process_sales.py
[2024-05-24T03:14:58.828+0000] {processor.py:840} INFO - DAG(s) 'my_example_dag' retrieved from /opt/airflow/dags/process_sales.py
[2024-05-24T03:14:58.954+0000] {logging_mixin.py:188} INFO - [2024-05-24T03:14:58.954+0000] {dag.py:3096} INFO - Sync 1 DAGs
[2024-05-24T03:14:59.009+0000] {logging_mixin.py:188} INFO - [2024-05-24T03:14:59.008+0000] {dag.py:3954} INFO - Setting next_dagrun for my_example_dag to None, run_after=None
[2024-05-24T03:14:59.079+0000] {processor.py:183} INFO - Processing /opt/airflow/dags/process_sales.py took 0.410 seconds
[2024-05-24T05:04:11.162+0000] {processor.py:161} INFO - Started process (PID=87513) to work on /opt/airflow/dags/process_sales.py
[2024-05-24T05:04:11.163+0000] {processor.py:830} INFO - Processing file /opt/airflow/dags/process_sales.py for tasks to queue
[2024-05-24T05:04:11.164+0000] {logging_mixin.py:188} INFO - [2024-05-24T05:04:11.164+0000] {dagbag.py:545} INFO - Filling up the DagBag from /opt/airflow/dags/process_sales.py
[2024-05-24T05:04:11.173+0000] {processor.py:840} INFO - DAG(s) 'my_example_dag' retrieved from /opt/airflow/dags/process_sales.py
[2024-05-24T05:04:11.195+0000] {logging_mixin.py:188} INFO - [2024-05-24T05:04:11.195+0000] {dag.py:3096} INFO - Sync 1 DAGs
[2024-05-24T05:04:11.212+0000] {logging_mixin.py:188} INFO - [2024-05-24T05:04:11.212+0000] {dag.py:3954} INFO - Setting next_dagrun for my_example_dag to None, run_after=None
[2024-05-24T05:04:11.251+0000] {processor.py:183} INFO - Processing /opt/airflow/dags/process_sales.py took 0.096 seconds
[2024-05-24T05:06:17.201+0000] {processor.py:161} INFO - Started process (PID=87572) to work on /opt/airflow/dags/process_sales.py
[2024-05-24T05:06:17.224+0000] {processor.py:830} INFO - Processing file /opt/airflow/dags/process_sales.py for tasks to queue
[2024-05-24T05:06:17.231+0000] {logging_mixin.py:188} INFO - [2024-05-24T05:06:17.226+0000] {dagbag.py:545} INFO - Filling up the DagBag from /opt/airflow/dags/process_sales.py
[2024-05-24T05:06:17.273+0000] {processor.py:840} INFO - DAG(s) 'my_example_dag' retrieved from /opt/airflow/dags/process_sales.py
[2024-05-24T05:06:17.309+0000] {logging_mixin.py:188} INFO - [2024-05-24T05:06:17.309+0000] {dag.py:3096} INFO - Sync 1 DAGs
[2024-05-24T05:06:17.327+0000] {logging_mixin.py:188} INFO - [2024-05-24T05:06:17.327+0000] {dag.py:3954} INFO - Setting next_dagrun for my_example_dag to None, run_after=None
[2024-05-24T05:06:17.347+0000] {processor.py:183} INFO - Processing /opt/airflow/dags/process_sales.py took 0.171 seconds
[2024-05-24T05:40:26.935+0000] {processor.py:161} INFO - Started process (PID=87631) to work on /opt/airflow/dags/process_sales.py
[2024-05-24T05:40:26.937+0000] {processor.py:830} INFO - Processing file /opt/airflow/dags/process_sales.py for tasks to queue
[2024-05-24T05:40:26.938+0000] {logging_mixin.py:188} INFO - [2024-05-24T05:40:26.938+0000] {dagbag.py:545} INFO - Filling up the DagBag from /opt/airflow/dags/process_sales.py
[2024-05-24T05:40:26.947+0000] {processor.py:840} INFO - DAG(s) 'my_example_dag' retrieved from /opt/airflow/dags/process_sales.py
[2024-05-24T05:40:26.971+0000] {logging_mixin.py:188} INFO - [2024-05-24T05:40:26.970+0000] {dag.py:3096} INFO - Sync 1 DAGs
[2024-05-24T05:40:26.987+0000] {logging_mixin.py:188} INFO - [2024-05-24T05:40:26.986+0000] {dag.py:3954} INFO - Setting next_dagrun for my_example_dag to None, run_after=None
[2024-05-24T05:40:27.007+0000] {processor.py:183} INFO - Processing /opt/airflow/dags/process_sales.py took 0.078 seconds
[2024-05-24T06:35:21.843+0000] {processor.py:161} INFO - Started process (PID=87690) to work on /opt/airflow/dags/process_sales.py
[2024-05-24T06:35:21.864+0000] {processor.py:830} INFO - Processing file /opt/airflow/dags/process_sales.py for tasks to queue
[2024-05-24T06:35:21.891+0000] {logging_mixin.py:188} INFO - [2024-05-24T06:35:21.879+0000] {dagbag.py:545} INFO - Filling up the DagBag from /opt/airflow/dags/process_sales.py
[2024-05-24T06:35:22.092+0000] {processor.py:840} INFO - DAG(s) 'my_example_dag' retrieved from /opt/airflow/dags/process_sales.py
[2024-05-24T06:35:22.421+0000] {logging_mixin.py:188} INFO - [2024-05-24T06:35:22.418+0000] {dag.py:3096} INFO - Sync 1 DAGs
[2024-05-24T06:35:22.697+0000] {logging_mixin.py:188} INFO - [2024-05-24T06:35:22.696+0000] {dag.py:3954} INFO - Setting next_dagrun for my_example_dag to None, run_after=None
[2024-05-24T06:35:23.055+0000] {processor.py:183} INFO - Processing /opt/airflow/dags/process_sales.py took 1.473 seconds
[2024-05-24T06:37:03.432+0000] {processor.py:161} INFO - Started process (PID=87748) to work on /opt/airflow/dags/process_sales.py
[2024-05-24T06:37:03.433+0000] {processor.py:830} INFO - Processing file /opt/airflow/dags/process_sales.py for tasks to queue
[2024-05-24T06:37:03.435+0000] {logging_mixin.py:188} INFO - [2024-05-24T06:37:03.435+0000] {dagbag.py:545} INFO - Filling up the DagBag from /opt/airflow/dags/process_sales.py
[2024-05-24T06:37:03.457+0000] {processor.py:840} INFO - DAG(s) 'my_example_dag' retrieved from /opt/airflow/dags/process_sales.py
[2024-05-24T06:37:03.482+0000] {logging_mixin.py:188} INFO - [2024-05-24T06:37:03.482+0000] {dag.py:3096} INFO - Sync 1 DAGs
[2024-05-24T06:37:03.500+0000] {logging_mixin.py:188} INFO - [2024-05-24T06:37:03.500+0000] {dag.py:3954} INFO - Setting next_dagrun for my_example_dag to None, run_after=None
[2024-05-24T06:37:03.523+0000] {processor.py:183} INFO - Processing /opt/airflow/dags/process_sales.py took 0.103 seconds
[2024-05-24T07:35:41.095+0000] {processor.py:161} INFO - Started process (PID=87758) to work on /opt/airflow/dags/process_sales.py
[2024-05-24T07:35:41.099+0000] {processor.py:830} INFO - Processing file /opt/airflow/dags/process_sales.py for tasks to queue
[2024-05-24T07:35:41.104+0000] {logging_mixin.py:188} INFO - [2024-05-24T07:35:41.102+0000] {dagbag.py:545} INFO - Filling up the DagBag from /opt/airflow/dags/process_sales.py
[2024-05-24T07:35:41.167+0000] {processor.py:840} INFO - DAG(s) 'my_example_dag' retrieved from /opt/airflow/dags/process_sales.py
[2024-05-24T07:35:41.237+0000] {logging_mixin.py:188} INFO - [2024-05-24T07:35:41.236+0000] {dag.py:3096} INFO - Sync 1 DAGs
[2024-05-24T07:35:41.296+0000] {logging_mixin.py:188} INFO - [2024-05-24T07:35:41.296+0000] {dag.py:3954} INFO - Setting next_dagrun for my_example_dag to None, run_after=None
[2024-05-24T07:35:41.332+0000] {processor.py:183} INFO - Processing /opt/airflow/dags/process_sales.py took 0.276 seconds
[2024-05-24T07:41:36.581+0000] {processor.py:161} INFO - Started process (PID=87817) to work on /opt/airflow/dags/process_sales.py
[2024-05-24T07:41:36.585+0000] {processor.py:830} INFO - Processing file /opt/airflow/dags/process_sales.py for tasks to queue
[2024-05-24T07:41:36.588+0000] {logging_mixin.py:188} INFO - [2024-05-24T07:41:36.587+0000] {dagbag.py:545} INFO - Filling up the DagBag from /opt/airflow/dags/process_sales.py
[2024-05-24T07:41:36.621+0000] {processor.py:840} INFO - DAG(s) 'my_example_dag' retrieved from /opt/airflow/dags/process_sales.py
[2024-05-24T07:41:36.691+0000] {logging_mixin.py:188} INFO - [2024-05-24T07:41:36.690+0000] {dag.py:3096} INFO - Sync 1 DAGs
[2024-05-24T07:41:36.743+0000] {logging_mixin.py:188} INFO - [2024-05-24T07:41:36.743+0000] {dag.py:3954} INFO - Setting next_dagrun for my_example_dag to None, run_after=None
[2024-05-24T07:41:36.782+0000] {processor.py:183} INFO - Processing /opt/airflow/dags/process_sales.py took 0.235 seconds
[2024-05-24T08:42:32.669+0000] {processor.py:161} INFO - Started process (PID=87882) to work on /opt/airflow/dags/process_sales.py
[2024-05-24T08:42:32.676+0000] {processor.py:830} INFO - Processing file /opt/airflow/dags/process_sales.py for tasks to queue
[2024-05-24T08:42:32.681+0000] {logging_mixin.py:188} INFO - [2024-05-24T08:42:32.677+0000] {dagbag.py:545} INFO - Filling up the DagBag from /opt/airflow/dags/process_sales.py
[2024-05-24T08:42:32.751+0000] {processor.py:840} INFO - DAG(s) 'my_example_dag' retrieved from /opt/airflow/dags/process_sales.py
[2024-05-24T08:42:32.831+0000] {logging_mixin.py:188} INFO - [2024-05-24T08:42:32.830+0000] {dag.py:3096} INFO - Sync 1 DAGs
[2024-05-24T08:42:32.909+0000] {logging_mixin.py:188} INFO - [2024-05-24T08:42:32.909+0000] {dag.py:3954} INFO - Setting next_dagrun for my_example_dag to None, run_after=None
[2024-05-24T08:42:32.975+0000] {processor.py:183} INFO - Processing /opt/airflow/dags/process_sales.py took 0.341 seconds
[2024-05-24T09:43:44.888+0000] {processor.py:161} INFO - Started process (PID=87935) to work on /opt/airflow/dags/process_sales.py
[2024-05-24T09:43:44.891+0000] {processor.py:830} INFO - Processing file /opt/airflow/dags/process_sales.py for tasks to queue
[2024-05-24T09:43:44.893+0000] {logging_mixin.py:188} INFO - [2024-05-24T09:43:44.892+0000] {dagbag.py:545} INFO - Filling up the DagBag from /opt/airflow/dags/process_sales.py
[2024-05-24T09:43:44.916+0000] {processor.py:840} INFO - DAG(s) 'my_example_dag' retrieved from /opt/airflow/dags/process_sales.py
[2024-05-24T09:43:44.949+0000] {logging_mixin.py:188} INFO - [2024-05-24T09:43:44.949+0000] {dag.py:3096} INFO - Sync 1 DAGs
[2024-05-24T09:43:44.980+0000] {logging_mixin.py:188} INFO - [2024-05-24T09:43:44.980+0000] {dag.py:3954} INFO - Setting next_dagrun for my_example_dag to None, run_after=None
[2024-05-24T09:43:45.006+0000] {processor.py:183} INFO - Processing /opt/airflow/dags/process_sales.py took 0.139 seconds
[2024-05-24T10:44:51.965+0000] {processor.py:161} INFO - Started process (PID=87993) to work on /opt/airflow/dags/process_sales.py
[2024-05-24T10:44:51.988+0000] {processor.py:830} INFO - Processing file /opt/airflow/dags/process_sales.py for tasks to queue
[2024-05-24T10:44:52.008+0000] {logging_mixin.py:188} INFO - [2024-05-24T10:44:52.003+0000] {dagbag.py:545} INFO - Filling up the DagBag from /opt/airflow/dags/process_sales.py
[2024-05-24T10:44:52.140+0000] {processor.py:840} INFO - DAG(s) 'my_example_dag' retrieved from /opt/airflow/dags/process_sales.py
[2024-05-24T10:44:52.357+0000] {logging_mixin.py:188} INFO - [2024-05-24T10:44:52.357+0000] {dag.py:3096} INFO - Sync 1 DAGs
[2024-05-24T10:44:52.458+0000] {logging_mixin.py:188} INFO - [2024-05-24T10:44:52.458+0000] {dag.py:3954} INFO - Setting next_dagrun for my_example_dag to None, run_after=None
[2024-05-24T10:44:52.556+0000] {processor.py:183} INFO - Processing /opt/airflow/dags/process_sales.py took 0.689 seconds
[2024-05-24T11:45:59.959+0000] {processor.py:161} INFO - Started process (PID=88052) to work on /opt/airflow/dags/process_sales.py
[2024-05-24T11:45:59.962+0000] {processor.py:830} INFO - Processing file /opt/airflow/dags/process_sales.py for tasks to queue
[2024-05-24T11:45:59.965+0000] {logging_mixin.py:188} INFO - [2024-05-24T11:45:59.964+0000] {dagbag.py:545} INFO - Filling up the DagBag from /opt/airflow/dags/process_sales.py
[2024-05-24T11:45:59.998+0000] {processor.py:840} INFO - DAG(s) 'my_example_dag' retrieved from /opt/airflow/dags/process_sales.py
[2024-05-24T11:46:00.067+0000] {logging_mixin.py:188} INFO - [2024-05-24T11:46:00.067+0000] {dag.py:3096} INFO - Sync 1 DAGs
[2024-05-24T11:46:00.111+0000] {logging_mixin.py:188} INFO - [2024-05-24T11:46:00.111+0000] {dag.py:3954} INFO - Setting next_dagrun for my_example_dag to None, run_after=None
[2024-05-24T11:46:00.170+0000] {processor.py:183} INFO - Processing /opt/airflow/dags/process_sales.py took 0.246 seconds
[2024-05-24T12:47:05.988+0000] {processor.py:161} INFO - Started process (PID=88111) to work on /opt/airflow/dags/process_sales.py
[2024-05-24T12:47:05.992+0000] {processor.py:830} INFO - Processing file /opt/airflow/dags/process_sales.py for tasks to queue
[2024-05-24T12:47:06.000+0000] {logging_mixin.py:188} INFO - [2024-05-24T12:47:05.996+0000] {dagbag.py:545} INFO - Filling up the DagBag from /opt/airflow/dags/process_sales.py
[2024-05-24T12:47:06.062+0000] {processor.py:840} INFO - DAG(s) 'my_example_dag' retrieved from /opt/airflow/dags/process_sales.py
[2024-05-24T12:47:06.127+0000] {logging_mixin.py:188} INFO - [2024-05-24T12:47:06.126+0000] {dag.py:3096} INFO - Sync 1 DAGs
[2024-05-24T12:47:06.176+0000] {logging_mixin.py:188} INFO - [2024-05-24T12:47:06.176+0000] {dag.py:3954} INFO - Setting next_dagrun for my_example_dag to None, run_after=None
[2024-05-24T12:47:06.220+0000] {processor.py:183} INFO - Processing /opt/airflow/dags/process_sales.py took 0.263 seconds
[2024-05-24T13:48:15.024+0000] {processor.py:161} INFO - Started process (PID=88170) to work on /opt/airflow/dags/process_sales.py
[2024-05-24T13:48:15.026+0000] {processor.py:830} INFO - Processing file /opt/airflow/dags/process_sales.py for tasks to queue
[2024-05-24T13:48:15.030+0000] {logging_mixin.py:188} INFO - [2024-05-24T13:48:15.029+0000] {dagbag.py:545} INFO - Filling up the DagBag from /opt/airflow/dags/process_sales.py
[2024-05-24T13:48:15.064+0000] {processor.py:840} INFO - DAG(s) 'my_example_dag' retrieved from /opt/airflow/dags/process_sales.py
[2024-05-24T13:48:15.109+0000] {logging_mixin.py:188} INFO - [2024-05-24T13:48:15.109+0000] {dag.py:3096} INFO - Sync 1 DAGs
[2024-05-24T13:48:15.140+0000] {logging_mixin.py:188} INFO - [2024-05-24T13:48:15.140+0000] {dag.py:3954} INFO - Setting next_dagrun for my_example_dag to None, run_after=None
[2024-05-24T13:48:15.168+0000] {processor.py:183} INFO - Processing /opt/airflow/dags/process_sales.py took 0.162 seconds
[2024-05-24T14:49:25.238+0000] {processor.py:161} INFO - Started process (PID=88229) to work on /opt/airflow/dags/process_sales.py
[2024-05-24T14:49:25.241+0000] {processor.py:830} INFO - Processing file /opt/airflow/dags/process_sales.py for tasks to queue
[2024-05-24T14:49:25.243+0000] {logging_mixin.py:188} INFO - [2024-05-24T14:49:25.242+0000] {dagbag.py:545} INFO - Filling up the DagBag from /opt/airflow/dags/process_sales.py
[2024-05-24T14:49:25.281+0000] {processor.py:840} INFO - DAG(s) 'my_example_dag' retrieved from /opt/airflow/dags/process_sales.py
[2024-05-24T14:49:25.322+0000] {logging_mixin.py:188} INFO - [2024-05-24T14:49:25.322+0000] {dag.py:3096} INFO - Sync 1 DAGs
[2024-05-24T14:49:25.349+0000] {logging_mixin.py:188} INFO - [2024-05-24T14:49:25.349+0000] {dag.py:3954} INFO - Setting next_dagrun for my_example_dag to None, run_after=None
[2024-05-24T14:49:25.374+0000] {processor.py:183} INFO - Processing /opt/airflow/dags/process_sales.py took 0.154 seconds
[2024-05-24T15:48:50.717+0000] {processor.py:161} INFO - Started process (PID=88288) to work on /opt/airflow/dags/process_sales.py
[2024-05-24T15:48:50.719+0000] {processor.py:830} INFO - Processing file /opt/airflow/dags/process_sales.py for tasks to queue
[2024-05-24T15:48:50.722+0000] {logging_mixin.py:188} INFO - [2024-05-24T15:48:50.721+0000] {dagbag.py:545} INFO - Filling up the DagBag from /opt/airflow/dags/process_sales.py
[2024-05-24T15:48:50.748+0000] {processor.py:840} INFO - DAG(s) 'my_example_dag' retrieved from /opt/airflow/dags/process_sales.py
[2024-05-24T15:48:50.806+0000] {logging_mixin.py:188} INFO - [2024-05-24T15:48:50.806+0000] {dag.py:3096} INFO - Sync 1 DAGs
[2024-05-24T15:48:50.842+0000] {logging_mixin.py:188} INFO - [2024-05-24T15:48:50.842+0000] {dag.py:3954} INFO - Setting next_dagrun for my_example_dag to None, run_after=None
[2024-05-24T15:48:50.867+0000] {processor.py:183} INFO - Processing /opt/airflow/dags/process_sales.py took 0.168 seconds
[2024-05-24T15:50:32.699+0000] {processor.py:161} INFO - Started process (PID=88347) to work on /opt/airflow/dags/process_sales.py
[2024-05-24T15:50:32.731+0000] {processor.py:830} INFO - Processing file /opt/airflow/dags/process_sales.py for tasks to queue
[2024-05-24T15:50:32.745+0000] {logging_mixin.py:188} INFO - [2024-05-24T15:50:32.736+0000] {dagbag.py:545} INFO - Filling up the DagBag from /opt/airflow/dags/process_sales.py
[2024-05-24T15:50:32.903+0000] {processor.py:840} INFO - DAG(s) 'my_example_dag' retrieved from /opt/airflow/dags/process_sales.py
[2024-05-24T15:50:33.129+0000] {logging_mixin.py:188} INFO - [2024-05-24T15:50:33.128+0000] {dag.py:3096} INFO - Sync 1 DAGs
[2024-05-24T15:50:33.237+0000] {logging_mixin.py:188} INFO - [2024-05-24T15:50:33.237+0000] {dag.py:3954} INFO - Setting next_dagrun for my_example_dag to None, run_after=None
[2024-05-24T15:50:33.347+0000] {processor.py:183} INFO - Processing /opt/airflow/dags/process_sales.py took 0.803 seconds
[2024-05-24T16:51:41.131+0000] {processor.py:161} INFO - Started process (PID=88406) to work on /opt/airflow/dags/process_sales.py
[2024-05-24T16:51:41.133+0000] {processor.py:830} INFO - Processing file /opt/airflow/dags/process_sales.py for tasks to queue
[2024-05-24T16:51:41.137+0000] {logging_mixin.py:188} INFO - [2024-05-24T16:51:41.135+0000] {dagbag.py:545} INFO - Filling up the DagBag from /opt/airflow/dags/process_sales.py
[2024-05-24T16:51:41.167+0000] {processor.py:840} INFO - DAG(s) 'my_example_dag' retrieved from /opt/airflow/dags/process_sales.py
[2024-05-24T16:51:41.232+0000] {logging_mixin.py:188} INFO - [2024-05-24T16:51:41.231+0000] {dag.py:3096} INFO - Sync 1 DAGs
[2024-05-24T16:51:41.266+0000] {logging_mixin.py:188} INFO - [2024-05-24T16:51:41.266+0000] {dag.py:3954} INFO - Setting next_dagrun for my_example_dag to None, run_after=None
[2024-05-24T16:51:41.297+0000] {processor.py:183} INFO - Processing /opt/airflow/dags/process_sales.py took 0.196 seconds
[2024-05-24T17:50:13.107+0000] {processor.py:161} INFO - Started process (PID=88464) to work on /opt/airflow/dags/process_sales.py
[2024-05-24T17:50:13.110+0000] {processor.py:830} INFO - Processing file /opt/airflow/dags/process_sales.py for tasks to queue
[2024-05-24T17:50:13.112+0000] {logging_mixin.py:188} INFO - [2024-05-24T17:50:13.112+0000] {dagbag.py:545} INFO - Filling up the DagBag from /opt/airflow/dags/process_sales.py
[2024-05-24T17:50:13.129+0000] {processor.py:840} INFO - DAG(s) 'my_example_dag' retrieved from /opt/airflow/dags/process_sales.py
[2024-05-24T17:50:13.162+0000] {logging_mixin.py:188} INFO - [2024-05-24T17:50:13.161+0000] {dag.py:3096} INFO - Sync 1 DAGs
[2024-05-24T17:50:13.187+0000] {logging_mixin.py:188} INFO - [2024-05-24T17:50:13.187+0000] {dag.py:3954} INFO - Setting next_dagrun for my_example_dag to None, run_after=None
[2024-05-24T17:50:13.212+0000] {processor.py:183} INFO - Processing /opt/airflow/dags/process_sales.py took 0.111 seconds
[2024-05-24T17:50:43.704+0000] {processor.py:161} INFO - Started process (PID=88523) to work on /opt/airflow/dags/process_sales.py
[2024-05-24T17:50:43.707+0000] {processor.py:830} INFO - Processing file /opt/airflow/dags/process_sales.py for tasks to queue
[2024-05-24T17:50:43.708+0000] {logging_mixin.py:188} INFO - [2024-05-24T17:50:43.708+0000] {dagbag.py:545} INFO - Filling up the DagBag from /opt/airflow/dags/process_sales.py
[2024-05-24T17:50:43.723+0000] {processor.py:840} INFO - DAG(s) 'my_example_dag' retrieved from /opt/airflow/dags/process_sales.py
[2024-05-24T17:50:43.744+0000] {logging_mixin.py:188} INFO - [2024-05-24T17:50:43.744+0000] {dag.py:3096} INFO - Sync 1 DAGs
[2024-05-24T17:50:43.761+0000] {logging_mixin.py:188} INFO - [2024-05-24T17:50:43.761+0000] {dag.py:3954} INFO - Setting next_dagrun for my_example_dag to None, run_after=None
[2024-05-24T17:50:43.782+0000] {processor.py:183} INFO - Processing /opt/airflow/dags/process_sales.py took 0.085 seconds
[2024-05-24T18:53:37.839+0000] {processor.py:161} INFO - Started process (PID=88582) to work on /opt/airflow/dags/process_sales.py
[2024-05-24T18:53:37.843+0000] {processor.py:830} INFO - Processing file /opt/airflow/dags/process_sales.py for tasks to queue
[2024-05-24T18:53:37.846+0000] {logging_mixin.py:188} INFO - [2024-05-24T18:53:37.845+0000] {dagbag.py:545} INFO - Filling up the DagBag from /opt/airflow/dags/process_sales.py
[2024-05-24T18:53:37.886+0000] {processor.py:840} INFO - DAG(s) 'my_example_dag' retrieved from /opt/airflow/dags/process_sales.py
[2024-05-24T18:53:37.957+0000] {logging_mixin.py:188} INFO - [2024-05-24T18:53:37.956+0000] {dag.py:3096} INFO - Sync 1 DAGs
[2024-05-24T18:53:37.991+0000] {logging_mixin.py:188} INFO - [2024-05-24T18:53:37.991+0000] {dag.py:3954} INFO - Setting next_dagrun for my_example_dag to None, run_after=None
[2024-05-24T18:53:38.022+0000] {processor.py:183} INFO - Processing /opt/airflow/dags/process_sales.py took 0.210 seconds
[2024-05-24T19:53:31.246+0000] {processor.py:161} INFO - Started process (PID=88641) to work on /opt/airflow/dags/process_sales.py
[2024-05-24T19:53:31.251+0000] {processor.py:830} INFO - Processing file /opt/airflow/dags/process_sales.py for tasks to queue
[2024-05-24T19:53:31.259+0000] {logging_mixin.py:188} INFO - [2024-05-24T19:53:31.253+0000] {dagbag.py:545} INFO - Filling up the DagBag from /opt/airflow/dags/process_sales.py
[2024-05-24T19:53:31.326+0000] {processor.py:840} INFO - DAG(s) 'my_example_dag' retrieved from /opt/airflow/dags/process_sales.py
[2024-05-24T19:53:31.458+0000] {logging_mixin.py:188} INFO - [2024-05-24T19:53:31.457+0000] {dag.py:3096} INFO - Sync 1 DAGs
[2024-05-24T19:53:31.500+0000] {logging_mixin.py:188} INFO - [2024-05-24T19:53:31.500+0000] {dag.py:3954} INFO - Setting next_dagrun for my_example_dag to None, run_after=None
[2024-05-24T19:53:31.540+0000] {processor.py:183} INFO - Processing /opt/airflow/dags/process_sales.py took 0.439 seconds
[2024-05-24T20:54:45.330+0000] {processor.py:161} INFO - Started process (PID=88700) to work on /opt/airflow/dags/process_sales.py
[2024-05-24T20:54:45.347+0000] {processor.py:830} INFO - Processing file /opt/airflow/dags/process_sales.py for tasks to queue
[2024-05-24T20:54:45.353+0000] {logging_mixin.py:188} INFO - [2024-05-24T20:54:45.352+0000] {dagbag.py:545} INFO - Filling up the DagBag from /opt/airflow/dags/process_sales.py
[2024-05-24T20:54:45.489+0000] {processor.py:840} INFO - DAG(s) 'my_example_dag' retrieved from /opt/airflow/dags/process_sales.py
[2024-05-24T20:54:45.684+0000] {logging_mixin.py:188} INFO - [2024-05-24T20:54:45.683+0000] {dag.py:3096} INFO - Sync 1 DAGs
[2024-05-24T20:54:45.784+0000] {logging_mixin.py:188} INFO - [2024-05-24T20:54:45.784+0000] {dag.py:3954} INFO - Setting next_dagrun for my_example_dag to None, run_after=None
[2024-05-24T20:54:45.922+0000] {processor.py:183} INFO - Processing /opt/airflow/dags/process_sales.py took 0.743 seconds
[2024-05-24T21:55:51.149+0000] {processor.py:161} INFO - Started process (PID=88759) to work on /opt/airflow/dags/process_sales.py
[2024-05-24T21:55:51.153+0000] {processor.py:830} INFO - Processing file /opt/airflow/dags/process_sales.py for tasks to queue
[2024-05-24T21:55:51.156+0000] {logging_mixin.py:188} INFO - [2024-05-24T21:55:51.155+0000] {dagbag.py:545} INFO - Filling up the DagBag from /opt/airflow/dags/process_sales.py
[2024-05-24T21:55:51.207+0000] {processor.py:840} INFO - DAG(s) 'my_example_dag' retrieved from /opt/airflow/dags/process_sales.py
[2024-05-24T21:55:51.283+0000] {logging_mixin.py:188} INFO - [2024-05-24T21:55:51.283+0000] {dag.py:3096} INFO - Sync 1 DAGs
[2024-05-24T21:55:51.339+0000] {logging_mixin.py:188} INFO - [2024-05-24T21:55:51.339+0000] {dag.py:3954} INFO - Setting next_dagrun for my_example_dag to None, run_after=None
[2024-05-24T21:55:51.389+0000] {processor.py:183} INFO - Processing /opt/airflow/dags/process_sales.py took 0.271 seconds
[2024-05-24T22:56:57.875+0000] {processor.py:161} INFO - Started process (PID=88818) to work on /opt/airflow/dags/process_sales.py
[2024-05-24T22:56:57.878+0000] {processor.py:830} INFO - Processing file /opt/airflow/dags/process_sales.py for tasks to queue
[2024-05-24T22:56:57.887+0000] {logging_mixin.py:188} INFO - [2024-05-24T22:56:57.880+0000] {dagbag.py:545} INFO - Filling up the DagBag from /opt/airflow/dags/process_sales.py
[2024-05-24T22:56:57.963+0000] {processor.py:840} INFO - DAG(s) 'my_example_dag' retrieved from /opt/airflow/dags/process_sales.py
[2024-05-24T22:56:58.036+0000] {logging_mixin.py:188} INFO - [2024-05-24T22:56:58.035+0000] {dag.py:3096} INFO - Sync 1 DAGs
[2024-05-24T22:56:58.080+0000] {logging_mixin.py:188} INFO - [2024-05-24T22:56:58.080+0000] {dag.py:3954} INFO - Setting next_dagrun for my_example_dag to None, run_after=None
[2024-05-24T22:56:58.121+0000] {processor.py:183} INFO - Processing /opt/airflow/dags/process_sales.py took 0.271 seconds
