[2024-05-24T00:10:46.439+0000] {processor.py:161} INFO - Started process (PID=87430) to work on /home/airflow/.local/lib/python3.12/site-packages/airflow/example_dags/example_setup_teardown.py
[2024-05-24T00:10:46.441+0000] {processor.py:830} INFO - Processing file /home/airflow/.local/lib/python3.12/site-packages/airflow/example_dags/example_setup_teardown.py for tasks to queue
[2024-05-24T00:10:46.442+0000] {logging_mixin.py:188} INFO - [2024-05-24T00:10:46.442+0000] {dagbag.py:545} INFO - Filling up the DagBag from /home/airflow/.local/lib/python3.12/site-packages/airflow/example_dags/example_setup_teardown.py
[2024-05-24T00:10:46.451+0000] {processor.py:840} INFO - DAG(s) 'example_setup_teardown' retrieved from /home/airflow/.local/lib/python3.12/site-packages/airflow/example_dags/example_setup_teardown.py
[2024-05-24T00:10:46.475+0000] {logging_mixin.py:188} INFO - [2024-05-24T00:10:46.474+0000] {dag.py:3096} INFO - Sync 1 DAGs
[2024-05-24T00:10:46.500+0000] {logging_mixin.py:188} INFO - [2024-05-24T00:10:46.499+0000] {dag.py:3954} INFO - Setting next_dagrun for example_setup_teardown to 2024-05-23 00:00:00+00:00, run_after=2024-05-24 00:00:00+00:00
[2024-05-24T00:10:46.531+0000] {processor.py:183} INFO - Processing /home/airflow/.local/lib/python3.12/site-packages/airflow/example_dags/example_setup_teardown.py took 0.099 seconds
[2024-05-24T03:15:04.158+0000] {processor.py:161} INFO - Started process (PID=87489) to work on /home/airflow/.local/lib/python3.12/site-packages/airflow/example_dags/example_setup_teardown.py
[2024-05-24T03:15:04.161+0000] {processor.py:830} INFO - Processing file /home/airflow/.local/lib/python3.12/site-packages/airflow/example_dags/example_setup_teardown.py for tasks to queue
[2024-05-24T03:15:04.162+0000] {logging_mixin.py:188} INFO - [2024-05-24T03:15:04.162+0000] {dagbag.py:545} INFO - Filling up the DagBag from /home/airflow/.local/lib/python3.12/site-packages/airflow/example_dags/example_setup_teardown.py
[2024-05-24T03:15:04.171+0000] {processor.py:840} INFO - DAG(s) 'example_setup_teardown' retrieved from /home/airflow/.local/lib/python3.12/site-packages/airflow/example_dags/example_setup_teardown.py
[2024-05-24T03:15:04.197+0000] {logging_mixin.py:188} INFO - [2024-05-24T03:15:04.196+0000] {dag.py:3096} INFO - Sync 1 DAGs
[2024-05-24T03:15:04.226+0000] {logging_mixin.py:188} INFO - [2024-05-24T03:15:04.226+0000] {dag.py:3954} INFO - Setting next_dagrun for example_setup_teardown to 2024-05-23 00:00:00+00:00, run_after=2024-05-24 00:00:00+00:00
[2024-05-24T03:15:04.244+0000] {processor.py:183} INFO - Processing /home/airflow/.local/lib/python3.12/site-packages/airflow/example_dags/example_setup_teardown.py took 0.093 seconds
[2024-05-24T05:04:13.599+0000] {processor.py:161} INFO - Started process (PID=87548) to work on /home/airflow/.local/lib/python3.12/site-packages/airflow/example_dags/example_setup_teardown.py
[2024-05-24T05:04:13.600+0000] {processor.py:830} INFO - Processing file /home/airflow/.local/lib/python3.12/site-packages/airflow/example_dags/example_setup_teardown.py for tasks to queue
[2024-05-24T05:04:13.601+0000] {logging_mixin.py:188} INFO - [2024-05-24T05:04:13.601+0000] {dagbag.py:545} INFO - Filling up the DagBag from /home/airflow/.local/lib/python3.12/site-packages/airflow/example_dags/example_setup_teardown.py
[2024-05-24T05:04:13.610+0000] {processor.py:840} INFO - DAG(s) 'example_setup_teardown' retrieved from /home/airflow/.local/lib/python3.12/site-packages/airflow/example_dags/example_setup_teardown.py
[2024-05-24T05:04:13.633+0000] {logging_mixin.py:188} INFO - [2024-05-24T05:04:13.632+0000] {dag.py:3096} INFO - Sync 1 DAGs
[2024-05-24T05:04:13.659+0000] {logging_mixin.py:188} INFO - [2024-05-24T05:04:13.659+0000] {dag.py:3954} INFO - Setting next_dagrun for example_setup_teardown to 2024-05-23 00:00:00+00:00, run_after=2024-05-24 00:00:00+00:00
[2024-05-24T05:04:13.679+0000] {processor.py:183} INFO - Processing /home/airflow/.local/lib/python3.12/site-packages/airflow/example_dags/example_setup_teardown.py took 0.088 seconds
[2024-05-24T05:06:19.710+0000] {processor.py:161} INFO - Started process (PID=87607) to work on /home/airflow/.local/lib/python3.12/site-packages/airflow/example_dags/example_setup_teardown.py
[2024-05-24T05:06:19.711+0000] {processor.py:830} INFO - Processing file /home/airflow/.local/lib/python3.12/site-packages/airflow/example_dags/example_setup_teardown.py for tasks to queue
[2024-05-24T05:06:19.712+0000] {logging_mixin.py:188} INFO - [2024-05-24T05:06:19.712+0000] {dagbag.py:545} INFO - Filling up the DagBag from /home/airflow/.local/lib/python3.12/site-packages/airflow/example_dags/example_setup_teardown.py
[2024-05-24T05:06:19.722+0000] {processor.py:840} INFO - DAG(s) 'example_setup_teardown' retrieved from /home/airflow/.local/lib/python3.12/site-packages/airflow/example_dags/example_setup_teardown.py
[2024-05-24T05:06:19.748+0000] {logging_mixin.py:188} INFO - [2024-05-24T05:06:19.747+0000] {dag.py:3096} INFO - Sync 1 DAGs
[2024-05-24T05:06:19.775+0000] {logging_mixin.py:188} INFO - [2024-05-24T05:06:19.775+0000] {dag.py:3954} INFO - Setting next_dagrun for example_setup_teardown to 2024-05-23 00:00:00+00:00, run_after=2024-05-24 00:00:00+00:00
[2024-05-24T05:06:19.795+0000] {processor.py:183} INFO - Processing /home/airflow/.local/lib/python3.12/site-packages/airflow/example_dags/example_setup_teardown.py took 0.093 seconds
[2024-05-24T05:40:30.993+0000] {processor.py:161} INFO - Started process (PID=87666) to work on /home/airflow/.local/lib/python3.12/site-packages/airflow/example_dags/example_setup_teardown.py
[2024-05-24T05:40:30.994+0000] {processor.py:830} INFO - Processing file /home/airflow/.local/lib/python3.12/site-packages/airflow/example_dags/example_setup_teardown.py for tasks to queue
[2024-05-24T05:40:30.995+0000] {logging_mixin.py:188} INFO - [2024-05-24T05:40:30.995+0000] {dagbag.py:545} INFO - Filling up the DagBag from /home/airflow/.local/lib/python3.12/site-packages/airflow/example_dags/example_setup_teardown.py
[2024-05-24T05:40:31.005+0000] {processor.py:840} INFO - DAG(s) 'example_setup_teardown' retrieved from /home/airflow/.local/lib/python3.12/site-packages/airflow/example_dags/example_setup_teardown.py
[2024-05-24T05:40:31.029+0000] {logging_mixin.py:188} INFO - [2024-05-24T05:40:31.029+0000] {dag.py:3096} INFO - Sync 1 DAGs
[2024-05-24T05:40:31.060+0000] {logging_mixin.py:188} INFO - [2024-05-24T05:40:31.060+0000] {dag.py:3954} INFO - Setting next_dagrun for example_setup_teardown to 2024-05-23 00:00:00+00:00, run_after=2024-05-24 00:00:00+00:00
[2024-05-24T05:40:31.079+0000] {processor.py:183} INFO - Processing /home/airflow/.local/lib/python3.12/site-packages/airflow/example_dags/example_setup_teardown.py took 0.094 seconds
[2024-05-24T06:37:02.352+0000] {processor.py:161} INFO - Started process (PID=87731) to work on /home/airflow/.local/lib/python3.12/site-packages/airflow/example_dags/example_setup_teardown.py
[2024-05-24T06:37:02.354+0000] {processor.py:830} INFO - Processing file /home/airflow/.local/lib/python3.12/site-packages/airflow/example_dags/example_setup_teardown.py for tasks to queue
[2024-05-24T06:37:02.355+0000] {logging_mixin.py:188} INFO - [2024-05-24T06:37:02.355+0000] {dagbag.py:545} INFO - Filling up the DagBag from /home/airflow/.local/lib/python3.12/site-packages/airflow/example_dags/example_setup_teardown.py
[2024-05-24T06:37:02.365+0000] {processor.py:840} INFO - DAG(s) 'example_setup_teardown' retrieved from /home/airflow/.local/lib/python3.12/site-packages/airflow/example_dags/example_setup_teardown.py
[2024-05-24T06:37:02.398+0000] {logging_mixin.py:188} INFO - [2024-05-24T06:37:02.398+0000] {dag.py:3096} INFO - Sync 1 DAGs
[2024-05-24T06:37:02.425+0000] {logging_mixin.py:188} INFO - [2024-05-24T06:37:02.425+0000] {dag.py:3954} INFO - Setting next_dagrun for example_setup_teardown to 2024-05-23 00:00:00+00:00, run_after=2024-05-24 00:00:00+00:00
[2024-05-24T06:37:02.447+0000] {processor.py:183} INFO - Processing /home/airflow/.local/lib/python3.12/site-packages/airflow/example_dags/example_setup_teardown.py took 0.103 seconds
[2024-05-24T07:35:44.133+0000] {processor.py:161} INFO - Started process (PID=87799) to work on /home/airflow/.local/lib/python3.12/site-packages/airflow/example_dags/example_setup_teardown.py
[2024-05-24T07:35:44.134+0000] {processor.py:830} INFO - Processing file /home/airflow/.local/lib/python3.12/site-packages/airflow/example_dags/example_setup_teardown.py for tasks to queue
[2024-05-24T07:35:44.135+0000] {logging_mixin.py:188} INFO - [2024-05-24T07:35:44.135+0000] {dagbag.py:545} INFO - Filling up the DagBag from /home/airflow/.local/lib/python3.12/site-packages/airflow/example_dags/example_setup_teardown.py
[2024-05-24T07:35:44.144+0000] {processor.py:840} INFO - DAG(s) 'example_setup_teardown' retrieved from /home/airflow/.local/lib/python3.12/site-packages/airflow/example_dags/example_setup_teardown.py
[2024-05-24T07:35:44.169+0000] {logging_mixin.py:188} INFO - [2024-05-24T07:35:44.169+0000] {dag.py:3096} INFO - Sync 1 DAGs
[2024-05-24T07:35:44.196+0000] {logging_mixin.py:188} INFO - [2024-05-24T07:35:44.195+0000] {dag.py:3954} INFO - Setting next_dagrun for example_setup_teardown to 2024-05-23 00:00:00+00:00, run_after=2024-05-24 00:00:00+00:00
[2024-05-24T07:35:44.215+0000] {processor.py:183} INFO - Processing /home/airflow/.local/lib/python3.12/site-packages/airflow/example_dags/example_setup_teardown.py took 0.090 seconds
[2024-05-24T07:41:39.312+0000] {processor.py:161} INFO - Started process (PID=87858) to work on /home/airflow/.local/lib/python3.12/site-packages/airflow/example_dags/example_setup_teardown.py
[2024-05-24T07:41:39.317+0000] {processor.py:830} INFO - Processing file /home/airflow/.local/lib/python3.12/site-packages/airflow/example_dags/example_setup_teardown.py for tasks to queue
[2024-05-24T07:41:39.318+0000] {logging_mixin.py:188} INFO - [2024-05-24T07:41:39.318+0000] {dagbag.py:545} INFO - Filling up the DagBag from /home/airflow/.local/lib/python3.12/site-packages/airflow/example_dags/example_setup_teardown.py
[2024-05-24T07:41:39.327+0000] {processor.py:840} INFO - DAG(s) 'example_setup_teardown' retrieved from /home/airflow/.local/lib/python3.12/site-packages/airflow/example_dags/example_setup_teardown.py
[2024-05-24T07:41:39.350+0000] {logging_mixin.py:188} INFO - [2024-05-24T07:41:39.350+0000] {dag.py:3096} INFO - Sync 1 DAGs
[2024-05-24T07:41:39.377+0000] {logging_mixin.py:188} INFO - [2024-05-24T07:41:39.377+0000] {dag.py:3954} INFO - Setting next_dagrun for example_setup_teardown to 2024-05-23 00:00:00+00:00, run_after=2024-05-24 00:00:00+00:00
[2024-05-24T07:41:39.395+0000] {processor.py:183} INFO - Processing /home/airflow/.local/lib/python3.12/site-packages/airflow/example_dags/example_setup_teardown.py took 0.090 seconds
[2024-05-24T08:42:35.758+0000] {processor.py:161} INFO - Started process (PID=87917) to work on /home/airflow/.local/lib/python3.12/site-packages/airflow/example_dags/example_setup_teardown.py
[2024-05-24T08:42:35.760+0000] {processor.py:830} INFO - Processing file /home/airflow/.local/lib/python3.12/site-packages/airflow/example_dags/example_setup_teardown.py for tasks to queue
[2024-05-24T08:42:35.762+0000] {logging_mixin.py:188} INFO - [2024-05-24T08:42:35.761+0000] {dagbag.py:545} INFO - Filling up the DagBag from /home/airflow/.local/lib/python3.12/site-packages/airflow/example_dags/example_setup_teardown.py
[2024-05-24T08:42:35.773+0000] {processor.py:840} INFO - DAG(s) 'example_setup_teardown' retrieved from /home/airflow/.local/lib/python3.12/site-packages/airflow/example_dags/example_setup_teardown.py
[2024-05-24T08:42:35.804+0000] {logging_mixin.py:188} INFO - [2024-05-24T08:42:35.804+0000] {dag.py:3096} INFO - Sync 1 DAGs
[2024-05-24T08:42:35.831+0000] {logging_mixin.py:188} INFO - [2024-05-24T08:42:35.831+0000] {dag.py:3954} INFO - Setting next_dagrun for example_setup_teardown to 2024-05-23 00:00:00+00:00, run_after=2024-05-24 00:00:00+00:00
[2024-05-24T08:42:35.854+0000] {processor.py:183} INFO - Processing /home/airflow/.local/lib/python3.12/site-packages/airflow/example_dags/example_setup_teardown.py took 0.104 seconds
[2024-05-24T09:43:47.773+0000] {processor.py:161} INFO - Started process (PID=87975) to work on /home/airflow/.local/lib/python3.12/site-packages/airflow/example_dags/example_setup_teardown.py
[2024-05-24T09:43:47.775+0000] {processor.py:830} INFO - Processing file /home/airflow/.local/lib/python3.12/site-packages/airflow/example_dags/example_setup_teardown.py for tasks to queue
[2024-05-24T09:43:47.777+0000] {logging_mixin.py:188} INFO - [2024-05-24T09:43:47.776+0000] {dagbag.py:545} INFO - Filling up the DagBag from /home/airflow/.local/lib/python3.12/site-packages/airflow/example_dags/example_setup_teardown.py
[2024-05-24T09:43:47.786+0000] {processor.py:840} INFO - DAG(s) 'example_setup_teardown' retrieved from /home/airflow/.local/lib/python3.12/site-packages/airflow/example_dags/example_setup_teardown.py
[2024-05-24T09:43:47.810+0000] {logging_mixin.py:188} INFO - [2024-05-24T09:43:47.810+0000] {dag.py:3096} INFO - Sync 1 DAGs
[2024-05-24T09:43:47.837+0000] {logging_mixin.py:188} INFO - [2024-05-24T09:43:47.836+0000] {dag.py:3954} INFO - Setting next_dagrun for example_setup_teardown to 2024-05-23 00:00:00+00:00, run_after=2024-05-24 00:00:00+00:00
[2024-05-24T09:43:47.855+0000] {processor.py:183} INFO - Processing /home/airflow/.local/lib/python3.12/site-packages/airflow/example_dags/example_setup_teardown.py took 0.089 seconds
[2024-05-24T10:44:56.797+0000] {processor.py:161} INFO - Started process (PID=88034) to work on /home/airflow/.local/lib/python3.12/site-packages/airflow/example_dags/example_setup_teardown.py
[2024-05-24T10:44:56.799+0000] {processor.py:830} INFO - Processing file /home/airflow/.local/lib/python3.12/site-packages/airflow/example_dags/example_setup_teardown.py for tasks to queue
[2024-05-24T10:44:56.800+0000] {logging_mixin.py:188} INFO - [2024-05-24T10:44:56.800+0000] {dagbag.py:545} INFO - Filling up the DagBag from /home/airflow/.local/lib/python3.12/site-packages/airflow/example_dags/example_setup_teardown.py
[2024-05-24T10:44:56.809+0000] {processor.py:840} INFO - DAG(s) 'example_setup_teardown' retrieved from /home/airflow/.local/lib/python3.12/site-packages/airflow/example_dags/example_setup_teardown.py
[2024-05-24T10:44:56.837+0000] {logging_mixin.py:188} INFO - [2024-05-24T10:44:56.837+0000] {dag.py:3096} INFO - Sync 1 DAGs
[2024-05-24T10:44:56.863+0000] {logging_mixin.py:188} INFO - [2024-05-24T10:44:56.863+0000] {dag.py:3954} INFO - Setting next_dagrun for example_setup_teardown to 2024-05-23 00:00:00+00:00, run_after=2024-05-24 00:00:00+00:00
[2024-05-24T10:44:56.886+0000] {processor.py:183} INFO - Processing /home/airflow/.local/lib/python3.12/site-packages/airflow/example_dags/example_setup_teardown.py took 0.097 seconds
[2024-05-24T11:46:06.124+0000] {processor.py:161} INFO - Started process (PID=88093) to work on /home/airflow/.local/lib/python3.12/site-packages/airflow/example_dags/example_setup_teardown.py
[2024-05-24T11:46:06.128+0000] {processor.py:830} INFO - Processing file /home/airflow/.local/lib/python3.12/site-packages/airflow/example_dags/example_setup_teardown.py for tasks to queue
[2024-05-24T11:46:06.129+0000] {logging_mixin.py:188} INFO - [2024-05-24T11:46:06.129+0000] {dagbag.py:545} INFO - Filling up the DagBag from /home/airflow/.local/lib/python3.12/site-packages/airflow/example_dags/example_setup_teardown.py
[2024-05-24T11:46:06.153+0000] {processor.py:840} INFO - DAG(s) 'example_setup_teardown' retrieved from /home/airflow/.local/lib/python3.12/site-packages/airflow/example_dags/example_setup_teardown.py
[2024-05-24T11:46:06.227+0000] {logging_mixin.py:188} INFO - [2024-05-24T11:46:06.227+0000] {dag.py:3096} INFO - Sync 1 DAGs
[2024-05-24T11:46:06.375+0000] {logging_mixin.py:188} INFO - [2024-05-24T11:46:06.374+0000] {dag.py:3954} INFO - Setting next_dagrun for example_setup_teardown to 2024-05-23 00:00:00+00:00, run_after=2024-05-24 00:00:00+00:00
[2024-05-24T11:46:06.470+0000] {processor.py:183} INFO - Processing /home/airflow/.local/lib/python3.12/site-packages/airflow/example_dags/example_setup_teardown.py took 0.381 seconds
[2024-05-24T12:47:08.991+0000] {processor.py:161} INFO - Started process (PID=88152) to work on /home/airflow/.local/lib/python3.12/site-packages/airflow/example_dags/example_setup_teardown.py
[2024-05-24T12:47:08.993+0000] {processor.py:830} INFO - Processing file /home/airflow/.local/lib/python3.12/site-packages/airflow/example_dags/example_setup_teardown.py for tasks to queue
[2024-05-24T12:47:08.994+0000] {logging_mixin.py:188} INFO - [2024-05-24T12:47:08.994+0000] {dagbag.py:545} INFO - Filling up the DagBag from /home/airflow/.local/lib/python3.12/site-packages/airflow/example_dags/example_setup_teardown.py
[2024-05-24T12:47:09.004+0000] {processor.py:840} INFO - DAG(s) 'example_setup_teardown' retrieved from /home/airflow/.local/lib/python3.12/site-packages/airflow/example_dags/example_setup_teardown.py
[2024-05-24T12:47:09.030+0000] {logging_mixin.py:188} INFO - [2024-05-24T12:47:09.030+0000] {dag.py:3096} INFO - Sync 1 DAGs
[2024-05-24T12:47:09.056+0000] {logging_mixin.py:188} INFO - [2024-05-24T12:47:09.055+0000] {dag.py:3954} INFO - Setting next_dagrun for example_setup_teardown to 2024-05-23 00:00:00+00:00, run_after=2024-05-24 00:00:00+00:00
[2024-05-24T12:47:09.073+0000] {processor.py:183} INFO - Processing /home/airflow/.local/lib/python3.12/site-packages/airflow/example_dags/example_setup_teardown.py took 0.089 seconds
[2024-05-24T13:48:17.712+0000] {processor.py:161} INFO - Started process (PID=88211) to work on /home/airflow/.local/lib/python3.12/site-packages/airflow/example_dags/example_setup_teardown.py
[2024-05-24T13:48:17.714+0000] {processor.py:830} INFO - Processing file /home/airflow/.local/lib/python3.12/site-packages/airflow/example_dags/example_setup_teardown.py for tasks to queue
[2024-05-24T13:48:17.717+0000] {logging_mixin.py:188} INFO - [2024-05-24T13:48:17.716+0000] {dagbag.py:545} INFO - Filling up the DagBag from /home/airflow/.local/lib/python3.12/site-packages/airflow/example_dags/example_setup_teardown.py
[2024-05-24T13:48:17.726+0000] {processor.py:840} INFO - DAG(s) 'example_setup_teardown' retrieved from /home/airflow/.local/lib/python3.12/site-packages/airflow/example_dags/example_setup_teardown.py
[2024-05-24T13:48:17.746+0000] {logging_mixin.py:188} INFO - [2024-05-24T13:48:17.746+0000] {dag.py:3096} INFO - Sync 1 DAGs
[2024-05-24T13:48:17.771+0000] {logging_mixin.py:188} INFO - [2024-05-24T13:48:17.771+0000] {dag.py:3954} INFO - Setting next_dagrun for example_setup_teardown to 2024-05-23 00:00:00+00:00, run_after=2024-05-24 00:00:00+00:00
[2024-05-24T13:48:17.788+0000] {processor.py:183} INFO - Processing /home/airflow/.local/lib/python3.12/site-packages/airflow/example_dags/example_setup_teardown.py took 0.083 seconds
[2024-05-24T14:49:27.776+0000] {processor.py:161} INFO - Started process (PID=88270) to work on /home/airflow/.local/lib/python3.12/site-packages/airflow/example_dags/example_setup_teardown.py
[2024-05-24T14:49:27.778+0000] {processor.py:830} INFO - Processing file /home/airflow/.local/lib/python3.12/site-packages/airflow/example_dags/example_setup_teardown.py for tasks to queue
[2024-05-24T14:49:27.779+0000] {logging_mixin.py:188} INFO - [2024-05-24T14:49:27.779+0000] {dagbag.py:545} INFO - Filling up the DagBag from /home/airflow/.local/lib/python3.12/site-packages/airflow/example_dags/example_setup_teardown.py
[2024-05-24T14:49:27.790+0000] {processor.py:840} INFO - DAG(s) 'example_setup_teardown' retrieved from /home/airflow/.local/lib/python3.12/site-packages/airflow/example_dags/example_setup_teardown.py
[2024-05-24T14:49:27.818+0000] {logging_mixin.py:188} INFO - [2024-05-24T14:49:27.818+0000] {dag.py:3096} INFO - Sync 1 DAGs
[2024-05-24T14:49:27.843+0000] {logging_mixin.py:188} INFO - [2024-05-24T14:49:27.843+0000] {dag.py:3954} INFO - Setting next_dagrun for example_setup_teardown to 2024-05-23 00:00:00+00:00, run_after=2024-05-24 00:00:00+00:00
[2024-05-24T14:49:27.863+0000] {processor.py:183} INFO - Processing /home/airflow/.local/lib/python3.12/site-packages/airflow/example_dags/example_setup_teardown.py took 0.100 seconds
[2024-05-24T15:48:53.165+0000] {processor.py:161} INFO - Started process (PID=88323) to work on /home/airflow/.local/lib/python3.12/site-packages/airflow/example_dags/example_setup_teardown.py
[2024-05-24T15:48:53.167+0000] {processor.py:830} INFO - Processing file /home/airflow/.local/lib/python3.12/site-packages/airflow/example_dags/example_setup_teardown.py for tasks to queue
[2024-05-24T15:48:53.168+0000] {logging_mixin.py:188} INFO - [2024-05-24T15:48:53.168+0000] {dagbag.py:545} INFO - Filling up the DagBag from /home/airflow/.local/lib/python3.12/site-packages/airflow/example_dags/example_setup_teardown.py
[2024-05-24T15:48:53.194+0000] {processor.py:840} INFO - DAG(s) 'example_setup_teardown' retrieved from /home/airflow/.local/lib/python3.12/site-packages/airflow/example_dags/example_setup_teardown.py
[2024-05-24T15:48:53.220+0000] {logging_mixin.py:188} INFO - [2024-05-24T15:48:53.220+0000] {dag.py:3096} INFO - Sync 1 DAGs
[2024-05-24T15:48:53.266+0000] {logging_mixin.py:188} INFO - [2024-05-24T15:48:53.266+0000] {dag.py:3954} INFO - Setting next_dagrun for example_setup_teardown to 2024-05-23 00:00:00+00:00, run_after=2024-05-24 00:00:00+00:00
[2024-05-24T15:48:53.310+0000] {processor.py:183} INFO - Processing /home/airflow/.local/lib/python3.12/site-packages/airflow/example_dags/example_setup_teardown.py took 0.156 seconds
[2024-05-24T15:50:36.400+0000] {processor.py:161} INFO - Started process (PID=88388) to work on /home/airflow/.local/lib/python3.12/site-packages/airflow/example_dags/example_setup_teardown.py
[2024-05-24T15:50:36.402+0000] {processor.py:830} INFO - Processing file /home/airflow/.local/lib/python3.12/site-packages/airflow/example_dags/example_setup_teardown.py for tasks to queue
[2024-05-24T15:50:36.403+0000] {logging_mixin.py:188} INFO - [2024-05-24T15:50:36.403+0000] {dagbag.py:545} INFO - Filling up the DagBag from /home/airflow/.local/lib/python3.12/site-packages/airflow/example_dags/example_setup_teardown.py
[2024-05-24T15:50:36.412+0000] {processor.py:840} INFO - DAG(s) 'example_setup_teardown' retrieved from /home/airflow/.local/lib/python3.12/site-packages/airflow/example_dags/example_setup_teardown.py
[2024-05-24T15:50:36.436+0000] {logging_mixin.py:188} INFO - [2024-05-24T15:50:36.436+0000] {dag.py:3096} INFO - Sync 1 DAGs
[2024-05-24T15:50:36.466+0000] {logging_mixin.py:188} INFO - [2024-05-24T15:50:36.466+0000] {dag.py:3954} INFO - Setting next_dagrun for example_setup_teardown to 2024-05-23 00:00:00+00:00, run_after=2024-05-24 00:00:00+00:00
[2024-05-24T15:50:36.484+0000] {processor.py:183} INFO - Processing /home/airflow/.local/lib/python3.12/site-packages/airflow/example_dags/example_setup_teardown.py took 0.091 seconds
[2024-05-24T16:51:47.429+0000] {processor.py:161} INFO - Started process (PID=88446) to work on /home/airflow/.local/lib/python3.12/site-packages/airflow/example_dags/example_setup_teardown.py
[2024-05-24T16:51:47.435+0000] {processor.py:830} INFO - Processing file /home/airflow/.local/lib/python3.12/site-packages/airflow/example_dags/example_setup_teardown.py for tasks to queue
[2024-05-24T16:51:47.436+0000] {logging_mixin.py:188} INFO - [2024-05-24T16:51:47.436+0000] {dagbag.py:545} INFO - Filling up the DagBag from /home/airflow/.local/lib/python3.12/site-packages/airflow/example_dags/example_setup_teardown.py
[2024-05-24T16:51:47.466+0000] {processor.py:840} INFO - DAG(s) 'example_setup_teardown' retrieved from /home/airflow/.local/lib/python3.12/site-packages/airflow/example_dags/example_setup_teardown.py
[2024-05-24T16:51:47.547+0000] {logging_mixin.py:188} INFO - [2024-05-24T16:51:47.547+0000] {dag.py:3096} INFO - Sync 1 DAGs
[2024-05-24T16:51:47.631+0000] {logging_mixin.py:188} INFO - [2024-05-24T16:51:47.631+0000] {dag.py:3954} INFO - Setting next_dagrun for example_setup_teardown to 2024-05-23 00:00:00+00:00, run_after=2024-05-24 00:00:00+00:00
[2024-05-24T16:51:47.677+0000] {processor.py:183} INFO - Processing /home/airflow/.local/lib/python3.12/site-packages/airflow/example_dags/example_setup_teardown.py took 0.269 seconds
[2024-05-24T17:50:15.434+0000] {processor.py:161} INFO - Started process (PID=88499) to work on /home/airflow/.local/lib/python3.12/site-packages/airflow/example_dags/example_setup_teardown.py
[2024-05-24T17:50:15.436+0000] {processor.py:830} INFO - Processing file /home/airflow/.local/lib/python3.12/site-packages/airflow/example_dags/example_setup_teardown.py for tasks to queue
[2024-05-24T17:50:15.437+0000] {logging_mixin.py:188} INFO - [2024-05-24T17:50:15.437+0000] {dagbag.py:545} INFO - Filling up the DagBag from /home/airflow/.local/lib/python3.12/site-packages/airflow/example_dags/example_setup_teardown.py
[2024-05-24T17:50:15.447+0000] {processor.py:840} INFO - DAG(s) 'example_setup_teardown' retrieved from /home/airflow/.local/lib/python3.12/site-packages/airflow/example_dags/example_setup_teardown.py
[2024-05-24T17:50:15.471+0000] {logging_mixin.py:188} INFO - [2024-05-24T17:50:15.471+0000] {dag.py:3096} INFO - Sync 1 DAGs
[2024-05-24T17:50:15.498+0000] {logging_mixin.py:188} INFO - [2024-05-24T17:50:15.498+0000] {dag.py:3954} INFO - Setting next_dagrun for example_setup_teardown to 2024-05-23 00:00:00+00:00, run_after=2024-05-24 00:00:00+00:00
[2024-05-24T17:50:15.532+0000] {processor.py:183} INFO - Processing /home/airflow/.local/lib/python3.12/site-packages/airflow/example_dags/example_setup_teardown.py took 0.105 seconds
[2024-05-24T17:50:45.990+0000] {processor.py:161} INFO - Started process (PID=88558) to work on /home/airflow/.local/lib/python3.12/site-packages/airflow/example_dags/example_setup_teardown.py
[2024-05-24T17:50:45.991+0000] {processor.py:830} INFO - Processing file /home/airflow/.local/lib/python3.12/site-packages/airflow/example_dags/example_setup_teardown.py for tasks to queue
[2024-05-24T17:50:45.995+0000] {logging_mixin.py:188} INFO - [2024-05-24T17:50:45.993+0000] {dagbag.py:545} INFO - Filling up the DagBag from /home/airflow/.local/lib/python3.12/site-packages/airflow/example_dags/example_setup_teardown.py
[2024-05-24T17:50:46.013+0000] {processor.py:840} INFO - DAG(s) 'example_setup_teardown' retrieved from /home/airflow/.local/lib/python3.12/site-packages/airflow/example_dags/example_setup_teardown.py
[2024-05-24T17:50:46.052+0000] {logging_mixin.py:188} INFO - [2024-05-24T17:50:46.051+0000] {dag.py:3096} INFO - Sync 1 DAGs
[2024-05-24T17:50:46.080+0000] {logging_mixin.py:188} INFO - [2024-05-24T17:50:46.080+0000] {dag.py:3954} INFO - Setting next_dagrun for example_setup_teardown to 2024-05-23 00:00:00+00:00, run_after=2024-05-24 00:00:00+00:00
[2024-05-24T17:50:46.101+0000] {processor.py:183} INFO - Processing /home/airflow/.local/lib/python3.12/site-packages/airflow/example_dags/example_setup_teardown.py took 0.119 seconds
[2024-05-24T18:53:40.841+0000] {processor.py:161} INFO - Started process (PID=88623) to work on /home/airflow/.local/lib/python3.12/site-packages/airflow/example_dags/example_setup_teardown.py
[2024-05-24T18:53:40.842+0000] {processor.py:830} INFO - Processing file /home/airflow/.local/lib/python3.12/site-packages/airflow/example_dags/example_setup_teardown.py for tasks to queue
[2024-05-24T18:53:40.844+0000] {logging_mixin.py:188} INFO - [2024-05-24T18:53:40.843+0000] {dagbag.py:545} INFO - Filling up the DagBag from /home/airflow/.local/lib/python3.12/site-packages/airflow/example_dags/example_setup_teardown.py
[2024-05-24T18:53:40.854+0000] {processor.py:840} INFO - DAG(s) 'example_setup_teardown' retrieved from /home/airflow/.local/lib/python3.12/site-packages/airflow/example_dags/example_setup_teardown.py
[2024-05-24T18:53:40.880+0000] {logging_mixin.py:188} INFO - [2024-05-24T18:53:40.880+0000] {dag.py:3096} INFO - Sync 1 DAGs
[2024-05-24T18:53:40.904+0000] {logging_mixin.py:188} INFO - [2024-05-24T18:53:40.904+0000] {dag.py:3954} INFO - Setting next_dagrun for example_setup_teardown to 2024-05-23 00:00:00+00:00, run_after=2024-05-24 00:00:00+00:00
[2024-05-24T18:53:40.925+0000] {processor.py:183} INFO - Processing /home/airflow/.local/lib/python3.12/site-packages/airflow/example_dags/example_setup_teardown.py took 0.091 seconds
[2024-05-24T19:53:33.829+0000] {processor.py:161} INFO - Started process (PID=88676) to work on /home/airflow/.local/lib/python3.12/site-packages/airflow/example_dags/example_setup_teardown.py
[2024-05-24T19:53:33.832+0000] {processor.py:830} INFO - Processing file /home/airflow/.local/lib/python3.12/site-packages/airflow/example_dags/example_setup_teardown.py for tasks to queue
[2024-05-24T19:53:33.838+0000] {logging_mixin.py:188} INFO - [2024-05-24T19:53:33.833+0000] {dagbag.py:545} INFO - Filling up the DagBag from /home/airflow/.local/lib/python3.12/site-packages/airflow/example_dags/example_setup_teardown.py
[2024-05-24T19:53:33.854+0000] {processor.py:840} INFO - DAG(s) 'example_setup_teardown' retrieved from /home/airflow/.local/lib/python3.12/site-packages/airflow/example_dags/example_setup_teardown.py
[2024-05-24T19:53:33.887+0000] {logging_mixin.py:188} INFO - [2024-05-24T19:53:33.887+0000] {dag.py:3096} INFO - Sync 1 DAGs
[2024-05-24T19:53:33.920+0000] {logging_mixin.py:188} INFO - [2024-05-24T19:53:33.920+0000] {dag.py:3954} INFO - Setting next_dagrun for example_setup_teardown to 2024-05-23 00:00:00+00:00, run_after=2024-05-24 00:00:00+00:00
[2024-05-24T19:53:33.943+0000] {processor.py:183} INFO - Processing /home/airflow/.local/lib/python3.12/site-packages/airflow/example_dags/example_setup_teardown.py took 0.122 seconds
[2024-05-24T20:54:50.463+0000] {processor.py:161} INFO - Started process (PID=88741) to work on /home/airflow/.local/lib/python3.12/site-packages/airflow/example_dags/example_setup_teardown.py
[2024-05-24T20:54:50.464+0000] {processor.py:830} INFO - Processing file /home/airflow/.local/lib/python3.12/site-packages/airflow/example_dags/example_setup_teardown.py for tasks to queue
[2024-05-24T20:54:50.465+0000] {logging_mixin.py:188} INFO - [2024-05-24T20:54:50.465+0000] {dagbag.py:545} INFO - Filling up the DagBag from /home/airflow/.local/lib/python3.12/site-packages/airflow/example_dags/example_setup_teardown.py
[2024-05-24T20:54:50.475+0000] {processor.py:840} INFO - DAG(s) 'example_setup_teardown' retrieved from /home/airflow/.local/lib/python3.12/site-packages/airflow/example_dags/example_setup_teardown.py
[2024-05-24T20:54:50.501+0000] {logging_mixin.py:188} INFO - [2024-05-24T20:54:50.501+0000] {dag.py:3096} INFO - Sync 1 DAGs
[2024-05-24T20:54:50.527+0000] {logging_mixin.py:188} INFO - [2024-05-24T20:54:50.526+0000] {dag.py:3954} INFO - Setting next_dagrun for example_setup_teardown to 2024-05-23 00:00:00+00:00, run_after=2024-05-24 00:00:00+00:00
[2024-05-24T20:54:50.546+0000] {processor.py:183} INFO - Processing /home/airflow/.local/lib/python3.12/site-packages/airflow/example_dags/example_setup_teardown.py took 0.091 seconds
[2024-05-24T21:55:58.119+0000] {processor.py:161} INFO - Started process (PID=88800) to work on /home/airflow/.local/lib/python3.12/site-packages/airflow/example_dags/example_setup_teardown.py
[2024-05-24T21:55:58.129+0000] {processor.py:830} INFO - Processing file /home/airflow/.local/lib/python3.12/site-packages/airflow/example_dags/example_setup_teardown.py for tasks to queue
[2024-05-24T21:55:58.164+0000] {logging_mixin.py:188} INFO - [2024-05-24T21:55:58.160+0000] {dagbag.py:545} INFO - Filling up the DagBag from /home/airflow/.local/lib/python3.12/site-packages/airflow/example_dags/example_setup_teardown.py
[2024-05-24T21:55:58.299+0000] {processor.py:840} INFO - DAG(s) 'example_setup_teardown' retrieved from /home/airflow/.local/lib/python3.12/site-packages/airflow/example_dags/example_setup_teardown.py
[2024-05-24T21:55:58.416+0000] {logging_mixin.py:188} INFO - [2024-05-24T21:55:58.416+0000] {dag.py:3096} INFO - Sync 1 DAGs
[2024-05-24T21:55:58.535+0000] {logging_mixin.py:188} INFO - [2024-05-24T21:55:58.535+0000] {dag.py:3954} INFO - Setting next_dagrun for example_setup_teardown to 2024-05-23 00:00:00+00:00, run_after=2024-05-24 00:00:00+00:00
[2024-05-24T21:55:58.580+0000] {processor.py:183} INFO - Processing /home/airflow/.local/lib/python3.12/site-packages/airflow/example_dags/example_setup_teardown.py took 0.538 seconds
[2024-05-24T22:57:00.680+0000] {processor.py:161} INFO - Started process (PID=88853) to work on /home/airflow/.local/lib/python3.12/site-packages/airflow/example_dags/example_setup_teardown.py
[2024-05-24T22:57:00.683+0000] {processor.py:830} INFO - Processing file /home/airflow/.local/lib/python3.12/site-packages/airflow/example_dags/example_setup_teardown.py for tasks to queue
[2024-05-24T22:57:00.685+0000] {logging_mixin.py:188} INFO - [2024-05-24T22:57:00.685+0000] {dagbag.py:545} INFO - Filling up the DagBag from /home/airflow/.local/lib/python3.12/site-packages/airflow/example_dags/example_setup_teardown.py
[2024-05-24T22:57:00.694+0000] {processor.py:840} INFO - DAG(s) 'example_setup_teardown' retrieved from /home/airflow/.local/lib/python3.12/site-packages/airflow/example_dags/example_setup_teardown.py
[2024-05-24T22:57:00.728+0000] {logging_mixin.py:188} INFO - [2024-05-24T22:57:00.728+0000] {dag.py:3096} INFO - Sync 1 DAGs
[2024-05-24T22:57:00.758+0000] {logging_mixin.py:188} INFO - [2024-05-24T22:57:00.758+0000] {dag.py:3954} INFO - Setting next_dagrun for example_setup_teardown to 2024-05-23 00:00:00+00:00, run_after=2024-05-24 00:00:00+00:00
[2024-05-24T22:57:00.778+0000] {processor.py:183} INFO - Processing /home/airflow/.local/lib/python3.12/site-packages/airflow/example_dags/example_setup_teardown.py took 0.105 seconds
