[2024-05-24T00:10:47.281+0000] {processor.py:161} INFO - Started process (PID=87441) to work on /home/airflow/.local/lib/python3.12/site-packages/airflow/example_dags/example_task_group.py
[2024-05-24T00:10:47.284+0000] {processor.py:830} INFO - Processing file /home/airflow/.local/lib/python3.12/site-packages/airflow/example_dags/example_task_group.py for tasks to queue
[2024-05-24T00:10:47.285+0000] {logging_mixin.py:188} INFO - [2024-05-24T00:10:47.285+0000] {dagbag.py:545} INFO - Filling up the DagBag from /home/airflow/.local/lib/python3.12/site-packages/airflow/example_dags/example_task_group.py
[2024-05-24T00:10:47.296+0000] {processor.py:840} INFO - DAG(s) 'example_task_group' retrieved from /home/airflow/.local/lib/python3.12/site-packages/airflow/example_dags/example_task_group.py
[2024-05-24T00:10:47.322+0000] {logging_mixin.py:188} INFO - [2024-05-24T00:10:47.322+0000] {dag.py:3096} INFO - Sync 1 DAGs
[2024-05-24T00:10:47.351+0000] {logging_mixin.py:188} INFO - [2024-05-24T00:10:47.351+0000] {dag.py:3954} INFO - Setting next_dagrun for example_task_group to 2024-05-23 00:00:00+00:00, run_after=2024-05-24 00:00:00+00:00
[2024-05-24T00:10:47.371+0000] {processor.py:183} INFO - Processing /home/airflow/.local/lib/python3.12/site-packages/airflow/example_dags/example_task_group.py took 0.097 seconds
[2024-05-24T03:15:04.807+0000] {processor.py:161} INFO - Started process (PID=87500) to work on /home/airflow/.local/lib/python3.12/site-packages/airflow/example_dags/example_task_group.py
[2024-05-24T03:15:04.809+0000] {processor.py:830} INFO - Processing file /home/airflow/.local/lib/python3.12/site-packages/airflow/example_dags/example_task_group.py for tasks to queue
[2024-05-24T03:15:04.811+0000] {logging_mixin.py:188} INFO - [2024-05-24T03:15:04.811+0000] {dagbag.py:545} INFO - Filling up the DagBag from /home/airflow/.local/lib/python3.12/site-packages/airflow/example_dags/example_task_group.py
[2024-05-24T03:15:04.822+0000] {processor.py:840} INFO - DAG(s) 'example_task_group' retrieved from /home/airflow/.local/lib/python3.12/site-packages/airflow/example_dags/example_task_group.py
[2024-05-24T03:15:04.846+0000] {logging_mixin.py:188} INFO - [2024-05-24T03:15:04.845+0000] {dag.py:3096} INFO - Sync 1 DAGs
[2024-05-24T03:15:04.871+0000] {logging_mixin.py:188} INFO - [2024-05-24T03:15:04.870+0000] {dag.py:3954} INFO - Setting next_dagrun for example_task_group to 2024-05-23 00:00:00+00:00, run_after=2024-05-24 00:00:00+00:00
[2024-05-24T03:15:04.890+0000] {processor.py:183} INFO - Processing /home/airflow/.local/lib/python3.12/site-packages/airflow/example_dags/example_task_group.py took 0.090 seconds
[2024-05-24T05:04:14.319+0000] {processor.py:161} INFO - Started process (PID=87559) to work on /home/airflow/.local/lib/python3.12/site-packages/airflow/example_dags/example_task_group.py
[2024-05-24T05:04:14.322+0000] {processor.py:830} INFO - Processing file /home/airflow/.local/lib/python3.12/site-packages/airflow/example_dags/example_task_group.py for tasks to queue
[2024-05-24T05:04:14.324+0000] {logging_mixin.py:188} INFO - [2024-05-24T05:04:14.323+0000] {dagbag.py:545} INFO - Filling up the DagBag from /home/airflow/.local/lib/python3.12/site-packages/airflow/example_dags/example_task_group.py
[2024-05-24T05:04:14.334+0000] {processor.py:840} INFO - DAG(s) 'example_task_group' retrieved from /home/airflow/.local/lib/python3.12/site-packages/airflow/example_dags/example_task_group.py
[2024-05-24T05:04:14.358+0000] {logging_mixin.py:188} INFO - [2024-05-24T05:04:14.358+0000] {dag.py:3096} INFO - Sync 1 DAGs
[2024-05-24T05:04:14.385+0000] {logging_mixin.py:188} INFO - [2024-05-24T05:04:14.385+0000] {dag.py:3954} INFO - Setting next_dagrun for example_task_group to 2024-05-23 00:00:00+00:00, run_after=2024-05-24 00:00:00+00:00
[2024-05-24T05:04:14.405+0000] {processor.py:183} INFO - Processing /home/airflow/.local/lib/python3.12/site-packages/airflow/example_dags/example_task_group.py took 0.093 seconds
[2024-05-24T05:06:20.481+0000] {processor.py:161} INFO - Started process (PID=87618) to work on /home/airflow/.local/lib/python3.12/site-packages/airflow/example_dags/example_task_group.py
[2024-05-24T05:06:20.483+0000] {processor.py:830} INFO - Processing file /home/airflow/.local/lib/python3.12/site-packages/airflow/example_dags/example_task_group.py for tasks to queue
[2024-05-24T05:06:20.484+0000] {logging_mixin.py:188} INFO - [2024-05-24T05:06:20.484+0000] {dagbag.py:545} INFO - Filling up the DagBag from /home/airflow/.local/lib/python3.12/site-packages/airflow/example_dags/example_task_group.py
[2024-05-24T05:06:20.495+0000] {processor.py:840} INFO - DAG(s) 'example_task_group' retrieved from /home/airflow/.local/lib/python3.12/site-packages/airflow/example_dags/example_task_group.py
[2024-05-24T05:06:20.519+0000] {logging_mixin.py:188} INFO - [2024-05-24T05:06:20.519+0000] {dag.py:3096} INFO - Sync 1 DAGs
[2024-05-24T05:06:20.546+0000] {logging_mixin.py:188} INFO - [2024-05-24T05:06:20.546+0000] {dag.py:3954} INFO - Setting next_dagrun for example_task_group to 2024-05-23 00:00:00+00:00, run_after=2024-05-24 00:00:00+00:00
[2024-05-24T05:06:20.568+0000] {processor.py:183} INFO - Processing /home/airflow/.local/lib/python3.12/site-packages/airflow/example_dags/example_task_group.py took 0.094 seconds
[2024-05-24T05:40:31.688+0000] {processor.py:161} INFO - Started process (PID=87677) to work on /home/airflow/.local/lib/python3.12/site-packages/airflow/example_dags/example_task_group.py
[2024-05-24T05:40:31.689+0000] {processor.py:830} INFO - Processing file /home/airflow/.local/lib/python3.12/site-packages/airflow/example_dags/example_task_group.py for tasks to queue
[2024-05-24T05:40:31.691+0000] {logging_mixin.py:188} INFO - [2024-05-24T05:40:31.690+0000] {dagbag.py:545} INFO - Filling up the DagBag from /home/airflow/.local/lib/python3.12/site-packages/airflow/example_dags/example_task_group.py
[2024-05-24T05:40:31.701+0000] {processor.py:840} INFO - DAG(s) 'example_task_group' retrieved from /home/airflow/.local/lib/python3.12/site-packages/airflow/example_dags/example_task_group.py
[2024-05-24T05:40:31.725+0000] {logging_mixin.py:188} INFO - [2024-05-24T05:40:31.725+0000] {dag.py:3096} INFO - Sync 1 DAGs
[2024-05-24T05:40:31.755+0000] {logging_mixin.py:188} INFO - [2024-05-24T05:40:31.754+0000] {dag.py:3954} INFO - Setting next_dagrun for example_task_group to 2024-05-23 00:00:00+00:00, run_after=2024-05-24 00:00:00+00:00
[2024-05-24T05:40:31.773+0000] {processor.py:183} INFO - Processing /home/airflow/.local/lib/python3.12/site-packages/airflow/example_dags/example_task_group.py took 0.092 seconds
[2024-05-24T06:37:03.226+0000] {processor.py:161} INFO - Started process (PID=87742) to work on /home/airflow/.local/lib/python3.12/site-packages/airflow/example_dags/example_task_group.py
[2024-05-24T06:37:03.229+0000] {processor.py:830} INFO - Processing file /home/airflow/.local/lib/python3.12/site-packages/airflow/example_dags/example_task_group.py for tasks to queue
[2024-05-24T06:37:03.230+0000] {logging_mixin.py:188} INFO - [2024-05-24T06:37:03.229+0000] {dagbag.py:545} INFO - Filling up the DagBag from /home/airflow/.local/lib/python3.12/site-packages/airflow/example_dags/example_task_group.py
[2024-05-24T06:37:03.241+0000] {processor.py:840} INFO - DAG(s) 'example_task_group' retrieved from /home/airflow/.local/lib/python3.12/site-packages/airflow/example_dags/example_task_group.py
[2024-05-24T06:37:03.271+0000] {logging_mixin.py:188} INFO - [2024-05-24T06:37:03.270+0000] {dag.py:3096} INFO - Sync 1 DAGs
[2024-05-24T06:37:03.298+0000] {logging_mixin.py:188} INFO - [2024-05-24T06:37:03.298+0000] {dag.py:3954} INFO - Setting next_dagrun for example_task_group to 2024-05-23 00:00:00+00:00, run_after=2024-05-24 00:00:00+00:00
[2024-05-24T06:37:03.317+0000] {processor.py:183} INFO - Processing /home/airflow/.local/lib/python3.12/site-packages/airflow/example_dags/example_task_group.py took 0.099 seconds
[2024-05-24T07:35:44.811+0000] {processor.py:161} INFO - Started process (PID=87810) to work on /home/airflow/.local/lib/python3.12/site-packages/airflow/example_dags/example_task_group.py
[2024-05-24T07:35:44.812+0000] {processor.py:830} INFO - Processing file /home/airflow/.local/lib/python3.12/site-packages/airflow/example_dags/example_task_group.py for tasks to queue
[2024-05-24T07:35:44.813+0000] {logging_mixin.py:188} INFO - [2024-05-24T07:35:44.813+0000] {dagbag.py:545} INFO - Filling up the DagBag from /home/airflow/.local/lib/python3.12/site-packages/airflow/example_dags/example_task_group.py
[2024-05-24T07:35:44.823+0000] {processor.py:840} INFO - DAG(s) 'example_task_group' retrieved from /home/airflow/.local/lib/python3.12/site-packages/airflow/example_dags/example_task_group.py
[2024-05-24T07:35:44.847+0000] {logging_mixin.py:188} INFO - [2024-05-24T07:35:44.847+0000] {dag.py:3096} INFO - Sync 1 DAGs
[2024-05-24T07:35:44.883+0000] {logging_mixin.py:188} INFO - [2024-05-24T07:35:44.883+0000] {dag.py:3954} INFO - Setting next_dagrun for example_task_group to 2024-05-23 00:00:00+00:00, run_after=2024-05-24 00:00:00+00:00
[2024-05-24T07:35:44.907+0000] {processor.py:183} INFO - Processing /home/airflow/.local/lib/python3.12/site-packages/airflow/example_dags/example_task_group.py took 0.104 seconds
[2024-05-24T07:41:39.998+0000] {processor.py:161} INFO - Started process (PID=87869) to work on /home/airflow/.local/lib/python3.12/site-packages/airflow/example_dags/example_task_group.py
[2024-05-24T07:41:40.000+0000] {processor.py:830} INFO - Processing file /home/airflow/.local/lib/python3.12/site-packages/airflow/example_dags/example_task_group.py for tasks to queue
[2024-05-24T07:41:40.002+0000] {logging_mixin.py:188} INFO - [2024-05-24T07:41:40.001+0000] {dagbag.py:545} INFO - Filling up the DagBag from /home/airflow/.local/lib/python3.12/site-packages/airflow/example_dags/example_task_group.py
[2024-05-24T07:41:40.012+0000] {processor.py:840} INFO - DAG(s) 'example_task_group' retrieved from /home/airflow/.local/lib/python3.12/site-packages/airflow/example_dags/example_task_group.py
[2024-05-24T07:41:40.036+0000] {logging_mixin.py:188} INFO - [2024-05-24T07:41:40.036+0000] {dag.py:3096} INFO - Sync 1 DAGs
[2024-05-24T07:41:40.064+0000] {logging_mixin.py:188} INFO - [2024-05-24T07:41:40.064+0000] {dag.py:3954} INFO - Setting next_dagrun for example_task_group to 2024-05-23 00:00:00+00:00, run_after=2024-05-24 00:00:00+00:00
[2024-05-24T07:41:40.086+0000] {processor.py:183} INFO - Processing /home/airflow/.local/lib/python3.12/site-packages/airflow/example_dags/example_task_group.py took 0.095 seconds
[2024-05-24T08:42:36.521+0000] {processor.py:161} INFO - Started process (PID=87928) to work on /home/airflow/.local/lib/python3.12/site-packages/airflow/example_dags/example_task_group.py
[2024-05-24T08:42:36.523+0000] {processor.py:830} INFO - Processing file /home/airflow/.local/lib/python3.12/site-packages/airflow/example_dags/example_task_group.py for tasks to queue
[2024-05-24T08:42:36.524+0000] {logging_mixin.py:188} INFO - [2024-05-24T08:42:36.524+0000] {dagbag.py:545} INFO - Filling up the DagBag from /home/airflow/.local/lib/python3.12/site-packages/airflow/example_dags/example_task_group.py
[2024-05-24T08:42:36.534+0000] {processor.py:840} INFO - DAG(s) 'example_task_group' retrieved from /home/airflow/.local/lib/python3.12/site-packages/airflow/example_dags/example_task_group.py
[2024-05-24T08:42:36.561+0000] {logging_mixin.py:188} INFO - [2024-05-24T08:42:36.561+0000] {dag.py:3096} INFO - Sync 1 DAGs
[2024-05-24T08:42:36.588+0000] {logging_mixin.py:188} INFO - [2024-05-24T08:42:36.588+0000] {dag.py:3954} INFO - Setting next_dagrun for example_task_group to 2024-05-23 00:00:00+00:00, run_after=2024-05-24 00:00:00+00:00
[2024-05-24T08:42:36.617+0000] {processor.py:183} INFO - Processing /home/airflow/.local/lib/python3.12/site-packages/airflow/example_dags/example_task_group.py took 0.103 seconds
[2024-05-24T09:43:48.805+0000] {processor.py:161} INFO - Started process (PID=87986) to work on /home/airflow/.local/lib/python3.12/site-packages/airflow/example_dags/example_task_group.py
[2024-05-24T09:43:48.807+0000] {processor.py:830} INFO - Processing file /home/airflow/.local/lib/python3.12/site-packages/airflow/example_dags/example_task_group.py for tasks to queue
[2024-05-24T09:43:48.809+0000] {logging_mixin.py:188} INFO - [2024-05-24T09:43:48.809+0000] {dagbag.py:545} INFO - Filling up the DagBag from /home/airflow/.local/lib/python3.12/site-packages/airflow/example_dags/example_task_group.py
[2024-05-24T09:43:48.821+0000] {processor.py:840} INFO - DAG(s) 'example_task_group' retrieved from /home/airflow/.local/lib/python3.12/site-packages/airflow/example_dags/example_task_group.py
[2024-05-24T09:43:48.858+0000] {logging_mixin.py:188} INFO - [2024-05-24T09:43:48.858+0000] {dag.py:3096} INFO - Sync 1 DAGs
[2024-05-24T09:43:48.895+0000] {logging_mixin.py:188} INFO - [2024-05-24T09:43:48.895+0000] {dag.py:3954} INFO - Setting next_dagrun for example_task_group to 2024-05-23 00:00:00+00:00, run_after=2024-05-24 00:00:00+00:00
[2024-05-24T09:43:48.921+0000] {processor.py:183} INFO - Processing /home/airflow/.local/lib/python3.12/site-packages/airflow/example_dags/example_task_group.py took 0.124 seconds
[2024-05-24T10:44:57.485+0000] {processor.py:161} INFO - Started process (PID=88045) to work on /home/airflow/.local/lib/python3.12/site-packages/airflow/example_dags/example_task_group.py
[2024-05-24T10:44:57.487+0000] {processor.py:830} INFO - Processing file /home/airflow/.local/lib/python3.12/site-packages/airflow/example_dags/example_task_group.py for tasks to queue
[2024-05-24T10:44:57.488+0000] {logging_mixin.py:188} INFO - [2024-05-24T10:44:57.488+0000] {dagbag.py:545} INFO - Filling up the DagBag from /home/airflow/.local/lib/python3.12/site-packages/airflow/example_dags/example_task_group.py
[2024-05-24T10:44:57.498+0000] {processor.py:840} INFO - DAG(s) 'example_task_group' retrieved from /home/airflow/.local/lib/python3.12/site-packages/airflow/example_dags/example_task_group.py
[2024-05-24T10:44:57.523+0000] {logging_mixin.py:188} INFO - [2024-05-24T10:44:57.522+0000] {dag.py:3096} INFO - Sync 1 DAGs
[2024-05-24T10:44:57.552+0000] {logging_mixin.py:188} INFO - [2024-05-24T10:44:57.552+0000] {dag.py:3954} INFO - Setting next_dagrun for example_task_group to 2024-05-23 00:00:00+00:00, run_after=2024-05-24 00:00:00+00:00
[2024-05-24T10:44:57.572+0000] {processor.py:183} INFO - Processing /home/airflow/.local/lib/python3.12/site-packages/airflow/example_dags/example_task_group.py took 0.094 seconds
[2024-05-24T11:46:08.194+0000] {processor.py:161} INFO - Started process (PID=88104) to work on /home/airflow/.local/lib/python3.12/site-packages/airflow/example_dags/example_task_group.py
[2024-05-24T11:46:08.198+0000] {processor.py:830} INFO - Processing file /home/airflow/.local/lib/python3.12/site-packages/airflow/example_dags/example_task_group.py for tasks to queue
[2024-05-24T11:46:08.199+0000] {logging_mixin.py:188} INFO - [2024-05-24T11:46:08.199+0000] {dagbag.py:545} INFO - Filling up the DagBag from /home/airflow/.local/lib/python3.12/site-packages/airflow/example_dags/example_task_group.py
[2024-05-24T11:46:08.210+0000] {processor.py:840} INFO - DAG(s) 'example_task_group' retrieved from /home/airflow/.local/lib/python3.12/site-packages/airflow/example_dags/example_task_group.py
[2024-05-24T11:46:08.236+0000] {logging_mixin.py:188} INFO - [2024-05-24T11:46:08.236+0000] {dag.py:3096} INFO - Sync 1 DAGs
[2024-05-24T11:46:08.264+0000] {logging_mixin.py:188} INFO - [2024-05-24T11:46:08.264+0000] {dag.py:3954} INFO - Setting next_dagrun for example_task_group to 2024-05-23 00:00:00+00:00, run_after=2024-05-24 00:00:00+00:00
[2024-05-24T11:46:08.288+0000] {processor.py:183} INFO - Processing /home/airflow/.local/lib/python3.12/site-packages/airflow/example_dags/example_task_group.py took 0.102 seconds
[2024-05-24T12:47:09.921+0000] {processor.py:161} INFO - Started process (PID=88163) to work on /home/airflow/.local/lib/python3.12/site-packages/airflow/example_dags/example_task_group.py
[2024-05-24T12:47:09.922+0000] {processor.py:830} INFO - Processing file /home/airflow/.local/lib/python3.12/site-packages/airflow/example_dags/example_task_group.py for tasks to queue
[2024-05-24T12:47:09.923+0000] {logging_mixin.py:188} INFO - [2024-05-24T12:47:09.923+0000] {dagbag.py:545} INFO - Filling up the DagBag from /home/airflow/.local/lib/python3.12/site-packages/airflow/example_dags/example_task_group.py
[2024-05-24T12:47:09.933+0000] {processor.py:840} INFO - DAG(s) 'example_task_group' retrieved from /home/airflow/.local/lib/python3.12/site-packages/airflow/example_dags/example_task_group.py
[2024-05-24T12:47:09.956+0000] {logging_mixin.py:188} INFO - [2024-05-24T12:47:09.956+0000] {dag.py:3096} INFO - Sync 1 DAGs
[2024-05-24T12:47:09.981+0000] {logging_mixin.py:188} INFO - [2024-05-24T12:47:09.981+0000] {dag.py:3954} INFO - Setting next_dagrun for example_task_group to 2024-05-23 00:00:00+00:00, run_after=2024-05-24 00:00:00+00:00
[2024-05-24T12:47:10.000+0000] {processor.py:183} INFO - Processing /home/airflow/.local/lib/python3.12/site-packages/airflow/example_dags/example_task_group.py took 0.088 seconds
[2024-05-24T13:48:18.341+0000] {processor.py:161} INFO - Started process (PID=88222) to work on /home/airflow/.local/lib/python3.12/site-packages/airflow/example_dags/example_task_group.py
[2024-05-24T13:48:18.345+0000] {processor.py:830} INFO - Processing file /home/airflow/.local/lib/python3.12/site-packages/airflow/example_dags/example_task_group.py for tasks to queue
[2024-05-24T13:48:18.346+0000] {logging_mixin.py:188} INFO - [2024-05-24T13:48:18.346+0000] {dagbag.py:545} INFO - Filling up the DagBag from /home/airflow/.local/lib/python3.12/site-packages/airflow/example_dags/example_task_group.py
[2024-05-24T13:48:18.355+0000] {processor.py:840} INFO - DAG(s) 'example_task_group' retrieved from /home/airflow/.local/lib/python3.12/site-packages/airflow/example_dags/example_task_group.py
[2024-05-24T13:48:18.390+0000] {logging_mixin.py:188} INFO - [2024-05-24T13:48:18.389+0000] {dag.py:3096} INFO - Sync 1 DAGs
[2024-05-24T13:48:18.455+0000] {logging_mixin.py:188} INFO - [2024-05-24T13:48:18.455+0000] {dag.py:3954} INFO - Setting next_dagrun for example_task_group to 2024-05-23 00:00:00+00:00, run_after=2024-05-24 00:00:00+00:00
[2024-05-24T13:48:18.574+0000] {processor.py:183} INFO - Processing /home/airflow/.local/lib/python3.12/site-packages/airflow/example_dags/example_task_group.py took 0.238 seconds
[2024-05-24T14:49:28.487+0000] {processor.py:161} INFO - Started process (PID=88281) to work on /home/airflow/.local/lib/python3.12/site-packages/airflow/example_dags/example_task_group.py
[2024-05-24T14:49:28.489+0000] {processor.py:830} INFO - Processing file /home/airflow/.local/lib/python3.12/site-packages/airflow/example_dags/example_task_group.py for tasks to queue
[2024-05-24T14:49:28.490+0000] {logging_mixin.py:188} INFO - [2024-05-24T14:49:28.490+0000] {dagbag.py:545} INFO - Filling up the DagBag from /home/airflow/.local/lib/python3.12/site-packages/airflow/example_dags/example_task_group.py
[2024-05-24T14:49:28.504+0000] {processor.py:840} INFO - DAG(s) 'example_task_group' retrieved from /home/airflow/.local/lib/python3.12/site-packages/airflow/example_dags/example_task_group.py
[2024-05-24T14:49:28.531+0000] {logging_mixin.py:188} INFO - [2024-05-24T14:49:28.531+0000] {dag.py:3096} INFO - Sync 1 DAGs
[2024-05-24T14:49:28.557+0000] {logging_mixin.py:188} INFO - [2024-05-24T14:49:28.556+0000] {dag.py:3954} INFO - Setting next_dagrun for example_task_group to 2024-05-23 00:00:00+00:00, run_after=2024-05-24 00:00:00+00:00
[2024-05-24T14:49:28.575+0000] {processor.py:183} INFO - Processing /home/airflow/.local/lib/python3.12/site-packages/airflow/example_dags/example_task_group.py took 0.096 seconds
[2024-05-24T15:48:53.933+0000] {processor.py:161} INFO - Started process (PID=88340) to work on /home/airflow/.local/lib/python3.12/site-packages/airflow/example_dags/example_task_group.py
[2024-05-24T15:48:53.937+0000] {processor.py:830} INFO - Processing file /home/airflow/.local/lib/python3.12/site-packages/airflow/example_dags/example_task_group.py for tasks to queue
[2024-05-24T15:48:53.938+0000] {logging_mixin.py:188} INFO - [2024-05-24T15:48:53.938+0000] {dagbag.py:545} INFO - Filling up the DagBag from /home/airflow/.local/lib/python3.12/site-packages/airflow/example_dags/example_task_group.py
[2024-05-24T15:48:53.949+0000] {processor.py:840} INFO - DAG(s) 'example_task_group' retrieved from /home/airflow/.local/lib/python3.12/site-packages/airflow/example_dags/example_task_group.py
[2024-05-24T15:48:53.974+0000] {logging_mixin.py:188} INFO - [2024-05-24T15:48:53.974+0000] {dag.py:3096} INFO - Sync 1 DAGs
[2024-05-24T15:48:54.003+0000] {logging_mixin.py:188} INFO - [2024-05-24T15:48:54.003+0000] {dag.py:3954} INFO - Setting next_dagrun for example_task_group to 2024-05-23 00:00:00+00:00, run_after=2024-05-24 00:00:00+00:00
[2024-05-24T15:48:54.039+0000] {processor.py:183} INFO - Processing /home/airflow/.local/lib/python3.12/site-packages/airflow/example_dags/example_task_group.py took 0.114 seconds
[2024-05-24T15:50:37.243+0000] {processor.py:161} INFO - Started process (PID=88399) to work on /home/airflow/.local/lib/python3.12/site-packages/airflow/example_dags/example_task_group.py
[2024-05-24T15:50:37.247+0000] {processor.py:830} INFO - Processing file /home/airflow/.local/lib/python3.12/site-packages/airflow/example_dags/example_task_group.py for tasks to queue
[2024-05-24T15:50:37.248+0000] {logging_mixin.py:188} INFO - [2024-05-24T15:50:37.248+0000] {dagbag.py:545} INFO - Filling up the DagBag from /home/airflow/.local/lib/python3.12/site-packages/airflow/example_dags/example_task_group.py
[2024-05-24T15:50:37.258+0000] {processor.py:840} INFO - DAG(s) 'example_task_group' retrieved from /home/airflow/.local/lib/python3.12/site-packages/airflow/example_dags/example_task_group.py
[2024-05-24T15:50:37.284+0000] {logging_mixin.py:188} INFO - [2024-05-24T15:50:37.284+0000] {dag.py:3096} INFO - Sync 1 DAGs
[2024-05-24T15:50:37.311+0000] {logging_mixin.py:188} INFO - [2024-05-24T15:50:37.311+0000] {dag.py:3954} INFO - Setting next_dagrun for example_task_group to 2024-05-23 00:00:00+00:00, run_after=2024-05-24 00:00:00+00:00
[2024-05-24T15:50:37.335+0000] {processor.py:183} INFO - Processing /home/airflow/.local/lib/python3.12/site-packages/airflow/example_dags/example_task_group.py took 0.099 seconds
[2024-05-24T16:51:48.808+0000] {processor.py:161} INFO - Started process (PID=88457) to work on /home/airflow/.local/lib/python3.12/site-packages/airflow/example_dags/example_task_group.py
[2024-05-24T16:51:48.814+0000] {processor.py:830} INFO - Processing file /home/airflow/.local/lib/python3.12/site-packages/airflow/example_dags/example_task_group.py for tasks to queue
[2024-05-24T16:51:48.815+0000] {logging_mixin.py:188} INFO - [2024-05-24T16:51:48.815+0000] {dagbag.py:545} INFO - Filling up the DagBag from /home/airflow/.local/lib/python3.12/site-packages/airflow/example_dags/example_task_group.py
[2024-05-24T16:51:48.840+0000] {processor.py:840} INFO - DAG(s) 'example_task_group' retrieved from /home/airflow/.local/lib/python3.12/site-packages/airflow/example_dags/example_task_group.py
[2024-05-24T16:51:48.888+0000] {logging_mixin.py:188} INFO - [2024-05-24T16:51:48.888+0000] {dag.py:3096} INFO - Sync 1 DAGs
[2024-05-24T16:51:48.925+0000] {logging_mixin.py:188} INFO - [2024-05-24T16:51:48.924+0000] {dag.py:3954} INFO - Setting next_dagrun for example_task_group to 2024-05-23 00:00:00+00:00, run_after=2024-05-24 00:00:00+00:00
[2024-05-24T16:51:55.620+0000] {processor.py:183} INFO - Processing /home/airflow/.local/lib/python3.12/site-packages/airflow/example_dags/example_task_group.py took 6.827 seconds
[2024-05-24T17:50:16.228+0000] {processor.py:161} INFO - Started process (PID=88510) to work on /home/airflow/.local/lib/python3.12/site-packages/airflow/example_dags/example_task_group.py
[2024-05-24T17:50:16.229+0000] {processor.py:830} INFO - Processing file /home/airflow/.local/lib/python3.12/site-packages/airflow/example_dags/example_task_group.py for tasks to queue
[2024-05-24T17:50:16.230+0000] {logging_mixin.py:188} INFO - [2024-05-24T17:50:16.230+0000] {dagbag.py:545} INFO - Filling up the DagBag from /home/airflow/.local/lib/python3.12/site-packages/airflow/example_dags/example_task_group.py
[2024-05-24T17:50:16.240+0000] {processor.py:840} INFO - DAG(s) 'example_task_group' retrieved from /home/airflow/.local/lib/python3.12/site-packages/airflow/example_dags/example_task_group.py
[2024-05-24T17:50:16.264+0000] {logging_mixin.py:188} INFO - [2024-05-24T17:50:16.264+0000] {dag.py:3096} INFO - Sync 1 DAGs
[2024-05-24T17:50:16.301+0000] {logging_mixin.py:188} INFO - [2024-05-24T17:50:16.300+0000] {dag.py:3954} INFO - Setting next_dagrun for example_task_group to 2024-05-23 00:00:00+00:00, run_after=2024-05-24 00:00:00+00:00
[2024-05-24T17:50:16.359+0000] {processor.py:183} INFO - Processing /home/airflow/.local/lib/python3.12/site-packages/airflow/example_dags/example_task_group.py took 0.138 seconds
[2024-05-24T17:50:46.797+0000] {processor.py:161} INFO - Started process (PID=88575) to work on /home/airflow/.local/lib/python3.12/site-packages/airflow/example_dags/example_task_group.py
[2024-05-24T17:50:46.798+0000] {processor.py:830} INFO - Processing file /home/airflow/.local/lib/python3.12/site-packages/airflow/example_dags/example_task_group.py for tasks to queue
[2024-05-24T17:50:46.799+0000] {logging_mixin.py:188} INFO - [2024-05-24T17:50:46.799+0000] {dagbag.py:545} INFO - Filling up the DagBag from /home/airflow/.local/lib/python3.12/site-packages/airflow/example_dags/example_task_group.py
[2024-05-24T17:50:46.811+0000] {processor.py:840} INFO - DAG(s) 'example_task_group' retrieved from /home/airflow/.local/lib/python3.12/site-packages/airflow/example_dags/example_task_group.py
[2024-05-24T17:50:46.840+0000] {logging_mixin.py:188} INFO - [2024-05-24T17:50:46.839+0000] {dag.py:3096} INFO - Sync 1 DAGs
[2024-05-24T17:50:46.866+0000] {logging_mixin.py:188} INFO - [2024-05-24T17:50:46.866+0000] {dag.py:3954} INFO - Setting next_dagrun for example_task_group to 2024-05-23 00:00:00+00:00, run_after=2024-05-24 00:00:00+00:00
[2024-05-24T17:50:46.898+0000] {processor.py:183} INFO - Processing /home/airflow/.local/lib/python3.12/site-packages/airflow/example_dags/example_task_group.py took 0.108 seconds
[2024-05-24T18:53:41.571+0000] {processor.py:161} INFO - Started process (PID=88634) to work on /home/airflow/.local/lib/python3.12/site-packages/airflow/example_dags/example_task_group.py
[2024-05-24T18:53:41.575+0000] {processor.py:830} INFO - Processing file /home/airflow/.local/lib/python3.12/site-packages/airflow/example_dags/example_task_group.py for tasks to queue
[2024-05-24T18:53:41.576+0000] {logging_mixin.py:188} INFO - [2024-05-24T18:53:41.576+0000] {dagbag.py:545} INFO - Filling up the DagBag from /home/airflow/.local/lib/python3.12/site-packages/airflow/example_dags/example_task_group.py
[2024-05-24T18:53:41.586+0000] {processor.py:840} INFO - DAG(s) 'example_task_group' retrieved from /home/airflow/.local/lib/python3.12/site-packages/airflow/example_dags/example_task_group.py
[2024-05-24T18:53:41.609+0000] {logging_mixin.py:188} INFO - [2024-05-24T18:53:41.609+0000] {dag.py:3096} INFO - Sync 1 DAGs
[2024-05-24T18:53:41.635+0000] {logging_mixin.py:188} INFO - [2024-05-24T18:53:41.634+0000] {dag.py:3954} INFO - Setting next_dagrun for example_task_group to 2024-05-23 00:00:00+00:00, run_after=2024-05-24 00:00:00+00:00
[2024-05-24T18:53:41.657+0000] {processor.py:183} INFO - Processing /home/airflow/.local/lib/python3.12/site-packages/airflow/example_dags/example_task_group.py took 0.093 seconds
[2024-05-24T19:53:34.723+0000] {processor.py:161} INFO - Started process (PID=88693) to work on /home/airflow/.local/lib/python3.12/site-packages/airflow/example_dags/example_task_group.py
[2024-05-24T19:53:34.725+0000] {processor.py:830} INFO - Processing file /home/airflow/.local/lib/python3.12/site-packages/airflow/example_dags/example_task_group.py for tasks to queue
[2024-05-24T19:53:34.726+0000] {logging_mixin.py:188} INFO - [2024-05-24T19:53:34.725+0000] {dagbag.py:545} INFO - Filling up the DagBag from /home/airflow/.local/lib/python3.12/site-packages/airflow/example_dags/example_task_group.py
[2024-05-24T19:53:34.736+0000] {processor.py:840} INFO - DAG(s) 'example_task_group' retrieved from /home/airflow/.local/lib/python3.12/site-packages/airflow/example_dags/example_task_group.py
[2024-05-24T19:53:34.760+0000] {logging_mixin.py:188} INFO - [2024-05-24T19:53:34.759+0000] {dag.py:3096} INFO - Sync 1 DAGs
[2024-05-24T19:53:34.789+0000] {logging_mixin.py:188} INFO - [2024-05-24T19:53:34.789+0000] {dag.py:3954} INFO - Setting next_dagrun for example_task_group to 2024-05-23 00:00:00+00:00, run_after=2024-05-24 00:00:00+00:00
[2024-05-24T19:53:34.810+0000] {processor.py:183} INFO - Processing /home/airflow/.local/lib/python3.12/site-packages/airflow/example_dags/example_task_group.py took 0.094 seconds
[2024-05-24T20:54:51.432+0000] {processor.py:161} INFO - Started process (PID=88752) to work on /home/airflow/.local/lib/python3.12/site-packages/airflow/example_dags/example_task_group.py
[2024-05-24T20:54:51.434+0000] {processor.py:830} INFO - Processing file /home/airflow/.local/lib/python3.12/site-packages/airflow/example_dags/example_task_group.py for tasks to queue
[2024-05-24T20:54:51.435+0000] {logging_mixin.py:188} INFO - [2024-05-24T20:54:51.435+0000] {dagbag.py:545} INFO - Filling up the DagBag from /home/airflow/.local/lib/python3.12/site-packages/airflow/example_dags/example_task_group.py
[2024-05-24T20:54:51.447+0000] {processor.py:840} INFO - DAG(s) 'example_task_group' retrieved from /home/airflow/.local/lib/python3.12/site-packages/airflow/example_dags/example_task_group.py
[2024-05-24T20:54:51.473+0000] {logging_mixin.py:188} INFO - [2024-05-24T20:54:51.473+0000] {dag.py:3096} INFO - Sync 1 DAGs
[2024-05-24T20:54:51.504+0000] {logging_mixin.py:188} INFO - [2024-05-24T20:54:51.503+0000] {dag.py:3954} INFO - Setting next_dagrun for example_task_group to 2024-05-23 00:00:00+00:00, run_after=2024-05-24 00:00:00+00:00
[2024-05-24T20:54:51.524+0000] {processor.py:183} INFO - Processing /home/airflow/.local/lib/python3.12/site-packages/airflow/example_dags/example_task_group.py took 0.102 seconds
[2024-05-24T21:55:59.319+0000] {processor.py:161} INFO - Started process (PID=88811) to work on /home/airflow/.local/lib/python3.12/site-packages/airflow/example_dags/example_task_group.py
[2024-05-24T21:55:59.323+0000] {processor.py:830} INFO - Processing file /home/airflow/.local/lib/python3.12/site-packages/airflow/example_dags/example_task_group.py for tasks to queue
[2024-05-24T21:55:59.324+0000] {logging_mixin.py:188} INFO - [2024-05-24T21:55:59.324+0000] {dagbag.py:545} INFO - Filling up the DagBag from /home/airflow/.local/lib/python3.12/site-packages/airflow/example_dags/example_task_group.py
[2024-05-24T21:55:59.334+0000] {processor.py:840} INFO - DAG(s) 'example_task_group' retrieved from /home/airflow/.local/lib/python3.12/site-packages/airflow/example_dags/example_task_group.py
[2024-05-24T21:55:59.360+0000] {logging_mixin.py:188} INFO - [2024-05-24T21:55:59.360+0000] {dag.py:3096} INFO - Sync 1 DAGs
[2024-05-24T21:55:59.386+0000] {logging_mixin.py:188} INFO - [2024-05-24T21:55:59.386+0000] {dag.py:3954} INFO - Setting next_dagrun for example_task_group to 2024-05-23 00:00:00+00:00, run_after=2024-05-24 00:00:00+00:00
[2024-05-24T21:55:59.406+0000] {processor.py:183} INFO - Processing /home/airflow/.local/lib/python3.12/site-packages/airflow/example_dags/example_task_group.py took 0.098 seconds
[2024-05-24T22:57:01.441+0000] {processor.py:161} INFO - Started process (PID=88864) to work on /home/airflow/.local/lib/python3.12/site-packages/airflow/example_dags/example_task_group.py
[2024-05-24T22:57:01.443+0000] {processor.py:830} INFO - Processing file /home/airflow/.local/lib/python3.12/site-packages/airflow/example_dags/example_task_group.py for tasks to queue
[2024-05-24T22:57:01.444+0000] {logging_mixin.py:188} INFO - [2024-05-24T22:57:01.444+0000] {dagbag.py:545} INFO - Filling up the DagBag from /home/airflow/.local/lib/python3.12/site-packages/airflow/example_dags/example_task_group.py
[2024-05-24T22:57:01.456+0000] {processor.py:840} INFO - DAG(s) 'example_task_group' retrieved from /home/airflow/.local/lib/python3.12/site-packages/airflow/example_dags/example_task_group.py
[2024-05-24T22:57:01.480+0000] {logging_mixin.py:188} INFO - [2024-05-24T22:57:01.480+0000] {dag.py:3096} INFO - Sync 1 DAGs
[2024-05-24T22:57:01.506+0000] {logging_mixin.py:188} INFO - [2024-05-24T22:57:01.506+0000] {dag.py:3954} INFO - Setting next_dagrun for example_task_group to 2024-05-23 00:00:00+00:00, run_after=2024-05-24 00:00:00+00:00
[2024-05-24T22:57:01.531+0000] {processor.py:183} INFO - Processing /home/airflow/.local/lib/python3.12/site-packages/airflow/example_dags/example_task_group.py took 0.097 seconds
