[2024-05-24T00:10:41.393+0000] {processor.py:161} INFO - Started process (PID=87409) to work on /home/airflow/.local/lib/python3.12/site-packages/airflow/example_dags/example_time_delta_sensor_async.py
[2024-05-24T00:10:41.395+0000] {processor.py:830} INFO - Processing file /home/airflow/.local/lib/python3.12/site-packages/airflow/example_dags/example_time_delta_sensor_async.py for tasks to queue
[2024-05-24T00:10:41.396+0000] {logging_mixin.py:188} INFO - [2024-05-24T00:10:41.396+0000] {dagbag.py:545} INFO - Filling up the DagBag from /home/airflow/.local/lib/python3.12/site-packages/airflow/example_dags/example_time_delta_sensor_async.py
[2024-05-24T00:10:41.402+0000] {processor.py:840} INFO - DAG(s) 'example_time_delta_sensor_async' retrieved from /home/airflow/.local/lib/python3.12/site-packages/airflow/example_dags/example_time_delta_sensor_async.py
[2024-05-24T00:10:41.428+0000] {logging_mixin.py:188} INFO - [2024-05-24T00:10:41.428+0000] {dag.py:3096} INFO - Sync 1 DAGs
[2024-05-24T00:10:41.446+0000] {logging_mixin.py:188} INFO - [2024-05-24T00:10:41.445+0000] {dag.py:3954} INFO - Setting next_dagrun for example_time_delta_sensor_async to None, run_after=None
[2024-05-24T00:10:41.469+0000] {processor.py:183} INFO - Processing /home/airflow/.local/lib/python3.12/site-packages/airflow/example_dags/example_time_delta_sensor_async.py took 0.083 seconds
[2024-05-24T03:15:01.574+0000] {processor.py:161} INFO - Started process (PID=87468) to work on /home/airflow/.local/lib/python3.12/site-packages/airflow/example_dags/example_time_delta_sensor_async.py
[2024-05-24T03:15:01.579+0000] {processor.py:830} INFO - Processing file /home/airflow/.local/lib/python3.12/site-packages/airflow/example_dags/example_time_delta_sensor_async.py for tasks to queue
[2024-05-24T03:15:01.582+0000] {logging_mixin.py:188} INFO - [2024-05-24T03:15:01.582+0000] {dagbag.py:545} INFO - Filling up the DagBag from /home/airflow/.local/lib/python3.12/site-packages/airflow/example_dags/example_time_delta_sensor_async.py
[2024-05-24T03:15:01.601+0000] {processor.py:840} INFO - DAG(s) 'example_time_delta_sensor_async' retrieved from /home/airflow/.local/lib/python3.12/site-packages/airflow/example_dags/example_time_delta_sensor_async.py
[2024-05-24T03:15:01.687+0000] {logging_mixin.py:188} INFO - [2024-05-24T03:15:01.687+0000] {dag.py:3096} INFO - Sync 1 DAGs
[2024-05-24T03:15:01.738+0000] {logging_mixin.py:188} INFO - [2024-05-24T03:15:01.738+0000] {dag.py:3954} INFO - Setting next_dagrun for example_time_delta_sensor_async to None, run_after=None
[2024-05-24T03:15:01.800+0000] {processor.py:183} INFO - Processing /home/airflow/.local/lib/python3.12/site-packages/airflow/example_dags/example_time_delta_sensor_async.py took 0.241 seconds
[2024-05-24T05:04:12.208+0000] {processor.py:161} INFO - Started process (PID=87527) to work on /home/airflow/.local/lib/python3.12/site-packages/airflow/example_dags/example_time_delta_sensor_async.py
[2024-05-24T05:04:12.209+0000] {processor.py:830} INFO - Processing file /home/airflow/.local/lib/python3.12/site-packages/airflow/example_dags/example_time_delta_sensor_async.py for tasks to queue
[2024-05-24T05:04:12.210+0000] {logging_mixin.py:188} INFO - [2024-05-24T05:04:12.210+0000] {dagbag.py:545} INFO - Filling up the DagBag from /home/airflow/.local/lib/python3.12/site-packages/airflow/example_dags/example_time_delta_sensor_async.py
[2024-05-24T05:04:12.215+0000] {processor.py:840} INFO - DAG(s) 'example_time_delta_sensor_async' retrieved from /home/airflow/.local/lib/python3.12/site-packages/airflow/example_dags/example_time_delta_sensor_async.py
[2024-05-24T05:04:12.239+0000] {logging_mixin.py:188} INFO - [2024-05-24T05:04:12.238+0000] {dag.py:3096} INFO - Sync 1 DAGs
[2024-05-24T05:04:12.259+0000] {logging_mixin.py:188} INFO - [2024-05-24T05:04:12.258+0000] {dag.py:3954} INFO - Setting next_dagrun for example_time_delta_sensor_async to None, run_after=None
[2024-05-24T05:04:12.283+0000] {processor.py:183} INFO - Processing /home/airflow/.local/lib/python3.12/site-packages/airflow/example_dags/example_time_delta_sensor_async.py took 0.082 seconds
[2024-05-24T05:06:18.329+0000] {processor.py:161} INFO - Started process (PID=87586) to work on /home/airflow/.local/lib/python3.12/site-packages/airflow/example_dags/example_time_delta_sensor_async.py
[2024-05-24T05:06:18.333+0000] {processor.py:830} INFO - Processing file /home/airflow/.local/lib/python3.12/site-packages/airflow/example_dags/example_time_delta_sensor_async.py for tasks to queue
[2024-05-24T05:06:18.335+0000] {logging_mixin.py:188} INFO - [2024-05-24T05:06:18.335+0000] {dagbag.py:545} INFO - Filling up the DagBag from /home/airflow/.local/lib/python3.12/site-packages/airflow/example_dags/example_time_delta_sensor_async.py
[2024-05-24T05:06:18.341+0000] {processor.py:840} INFO - DAG(s) 'example_time_delta_sensor_async' retrieved from /home/airflow/.local/lib/python3.12/site-packages/airflow/example_dags/example_time_delta_sensor_async.py
[2024-05-24T05:06:18.366+0000] {logging_mixin.py:188} INFO - [2024-05-24T05:06:18.365+0000] {dag.py:3096} INFO - Sync 1 DAGs
[2024-05-24T05:06:18.384+0000] {logging_mixin.py:188} INFO - [2024-05-24T05:06:18.384+0000] {dag.py:3954} INFO - Setting next_dagrun for example_time_delta_sensor_async to None, run_after=None
[2024-05-24T05:06:18.403+0000] {processor.py:183} INFO - Processing /home/airflow/.local/lib/python3.12/site-packages/airflow/example_dags/example_time_delta_sensor_async.py took 0.082 seconds
[2024-05-24T05:40:27.742+0000] {processor.py:161} INFO - Started process (PID=87645) to work on /home/airflow/.local/lib/python3.12/site-packages/airflow/example_dags/example_time_delta_sensor_async.py
[2024-05-24T05:40:27.743+0000] {processor.py:830} INFO - Processing file /home/airflow/.local/lib/python3.12/site-packages/airflow/example_dags/example_time_delta_sensor_async.py for tasks to queue
[2024-05-24T05:40:27.744+0000] {logging_mixin.py:188} INFO - [2024-05-24T05:40:27.744+0000] {dagbag.py:545} INFO - Filling up the DagBag from /home/airflow/.local/lib/python3.12/site-packages/airflow/example_dags/example_time_delta_sensor_async.py
[2024-05-24T05:40:27.750+0000] {processor.py:840} INFO - DAG(s) 'example_time_delta_sensor_async' retrieved from /home/airflow/.local/lib/python3.12/site-packages/airflow/example_dags/example_time_delta_sensor_async.py
[2024-05-24T05:40:27.774+0000] {logging_mixin.py:188} INFO - [2024-05-24T05:40:27.773+0000] {dag.py:3096} INFO - Sync 1 DAGs
[2024-05-24T05:40:27.789+0000] {logging_mixin.py:188} INFO - [2024-05-24T05:40:27.788+0000] {dag.py:3954} INFO - Setting next_dagrun for example_time_delta_sensor_async to None, run_after=None
[2024-05-24T05:40:27.808+0000] {processor.py:183} INFO - Processing /home/airflow/.local/lib/python3.12/site-packages/airflow/example_dags/example_time_delta_sensor_async.py took 0.074 seconds
[2024-05-24T06:36:57.014+0000] {processor.py:161} INFO - Started process (PID=87710) to work on /home/airflow/.local/lib/python3.12/site-packages/airflow/example_dags/example_time_delta_sensor_async.py
[2024-05-24T06:36:57.020+0000] {processor.py:830} INFO - Processing file /home/airflow/.local/lib/python3.12/site-packages/airflow/example_dags/example_time_delta_sensor_async.py for tasks to queue
[2024-05-24T06:36:57.026+0000] {logging_mixin.py:188} INFO - [2024-05-24T06:36:57.026+0000] {dagbag.py:545} INFO - Filling up the DagBag from /home/airflow/.local/lib/python3.12/site-packages/airflow/example_dags/example_time_delta_sensor_async.py
[2024-05-24T06:36:57.057+0000] {processor.py:840} INFO - DAG(s) 'example_time_delta_sensor_async' retrieved from /home/airflow/.local/lib/python3.12/site-packages/airflow/example_dags/example_time_delta_sensor_async.py
[2024-05-24T06:36:57.227+0000] {logging_mixin.py:188} INFO - [2024-05-24T06:36:57.224+0000] {dag.py:3096} INFO - Sync 1 DAGs
[2024-05-24T06:36:57.337+0000] {logging_mixin.py:188} INFO - [2024-05-24T06:36:57.337+0000] {dag.py:3954} INFO - Setting next_dagrun for example_time_delta_sensor_async to None, run_after=None
[2024-05-24T06:36:57.425+0000] {processor.py:183} INFO - Processing /home/airflow/.local/lib/python3.12/site-packages/airflow/example_dags/example_time_delta_sensor_async.py took 0.430 seconds
[2024-05-24T07:35:42.719+0000] {processor.py:161} INFO - Started process (PID=87778) to work on /home/airflow/.local/lib/python3.12/site-packages/airflow/example_dags/example_time_delta_sensor_async.py
[2024-05-24T07:35:42.721+0000] {processor.py:830} INFO - Processing file /home/airflow/.local/lib/python3.12/site-packages/airflow/example_dags/example_time_delta_sensor_async.py for tasks to queue
[2024-05-24T07:35:42.722+0000] {logging_mixin.py:188} INFO - [2024-05-24T07:35:42.722+0000] {dagbag.py:545} INFO - Filling up the DagBag from /home/airflow/.local/lib/python3.12/site-packages/airflow/example_dags/example_time_delta_sensor_async.py
[2024-05-24T07:35:42.727+0000] {processor.py:840} INFO - DAG(s) 'example_time_delta_sensor_async' retrieved from /home/airflow/.local/lib/python3.12/site-packages/airflow/example_dags/example_time_delta_sensor_async.py
[2024-05-24T07:35:42.752+0000] {logging_mixin.py:188} INFO - [2024-05-24T07:35:42.751+0000] {dag.py:3096} INFO - Sync 1 DAGs
[2024-05-24T07:35:42.766+0000] {logging_mixin.py:188} INFO - [2024-05-24T07:35:42.766+0000] {dag.py:3954} INFO - Setting next_dagrun for example_time_delta_sensor_async to None, run_after=None
[2024-05-24T07:35:42.788+0000] {processor.py:183} INFO - Processing /home/airflow/.local/lib/python3.12/site-packages/airflow/example_dags/example_time_delta_sensor_async.py took 0.075 seconds
[2024-05-24T07:41:37.757+0000] {processor.py:161} INFO - Started process (PID=87831) to work on /home/airflow/.local/lib/python3.12/site-packages/airflow/example_dags/example_time_delta_sensor_async.py
[2024-05-24T07:41:37.759+0000] {processor.py:830} INFO - Processing file /home/airflow/.local/lib/python3.12/site-packages/airflow/example_dags/example_time_delta_sensor_async.py for tasks to queue
[2024-05-24T07:41:37.761+0000] {logging_mixin.py:188} INFO - [2024-05-24T07:41:37.761+0000] {dagbag.py:545} INFO - Filling up the DagBag from /home/airflow/.local/lib/python3.12/site-packages/airflow/example_dags/example_time_delta_sensor_async.py
[2024-05-24T07:41:37.767+0000] {processor.py:840} INFO - DAG(s) 'example_time_delta_sensor_async' retrieved from /home/airflow/.local/lib/python3.12/site-packages/airflow/example_dags/example_time_delta_sensor_async.py
[2024-05-24T07:41:37.790+0000] {logging_mixin.py:188} INFO - [2024-05-24T07:41:37.790+0000] {dag.py:3096} INFO - Sync 1 DAGs
[2024-05-24T07:41:37.807+0000] {logging_mixin.py:188} INFO - [2024-05-24T07:41:37.806+0000] {dag.py:3954} INFO - Setting next_dagrun for example_time_delta_sensor_async to None, run_after=None
[2024-05-24T07:41:37.827+0000] {processor.py:183} INFO - Processing /home/airflow/.local/lib/python3.12/site-packages/airflow/example_dags/example_time_delta_sensor_async.py took 0.077 seconds
[2024-05-24T08:42:34.146+0000] {processor.py:161} INFO - Started process (PID=87896) to work on /home/airflow/.local/lib/python3.12/site-packages/airflow/example_dags/example_time_delta_sensor_async.py
[2024-05-24T08:42:34.148+0000] {processor.py:830} INFO - Processing file /home/airflow/.local/lib/python3.12/site-packages/airflow/example_dags/example_time_delta_sensor_async.py for tasks to queue
[2024-05-24T08:42:34.149+0000] {logging_mixin.py:188} INFO - [2024-05-24T08:42:34.149+0000] {dagbag.py:545} INFO - Filling up the DagBag from /home/airflow/.local/lib/python3.12/site-packages/airflow/example_dags/example_time_delta_sensor_async.py
[2024-05-24T08:42:34.154+0000] {processor.py:840} INFO - DAG(s) 'example_time_delta_sensor_async' retrieved from /home/airflow/.local/lib/python3.12/site-packages/airflow/example_dags/example_time_delta_sensor_async.py
[2024-05-24T08:42:34.182+0000] {logging_mixin.py:188} INFO - [2024-05-24T08:42:34.182+0000] {dag.py:3096} INFO - Sync 1 DAGs
[2024-05-24T08:42:34.199+0000] {logging_mixin.py:188} INFO - [2024-05-24T08:42:34.199+0000] {dag.py:3954} INFO - Setting next_dagrun for example_time_delta_sensor_async to None, run_after=None
[2024-05-24T08:42:34.220+0000] {processor.py:183} INFO - Processing /home/airflow/.local/lib/python3.12/site-packages/airflow/example_dags/example_time_delta_sensor_async.py took 0.081 seconds
[2024-05-24T09:43:46.189+0000] {processor.py:161} INFO - Started process (PID=87954) to work on /home/airflow/.local/lib/python3.12/site-packages/airflow/example_dags/example_time_delta_sensor_async.py
[2024-05-24T09:43:46.195+0000] {processor.py:830} INFO - Processing file /home/airflow/.local/lib/python3.12/site-packages/airflow/example_dags/example_time_delta_sensor_async.py for tasks to queue
[2024-05-24T09:43:46.197+0000] {logging_mixin.py:188} INFO - [2024-05-24T09:43:46.196+0000] {dagbag.py:545} INFO - Filling up the DagBag from /home/airflow/.local/lib/python3.12/site-packages/airflow/example_dags/example_time_delta_sensor_async.py
[2024-05-24T09:43:46.212+0000] {processor.py:840} INFO - DAG(s) 'example_time_delta_sensor_async' retrieved from /home/airflow/.local/lib/python3.12/site-packages/airflow/example_dags/example_time_delta_sensor_async.py
[2024-05-24T09:43:46.268+0000] {logging_mixin.py:188} INFO - [2024-05-24T09:43:46.266+0000] {dag.py:3096} INFO - Sync 1 DAGs
[2024-05-24T09:43:46.294+0000] {logging_mixin.py:188} INFO - [2024-05-24T09:43:46.294+0000] {dag.py:3954} INFO - Setting next_dagrun for example_time_delta_sensor_async to None, run_after=None
[2024-05-24T09:43:46.314+0000] {processor.py:183} INFO - Processing /home/airflow/.local/lib/python3.12/site-packages/airflow/example_dags/example_time_delta_sensor_async.py took 0.156 seconds
[2024-05-24T10:44:55.343+0000] {processor.py:161} INFO - Started process (PID=88013) to work on /home/airflow/.local/lib/python3.12/site-packages/airflow/example_dags/example_time_delta_sensor_async.py
[2024-05-24T10:44:55.344+0000] {processor.py:830} INFO - Processing file /home/airflow/.local/lib/python3.12/site-packages/airflow/example_dags/example_time_delta_sensor_async.py for tasks to queue
[2024-05-24T10:44:55.346+0000] {logging_mixin.py:188} INFO - [2024-05-24T10:44:55.345+0000] {dagbag.py:545} INFO - Filling up the DagBag from /home/airflow/.local/lib/python3.12/site-packages/airflow/example_dags/example_time_delta_sensor_async.py
[2024-05-24T10:44:55.351+0000] {processor.py:840} INFO - DAG(s) 'example_time_delta_sensor_async' retrieved from /home/airflow/.local/lib/python3.12/site-packages/airflow/example_dags/example_time_delta_sensor_async.py
[2024-05-24T10:44:55.374+0000] {logging_mixin.py:188} INFO - [2024-05-24T10:44:55.373+0000] {dag.py:3096} INFO - Sync 1 DAGs
[2024-05-24T10:44:55.389+0000] {logging_mixin.py:188} INFO - [2024-05-24T10:44:55.388+0000] {dag.py:3954} INFO - Setting next_dagrun for example_time_delta_sensor_async to None, run_after=None
[2024-05-24T10:44:55.408+0000] {processor.py:183} INFO - Processing /home/airflow/.local/lib/python3.12/site-packages/airflow/example_dags/example_time_delta_sensor_async.py took 0.073 seconds
[2024-05-24T11:46:01.352+0000] {processor.py:161} INFO - Started process (PID=88072) to work on /home/airflow/.local/lib/python3.12/site-packages/airflow/example_dags/example_time_delta_sensor_async.py
[2024-05-24T11:46:01.356+0000] {processor.py:830} INFO - Processing file /home/airflow/.local/lib/python3.12/site-packages/airflow/example_dags/example_time_delta_sensor_async.py for tasks to queue
[2024-05-24T11:46:01.358+0000] {logging_mixin.py:188} INFO - [2024-05-24T11:46:01.357+0000] {dagbag.py:545} INFO - Filling up the DagBag from /home/airflow/.local/lib/python3.12/site-packages/airflow/example_dags/example_time_delta_sensor_async.py
[2024-05-24T11:46:01.367+0000] {processor.py:840} INFO - DAG(s) 'example_time_delta_sensor_async' retrieved from /home/airflow/.local/lib/python3.12/site-packages/airflow/example_dags/example_time_delta_sensor_async.py
[2024-05-24T11:46:01.395+0000] {logging_mixin.py:188} INFO - [2024-05-24T11:46:01.395+0000] {dag.py:3096} INFO - Sync 1 DAGs
[2024-05-24T11:46:01.415+0000] {logging_mixin.py:188} INFO - [2024-05-24T11:46:01.415+0000] {dag.py:3954} INFO - Setting next_dagrun for example_time_delta_sensor_async to None, run_after=None
[2024-05-24T11:46:01.437+0000] {processor.py:183} INFO - Processing /home/airflow/.local/lib/python3.12/site-packages/airflow/example_dags/example_time_delta_sensor_async.py took 0.094 seconds
[2024-05-24T12:47:07.288+0000] {processor.py:161} INFO - Started process (PID=88125) to work on /home/airflow/.local/lib/python3.12/site-packages/airflow/example_dags/example_time_delta_sensor_async.py
[2024-05-24T12:47:07.290+0000] {processor.py:830} INFO - Processing file /home/airflow/.local/lib/python3.12/site-packages/airflow/example_dags/example_time_delta_sensor_async.py for tasks to queue
[2024-05-24T12:47:07.291+0000] {logging_mixin.py:188} INFO - [2024-05-24T12:47:07.290+0000] {dagbag.py:545} INFO - Filling up the DagBag from /home/airflow/.local/lib/python3.12/site-packages/airflow/example_dags/example_time_delta_sensor_async.py
[2024-05-24T12:47:07.296+0000] {processor.py:840} INFO - DAG(s) 'example_time_delta_sensor_async' retrieved from /home/airflow/.local/lib/python3.12/site-packages/airflow/example_dags/example_time_delta_sensor_async.py
[2024-05-24T12:47:07.320+0000] {logging_mixin.py:188} INFO - [2024-05-24T12:47:07.319+0000] {dag.py:3096} INFO - Sync 1 DAGs
[2024-05-24T12:47:07.336+0000] {logging_mixin.py:188} INFO - [2024-05-24T12:47:07.335+0000] {dag.py:3954} INFO - Setting next_dagrun for example_time_delta_sensor_async to None, run_after=None
[2024-05-24T12:47:07.357+0000] {processor.py:183} INFO - Processing /home/airflow/.local/lib/python3.12/site-packages/airflow/example_dags/example_time_delta_sensor_async.py took 0.078 seconds
[2024-05-24T13:48:16.228+0000] {processor.py:161} INFO - Started process (PID=88184) to work on /home/airflow/.local/lib/python3.12/site-packages/airflow/example_dags/example_time_delta_sensor_async.py
[2024-05-24T13:48:16.230+0000] {processor.py:830} INFO - Processing file /home/airflow/.local/lib/python3.12/site-packages/airflow/example_dags/example_time_delta_sensor_async.py for tasks to queue
[2024-05-24T13:48:16.231+0000] {logging_mixin.py:188} INFO - [2024-05-24T13:48:16.230+0000] {dagbag.py:545} INFO - Filling up the DagBag from /home/airflow/.local/lib/python3.12/site-packages/airflow/example_dags/example_time_delta_sensor_async.py
[2024-05-24T13:48:16.235+0000] {processor.py:840} INFO - DAG(s) 'example_time_delta_sensor_async' retrieved from /home/airflow/.local/lib/python3.12/site-packages/airflow/example_dags/example_time_delta_sensor_async.py
[2024-05-24T13:48:16.262+0000] {logging_mixin.py:188} INFO - [2024-05-24T13:48:16.261+0000] {dag.py:3096} INFO - Sync 1 DAGs
[2024-05-24T13:48:16.276+0000] {logging_mixin.py:188} INFO - [2024-05-24T13:48:16.276+0000] {dag.py:3954} INFO - Setting next_dagrun for example_time_delta_sensor_async to None, run_after=None
[2024-05-24T13:48:16.294+0000] {processor.py:183} INFO - Processing /home/airflow/.local/lib/python3.12/site-packages/airflow/example_dags/example_time_delta_sensor_async.py took 0.074 seconds
[2024-05-24T14:49:26.311+0000] {processor.py:161} INFO - Started process (PID=88243) to work on /home/airflow/.local/lib/python3.12/site-packages/airflow/example_dags/example_time_delta_sensor_async.py
[2024-05-24T14:49:26.313+0000] {processor.py:830} INFO - Processing file /home/airflow/.local/lib/python3.12/site-packages/airflow/example_dags/example_time_delta_sensor_async.py for tasks to queue
[2024-05-24T14:49:26.315+0000] {logging_mixin.py:188} INFO - [2024-05-24T14:49:26.314+0000] {dagbag.py:545} INFO - Filling up the DagBag from /home/airflow/.local/lib/python3.12/site-packages/airflow/example_dags/example_time_delta_sensor_async.py
[2024-05-24T14:49:26.320+0000] {processor.py:840} INFO - DAG(s) 'example_time_delta_sensor_async' retrieved from /home/airflow/.local/lib/python3.12/site-packages/airflow/example_dags/example_time_delta_sensor_async.py
[2024-05-24T14:49:26.347+0000] {logging_mixin.py:188} INFO - [2024-05-24T14:49:26.347+0000] {dag.py:3096} INFO - Sync 1 DAGs
[2024-05-24T14:49:26.369+0000] {logging_mixin.py:188} INFO - [2024-05-24T14:49:26.368+0000] {dag.py:3954} INFO - Setting next_dagrun for example_time_delta_sensor_async to None, run_after=None
[2024-05-24T14:49:26.389+0000] {processor.py:183} INFO - Processing /home/airflow/.local/lib/python3.12/site-packages/airflow/example_dags/example_time_delta_sensor_async.py took 0.085 seconds
[2024-05-24T15:48:51.753+0000] {processor.py:161} INFO - Started process (PID=88302) to work on /home/airflow/.local/lib/python3.12/site-packages/airflow/example_dags/example_time_delta_sensor_async.py
[2024-05-24T15:48:51.754+0000] {processor.py:830} INFO - Processing file /home/airflow/.local/lib/python3.12/site-packages/airflow/example_dags/example_time_delta_sensor_async.py for tasks to queue
[2024-05-24T15:48:51.755+0000] {logging_mixin.py:188} INFO - [2024-05-24T15:48:51.755+0000] {dagbag.py:545} INFO - Filling up the DagBag from /home/airflow/.local/lib/python3.12/site-packages/airflow/example_dags/example_time_delta_sensor_async.py
[2024-05-24T15:48:51.761+0000] {processor.py:840} INFO - DAG(s) 'example_time_delta_sensor_async' retrieved from /home/airflow/.local/lib/python3.12/site-packages/airflow/example_dags/example_time_delta_sensor_async.py
[2024-05-24T15:48:51.786+0000] {logging_mixin.py:188} INFO - [2024-05-24T15:48:51.786+0000] {dag.py:3096} INFO - Sync 1 DAGs
[2024-05-24T15:48:51.802+0000] {logging_mixin.py:188} INFO - [2024-05-24T15:48:51.802+0000] {dag.py:3954} INFO - Setting next_dagrun for example_time_delta_sensor_async to None, run_after=None
[2024-05-24T15:48:51.829+0000] {processor.py:183} INFO - Processing /home/airflow/.local/lib/python3.12/site-packages/airflow/example_dags/example_time_delta_sensor_async.py took 0.085 seconds
[2024-05-24T15:50:34.811+0000] {processor.py:161} INFO - Started process (PID=88361) to work on /home/airflow/.local/lib/python3.12/site-packages/airflow/example_dags/example_time_delta_sensor_async.py
[2024-05-24T15:50:34.813+0000] {processor.py:830} INFO - Processing file /home/airflow/.local/lib/python3.12/site-packages/airflow/example_dags/example_time_delta_sensor_async.py for tasks to queue
[2024-05-24T15:50:34.814+0000] {logging_mixin.py:188} INFO - [2024-05-24T15:50:34.813+0000] {dagbag.py:545} INFO - Filling up the DagBag from /home/airflow/.local/lib/python3.12/site-packages/airflow/example_dags/example_time_delta_sensor_async.py
[2024-05-24T15:50:34.820+0000] {processor.py:840} INFO - DAG(s) 'example_time_delta_sensor_async' retrieved from /home/airflow/.local/lib/python3.12/site-packages/airflow/example_dags/example_time_delta_sensor_async.py
[2024-05-24T15:50:34.846+0000] {logging_mixin.py:188} INFO - [2024-05-24T15:50:34.846+0000] {dag.py:3096} INFO - Sync 1 DAGs
[2024-05-24T15:50:34.861+0000] {logging_mixin.py:188} INFO - [2024-05-24T15:50:34.861+0000] {dag.py:3954} INFO - Setting next_dagrun for example_time_delta_sensor_async to None, run_after=None
[2024-05-24T15:50:34.882+0000] {processor.py:183} INFO - Processing /home/airflow/.local/lib/python3.12/site-packages/airflow/example_dags/example_time_delta_sensor_async.py took 0.078 seconds
[2024-05-24T16:51:42.429+0000] {processor.py:161} INFO - Started process (PID=88420) to work on /home/airflow/.local/lib/python3.12/site-packages/airflow/example_dags/example_time_delta_sensor_async.py
[2024-05-24T16:51:42.431+0000] {processor.py:830} INFO - Processing file /home/airflow/.local/lib/python3.12/site-packages/airflow/example_dags/example_time_delta_sensor_async.py for tasks to queue
[2024-05-24T16:51:42.433+0000] {logging_mixin.py:188} INFO - [2024-05-24T16:51:42.433+0000] {dagbag.py:545} INFO - Filling up the DagBag from /home/airflow/.local/lib/python3.12/site-packages/airflow/example_dags/example_time_delta_sensor_async.py
[2024-05-24T16:51:42.443+0000] {processor.py:840} INFO - DAG(s) 'example_time_delta_sensor_async' retrieved from /home/airflow/.local/lib/python3.12/site-packages/airflow/example_dags/example_time_delta_sensor_async.py
[2024-05-24T16:51:42.494+0000] {logging_mixin.py:188} INFO - [2024-05-24T16:51:42.494+0000] {dag.py:3096} INFO - Sync 1 DAGs
[2024-05-24T16:51:42.526+0000] {logging_mixin.py:188} INFO - [2024-05-24T16:51:42.526+0000] {dag.py:3954} INFO - Setting next_dagrun for example_time_delta_sensor_async to None, run_after=None
[2024-05-24T16:51:42.574+0000] {processor.py:183} INFO - Processing /home/airflow/.local/lib/python3.12/site-packages/airflow/example_dags/example_time_delta_sensor_async.py took 0.160 seconds
[2024-05-24T17:50:14.061+0000] {processor.py:161} INFO - Started process (PID=88478) to work on /home/airflow/.local/lib/python3.12/site-packages/airflow/example_dags/example_time_delta_sensor_async.py
[2024-05-24T17:50:14.063+0000] {processor.py:830} INFO - Processing file /home/airflow/.local/lib/python3.12/site-packages/airflow/example_dags/example_time_delta_sensor_async.py for tasks to queue
[2024-05-24T17:50:14.065+0000] {logging_mixin.py:188} INFO - [2024-05-24T17:50:14.065+0000] {dagbag.py:545} INFO - Filling up the DagBag from /home/airflow/.local/lib/python3.12/site-packages/airflow/example_dags/example_time_delta_sensor_async.py
[2024-05-24T17:50:14.071+0000] {processor.py:840} INFO - DAG(s) 'example_time_delta_sensor_async' retrieved from /home/airflow/.local/lib/python3.12/site-packages/airflow/example_dags/example_time_delta_sensor_async.py
[2024-05-24T17:50:14.096+0000] {logging_mixin.py:188} INFO - [2024-05-24T17:50:14.096+0000] {dag.py:3096} INFO - Sync 1 DAGs
[2024-05-24T17:50:14.113+0000] {logging_mixin.py:188} INFO - [2024-05-24T17:50:14.113+0000] {dag.py:3954} INFO - Setting next_dagrun for example_time_delta_sensor_async to None, run_after=None
[2024-05-24T17:50:14.134+0000] {processor.py:183} INFO - Processing /home/airflow/.local/lib/python3.12/site-packages/airflow/example_dags/example_time_delta_sensor_async.py took 0.080 seconds
[2024-05-24T17:50:44.691+0000] {processor.py:161} INFO - Started process (PID=88537) to work on /home/airflow/.local/lib/python3.12/site-packages/airflow/example_dags/example_time_delta_sensor_async.py
[2024-05-24T17:50:44.692+0000] {processor.py:830} INFO - Processing file /home/airflow/.local/lib/python3.12/site-packages/airflow/example_dags/example_time_delta_sensor_async.py for tasks to queue
[2024-05-24T17:50:44.693+0000] {logging_mixin.py:188} INFO - [2024-05-24T17:50:44.693+0000] {dagbag.py:545} INFO - Filling up the DagBag from /home/airflow/.local/lib/python3.12/site-packages/airflow/example_dags/example_time_delta_sensor_async.py
[2024-05-24T17:50:44.699+0000] {processor.py:840} INFO - DAG(s) 'example_time_delta_sensor_async' retrieved from /home/airflow/.local/lib/python3.12/site-packages/airflow/example_dags/example_time_delta_sensor_async.py
[2024-05-24T17:50:44.722+0000] {logging_mixin.py:188} INFO - [2024-05-24T17:50:44.722+0000] {dag.py:3096} INFO - Sync 1 DAGs
[2024-05-24T17:50:44.739+0000] {logging_mixin.py:188} INFO - [2024-05-24T17:50:44.738+0000] {dag.py:3954} INFO - Setting next_dagrun for example_time_delta_sensor_async to None, run_after=None
[2024-05-24T17:50:44.760+0000] {processor.py:183} INFO - Processing /home/airflow/.local/lib/python3.12/site-packages/airflow/example_dags/example_time_delta_sensor_async.py took 0.077 seconds
[2024-05-24T18:53:38.854+0000] {processor.py:161} INFO - Started process (PID=88596) to work on /home/airflow/.local/lib/python3.12/site-packages/airflow/example_dags/example_time_delta_sensor_async.py
[2024-05-24T18:53:38.856+0000] {processor.py:830} INFO - Processing file /home/airflow/.local/lib/python3.12/site-packages/airflow/example_dags/example_time_delta_sensor_async.py for tasks to queue
[2024-05-24T18:53:38.857+0000] {logging_mixin.py:188} INFO - [2024-05-24T18:53:38.856+0000] {dagbag.py:545} INFO - Filling up the DagBag from /home/airflow/.local/lib/python3.12/site-packages/airflow/example_dags/example_time_delta_sensor_async.py
[2024-05-24T18:53:38.861+0000] {processor.py:840} INFO - DAG(s) 'example_time_delta_sensor_async' retrieved from /home/airflow/.local/lib/python3.12/site-packages/airflow/example_dags/example_time_delta_sensor_async.py
[2024-05-24T18:53:38.888+0000] {logging_mixin.py:188} INFO - [2024-05-24T18:53:38.888+0000] {dag.py:3096} INFO - Sync 1 DAGs
[2024-05-24T18:53:38.902+0000] {logging_mixin.py:188} INFO - [2024-05-24T18:53:38.902+0000] {dag.py:3954} INFO - Setting next_dagrun for example_time_delta_sensor_async to None, run_after=None
[2024-05-24T18:53:38.925+0000] {processor.py:183} INFO - Processing /home/airflow/.local/lib/python3.12/site-packages/airflow/example_dags/example_time_delta_sensor_async.py took 0.077 seconds
[2024-05-24T19:53:32.437+0000] {processor.py:161} INFO - Started process (PID=88655) to work on /home/airflow/.local/lib/python3.12/site-packages/airflow/example_dags/example_time_delta_sensor_async.py
[2024-05-24T19:53:32.439+0000] {processor.py:830} INFO - Processing file /home/airflow/.local/lib/python3.12/site-packages/airflow/example_dags/example_time_delta_sensor_async.py for tasks to queue
[2024-05-24T19:53:32.440+0000] {logging_mixin.py:188} INFO - [2024-05-24T19:53:32.440+0000] {dagbag.py:545} INFO - Filling up the DagBag from /home/airflow/.local/lib/python3.12/site-packages/airflow/example_dags/example_time_delta_sensor_async.py
[2024-05-24T19:53:32.446+0000] {processor.py:840} INFO - DAG(s) 'example_time_delta_sensor_async' retrieved from /home/airflow/.local/lib/python3.12/site-packages/airflow/example_dags/example_time_delta_sensor_async.py
[2024-05-24T19:53:32.468+0000] {logging_mixin.py:188} INFO - [2024-05-24T19:53:32.467+0000] {dag.py:3096} INFO - Sync 1 DAGs
[2024-05-24T19:53:32.483+0000] {logging_mixin.py:188} INFO - [2024-05-24T19:53:32.482+0000] {dag.py:3954} INFO - Setting next_dagrun for example_time_delta_sensor_async to None, run_after=None
[2024-05-24T19:53:32.502+0000] {processor.py:183} INFO - Processing /home/airflow/.local/lib/python3.12/site-packages/airflow/example_dags/example_time_delta_sensor_async.py took 0.071 seconds
[2024-05-24T20:54:48.813+0000] {processor.py:161} INFO - Started process (PID=88720) to work on /home/airflow/.local/lib/python3.12/site-packages/airflow/example_dags/example_time_delta_sensor_async.py
[2024-05-24T20:54:48.817+0000] {processor.py:830} INFO - Processing file /home/airflow/.local/lib/python3.12/site-packages/airflow/example_dags/example_time_delta_sensor_async.py for tasks to queue
[2024-05-24T20:54:48.819+0000] {logging_mixin.py:188} INFO - [2024-05-24T20:54:48.819+0000] {dagbag.py:545} INFO - Filling up the DagBag from /home/airflow/.local/lib/python3.12/site-packages/airflow/example_dags/example_time_delta_sensor_async.py
[2024-05-24T20:54:48.837+0000] {processor.py:840} INFO - DAG(s) 'example_time_delta_sensor_async' retrieved from /home/airflow/.local/lib/python3.12/site-packages/airflow/example_dags/example_time_delta_sensor_async.py
[2024-05-24T20:54:48.890+0000] {logging_mixin.py:188} INFO - [2024-05-24T20:54:48.889+0000] {dag.py:3096} INFO - Sync 1 DAGs
[2024-05-24T20:54:48.909+0000] {logging_mixin.py:188} INFO - [2024-05-24T20:54:48.909+0000] {dag.py:3954} INFO - Setting next_dagrun for example_time_delta_sensor_async to None, run_after=None
[2024-05-24T20:54:48.930+0000] {processor.py:183} INFO - Processing /home/airflow/.local/lib/python3.12/site-packages/airflow/example_dags/example_time_delta_sensor_async.py took 0.144 seconds
[2024-05-24T21:55:52.684+0000] {processor.py:161} INFO - Started process (PID=88773) to work on /home/airflow/.local/lib/python3.12/site-packages/airflow/example_dags/example_time_delta_sensor_async.py
[2024-05-24T21:55:52.686+0000] {processor.py:830} INFO - Processing file /home/airflow/.local/lib/python3.12/site-packages/airflow/example_dags/example_time_delta_sensor_async.py for tasks to queue
[2024-05-24T21:55:52.689+0000] {logging_mixin.py:188} INFO - [2024-05-24T21:55:52.689+0000] {dagbag.py:545} INFO - Filling up the DagBag from /home/airflow/.local/lib/python3.12/site-packages/airflow/example_dags/example_time_delta_sensor_async.py
[2024-05-24T21:55:52.696+0000] {processor.py:840} INFO - DAG(s) 'example_time_delta_sensor_async' retrieved from /home/airflow/.local/lib/python3.12/site-packages/airflow/example_dags/example_time_delta_sensor_async.py
[2024-05-24T21:55:52.770+0000] {logging_mixin.py:188} INFO - [2024-05-24T21:55:52.770+0000] {dag.py:3096} INFO - Sync 1 DAGs
[2024-05-24T21:55:52.807+0000] {logging_mixin.py:188} INFO - [2024-05-24T21:55:52.807+0000] {dag.py:3954} INFO - Setting next_dagrun for example_time_delta_sensor_async to None, run_after=None
[2024-05-24T21:55:52.849+0000] {processor.py:183} INFO - Processing /home/airflow/.local/lib/python3.12/site-packages/airflow/example_dags/example_time_delta_sensor_async.py took 0.175 seconds
[2024-05-24T22:56:59.215+0000] {processor.py:161} INFO - Started process (PID=88832) to work on /home/airflow/.local/lib/python3.12/site-packages/airflow/example_dags/example_time_delta_sensor_async.py
[2024-05-24T22:56:59.217+0000] {processor.py:830} INFO - Processing file /home/airflow/.local/lib/python3.12/site-packages/airflow/example_dags/example_time_delta_sensor_async.py for tasks to queue
[2024-05-24T22:56:59.220+0000] {logging_mixin.py:188} INFO - [2024-05-24T22:56:59.220+0000] {dagbag.py:545} INFO - Filling up the DagBag from /home/airflow/.local/lib/python3.12/site-packages/airflow/example_dags/example_time_delta_sensor_async.py
[2024-05-24T22:56:59.226+0000] {processor.py:840} INFO - DAG(s) 'example_time_delta_sensor_async' retrieved from /home/airflow/.local/lib/python3.12/site-packages/airflow/example_dags/example_time_delta_sensor_async.py
[2024-05-24T22:56:59.249+0000] {logging_mixin.py:188} INFO - [2024-05-24T22:56:59.249+0000] {dag.py:3096} INFO - Sync 1 DAGs
[2024-05-24T22:56:59.267+0000] {logging_mixin.py:188} INFO - [2024-05-24T22:56:59.267+0000] {dag.py:3954} INFO - Setting next_dagrun for example_time_delta_sensor_async to None, run_after=None
[2024-05-24T22:56:59.288+0000] {processor.py:183} INFO - Processing /home/airflow/.local/lib/python3.12/site-packages/airflow/example_dags/example_time_delta_sensor_async.py took 0.079 seconds
