[2024-05-24T00:10:46.119+0000] {processor.py:161} INFO - Started process (PID=87426) to work on /home/airflow/.local/lib/python3.12/site-packages/airflow/example_dags/example_display_name.py
[2024-05-24T00:10:46.120+0000] {processor.py:830} INFO - Processing file /home/airflow/.local/lib/python3.12/site-packages/airflow/example_dags/example_display_name.py for tasks to queue
[2024-05-24T00:10:46.122+0000] {logging_mixin.py:188} INFO - [2024-05-24T00:10:46.121+0000] {dagbag.py:545} INFO - Filling up the DagBag from /home/airflow/.local/lib/python3.12/site-packages/airflow/example_dags/example_display_name.py
[2024-05-24T00:10:46.129+0000] {processor.py:840} INFO - DAG(s) 'example_display_name' retrieved from /home/airflow/.local/lib/python3.12/site-packages/airflow/example_dags/example_display_name.py
[2024-05-24T00:10:46.172+0000] {logging_mixin.py:188} INFO - [2024-05-24T00:10:46.172+0000] {dag.py:3096} INFO - Sync 1 DAGs
[2024-05-24T00:10:46.190+0000] {logging_mixin.py:188} INFO - [2024-05-24T00:10:46.190+0000] {dag.py:3954} INFO - Setting next_dagrun for example_display_name to None, run_after=None
[2024-05-24T00:10:46.221+0000] {processor.py:183} INFO - Processing /home/airflow/.local/lib/python3.12/site-packages/airflow/example_dags/example_display_name.py took 0.109 seconds
[2024-05-24T03:15:03.923+0000] {processor.py:161} INFO - Started process (PID=87485) to work on /home/airflow/.local/lib/python3.12/site-packages/airflow/example_dags/example_display_name.py
[2024-05-24T03:15:03.924+0000] {processor.py:830} INFO - Processing file /home/airflow/.local/lib/python3.12/site-packages/airflow/example_dags/example_display_name.py for tasks to queue
[2024-05-24T03:15:03.925+0000] {logging_mixin.py:188} INFO - [2024-05-24T03:15:03.925+0000] {dagbag.py:545} INFO - Filling up the DagBag from /home/airflow/.local/lib/python3.12/site-packages/airflow/example_dags/example_display_name.py
[2024-05-24T03:15:03.932+0000] {processor.py:840} INFO - DAG(s) 'example_display_name' retrieved from /home/airflow/.local/lib/python3.12/site-packages/airflow/example_dags/example_display_name.py
[2024-05-24T03:15:03.954+0000] {logging_mixin.py:188} INFO - [2024-05-24T03:15:03.953+0000] {dag.py:3096} INFO - Sync 1 DAGs
[2024-05-24T03:15:03.969+0000] {logging_mixin.py:188} INFO - [2024-05-24T03:15:03.969+0000] {dag.py:3954} INFO - Setting next_dagrun for example_display_name to None, run_after=None
[2024-05-24T03:15:03.991+0000] {processor.py:183} INFO - Processing /home/airflow/.local/lib/python3.12/site-packages/airflow/example_dags/example_display_name.py took 0.076 seconds
[2024-05-24T05:04:13.376+0000] {processor.py:161} INFO - Started process (PID=87544) to work on /home/airflow/.local/lib/python3.12/site-packages/airflow/example_dags/example_display_name.py
[2024-05-24T05:04:13.378+0000] {processor.py:830} INFO - Processing file /home/airflow/.local/lib/python3.12/site-packages/airflow/example_dags/example_display_name.py for tasks to queue
[2024-05-24T05:04:13.379+0000] {logging_mixin.py:188} INFO - [2024-05-24T05:04:13.379+0000] {dagbag.py:545} INFO - Filling up the DagBag from /home/airflow/.local/lib/python3.12/site-packages/airflow/example_dags/example_display_name.py
[2024-05-24T05:04:13.388+0000] {processor.py:840} INFO - DAG(s) 'example_display_name' retrieved from /home/airflow/.local/lib/python3.12/site-packages/airflow/example_dags/example_display_name.py
[2024-05-24T05:04:13.414+0000] {logging_mixin.py:188} INFO - [2024-05-24T05:04:13.413+0000] {dag.py:3096} INFO - Sync 1 DAGs
[2024-05-24T05:04:13.432+0000] {logging_mixin.py:188} INFO - [2024-05-24T05:04:13.431+0000] {dag.py:3954} INFO - Setting next_dagrun for example_display_name to None, run_after=None
[2024-05-24T05:04:13.452+0000] {processor.py:183} INFO - Processing /home/airflow/.local/lib/python3.12/site-packages/airflow/example_dags/example_display_name.py took 0.085 seconds
[2024-05-24T05:06:19.486+0000] {processor.py:161} INFO - Started process (PID=87603) to work on /home/airflow/.local/lib/python3.12/site-packages/airflow/example_dags/example_display_name.py
[2024-05-24T05:06:19.487+0000] {processor.py:830} INFO - Processing file /home/airflow/.local/lib/python3.12/site-packages/airflow/example_dags/example_display_name.py for tasks to queue
[2024-05-24T05:06:19.488+0000] {logging_mixin.py:188} INFO - [2024-05-24T05:06:19.488+0000] {dagbag.py:545} INFO - Filling up the DagBag from /home/airflow/.local/lib/python3.12/site-packages/airflow/example_dags/example_display_name.py
[2024-05-24T05:06:19.494+0000] {processor.py:840} INFO - DAG(s) 'example_display_name' retrieved from /home/airflow/.local/lib/python3.12/site-packages/airflow/example_dags/example_display_name.py
[2024-05-24T05:06:19.518+0000] {logging_mixin.py:188} INFO - [2024-05-24T05:06:19.518+0000] {dag.py:3096} INFO - Sync 1 DAGs
[2024-05-24T05:06:19.535+0000] {logging_mixin.py:188} INFO - [2024-05-24T05:06:19.534+0000] {dag.py:3954} INFO - Setting next_dagrun for example_display_name to None, run_after=None
[2024-05-24T05:06:19.555+0000] {processor.py:183} INFO - Processing /home/airflow/.local/lib/python3.12/site-packages/airflow/example_dags/example_display_name.py took 0.077 seconds
[2024-05-24T05:40:30.766+0000] {processor.py:161} INFO - Started process (PID=87662) to work on /home/airflow/.local/lib/python3.12/site-packages/airflow/example_dags/example_display_name.py
[2024-05-24T05:40:30.767+0000] {processor.py:830} INFO - Processing file /home/airflow/.local/lib/python3.12/site-packages/airflow/example_dags/example_display_name.py for tasks to queue
[2024-05-24T05:40:30.768+0000] {logging_mixin.py:188} INFO - [2024-05-24T05:40:30.768+0000] {dagbag.py:545} INFO - Filling up the DagBag from /home/airflow/.local/lib/python3.12/site-packages/airflow/example_dags/example_display_name.py
[2024-05-24T05:40:30.775+0000] {processor.py:840} INFO - DAG(s) 'example_display_name' retrieved from /home/airflow/.local/lib/python3.12/site-packages/airflow/example_dags/example_display_name.py
[2024-05-24T05:40:30.800+0000] {logging_mixin.py:188} INFO - [2024-05-24T05:40:30.799+0000] {dag.py:3096} INFO - Sync 1 DAGs
[2024-05-24T05:40:30.817+0000] {logging_mixin.py:188} INFO - [2024-05-24T05:40:30.817+0000] {dag.py:3954} INFO - Setting next_dagrun for example_display_name to None, run_after=None
[2024-05-24T05:40:30.839+0000] {processor.py:183} INFO - Processing /home/airflow/.local/lib/python3.12/site-packages/airflow/example_dags/example_display_name.py took 0.080 seconds
[2024-05-24T06:37:02.078+0000] {processor.py:161} INFO - Started process (PID=87727) to work on /home/airflow/.local/lib/python3.12/site-packages/airflow/example_dags/example_display_name.py
[2024-05-24T06:37:02.095+0000] {processor.py:830} INFO - Processing file /home/airflow/.local/lib/python3.12/site-packages/airflow/example_dags/example_display_name.py for tasks to queue
[2024-05-24T06:37:02.097+0000] {logging_mixin.py:188} INFO - [2024-05-24T06:37:02.097+0000] {dagbag.py:545} INFO - Filling up the DagBag from /home/airflow/.local/lib/python3.12/site-packages/airflow/example_dags/example_display_name.py
[2024-05-24T06:37:02.118+0000] {processor.py:840} INFO - DAG(s) 'example_display_name' retrieved from /home/airflow/.local/lib/python3.12/site-packages/airflow/example_dags/example_display_name.py
[2024-05-24T06:37:02.157+0000] {logging_mixin.py:188} INFO - [2024-05-24T06:37:02.157+0000] {dag.py:3096} INFO - Sync 1 DAGs
[2024-05-24T06:37:02.173+0000] {logging_mixin.py:188} INFO - [2024-05-24T06:37:02.172+0000] {dag.py:3954} INFO - Setting next_dagrun for example_display_name to None, run_after=None
[2024-05-24T06:37:02.194+0000] {processor.py:183} INFO - Processing /home/airflow/.local/lib/python3.12/site-packages/airflow/example_dags/example_display_name.py took 0.156 seconds
[2024-05-24T07:35:43.925+0000] {processor.py:161} INFO - Started process (PID=87795) to work on /home/airflow/.local/lib/python3.12/site-packages/airflow/example_dags/example_display_name.py
[2024-05-24T07:35:43.926+0000] {processor.py:830} INFO - Processing file /home/airflow/.local/lib/python3.12/site-packages/airflow/example_dags/example_display_name.py for tasks to queue
[2024-05-24T07:35:43.927+0000] {logging_mixin.py:188} INFO - [2024-05-24T07:35:43.927+0000] {dagbag.py:545} INFO - Filling up the DagBag from /home/airflow/.local/lib/python3.12/site-packages/airflow/example_dags/example_display_name.py
[2024-05-24T07:35:43.934+0000] {processor.py:840} INFO - DAG(s) 'example_display_name' retrieved from /home/airflow/.local/lib/python3.12/site-packages/airflow/example_dags/example_display_name.py
[2024-05-24T07:35:43.957+0000] {logging_mixin.py:188} INFO - [2024-05-24T07:35:43.956+0000] {dag.py:3096} INFO - Sync 1 DAGs
[2024-05-24T07:35:43.972+0000] {logging_mixin.py:188} INFO - [2024-05-24T07:35:43.972+0000] {dag.py:3954} INFO - Setting next_dagrun for example_display_name to None, run_after=None
[2024-05-24T07:35:43.991+0000] {processor.py:183} INFO - Processing /home/airflow/.local/lib/python3.12/site-packages/airflow/example_dags/example_display_name.py took 0.074 seconds
[2024-05-24T07:41:39.082+0000] {processor.py:161} INFO - Started process (PID=87854) to work on /home/airflow/.local/lib/python3.12/site-packages/airflow/example_dags/example_display_name.py
[2024-05-24T07:41:39.084+0000] {processor.py:830} INFO - Processing file /home/airflow/.local/lib/python3.12/site-packages/airflow/example_dags/example_display_name.py for tasks to queue
[2024-05-24T07:41:39.085+0000] {logging_mixin.py:188} INFO - [2024-05-24T07:41:39.085+0000] {dagbag.py:545} INFO - Filling up the DagBag from /home/airflow/.local/lib/python3.12/site-packages/airflow/example_dags/example_display_name.py
[2024-05-24T07:41:39.092+0000] {processor.py:840} INFO - DAG(s) 'example_display_name' retrieved from /home/airflow/.local/lib/python3.12/site-packages/airflow/example_dags/example_display_name.py
[2024-05-24T07:41:39.117+0000] {logging_mixin.py:188} INFO - [2024-05-24T07:41:39.117+0000] {dag.py:3096} INFO - Sync 1 DAGs
[2024-05-24T07:41:39.133+0000] {logging_mixin.py:188} INFO - [2024-05-24T07:41:39.133+0000] {dag.py:3954} INFO - Setting next_dagrun for example_display_name to None, run_after=None
[2024-05-24T07:41:39.157+0000] {processor.py:183} INFO - Processing /home/airflow/.local/lib/python3.12/site-packages/airflow/example_dags/example_display_name.py took 0.082 seconds
[2024-05-24T08:42:35.423+0000] {processor.py:161} INFO - Started process (PID=87913) to work on /home/airflow/.local/lib/python3.12/site-packages/airflow/example_dags/example_display_name.py
[2024-05-24T08:42:35.425+0000] {processor.py:830} INFO - Processing file /home/airflow/.local/lib/python3.12/site-packages/airflow/example_dags/example_display_name.py for tasks to queue
[2024-05-24T08:42:35.427+0000] {logging_mixin.py:188} INFO - [2024-05-24T08:42:35.427+0000] {dagbag.py:545} INFO - Filling up the DagBag from /home/airflow/.local/lib/python3.12/site-packages/airflow/example_dags/example_display_name.py
[2024-05-24T08:42:35.436+0000] {processor.py:840} INFO - DAG(s) 'example_display_name' retrieved from /home/airflow/.local/lib/python3.12/site-packages/airflow/example_dags/example_display_name.py
[2024-05-24T08:42:35.460+0000] {logging_mixin.py:188} INFO - [2024-05-24T08:42:35.460+0000] {dag.py:3096} INFO - Sync 1 DAGs
[2024-05-24T08:42:35.476+0000] {logging_mixin.py:188} INFO - [2024-05-24T08:42:35.476+0000] {dag.py:3954} INFO - Setting next_dagrun for example_display_name to None, run_after=None
[2024-05-24T08:42:35.495+0000] {processor.py:183} INFO - Processing /home/airflow/.local/lib/python3.12/site-packages/airflow/example_dags/example_display_name.py took 0.080 seconds
[2024-05-24T09:43:47.503+0000] {processor.py:161} INFO - Started process (PID=87971) to work on /home/airflow/.local/lib/python3.12/site-packages/airflow/example_dags/example_display_name.py
[2024-05-24T09:43:47.506+0000] {processor.py:830} INFO - Processing file /home/airflow/.local/lib/python3.12/site-packages/airflow/example_dags/example_display_name.py for tasks to queue
[2024-05-24T09:43:47.508+0000] {logging_mixin.py:188} INFO - [2024-05-24T09:43:47.507+0000] {dagbag.py:545} INFO - Filling up the DagBag from /home/airflow/.local/lib/python3.12/site-packages/airflow/example_dags/example_display_name.py
[2024-05-24T09:43:47.515+0000] {processor.py:840} INFO - DAG(s) 'example_display_name' retrieved from /home/airflow/.local/lib/python3.12/site-packages/airflow/example_dags/example_display_name.py
[2024-05-24T09:43:47.539+0000] {logging_mixin.py:188} INFO - [2024-05-24T09:43:47.538+0000] {dag.py:3096} INFO - Sync 1 DAGs
[2024-05-24T09:43:47.560+0000] {logging_mixin.py:188} INFO - [2024-05-24T09:43:47.560+0000] {dag.py:3954} INFO - Setting next_dagrun for example_display_name to None, run_after=None
[2024-05-24T09:43:47.581+0000] {processor.py:183} INFO - Processing /home/airflow/.local/lib/python3.12/site-packages/airflow/example_dags/example_display_name.py took 0.086 seconds
[2024-05-24T10:44:56.563+0000] {processor.py:161} INFO - Started process (PID=88030) to work on /home/airflow/.local/lib/python3.12/site-packages/airflow/example_dags/example_display_name.py
[2024-05-24T10:44:56.565+0000] {processor.py:830} INFO - Processing file /home/airflow/.local/lib/python3.12/site-packages/airflow/example_dags/example_display_name.py for tasks to queue
[2024-05-24T10:44:56.566+0000] {logging_mixin.py:188} INFO - [2024-05-24T10:44:56.566+0000] {dagbag.py:545} INFO - Filling up the DagBag from /home/airflow/.local/lib/python3.12/site-packages/airflow/example_dags/example_display_name.py
[2024-05-24T10:44:56.573+0000] {processor.py:840} INFO - DAG(s) 'example_display_name' retrieved from /home/airflow/.local/lib/python3.12/site-packages/airflow/example_dags/example_display_name.py
[2024-05-24T10:44:56.596+0000] {logging_mixin.py:188} INFO - [2024-05-24T10:44:56.596+0000] {dag.py:3096} INFO - Sync 1 DAGs
[2024-05-24T10:44:56.612+0000] {logging_mixin.py:188} INFO - [2024-05-24T10:44:56.611+0000] {dag.py:3954} INFO - Setting next_dagrun for example_display_name to None, run_after=None
[2024-05-24T10:44:56.631+0000] {processor.py:183} INFO - Processing /home/airflow/.local/lib/python3.12/site-packages/airflow/example_dags/example_display_name.py took 0.074 seconds
[2024-05-24T11:46:05.185+0000] {processor.py:161} INFO - Started process (PID=88089) to work on /home/airflow/.local/lib/python3.12/site-packages/airflow/example_dags/example_display_name.py
[2024-05-24T11:46:05.195+0000] {processor.py:830} INFO - Processing file /home/airflow/.local/lib/python3.12/site-packages/airflow/example_dags/example_display_name.py for tasks to queue
[2024-05-24T11:46:05.199+0000] {logging_mixin.py:188} INFO - [2024-05-24T11:46:05.195+0000] {dagbag.py:545} INFO - Filling up the DagBag from /home/airflow/.local/lib/python3.12/site-packages/airflow/example_dags/example_display_name.py
[2024-05-24T11:46:05.227+0000] {processor.py:840} INFO - DAG(s) 'example_display_name' retrieved from /home/airflow/.local/lib/python3.12/site-packages/airflow/example_dags/example_display_name.py
[2024-05-24T11:46:05.370+0000] {logging_mixin.py:188} INFO - [2024-05-24T11:46:05.370+0000] {dag.py:3096} INFO - Sync 1 DAGs
[2024-05-24T11:46:05.443+0000] {logging_mixin.py:188} INFO - [2024-05-24T11:46:05.443+0000] {dag.py:3954} INFO - Setting next_dagrun for example_display_name to None, run_after=None
[2024-05-24T11:46:05.511+0000] {processor.py:183} INFO - Processing /home/airflow/.local/lib/python3.12/site-packages/airflow/example_dags/example_display_name.py took 0.356 seconds
[2024-05-24T12:47:08.631+0000] {processor.py:161} INFO - Started process (PID=88148) to work on /home/airflow/.local/lib/python3.12/site-packages/airflow/example_dags/example_display_name.py
[2024-05-24T12:47:08.633+0000] {processor.py:830} INFO - Processing file /home/airflow/.local/lib/python3.12/site-packages/airflow/example_dags/example_display_name.py for tasks to queue
[2024-05-24T12:47:08.635+0000] {logging_mixin.py:188} INFO - [2024-05-24T12:47:08.634+0000] {dagbag.py:545} INFO - Filling up the DagBag from /home/airflow/.local/lib/python3.12/site-packages/airflow/example_dags/example_display_name.py
[2024-05-24T12:47:08.643+0000] {processor.py:840} INFO - DAG(s) 'example_display_name' retrieved from /home/airflow/.local/lib/python3.12/site-packages/airflow/example_dags/example_display_name.py
[2024-05-24T12:47:08.666+0000] {logging_mixin.py:188} INFO - [2024-05-24T12:47:08.666+0000] {dag.py:3096} INFO - Sync 1 DAGs
[2024-05-24T12:47:08.683+0000] {logging_mixin.py:188} INFO - [2024-05-24T12:47:08.682+0000] {dag.py:3954} INFO - Setting next_dagrun for example_display_name to None, run_after=None
[2024-05-24T12:47:08.708+0000] {processor.py:183} INFO - Processing /home/airflow/.local/lib/python3.12/site-packages/airflow/example_dags/example_display_name.py took 0.085 seconds
[2024-05-24T13:48:17.502+0000] {processor.py:161} INFO - Started process (PID=88207) to work on /home/airflow/.local/lib/python3.12/site-packages/airflow/example_dags/example_display_name.py
[2024-05-24T13:48:17.503+0000] {processor.py:830} INFO - Processing file /home/airflow/.local/lib/python3.12/site-packages/airflow/example_dags/example_display_name.py for tasks to queue
[2024-05-24T13:48:17.504+0000] {logging_mixin.py:188} INFO - [2024-05-24T13:48:17.504+0000] {dagbag.py:545} INFO - Filling up the DagBag from /home/airflow/.local/lib/python3.12/site-packages/airflow/example_dags/example_display_name.py
[2024-05-24T13:48:17.511+0000] {processor.py:840} INFO - DAG(s) 'example_display_name' retrieved from /home/airflow/.local/lib/python3.12/site-packages/airflow/example_dags/example_display_name.py
[2024-05-24T13:48:17.533+0000] {logging_mixin.py:188} INFO - [2024-05-24T13:48:17.533+0000] {dag.py:3096} INFO - Sync 1 DAGs
[2024-05-24T13:48:17.549+0000] {logging_mixin.py:188} INFO - [2024-05-24T13:48:17.548+0000] {dag.py:3954} INFO - Setting next_dagrun for example_display_name to None, run_after=None
[2024-05-24T13:48:17.568+0000] {processor.py:183} INFO - Processing /home/airflow/.local/lib/python3.12/site-packages/airflow/example_dags/example_display_name.py took 0.073 seconds
[2024-05-24T14:49:27.490+0000] {processor.py:161} INFO - Started process (PID=88266) to work on /home/airflow/.local/lib/python3.12/site-packages/airflow/example_dags/example_display_name.py
[2024-05-24T14:49:27.491+0000] {processor.py:830} INFO - Processing file /home/airflow/.local/lib/python3.12/site-packages/airflow/example_dags/example_display_name.py for tasks to queue
[2024-05-24T14:49:27.492+0000] {logging_mixin.py:188} INFO - [2024-05-24T14:49:27.492+0000] {dagbag.py:545} INFO - Filling up the DagBag from /home/airflow/.local/lib/python3.12/site-packages/airflow/example_dags/example_display_name.py
[2024-05-24T14:49:27.508+0000] {processor.py:840} INFO - DAG(s) 'example_display_name' retrieved from /home/airflow/.local/lib/python3.12/site-packages/airflow/example_dags/example_display_name.py
[2024-05-24T14:49:27.540+0000] {logging_mixin.py:188} INFO - [2024-05-24T14:49:27.539+0000] {dag.py:3096} INFO - Sync 1 DAGs
[2024-05-24T14:49:27.557+0000] {logging_mixin.py:188} INFO - [2024-05-24T14:49:27.557+0000] {dag.py:3954} INFO - Setting next_dagrun for example_display_name to None, run_after=None
[2024-05-24T14:49:27.593+0000] {processor.py:183} INFO - Processing /home/airflow/.local/lib/python3.12/site-packages/airflow/example_dags/example_display_name.py took 0.119 seconds
[2024-05-24T15:48:52.926+0000] {processor.py:161} INFO - Started process (PID=88319) to work on /home/airflow/.local/lib/python3.12/site-packages/airflow/example_dags/example_display_name.py
[2024-05-24T15:48:52.927+0000] {processor.py:830} INFO - Processing file /home/airflow/.local/lib/python3.12/site-packages/airflow/example_dags/example_display_name.py for tasks to queue
[2024-05-24T15:48:52.928+0000] {logging_mixin.py:188} INFO - [2024-05-24T15:48:52.928+0000] {dagbag.py:545} INFO - Filling up the DagBag from /home/airflow/.local/lib/python3.12/site-packages/airflow/example_dags/example_display_name.py
[2024-05-24T15:48:52.935+0000] {processor.py:840} INFO - DAG(s) 'example_display_name' retrieved from /home/airflow/.local/lib/python3.12/site-packages/airflow/example_dags/example_display_name.py
[2024-05-24T15:48:52.963+0000] {logging_mixin.py:188} INFO - [2024-05-24T15:48:52.962+0000] {dag.py:3096} INFO - Sync 1 DAGs
[2024-05-24T15:48:52.981+0000] {logging_mixin.py:188} INFO - [2024-05-24T15:48:52.981+0000] {dag.py:3954} INFO - Setting next_dagrun for example_display_name to None, run_after=None
[2024-05-24T15:48:53.001+0000] {processor.py:183} INFO - Processing /home/airflow/.local/lib/python3.12/site-packages/airflow/example_dags/example_display_name.py took 0.089 seconds
[2024-05-24T15:50:36.141+0000] {processor.py:161} INFO - Started process (PID=88384) to work on /home/airflow/.local/lib/python3.12/site-packages/airflow/example_dags/example_display_name.py
[2024-05-24T15:50:36.146+0000] {processor.py:830} INFO - Processing file /home/airflow/.local/lib/python3.12/site-packages/airflow/example_dags/example_display_name.py for tasks to queue
[2024-05-24T15:50:36.148+0000] {logging_mixin.py:188} INFO - [2024-05-24T15:50:36.147+0000] {dagbag.py:545} INFO - Filling up the DagBag from /home/airflow/.local/lib/python3.12/site-packages/airflow/example_dags/example_display_name.py
[2024-05-24T15:50:36.156+0000] {processor.py:840} INFO - DAG(s) 'example_display_name' retrieved from /home/airflow/.local/lib/python3.12/site-packages/airflow/example_dags/example_display_name.py
[2024-05-24T15:50:36.206+0000] {logging_mixin.py:188} INFO - [2024-05-24T15:50:36.206+0000] {dag.py:3096} INFO - Sync 1 DAGs
[2024-05-24T15:50:36.224+0000] {logging_mixin.py:188} INFO - [2024-05-24T15:50:36.223+0000] {dag.py:3954} INFO - Setting next_dagrun for example_display_name to None, run_after=None
[2024-05-24T15:50:36.244+0000] {processor.py:183} INFO - Processing /home/airflow/.local/lib/python3.12/site-packages/airflow/example_dags/example_display_name.py took 0.116 seconds
[2024-05-24T16:51:46.485+0000] {processor.py:161} INFO - Started process (PID=88442) to work on /home/airflow/.local/lib/python3.12/site-packages/airflow/example_dags/example_display_name.py
[2024-05-24T16:51:46.486+0000] {processor.py:830} INFO - Processing file /home/airflow/.local/lib/python3.12/site-packages/airflow/example_dags/example_display_name.py for tasks to queue
[2024-05-24T16:51:46.488+0000] {logging_mixin.py:188} INFO - [2024-05-24T16:51:46.488+0000] {dagbag.py:545} INFO - Filling up the DagBag from /home/airflow/.local/lib/python3.12/site-packages/airflow/example_dags/example_display_name.py
[2024-05-24T16:51:46.508+0000] {processor.py:840} INFO - DAG(s) 'example_display_name' retrieved from /home/airflow/.local/lib/python3.12/site-packages/airflow/example_dags/example_display_name.py
[2024-05-24T16:51:46.574+0000] {logging_mixin.py:188} INFO - [2024-05-24T16:51:46.569+0000] {dag.py:3096} INFO - Sync 1 DAGs
[2024-05-24T16:51:46.669+0000] {logging_mixin.py:188} INFO - [2024-05-24T16:51:46.669+0000] {dag.py:3954} INFO - Setting next_dagrun for example_display_name to None, run_after=None
[2024-05-24T16:51:46.797+0000] {processor.py:183} INFO - Processing /home/airflow/.local/lib/python3.12/site-packages/airflow/example_dags/example_display_name.py took 0.335 seconds
[2024-05-24T17:50:15.213+0000] {processor.py:161} INFO - Started process (PID=88495) to work on /home/airflow/.local/lib/python3.12/site-packages/airflow/example_dags/example_display_name.py
[2024-05-24T17:50:15.214+0000] {processor.py:830} INFO - Processing file /home/airflow/.local/lib/python3.12/site-packages/airflow/example_dags/example_display_name.py for tasks to queue
[2024-05-24T17:50:15.215+0000] {logging_mixin.py:188} INFO - [2024-05-24T17:50:15.215+0000] {dagbag.py:545} INFO - Filling up the DagBag from /home/airflow/.local/lib/python3.12/site-packages/airflow/example_dags/example_display_name.py
[2024-05-24T17:50:15.222+0000] {processor.py:840} INFO - DAG(s) 'example_display_name' retrieved from /home/airflow/.local/lib/python3.12/site-packages/airflow/example_dags/example_display_name.py
[2024-05-24T17:50:15.245+0000] {logging_mixin.py:188} INFO - [2024-05-24T17:50:15.245+0000] {dag.py:3096} INFO - Sync 1 DAGs
[2024-05-24T17:50:15.260+0000] {logging_mixin.py:188} INFO - [2024-05-24T17:50:15.260+0000] {dag.py:3954} INFO - Setting next_dagrun for example_display_name to None, run_after=None
[2024-05-24T17:50:15.279+0000] {processor.py:183} INFO - Processing /home/airflow/.local/lib/python3.12/site-packages/airflow/example_dags/example_display_name.py took 0.073 seconds
[2024-05-24T17:50:45.769+0000] {processor.py:161} INFO - Started process (PID=88554) to work on /home/airflow/.local/lib/python3.12/site-packages/airflow/example_dags/example_display_name.py
[2024-05-24T17:50:45.771+0000] {processor.py:830} INFO - Processing file /home/airflow/.local/lib/python3.12/site-packages/airflow/example_dags/example_display_name.py for tasks to queue
[2024-05-24T17:50:45.772+0000] {logging_mixin.py:188} INFO - [2024-05-24T17:50:45.771+0000] {dagbag.py:545} INFO - Filling up the DagBag from /home/airflow/.local/lib/python3.12/site-packages/airflow/example_dags/example_display_name.py
[2024-05-24T17:50:45.778+0000] {processor.py:840} INFO - DAG(s) 'example_display_name' retrieved from /home/airflow/.local/lib/python3.12/site-packages/airflow/example_dags/example_display_name.py
[2024-05-24T17:50:45.802+0000] {logging_mixin.py:188} INFO - [2024-05-24T17:50:45.801+0000] {dag.py:3096} INFO - Sync 1 DAGs
[2024-05-24T17:50:45.821+0000] {logging_mixin.py:188} INFO - [2024-05-24T17:50:45.821+0000] {dag.py:3954} INFO - Setting next_dagrun for example_display_name to None, run_after=None
[2024-05-24T17:50:45.842+0000] {processor.py:183} INFO - Processing /home/airflow/.local/lib/python3.12/site-packages/airflow/example_dags/example_display_name.py took 0.080 seconds
[2024-05-24T18:53:40.391+0000] {processor.py:161} INFO - Started process (PID=88619) to work on /home/airflow/.local/lib/python3.12/site-packages/airflow/example_dags/example_display_name.py
[2024-05-24T18:53:40.402+0000] {processor.py:830} INFO - Processing file /home/airflow/.local/lib/python3.12/site-packages/airflow/example_dags/example_display_name.py for tasks to queue
[2024-05-24T18:53:40.404+0000] {logging_mixin.py:188} INFO - [2024-05-24T18:53:40.404+0000] {dagbag.py:545} INFO - Filling up the DagBag from /home/airflow/.local/lib/python3.12/site-packages/airflow/example_dags/example_display_name.py
[2024-05-24T18:53:40.415+0000] {processor.py:840} INFO - DAG(s) 'example_display_name' retrieved from /home/airflow/.local/lib/python3.12/site-packages/airflow/example_dags/example_display_name.py
[2024-05-24T18:53:40.442+0000] {logging_mixin.py:188} INFO - [2024-05-24T18:53:40.442+0000] {dag.py:3096} INFO - Sync 1 DAGs
[2024-05-24T18:53:40.474+0000] {logging_mixin.py:188} INFO - [2024-05-24T18:53:40.474+0000] {dag.py:3954} INFO - Setting next_dagrun for example_display_name to None, run_after=None
[2024-05-24T18:53:40.546+0000] {processor.py:183} INFO - Processing /home/airflow/.local/lib/python3.12/site-packages/airflow/example_dags/example_display_name.py took 0.162 seconds
[2024-05-24T19:53:33.595+0000] {processor.py:161} INFO - Started process (PID=88672) to work on /home/airflow/.local/lib/python3.12/site-packages/airflow/example_dags/example_display_name.py
[2024-05-24T19:53:33.597+0000] {processor.py:830} INFO - Processing file /home/airflow/.local/lib/python3.12/site-packages/airflow/example_dags/example_display_name.py for tasks to queue
[2024-05-24T19:53:33.599+0000] {logging_mixin.py:188} INFO - [2024-05-24T19:53:33.598+0000] {dagbag.py:545} INFO - Filling up the DagBag from /home/airflow/.local/lib/python3.12/site-packages/airflow/example_dags/example_display_name.py
[2024-05-24T19:53:33.608+0000] {processor.py:840} INFO - DAG(s) 'example_display_name' retrieved from /home/airflow/.local/lib/python3.12/site-packages/airflow/example_dags/example_display_name.py
[2024-05-24T19:53:33.637+0000] {logging_mixin.py:188} INFO - [2024-05-24T19:53:33.637+0000] {dag.py:3096} INFO - Sync 1 DAGs
[2024-05-24T19:53:33.653+0000] {logging_mixin.py:188} INFO - [2024-05-24T19:53:33.653+0000] {dag.py:3954} INFO - Setting next_dagrun for example_display_name to None, run_after=None
[2024-05-24T19:53:33.672+0000] {processor.py:183} INFO - Processing /home/airflow/.local/lib/python3.12/site-packages/airflow/example_dags/example_display_name.py took 0.085 seconds
[2024-05-24T20:54:50.235+0000] {processor.py:161} INFO - Started process (PID=88737) to work on /home/airflow/.local/lib/python3.12/site-packages/airflow/example_dags/example_display_name.py
[2024-05-24T20:54:50.239+0000] {processor.py:830} INFO - Processing file /home/airflow/.local/lib/python3.12/site-packages/airflow/example_dags/example_display_name.py for tasks to queue
[2024-05-24T20:54:50.240+0000] {logging_mixin.py:188} INFO - [2024-05-24T20:54:50.240+0000] {dagbag.py:545} INFO - Filling up the DagBag from /home/airflow/.local/lib/python3.12/site-packages/airflow/example_dags/example_display_name.py
[2024-05-24T20:54:50.247+0000] {processor.py:840} INFO - DAG(s) 'example_display_name' retrieved from /home/airflow/.local/lib/python3.12/site-packages/airflow/example_dags/example_display_name.py
[2024-05-24T20:54:50.270+0000] {logging_mixin.py:188} INFO - [2024-05-24T20:54:50.270+0000] {dag.py:3096} INFO - Sync 1 DAGs
[2024-05-24T20:54:50.286+0000] {logging_mixin.py:188} INFO - [2024-05-24T20:54:50.286+0000] {dag.py:3954} INFO - Setting next_dagrun for example_display_name to None, run_after=None
[2024-05-24T20:54:50.306+0000] {processor.py:183} INFO - Processing /home/airflow/.local/lib/python3.12/site-packages/airflow/example_dags/example_display_name.py took 0.078 seconds
[2024-05-24T21:55:57.108+0000] {processor.py:161} INFO - Started process (PID=88796) to work on /home/airflow/.local/lib/python3.12/site-packages/airflow/example_dags/example_display_name.py
[2024-05-24T21:55:57.112+0000] {processor.py:830} INFO - Processing file /home/airflow/.local/lib/python3.12/site-packages/airflow/example_dags/example_display_name.py for tasks to queue
[2024-05-24T21:55:57.114+0000] {logging_mixin.py:188} INFO - [2024-05-24T21:55:57.114+0000] {dagbag.py:545} INFO - Filling up the DagBag from /home/airflow/.local/lib/python3.12/site-packages/airflow/example_dags/example_display_name.py
[2024-05-24T21:55:57.131+0000] {processor.py:840} INFO - DAG(s) 'example_display_name' retrieved from /home/airflow/.local/lib/python3.12/site-packages/airflow/example_dags/example_display_name.py
[2024-05-24T21:55:57.185+0000] {logging_mixin.py:188} INFO - [2024-05-24T21:55:57.185+0000] {dag.py:3096} INFO - Sync 1 DAGs
[2024-05-24T21:55:57.231+0000] {logging_mixin.py:188} INFO - [2024-05-24T21:55:57.231+0000] {dag.py:3954} INFO - Setting next_dagrun for example_display_name to None, run_after=None
[2024-05-24T21:55:57.358+0000] {processor.py:183} INFO - Processing /home/airflow/.local/lib/python3.12/site-packages/airflow/example_dags/example_display_name.py took 0.274 seconds
[2024-05-24T22:57:00.446+0000] {processor.py:161} INFO - Started process (PID=88849) to work on /home/airflow/.local/lib/python3.12/site-packages/airflow/example_dags/example_display_name.py
[2024-05-24T22:57:00.448+0000] {processor.py:830} INFO - Processing file /home/airflow/.local/lib/python3.12/site-packages/airflow/example_dags/example_display_name.py for tasks to queue
[2024-05-24T22:57:00.449+0000] {logging_mixin.py:188} INFO - [2024-05-24T22:57:00.449+0000] {dagbag.py:545} INFO - Filling up the DagBag from /home/airflow/.local/lib/python3.12/site-packages/airflow/example_dags/example_display_name.py
[2024-05-24T22:57:00.457+0000] {processor.py:840} INFO - DAG(s) 'example_display_name' retrieved from /home/airflow/.local/lib/python3.12/site-packages/airflow/example_dags/example_display_name.py
[2024-05-24T22:57:00.482+0000] {logging_mixin.py:188} INFO - [2024-05-24T22:57:00.482+0000] {dag.py:3096} INFO - Sync 1 DAGs
[2024-05-24T22:57:00.502+0000] {logging_mixin.py:188} INFO - [2024-05-24T22:57:00.501+0000] {dag.py:3954} INFO - Setting next_dagrun for example_display_name to None, run_after=None
[2024-05-24T22:57:00.528+0000] {processor.py:183} INFO - Processing /home/airflow/.local/lib/python3.12/site-packages/airflow/example_dags/example_display_name.py took 0.089 seconds
