[2024-05-24T00:10:42.569+0000] {processor.py:161} INFO - Started process (PID=87421) to work on /home/airflow/.local/lib/python3.12/site-packages/airflow/example_dags/example_external_task_marker_dag.py
[2024-05-24T00:10:42.572+0000] {processor.py:830} INFO - Processing file /home/airflow/.local/lib/python3.12/site-packages/airflow/example_dags/example_external_task_marker_dag.py for tasks to queue
[2024-05-24T00:10:42.573+0000] {logging_mixin.py:188} INFO - [2024-05-24T00:10:42.573+0000] {dagbag.py:545} INFO - Filling up the DagBag from /home/airflow/.local/lib/python3.12/site-packages/airflow/example_dags/example_external_task_marker_dag.py
[2024-05-24T00:10:42.581+0000] {processor.py:840} INFO - DAG(s) 'example_external_task_marker_child', 'example_external_task_marker_parent' retrieved from /home/airflow/.local/lib/python3.12/site-packages/airflow/example_dags/example_external_task_marker_dag.py
[2024-05-24T00:10:42.697+0000] {logging_mixin.py:188} INFO - [2024-05-24T00:10:42.695+0000] {dag.py:3096} INFO - Sync 2 DAGs
[2024-05-24T00:10:42.812+0000] {logging_mixin.py:188} INFO - [2024-05-24T00:10:42.811+0000] {dag.py:3954} INFO - Setting next_dagrun for example_external_task_marker_child to None, run_after=None
[2024-05-24T00:10:42.836+0000] {logging_mixin.py:188} INFO - [2024-05-24T00:10:42.835+0000] {dag.py:3954} INFO - Setting next_dagrun for example_external_task_marker_parent to None, run_after=None
[2024-05-24T00:10:42.919+0000] {processor.py:183} INFO - Processing /home/airflow/.local/lib/python3.12/site-packages/airflow/example_dags/example_external_task_marker_dag.py took 0.358 seconds
[2024-05-24T03:15:03.641+0000] {processor.py:161} INFO - Started process (PID=87480) to work on /home/airflow/.local/lib/python3.12/site-packages/airflow/example_dags/example_external_task_marker_dag.py
[2024-05-24T03:15:03.644+0000] {processor.py:830} INFO - Processing file /home/airflow/.local/lib/python3.12/site-packages/airflow/example_dags/example_external_task_marker_dag.py for tasks to queue
[2024-05-24T03:15:03.645+0000] {logging_mixin.py:188} INFO - [2024-05-24T03:15:03.644+0000] {dagbag.py:545} INFO - Filling up the DagBag from /home/airflow/.local/lib/python3.12/site-packages/airflow/example_dags/example_external_task_marker_dag.py
[2024-05-24T03:15:03.652+0000] {processor.py:840} INFO - DAG(s) 'example_external_task_marker_parent', 'example_external_task_marker_child' retrieved from /home/airflow/.local/lib/python3.12/site-packages/airflow/example_dags/example_external_task_marker_dag.py
[2024-05-24T03:15:03.681+0000] {logging_mixin.py:188} INFO - [2024-05-24T03:15:03.680+0000] {dag.py:3096} INFO - Sync 2 DAGs
[2024-05-24T03:15:03.699+0000] {logging_mixin.py:188} INFO - [2024-05-24T03:15:03.699+0000] {dag.py:3954} INFO - Setting next_dagrun for example_external_task_marker_child to None, run_after=None
[2024-05-24T03:15:03.703+0000] {logging_mixin.py:188} INFO - [2024-05-24T03:15:03.703+0000] {dag.py:3954} INFO - Setting next_dagrun for example_external_task_marker_parent to None, run_after=None
[2024-05-24T03:15:03.719+0000] {processor.py:183} INFO - Processing /home/airflow/.local/lib/python3.12/site-packages/airflow/example_dags/example_external_task_marker_dag.py took 0.086 seconds
[2024-05-24T05:04:13.012+0000] {processor.py:161} INFO - Started process (PID=87539) to work on /home/airflow/.local/lib/python3.12/site-packages/airflow/example_dags/example_external_task_marker_dag.py
[2024-05-24T05:04:13.015+0000] {processor.py:830} INFO - Processing file /home/airflow/.local/lib/python3.12/site-packages/airflow/example_dags/example_external_task_marker_dag.py for tasks to queue
[2024-05-24T05:04:13.017+0000] {logging_mixin.py:188} INFO - [2024-05-24T05:04:13.017+0000] {dagbag.py:545} INFO - Filling up the DagBag from /home/airflow/.local/lib/python3.12/site-packages/airflow/example_dags/example_external_task_marker_dag.py
[2024-05-24T05:04:13.024+0000] {processor.py:840} INFO - DAG(s) 'example_external_task_marker_child', 'example_external_task_marker_parent' retrieved from /home/airflow/.local/lib/python3.12/site-packages/airflow/example_dags/example_external_task_marker_dag.py
[2024-05-24T05:04:13.051+0000] {logging_mixin.py:188} INFO - [2024-05-24T05:04:13.051+0000] {dag.py:3096} INFO - Sync 2 DAGs
[2024-05-24T05:04:13.067+0000] {logging_mixin.py:188} INFO - [2024-05-24T05:04:13.067+0000] {dag.py:3954} INFO - Setting next_dagrun for example_external_task_marker_child to None, run_after=None
[2024-05-24T05:04:13.072+0000] {logging_mixin.py:188} INFO - [2024-05-24T05:04:13.072+0000] {dag.py:3954} INFO - Setting next_dagrun for example_external_task_marker_parent to None, run_after=None
[2024-05-24T05:04:13.096+0000] {processor.py:183} INFO - Processing /home/airflow/.local/lib/python3.12/site-packages/airflow/example_dags/example_external_task_marker_dag.py took 0.091 seconds
[2024-05-24T05:06:19.102+0000] {processor.py:161} INFO - Started process (PID=87598) to work on /home/airflow/.local/lib/python3.12/site-packages/airflow/example_dags/example_external_task_marker_dag.py
[2024-05-24T05:06:19.103+0000] {processor.py:830} INFO - Processing file /home/airflow/.local/lib/python3.12/site-packages/airflow/example_dags/example_external_task_marker_dag.py for tasks to queue
[2024-05-24T05:06:19.104+0000] {logging_mixin.py:188} INFO - [2024-05-24T05:06:19.104+0000] {dagbag.py:545} INFO - Filling up the DagBag from /home/airflow/.local/lib/python3.12/site-packages/airflow/example_dags/example_external_task_marker_dag.py
[2024-05-24T05:06:19.111+0000] {processor.py:840} INFO - DAG(s) 'example_external_task_marker_child', 'example_external_task_marker_parent' retrieved from /home/airflow/.local/lib/python3.12/site-packages/airflow/example_dags/example_external_task_marker_dag.py
[2024-05-24T05:06:19.146+0000] {logging_mixin.py:188} INFO - [2024-05-24T05:06:19.146+0000] {dag.py:3096} INFO - Sync 2 DAGs
[2024-05-24T05:06:19.168+0000] {logging_mixin.py:188} INFO - [2024-05-24T05:06:19.167+0000] {dag.py:3954} INFO - Setting next_dagrun for example_external_task_marker_child to None, run_after=None
[2024-05-24T05:06:19.173+0000] {logging_mixin.py:188} INFO - [2024-05-24T05:06:19.172+0000] {dag.py:3954} INFO - Setting next_dagrun for example_external_task_marker_parent to None, run_after=None
[2024-05-24T05:06:19.190+0000] {processor.py:183} INFO - Processing /home/airflow/.local/lib/python3.12/site-packages/airflow/example_dags/example_external_task_marker_dag.py took 0.098 seconds
[2024-05-24T05:40:30.365+0000] {processor.py:161} INFO - Started process (PID=87657) to work on /home/airflow/.local/lib/python3.12/site-packages/airflow/example_dags/example_external_task_marker_dag.py
[2024-05-24T05:40:30.366+0000] {processor.py:830} INFO - Processing file /home/airflow/.local/lib/python3.12/site-packages/airflow/example_dags/example_external_task_marker_dag.py for tasks to queue
[2024-05-24T05:40:30.368+0000] {logging_mixin.py:188} INFO - [2024-05-24T05:40:30.367+0000] {dagbag.py:545} INFO - Filling up the DagBag from /home/airflow/.local/lib/python3.12/site-packages/airflow/example_dags/example_external_task_marker_dag.py
[2024-05-24T05:40:30.377+0000] {processor.py:840} INFO - DAG(s) 'example_external_task_marker_child', 'example_external_task_marker_parent' retrieved from /home/airflow/.local/lib/python3.12/site-packages/airflow/example_dags/example_external_task_marker_dag.py
[2024-05-24T05:40:30.416+0000] {logging_mixin.py:188} INFO - [2024-05-24T05:40:30.416+0000] {dag.py:3096} INFO - Sync 2 DAGs
[2024-05-24T05:40:30.439+0000] {logging_mixin.py:188} INFO - [2024-05-24T05:40:30.439+0000] {dag.py:3954} INFO - Setting next_dagrun for example_external_task_marker_child to None, run_after=None
[2024-05-24T05:40:30.447+0000] {logging_mixin.py:188} INFO - [2024-05-24T05:40:30.446+0000] {dag.py:3954} INFO - Setting next_dagrun for example_external_task_marker_parent to None, run_after=None
[2024-05-24T05:40:30.479+0000] {processor.py:183} INFO - Processing /home/airflow/.local/lib/python3.12/site-packages/airflow/example_dags/example_external_task_marker_dag.py took 0.125 seconds
[2024-05-24T06:37:00.923+0000] {processor.py:161} INFO - Started process (PID=87722) to work on /home/airflow/.local/lib/python3.12/site-packages/airflow/example_dags/example_external_task_marker_dag.py
[2024-05-24T06:37:00.931+0000] {processor.py:830} INFO - Processing file /home/airflow/.local/lib/python3.12/site-packages/airflow/example_dags/example_external_task_marker_dag.py for tasks to queue
[2024-05-24T06:37:00.932+0000] {logging_mixin.py:188} INFO - [2024-05-24T06:37:00.931+0000] {dagbag.py:545} INFO - Filling up the DagBag from /home/airflow/.local/lib/python3.12/site-packages/airflow/example_dags/example_external_task_marker_dag.py
[2024-05-24T06:37:00.963+0000] {processor.py:840} INFO - DAG(s) 'example_external_task_marker_parent', 'example_external_task_marker_child' retrieved from /home/airflow/.local/lib/python3.12/site-packages/airflow/example_dags/example_external_task_marker_dag.py
[2024-05-24T06:37:01.072+0000] {logging_mixin.py:188} INFO - [2024-05-24T06:37:01.071+0000] {dag.py:3096} INFO - Sync 2 DAGs
[2024-05-24T06:37:01.157+0000] {logging_mixin.py:188} INFO - [2024-05-24T06:37:01.156+0000] {dag.py:3954} INFO - Setting next_dagrun for example_external_task_marker_child to None, run_after=None
[2024-05-24T06:37:01.174+0000] {logging_mixin.py:188} INFO - [2024-05-24T06:37:01.174+0000] {dag.py:3954} INFO - Setting next_dagrun for example_external_task_marker_parent to None, run_after=None
[2024-05-24T06:37:01.259+0000] {processor.py:183} INFO - Processing /home/airflow/.local/lib/python3.12/site-packages/airflow/example_dags/example_external_task_marker_dag.py took 0.370 seconds
[2024-05-24T07:35:43.579+0000] {processor.py:161} INFO - Started process (PID=87790) to work on /home/airflow/.local/lib/python3.12/site-packages/airflow/example_dags/example_external_task_marker_dag.py
[2024-05-24T07:35:43.581+0000] {processor.py:830} INFO - Processing file /home/airflow/.local/lib/python3.12/site-packages/airflow/example_dags/example_external_task_marker_dag.py for tasks to queue
[2024-05-24T07:35:43.582+0000] {logging_mixin.py:188} INFO - [2024-05-24T07:35:43.581+0000] {dagbag.py:545} INFO - Filling up the DagBag from /home/airflow/.local/lib/python3.12/site-packages/airflow/example_dags/example_external_task_marker_dag.py
[2024-05-24T07:35:43.589+0000] {processor.py:840} INFO - DAG(s) 'example_external_task_marker_child', 'example_external_task_marker_parent' retrieved from /home/airflow/.local/lib/python3.12/site-packages/airflow/example_dags/example_external_task_marker_dag.py
[2024-05-24T07:35:43.616+0000] {logging_mixin.py:188} INFO - [2024-05-24T07:35:43.616+0000] {dag.py:3096} INFO - Sync 2 DAGs
[2024-05-24T07:35:43.632+0000] {logging_mixin.py:188} INFO - [2024-05-24T07:35:43.632+0000] {dag.py:3954} INFO - Setting next_dagrun for example_external_task_marker_child to None, run_after=None
[2024-05-24T07:35:43.638+0000] {logging_mixin.py:188} INFO - [2024-05-24T07:35:43.638+0000] {dag.py:3954} INFO - Setting next_dagrun for example_external_task_marker_parent to None, run_after=None
[2024-05-24T07:35:43.654+0000] {processor.py:183} INFO - Processing /home/airflow/.local/lib/python3.12/site-packages/airflow/example_dags/example_external_task_marker_dag.py took 0.083 seconds
[2024-05-24T07:41:38.736+0000] {processor.py:161} INFO - Started process (PID=87849) to work on /home/airflow/.local/lib/python3.12/site-packages/airflow/example_dags/example_external_task_marker_dag.py
[2024-05-24T07:41:38.738+0000] {processor.py:830} INFO - Processing file /home/airflow/.local/lib/python3.12/site-packages/airflow/example_dags/example_external_task_marker_dag.py for tasks to queue
[2024-05-24T07:41:38.739+0000] {logging_mixin.py:188} INFO - [2024-05-24T07:41:38.739+0000] {dagbag.py:545} INFO - Filling up the DagBag from /home/airflow/.local/lib/python3.12/site-packages/airflow/example_dags/example_external_task_marker_dag.py
[2024-05-24T07:41:38.748+0000] {processor.py:840} INFO - DAG(s) 'example_external_task_marker_child', 'example_external_task_marker_parent' retrieved from /home/airflow/.local/lib/python3.12/site-packages/airflow/example_dags/example_external_task_marker_dag.py
[2024-05-24T07:41:38.776+0000] {logging_mixin.py:188} INFO - [2024-05-24T07:41:38.775+0000] {dag.py:3096} INFO - Sync 2 DAGs
[2024-05-24T07:41:38.793+0000] {logging_mixin.py:188} INFO - [2024-05-24T07:41:38.792+0000] {dag.py:3954} INFO - Setting next_dagrun for example_external_task_marker_child to None, run_after=None
[2024-05-24T07:41:38.799+0000] {logging_mixin.py:188} INFO - [2024-05-24T07:41:38.799+0000] {dag.py:3954} INFO - Setting next_dagrun for example_external_task_marker_parent to None, run_after=None
[2024-05-24T07:41:38.817+0000] {processor.py:183} INFO - Processing /home/airflow/.local/lib/python3.12/site-packages/airflow/example_dags/example_external_task_marker_dag.py took 0.088 seconds
[2024-05-24T08:42:34.992+0000] {processor.py:161} INFO - Started process (PID=87908) to work on /home/airflow/.local/lib/python3.12/site-packages/airflow/example_dags/example_external_task_marker_dag.py
[2024-05-24T08:42:34.996+0000] {processor.py:830} INFO - Processing file /home/airflow/.local/lib/python3.12/site-packages/airflow/example_dags/example_external_task_marker_dag.py for tasks to queue
[2024-05-24T08:42:34.998+0000] {logging_mixin.py:188} INFO - [2024-05-24T08:42:34.998+0000] {dagbag.py:545} INFO - Filling up the DagBag from /home/airflow/.local/lib/python3.12/site-packages/airflow/example_dags/example_external_task_marker_dag.py
[2024-05-24T08:42:35.011+0000] {processor.py:840} INFO - DAG(s) 'example_external_task_marker_child', 'example_external_task_marker_parent' retrieved from /home/airflow/.local/lib/python3.12/site-packages/airflow/example_dags/example_external_task_marker_dag.py
[2024-05-24T08:42:35.043+0000] {logging_mixin.py:188} INFO - [2024-05-24T08:42:35.043+0000] {dag.py:3096} INFO - Sync 2 DAGs
[2024-05-24T08:42:35.060+0000] {logging_mixin.py:188} INFO - [2024-05-24T08:42:35.060+0000] {dag.py:3954} INFO - Setting next_dagrun for example_external_task_marker_child to None, run_after=None
[2024-05-24T08:42:35.068+0000] {logging_mixin.py:188} INFO - [2024-05-24T08:42:35.067+0000] {dag.py:3954} INFO - Setting next_dagrun for example_external_task_marker_parent to None, run_after=None
[2024-05-24T08:42:35.087+0000] {processor.py:183} INFO - Processing /home/airflow/.local/lib/python3.12/site-packages/airflow/example_dags/example_external_task_marker_dag.py took 0.106 seconds
[2024-05-24T09:43:47.170+0000] {processor.py:161} INFO - Started process (PID=87966) to work on /home/airflow/.local/lib/python3.12/site-packages/airflow/example_dags/example_external_task_marker_dag.py
[2024-05-24T09:43:47.171+0000] {processor.py:830} INFO - Processing file /home/airflow/.local/lib/python3.12/site-packages/airflow/example_dags/example_external_task_marker_dag.py for tasks to queue
[2024-05-24T09:43:47.173+0000] {logging_mixin.py:188} INFO - [2024-05-24T09:43:47.172+0000] {dagbag.py:545} INFO - Filling up the DagBag from /home/airflow/.local/lib/python3.12/site-packages/airflow/example_dags/example_external_task_marker_dag.py
[2024-05-24T09:43:47.180+0000] {processor.py:840} INFO - DAG(s) 'example_external_task_marker_child', 'example_external_task_marker_parent' retrieved from /home/airflow/.local/lib/python3.12/site-packages/airflow/example_dags/example_external_task_marker_dag.py
[2024-05-24T09:43:47.206+0000] {logging_mixin.py:188} INFO - [2024-05-24T09:43:47.206+0000] {dag.py:3096} INFO - Sync 2 DAGs
[2024-05-24T09:43:47.228+0000] {logging_mixin.py:188} INFO - [2024-05-24T09:43:47.227+0000] {dag.py:3954} INFO - Setting next_dagrun for example_external_task_marker_child to None, run_after=None
[2024-05-24T09:43:47.235+0000] {logging_mixin.py:188} INFO - [2024-05-24T09:43:47.235+0000] {dag.py:3954} INFO - Setting next_dagrun for example_external_task_marker_parent to None, run_after=None
[2024-05-24T09:43:47.254+0000] {processor.py:183} INFO - Processing /home/airflow/.local/lib/python3.12/site-packages/airflow/example_dags/example_external_task_marker_dag.py took 0.092 seconds
[2024-05-24T10:44:56.229+0000] {processor.py:161} INFO - Started process (PID=88025) to work on /home/airflow/.local/lib/python3.12/site-packages/airflow/example_dags/example_external_task_marker_dag.py
[2024-05-24T10:44:56.232+0000] {processor.py:830} INFO - Processing file /home/airflow/.local/lib/python3.12/site-packages/airflow/example_dags/example_external_task_marker_dag.py for tasks to queue
[2024-05-24T10:44:56.234+0000] {logging_mixin.py:188} INFO - [2024-05-24T10:44:56.233+0000] {dagbag.py:545} INFO - Filling up the DagBag from /home/airflow/.local/lib/python3.12/site-packages/airflow/example_dags/example_external_task_marker_dag.py
[2024-05-24T10:44:56.241+0000] {processor.py:840} INFO - DAG(s) 'example_external_task_marker_child', 'example_external_task_marker_parent' retrieved from /home/airflow/.local/lib/python3.12/site-packages/airflow/example_dags/example_external_task_marker_dag.py
[2024-05-24T10:44:56.267+0000] {logging_mixin.py:188} INFO - [2024-05-24T10:44:56.267+0000] {dag.py:3096} INFO - Sync 2 DAGs
[2024-05-24T10:44:56.293+0000] {logging_mixin.py:188} INFO - [2024-05-24T10:44:56.292+0000] {dag.py:3954} INFO - Setting next_dagrun for example_external_task_marker_child to None, run_after=None
[2024-05-24T10:44:56.301+0000] {logging_mixin.py:188} INFO - [2024-05-24T10:44:56.300+0000] {dag.py:3954} INFO - Setting next_dagrun for example_external_task_marker_parent to None, run_after=None
[2024-05-24T10:44:56.318+0000] {processor.py:183} INFO - Processing /home/airflow/.local/lib/python3.12/site-packages/airflow/example_dags/example_external_task_marker_dag.py took 0.096 seconds
[2024-05-24T11:46:03.707+0000] {processor.py:161} INFO - Started process (PID=88084) to work on /home/airflow/.local/lib/python3.12/site-packages/airflow/example_dags/example_external_task_marker_dag.py
[2024-05-24T11:46:03.713+0000] {processor.py:830} INFO - Processing file /home/airflow/.local/lib/python3.12/site-packages/airflow/example_dags/example_external_task_marker_dag.py for tasks to queue
[2024-05-24T11:46:03.714+0000] {logging_mixin.py:188} INFO - [2024-05-24T11:46:03.714+0000] {dagbag.py:545} INFO - Filling up the DagBag from /home/airflow/.local/lib/python3.12/site-packages/airflow/example_dags/example_external_task_marker_dag.py
[2024-05-24T11:46:03.752+0000] {processor.py:840} INFO - DAG(s) 'example_external_task_marker_parent', 'example_external_task_marker_child' retrieved from /home/airflow/.local/lib/python3.12/site-packages/airflow/example_dags/example_external_task_marker_dag.py
[2024-05-24T11:46:03.870+0000] {logging_mixin.py:188} INFO - [2024-05-24T11:46:03.870+0000] {dag.py:3096} INFO - Sync 2 DAGs
[2024-05-24T11:46:03.926+0000] {logging_mixin.py:188} INFO - [2024-05-24T11:46:03.922+0000] {dag.py:3954} INFO - Setting next_dagrun for example_external_task_marker_child to None, run_after=None
[2024-05-24T11:46:03.941+0000] {logging_mixin.py:188} INFO - [2024-05-24T11:46:03.941+0000] {dag.py:3954} INFO - Setting next_dagrun for example_external_task_marker_parent to None, run_after=None
[2024-05-24T11:46:04.038+0000] {processor.py:183} INFO - Processing /home/airflow/.local/lib/python3.12/site-packages/airflow/example_dags/example_external_task_marker_dag.py took 0.364 seconds
[2024-05-24T12:47:08.226+0000] {processor.py:161} INFO - Started process (PID=88143) to work on /home/airflow/.local/lib/python3.12/site-packages/airflow/example_dags/example_external_task_marker_dag.py
[2024-05-24T12:47:08.229+0000] {processor.py:830} INFO - Processing file /home/airflow/.local/lib/python3.12/site-packages/airflow/example_dags/example_external_task_marker_dag.py for tasks to queue
[2024-05-24T12:47:08.230+0000] {logging_mixin.py:188} INFO - [2024-05-24T12:47:08.229+0000] {dagbag.py:545} INFO - Filling up the DagBag from /home/airflow/.local/lib/python3.12/site-packages/airflow/example_dags/example_external_task_marker_dag.py
[2024-05-24T12:47:08.237+0000] {processor.py:840} INFO - DAG(s) 'example_external_task_marker_child', 'example_external_task_marker_parent' retrieved from /home/airflow/.local/lib/python3.12/site-packages/airflow/example_dags/example_external_task_marker_dag.py
[2024-05-24T12:47:08.265+0000] {logging_mixin.py:188} INFO - [2024-05-24T12:47:08.264+0000] {dag.py:3096} INFO - Sync 2 DAGs
[2024-05-24T12:47:08.282+0000] {logging_mixin.py:188} INFO - [2024-05-24T12:47:08.282+0000] {dag.py:3954} INFO - Setting next_dagrun for example_external_task_marker_child to None, run_after=None
[2024-05-24T12:47:08.286+0000] {logging_mixin.py:188} INFO - [2024-05-24T12:47:08.286+0000] {dag.py:3954} INFO - Setting next_dagrun for example_external_task_marker_parent to None, run_after=None
[2024-05-24T12:47:08.303+0000] {processor.py:183} INFO - Processing /home/airflow/.local/lib/python3.12/site-packages/airflow/example_dags/example_external_task_marker_dag.py took 0.084 seconds
[2024-05-24T13:48:17.069+0000] {processor.py:161} INFO - Started process (PID=88200) to work on /home/airflow/.local/lib/python3.12/site-packages/airflow/example_dags/example_external_task_marker_dag.py
[2024-05-24T13:48:17.071+0000] {processor.py:830} INFO - Processing file /home/airflow/.local/lib/python3.12/site-packages/airflow/example_dags/example_external_task_marker_dag.py for tasks to queue
[2024-05-24T13:48:17.072+0000] {logging_mixin.py:188} INFO - [2024-05-24T13:48:17.071+0000] {dagbag.py:545} INFO - Filling up the DagBag from /home/airflow/.local/lib/python3.12/site-packages/airflow/example_dags/example_external_task_marker_dag.py
[2024-05-24T13:48:17.083+0000] {processor.py:840} INFO - DAG(s) 'example_external_task_marker_child', 'example_external_task_marker_parent' retrieved from /home/airflow/.local/lib/python3.12/site-packages/airflow/example_dags/example_external_task_marker_dag.py
[2024-05-24T13:48:17.118+0000] {logging_mixin.py:188} INFO - [2024-05-24T13:48:17.118+0000] {dag.py:3096} INFO - Sync 2 DAGs
[2024-05-24T13:48:17.135+0000] {logging_mixin.py:188} INFO - [2024-05-24T13:48:17.135+0000] {dag.py:3954} INFO - Setting next_dagrun for example_external_task_marker_child to None, run_after=None
[2024-05-24T13:48:17.140+0000] {logging_mixin.py:188} INFO - [2024-05-24T13:48:17.139+0000] {dag.py:3954} INFO - Setting next_dagrun for example_external_task_marker_parent to None, run_after=None
[2024-05-24T13:48:17.159+0000] {processor.py:183} INFO - Processing /home/airflow/.local/lib/python3.12/site-packages/airflow/example_dags/example_external_task_marker_dag.py took 0.102 seconds
[2024-05-24T14:49:27.169+0000] {processor.py:161} INFO - Started process (PID=88255) to work on /home/airflow/.local/lib/python3.12/site-packages/airflow/example_dags/example_external_task_marker_dag.py
[2024-05-24T14:49:27.171+0000] {processor.py:830} INFO - Processing file /home/airflow/.local/lib/python3.12/site-packages/airflow/example_dags/example_external_task_marker_dag.py for tasks to queue
[2024-05-24T14:49:27.172+0000] {logging_mixin.py:188} INFO - [2024-05-24T14:49:27.172+0000] {dagbag.py:545} INFO - Filling up the DagBag from /home/airflow/.local/lib/python3.12/site-packages/airflow/example_dags/example_external_task_marker_dag.py
[2024-05-24T14:49:27.180+0000] {processor.py:840} INFO - DAG(s) 'example_external_task_marker_parent', 'example_external_task_marker_child' retrieved from /home/airflow/.local/lib/python3.12/site-packages/airflow/example_dags/example_external_task_marker_dag.py
[2024-05-24T14:49:27.209+0000] {logging_mixin.py:188} INFO - [2024-05-24T14:49:27.209+0000] {dag.py:3096} INFO - Sync 2 DAGs
[2024-05-24T14:49:27.226+0000] {logging_mixin.py:188} INFO - [2024-05-24T14:49:27.225+0000] {dag.py:3954} INFO - Setting next_dagrun for example_external_task_marker_child to None, run_after=None
[2024-05-24T14:49:27.230+0000] {logging_mixin.py:188} INFO - [2024-05-24T14:49:27.230+0000] {dag.py:3954} INFO - Setting next_dagrun for example_external_task_marker_parent to None, run_after=None
[2024-05-24T14:49:27.246+0000] {processor.py:183} INFO - Processing /home/airflow/.local/lib/python3.12/site-packages/airflow/example_dags/example_external_task_marker_dag.py took 0.084 seconds
[2024-05-24T15:48:52.558+0000] {processor.py:161} INFO - Started process (PID=88314) to work on /home/airflow/.local/lib/python3.12/site-packages/airflow/example_dags/example_external_task_marker_dag.py
[2024-05-24T15:48:52.561+0000] {processor.py:830} INFO - Processing file /home/airflow/.local/lib/python3.12/site-packages/airflow/example_dags/example_external_task_marker_dag.py for tasks to queue
[2024-05-24T15:48:52.562+0000] {logging_mixin.py:188} INFO - [2024-05-24T15:48:52.562+0000] {dagbag.py:545} INFO - Filling up the DagBag from /home/airflow/.local/lib/python3.12/site-packages/airflow/example_dags/example_external_task_marker_dag.py
[2024-05-24T15:48:52.569+0000] {processor.py:840} INFO - DAG(s) 'example_external_task_marker_child', 'example_external_task_marker_parent' retrieved from /home/airflow/.local/lib/python3.12/site-packages/airflow/example_dags/example_external_task_marker_dag.py
[2024-05-24T15:48:52.597+0000] {logging_mixin.py:188} INFO - [2024-05-24T15:48:52.597+0000] {dag.py:3096} INFO - Sync 2 DAGs
[2024-05-24T15:48:52.615+0000] {logging_mixin.py:188} INFO - [2024-05-24T15:48:52.614+0000] {dag.py:3954} INFO - Setting next_dagrun for example_external_task_marker_child to None, run_after=None
[2024-05-24T15:48:52.621+0000] {logging_mixin.py:188} INFO - [2024-05-24T15:48:52.621+0000] {dag.py:3954} INFO - Setting next_dagrun for example_external_task_marker_parent to None, run_after=None
[2024-05-24T15:48:52.641+0000] {processor.py:183} INFO - Processing /home/airflow/.local/lib/python3.12/site-packages/airflow/example_dags/example_external_task_marker_dag.py took 0.089 seconds
[2024-05-24T15:50:35.692+0000] {processor.py:161} INFO - Started process (PID=88379) to work on /home/airflow/.local/lib/python3.12/site-packages/airflow/example_dags/example_external_task_marker_dag.py
[2024-05-24T15:50:35.693+0000] {processor.py:830} INFO - Processing file /home/airflow/.local/lib/python3.12/site-packages/airflow/example_dags/example_external_task_marker_dag.py for tasks to queue
[2024-05-24T15:50:35.694+0000] {logging_mixin.py:188} INFO - [2024-05-24T15:50:35.694+0000] {dagbag.py:545} INFO - Filling up the DagBag from /home/airflow/.local/lib/python3.12/site-packages/airflow/example_dags/example_external_task_marker_dag.py
[2024-05-24T15:50:35.701+0000] {processor.py:840} INFO - DAG(s) 'example_external_task_marker_parent', 'example_external_task_marker_child' retrieved from /home/airflow/.local/lib/python3.12/site-packages/airflow/example_dags/example_external_task_marker_dag.py
[2024-05-24T15:50:35.737+0000] {logging_mixin.py:188} INFO - [2024-05-24T15:50:35.737+0000] {dag.py:3096} INFO - Sync 2 DAGs
[2024-05-24T15:50:35.753+0000] {logging_mixin.py:188} INFO - [2024-05-24T15:50:35.753+0000] {dag.py:3954} INFO - Setting next_dagrun for example_external_task_marker_child to None, run_after=None
[2024-05-24T15:50:35.757+0000] {logging_mixin.py:188} INFO - [2024-05-24T15:50:35.757+0000] {dag.py:3954} INFO - Setting next_dagrun for example_external_task_marker_parent to None, run_after=None
[2024-05-24T15:50:35.776+0000] {processor.py:183} INFO - Processing /home/airflow/.local/lib/python3.12/site-packages/airflow/example_dags/example_external_task_marker_dag.py took 0.096 seconds
[2024-05-24T16:51:44.962+0000] {processor.py:161} INFO - Started process (PID=88437) to work on /home/airflow/.local/lib/python3.12/site-packages/airflow/example_dags/example_external_task_marker_dag.py
[2024-05-24T16:51:44.968+0000] {processor.py:830} INFO - Processing file /home/airflow/.local/lib/python3.12/site-packages/airflow/example_dags/example_external_task_marker_dag.py for tasks to queue
[2024-05-24T16:51:44.974+0000] {logging_mixin.py:188} INFO - [2024-05-24T16:51:44.972+0000] {dagbag.py:545} INFO - Filling up the DagBag from /home/airflow/.local/lib/python3.12/site-packages/airflow/example_dags/example_external_task_marker_dag.py
[2024-05-24T16:51:45.032+0000] {processor.py:840} INFO - DAG(s) 'example_external_task_marker_child', 'example_external_task_marker_parent' retrieved from /home/airflow/.local/lib/python3.12/site-packages/airflow/example_dags/example_external_task_marker_dag.py
[2024-05-24T16:51:45.231+0000] {logging_mixin.py:188} INFO - [2024-05-24T16:51:45.231+0000] {dag.py:3096} INFO - Sync 2 DAGs
[2024-05-24T16:51:45.327+0000] {logging_mixin.py:188} INFO - [2024-05-24T16:51:45.327+0000] {dag.py:3954} INFO - Setting next_dagrun for example_external_task_marker_child to None, run_after=None
[2024-05-24T16:51:45.342+0000] {logging_mixin.py:188} INFO - [2024-05-24T16:51:45.342+0000] {dag.py:3954} INFO - Setting next_dagrun for example_external_task_marker_parent to None, run_after=None
[2024-05-24T16:51:45.422+0000] {processor.py:183} INFO - Processing /home/airflow/.local/lib/python3.12/site-packages/airflow/example_dags/example_external_task_marker_dag.py took 0.487 seconds
[2024-05-24T17:50:14.933+0000] {processor.py:161} INFO - Started process (PID=88490) to work on /home/airflow/.local/lib/python3.12/site-packages/airflow/example_dags/example_external_task_marker_dag.py
[2024-05-24T17:50:14.936+0000] {processor.py:830} INFO - Processing file /home/airflow/.local/lib/python3.12/site-packages/airflow/example_dags/example_external_task_marker_dag.py for tasks to queue
[2024-05-24T17:50:14.938+0000] {logging_mixin.py:188} INFO - [2024-05-24T17:50:14.937+0000] {dagbag.py:545} INFO - Filling up the DagBag from /home/airflow/.local/lib/python3.12/site-packages/airflow/example_dags/example_external_task_marker_dag.py
[2024-05-24T17:50:14.945+0000] {processor.py:840} INFO - DAG(s) 'example_external_task_marker_parent', 'example_external_task_marker_child' retrieved from /home/airflow/.local/lib/python3.12/site-packages/airflow/example_dags/example_external_task_marker_dag.py
[2024-05-24T17:50:14.974+0000] {logging_mixin.py:188} INFO - [2024-05-24T17:50:14.974+0000] {dag.py:3096} INFO - Sync 2 DAGs
[2024-05-24T17:50:14.991+0000] {logging_mixin.py:188} INFO - [2024-05-24T17:50:14.991+0000] {dag.py:3954} INFO - Setting next_dagrun for example_external_task_marker_child to None, run_after=None
[2024-05-24T17:50:14.997+0000] {logging_mixin.py:188} INFO - [2024-05-24T17:50:14.997+0000] {dag.py:3954} INFO - Setting next_dagrun for example_external_task_marker_parent to None, run_after=None
[2024-05-24T17:50:15.013+0000] {processor.py:183} INFO - Processing /home/airflow/.local/lib/python3.12/site-packages/airflow/example_dags/example_external_task_marker_dag.py took 0.086 seconds
[2024-05-24T17:50:45.447+0000] {processor.py:161} INFO - Started process (PID=88549) to work on /home/airflow/.local/lib/python3.12/site-packages/airflow/example_dags/example_external_task_marker_dag.py
[2024-05-24T17:50:45.448+0000] {processor.py:830} INFO - Processing file /home/airflow/.local/lib/python3.12/site-packages/airflow/example_dags/example_external_task_marker_dag.py for tasks to queue
[2024-05-24T17:50:45.449+0000] {logging_mixin.py:188} INFO - [2024-05-24T17:50:45.449+0000] {dagbag.py:545} INFO - Filling up the DagBag from /home/airflow/.local/lib/python3.12/site-packages/airflow/example_dags/example_external_task_marker_dag.py
[2024-05-24T17:50:45.457+0000] {processor.py:840} INFO - DAG(s) 'example_external_task_marker_parent', 'example_external_task_marker_child' retrieved from /home/airflow/.local/lib/python3.12/site-packages/airflow/example_dags/example_external_task_marker_dag.py
[2024-05-24T17:50:45.484+0000] {logging_mixin.py:188} INFO - [2024-05-24T17:50:45.483+0000] {dag.py:3096} INFO - Sync 2 DAGs
[2024-05-24T17:50:45.499+0000] {logging_mixin.py:188} INFO - [2024-05-24T17:50:45.499+0000] {dag.py:3954} INFO - Setting next_dagrun for example_external_task_marker_child to None, run_after=None
[2024-05-24T17:50:45.504+0000] {logging_mixin.py:188} INFO - [2024-05-24T17:50:45.503+0000] {dag.py:3954} INFO - Setting next_dagrun for example_external_task_marker_parent to None, run_after=None
[2024-05-24T17:50:45.522+0000] {processor.py:183} INFO - Processing /home/airflow/.local/lib/python3.12/site-packages/airflow/example_dags/example_external_task_marker_dag.py took 0.082 seconds
[2024-05-24T18:53:39.860+0000] {processor.py:161} INFO - Started process (PID=88608) to work on /home/airflow/.local/lib/python3.12/site-packages/airflow/example_dags/example_external_task_marker_dag.py
[2024-05-24T18:53:39.862+0000] {processor.py:830} INFO - Processing file /home/airflow/.local/lib/python3.12/site-packages/airflow/example_dags/example_external_task_marker_dag.py for tasks to queue
[2024-05-24T18:53:39.864+0000] {logging_mixin.py:188} INFO - [2024-05-24T18:53:39.863+0000] {dagbag.py:545} INFO - Filling up the DagBag from /home/airflow/.local/lib/python3.12/site-packages/airflow/example_dags/example_external_task_marker_dag.py
[2024-05-24T18:53:39.877+0000] {processor.py:840} INFO - DAG(s) 'example_external_task_marker_parent', 'example_external_task_marker_child' retrieved from /home/airflow/.local/lib/python3.12/site-packages/airflow/example_dags/example_external_task_marker_dag.py
[2024-05-24T18:53:39.930+0000] {logging_mixin.py:188} INFO - [2024-05-24T18:53:39.929+0000] {dag.py:3096} INFO - Sync 2 DAGs
[2024-05-24T18:53:39.953+0000] {logging_mixin.py:188} INFO - [2024-05-24T18:53:39.951+0000] {dag.py:3954} INFO - Setting next_dagrun for example_external_task_marker_child to None, run_after=None
[2024-05-24T18:53:39.961+0000] {logging_mixin.py:188} INFO - [2024-05-24T18:53:39.961+0000] {dag.py:3954} INFO - Setting next_dagrun for example_external_task_marker_parent to None, run_after=None
[2024-05-24T18:53:39.982+0000] {processor.py:183} INFO - Processing /home/airflow/.local/lib/python3.12/site-packages/airflow/example_dags/example_external_task_marker_dag.py took 0.138 seconds
[2024-05-24T19:53:33.272+0000] {processor.py:161} INFO - Started process (PID=88667) to work on /home/airflow/.local/lib/python3.12/site-packages/airflow/example_dags/example_external_task_marker_dag.py
[2024-05-24T19:53:33.273+0000] {processor.py:830} INFO - Processing file /home/airflow/.local/lib/python3.12/site-packages/airflow/example_dags/example_external_task_marker_dag.py for tasks to queue
[2024-05-24T19:53:33.275+0000] {logging_mixin.py:188} INFO - [2024-05-24T19:53:33.274+0000] {dagbag.py:545} INFO - Filling up the DagBag from /home/airflow/.local/lib/python3.12/site-packages/airflow/example_dags/example_external_task_marker_dag.py
[2024-05-24T19:53:33.281+0000] {processor.py:840} INFO - DAG(s) 'example_external_task_marker_parent', 'example_external_task_marker_child' retrieved from /home/airflow/.local/lib/python3.12/site-packages/airflow/example_dags/example_external_task_marker_dag.py
[2024-05-24T19:53:33.309+0000] {logging_mixin.py:188} INFO - [2024-05-24T19:53:33.309+0000] {dag.py:3096} INFO - Sync 2 DAGs
[2024-05-24T19:53:33.326+0000] {logging_mixin.py:188} INFO - [2024-05-24T19:53:33.325+0000] {dag.py:3954} INFO - Setting next_dagrun for example_external_task_marker_child to None, run_after=None
[2024-05-24T19:53:33.330+0000] {logging_mixin.py:188} INFO - [2024-05-24T19:53:33.330+0000] {dag.py:3954} INFO - Setting next_dagrun for example_external_task_marker_parent to None, run_after=None
[2024-05-24T19:53:33.346+0000] {processor.py:183} INFO - Processing /home/airflow/.local/lib/python3.12/site-packages/airflow/example_dags/example_external_task_marker_dag.py took 0.081 seconds
[2024-05-24T20:54:49.827+0000] {processor.py:161} INFO - Started process (PID=88732) to work on /home/airflow/.local/lib/python3.12/site-packages/airflow/example_dags/example_external_task_marker_dag.py
[2024-05-24T20:54:49.828+0000] {processor.py:830} INFO - Processing file /home/airflow/.local/lib/python3.12/site-packages/airflow/example_dags/example_external_task_marker_dag.py for tasks to queue
[2024-05-24T20:54:49.829+0000] {logging_mixin.py:188} INFO - [2024-05-24T20:54:49.829+0000] {dagbag.py:545} INFO - Filling up the DagBag from /home/airflow/.local/lib/python3.12/site-packages/airflow/example_dags/example_external_task_marker_dag.py
[2024-05-24T20:54:49.836+0000] {processor.py:840} INFO - DAG(s) 'example_external_task_marker_child', 'example_external_task_marker_parent' retrieved from /home/airflow/.local/lib/python3.12/site-packages/airflow/example_dags/example_external_task_marker_dag.py
[2024-05-24T20:54:49.863+0000] {logging_mixin.py:188} INFO - [2024-05-24T20:54:49.862+0000] {dag.py:3096} INFO - Sync 2 DAGs
[2024-05-24T20:54:49.880+0000] {logging_mixin.py:188} INFO - [2024-05-24T20:54:49.880+0000] {dag.py:3954} INFO - Setting next_dagrun for example_external_task_marker_child to None, run_after=None
[2024-05-24T20:54:49.886+0000] {logging_mixin.py:188} INFO - [2024-05-24T20:54:49.886+0000] {dag.py:3954} INFO - Setting next_dagrun for example_external_task_marker_parent to None, run_after=None
[2024-05-24T20:54:49.904+0000] {processor.py:183} INFO - Processing /home/airflow/.local/lib/python3.12/site-packages/airflow/example_dags/example_external_task_marker_dag.py took 0.084 seconds
[2024-05-24T21:55:55.851+0000] {processor.py:161} INFO - Started process (PID=88791) to work on /home/airflow/.local/lib/python3.12/site-packages/airflow/example_dags/example_external_task_marker_dag.py
[2024-05-24T21:55:55.854+0000] {processor.py:830} INFO - Processing file /home/airflow/.local/lib/python3.12/site-packages/airflow/example_dags/example_external_task_marker_dag.py for tasks to queue
[2024-05-24T21:55:55.858+0000] {logging_mixin.py:188} INFO - [2024-05-24T21:55:55.857+0000] {dagbag.py:545} INFO - Filling up the DagBag from /home/airflow/.local/lib/python3.12/site-packages/airflow/example_dags/example_external_task_marker_dag.py
[2024-05-24T21:55:55.894+0000] {processor.py:840} INFO - DAG(s) 'example_external_task_marker_parent', 'example_external_task_marker_child' retrieved from /home/airflow/.local/lib/python3.12/site-packages/airflow/example_dags/example_external_task_marker_dag.py
[2024-05-24T21:55:56.017+0000] {logging_mixin.py:188} INFO - [2024-05-24T21:55:56.017+0000] {dag.py:3096} INFO - Sync 2 DAGs
[2024-05-24T21:55:56.120+0000] {logging_mixin.py:188} INFO - [2024-05-24T21:55:56.119+0000] {dag.py:3954} INFO - Setting next_dagrun for example_external_task_marker_child to None, run_after=None
[2024-05-24T21:55:56.136+0000] {logging_mixin.py:188} INFO - [2024-05-24T21:55:56.136+0000] {dag.py:3954} INFO - Setting next_dagrun for example_external_task_marker_parent to None, run_after=None
[2024-05-24T21:55:56.219+0000] {processor.py:183} INFO - Processing /home/airflow/.local/lib/python3.12/site-packages/airflow/example_dags/example_external_task_marker_dag.py took 0.396 seconds
[2024-05-24T22:57:00.090+0000] {processor.py:161} INFO - Started process (PID=88844) to work on /home/airflow/.local/lib/python3.12/site-packages/airflow/example_dags/example_external_task_marker_dag.py
[2024-05-24T22:57:00.092+0000] {processor.py:830} INFO - Processing file /home/airflow/.local/lib/python3.12/site-packages/airflow/example_dags/example_external_task_marker_dag.py for tasks to queue
[2024-05-24T22:57:00.094+0000] {logging_mixin.py:188} INFO - [2024-05-24T22:57:00.093+0000] {dagbag.py:545} INFO - Filling up the DagBag from /home/airflow/.local/lib/python3.12/site-packages/airflow/example_dags/example_external_task_marker_dag.py
[2024-05-24T22:57:00.102+0000] {processor.py:840} INFO - DAG(s) 'example_external_task_marker_child', 'example_external_task_marker_parent' retrieved from /home/airflow/.local/lib/python3.12/site-packages/airflow/example_dags/example_external_task_marker_dag.py
[2024-05-24T22:57:00.128+0000] {logging_mixin.py:188} INFO - [2024-05-24T22:57:00.128+0000] {dag.py:3096} INFO - Sync 2 DAGs
[2024-05-24T22:57:00.145+0000] {logging_mixin.py:188} INFO - [2024-05-24T22:57:00.145+0000] {dag.py:3954} INFO - Setting next_dagrun for example_external_task_marker_child to None, run_after=None
[2024-05-24T22:57:00.150+0000] {logging_mixin.py:188} INFO - [2024-05-24T22:57:00.149+0000] {dag.py:3954} INFO - Setting next_dagrun for example_external_task_marker_parent to None, run_after=None
[2024-05-24T22:57:00.172+0000] {processor.py:183} INFO - Processing /home/airflow/.local/lib/python3.12/site-packages/airflow/example_dags/example_external_task_marker_dag.py took 0.089 seconds
