[2024-05-24T00:10:46.667+0000] {processor.py:161} INFO - Started process (PID=87433) to work on /home/airflow/.local/lib/python3.12/site-packages/airflow/example_dags/example_bash_decorator.py
[2024-05-24T00:10:46.670+0000] {processor.py:830} INFO - Processing file /home/airflow/.local/lib/python3.12/site-packages/airflow/example_dags/example_bash_decorator.py for tasks to queue
[2024-05-24T00:10:46.671+0000] {logging_mixin.py:188} INFO - [2024-05-24T00:10:46.670+0000] {dagbag.py:545} INFO - Filling up the DagBag from /home/airflow/.local/lib/python3.12/site-packages/airflow/example_dags/example_bash_decorator.py
[2024-05-24T00:10:46.687+0000] {processor.py:840} INFO - DAG(s) 'example_bash_decorator' retrieved from /home/airflow/.local/lib/python3.12/site-packages/airflow/example_dags/example_bash_decorator.py
[2024-05-24T00:10:46.711+0000] {logging_mixin.py:188} INFO - [2024-05-24T00:10:46.711+0000] {dag.py:3096} INFO - Sync 1 DAGs
[2024-05-24T00:10:46.724+0000] {logging_mixin.py:188} INFO - [2024-05-24T00:10:46.724+0000] {dag.py:3954} INFO - Setting next_dagrun for example_bash_decorator to None, run_after=None
[2024-05-24T00:10:46.744+0000] {processor.py:183} INFO - Processing /home/airflow/.local/lib/python3.12/site-packages/airflow/example_dags/example_bash_decorator.py took 0.084 seconds
[2024-05-24T03:15:04.366+0000] {processor.py:161} INFO - Started process (PID=87492) to work on /home/airflow/.local/lib/python3.12/site-packages/airflow/example_dags/example_bash_decorator.py
[2024-05-24T03:15:04.367+0000] {processor.py:830} INFO - Processing file /home/airflow/.local/lib/python3.12/site-packages/airflow/example_dags/example_bash_decorator.py for tasks to queue
[2024-05-24T03:15:04.369+0000] {logging_mixin.py:188} INFO - [2024-05-24T03:15:04.368+0000] {dagbag.py:545} INFO - Filling up the DagBag from /home/airflow/.local/lib/python3.12/site-packages/airflow/example_dags/example_bash_decorator.py
[2024-05-24T03:15:04.385+0000] {processor.py:840} INFO - DAG(s) 'example_bash_decorator' retrieved from /home/airflow/.local/lib/python3.12/site-packages/airflow/example_dags/example_bash_decorator.py
[2024-05-24T03:15:04.416+0000] {logging_mixin.py:188} INFO - [2024-05-24T03:15:04.415+0000] {dag.py:3096} INFO - Sync 1 DAGs
[2024-05-24T03:15:04.432+0000] {logging_mixin.py:188} INFO - [2024-05-24T03:15:04.432+0000] {dag.py:3954} INFO - Setting next_dagrun for example_bash_decorator to None, run_after=None
[2024-05-24T03:15:04.450+0000] {processor.py:183} INFO - Processing /home/airflow/.local/lib/python3.12/site-packages/airflow/example_dags/example_bash_decorator.py took 0.092 seconds
[2024-05-24T05:04:13.814+0000] {processor.py:161} INFO - Started process (PID=87551) to work on /home/airflow/.local/lib/python3.12/site-packages/airflow/example_dags/example_bash_decorator.py
[2024-05-24T05:04:13.815+0000] {processor.py:830} INFO - Processing file /home/airflow/.local/lib/python3.12/site-packages/airflow/example_dags/example_bash_decorator.py for tasks to queue
[2024-05-24T05:04:13.816+0000] {logging_mixin.py:188} INFO - [2024-05-24T05:04:13.816+0000] {dagbag.py:545} INFO - Filling up the DagBag from /home/airflow/.local/lib/python3.12/site-packages/airflow/example_dags/example_bash_decorator.py
[2024-05-24T05:04:13.832+0000] {processor.py:840} INFO - DAG(s) 'example_bash_decorator' retrieved from /home/airflow/.local/lib/python3.12/site-packages/airflow/example_dags/example_bash_decorator.py
[2024-05-24T05:04:13.861+0000] {logging_mixin.py:188} INFO - [2024-05-24T05:04:13.861+0000] {dag.py:3096} INFO - Sync 1 DAGs
[2024-05-24T05:04:13.876+0000] {logging_mixin.py:188} INFO - [2024-05-24T05:04:13.875+0000] {dag.py:3954} INFO - Setting next_dagrun for example_bash_decorator to None, run_after=None
[2024-05-24T05:04:13.897+0000] {processor.py:183} INFO - Processing /home/airflow/.local/lib/python3.12/site-packages/airflow/example_dags/example_bash_decorator.py took 0.091 seconds
[2024-05-24T05:06:19.911+0000] {processor.py:161} INFO - Started process (PID=87610) to work on /home/airflow/.local/lib/python3.12/site-packages/airflow/example_dags/example_bash_decorator.py
[2024-05-24T05:06:19.914+0000] {processor.py:830} INFO - Processing file /home/airflow/.local/lib/python3.12/site-packages/airflow/example_dags/example_bash_decorator.py for tasks to queue
[2024-05-24T05:06:19.915+0000] {logging_mixin.py:188} INFO - [2024-05-24T05:06:19.914+0000] {dagbag.py:545} INFO - Filling up the DagBag from /home/airflow/.local/lib/python3.12/site-packages/airflow/example_dags/example_bash_decorator.py
[2024-05-24T05:06:19.933+0000] {processor.py:840} INFO - DAG(s) 'example_bash_decorator' retrieved from /home/airflow/.local/lib/python3.12/site-packages/airflow/example_dags/example_bash_decorator.py
[2024-05-24T05:06:19.966+0000] {logging_mixin.py:188} INFO - [2024-05-24T05:06:19.966+0000] {dag.py:3096} INFO - Sync 1 DAGs
[2024-05-24T05:06:19.982+0000] {logging_mixin.py:188} INFO - [2024-05-24T05:06:19.982+0000] {dag.py:3954} INFO - Setting next_dagrun for example_bash_decorator to None, run_after=None
[2024-05-24T05:06:20.000+0000] {processor.py:183} INFO - Processing /home/airflow/.local/lib/python3.12/site-packages/airflow/example_dags/example_bash_decorator.py took 0.097 seconds
[2024-05-24T05:40:31.211+0000] {processor.py:161} INFO - Started process (PID=87669) to work on /home/airflow/.local/lib/python3.12/site-packages/airflow/example_dags/example_bash_decorator.py
[2024-05-24T05:40:31.213+0000] {processor.py:830} INFO - Processing file /home/airflow/.local/lib/python3.12/site-packages/airflow/example_dags/example_bash_decorator.py for tasks to queue
[2024-05-24T05:40:31.214+0000] {logging_mixin.py:188} INFO - [2024-05-24T05:40:31.214+0000] {dagbag.py:545} INFO - Filling up the DagBag from /home/airflow/.local/lib/python3.12/site-packages/airflow/example_dags/example_bash_decorator.py
[2024-05-24T05:40:31.231+0000] {processor.py:840} INFO - DAG(s) 'example_bash_decorator' retrieved from /home/airflow/.local/lib/python3.12/site-packages/airflow/example_dags/example_bash_decorator.py
[2024-05-24T05:40:31.260+0000] {logging_mixin.py:188} INFO - [2024-05-24T05:40:31.259+0000] {dag.py:3096} INFO - Sync 1 DAGs
[2024-05-24T05:40:31.277+0000] {logging_mixin.py:188} INFO - [2024-05-24T05:40:31.276+0000] {dag.py:3954} INFO - Setting next_dagrun for example_bash_decorator to None, run_after=None
[2024-05-24T05:40:31.296+0000] {processor.py:183} INFO - Processing /home/airflow/.local/lib/python3.12/site-packages/airflow/example_dags/example_bash_decorator.py took 0.094 seconds
[2024-05-24T06:37:02.557+0000] {processor.py:161} INFO - Started process (PID=87734) to work on /home/airflow/.local/lib/python3.12/site-packages/airflow/example_dags/example_bash_decorator.py
[2024-05-24T06:37:02.559+0000] {processor.py:830} INFO - Processing file /home/airflow/.local/lib/python3.12/site-packages/airflow/example_dags/example_bash_decorator.py for tasks to queue
[2024-05-24T06:37:02.560+0000] {logging_mixin.py:188} INFO - [2024-05-24T06:37:02.559+0000] {dagbag.py:545} INFO - Filling up the DagBag from /home/airflow/.local/lib/python3.12/site-packages/airflow/example_dags/example_bash_decorator.py
[2024-05-24T06:37:02.579+0000] {processor.py:840} INFO - DAG(s) 'example_bash_decorator' retrieved from /home/airflow/.local/lib/python3.12/site-packages/airflow/example_dags/example_bash_decorator.py
[2024-05-24T06:37:02.608+0000] {logging_mixin.py:188} INFO - [2024-05-24T06:37:02.607+0000] {dag.py:3096} INFO - Sync 1 DAGs
[2024-05-24T06:37:02.626+0000] {logging_mixin.py:188} INFO - [2024-05-24T06:37:02.626+0000] {dag.py:3954} INFO - Setting next_dagrun for example_bash_decorator to None, run_after=None
[2024-05-24T06:37:02.646+0000] {processor.py:183} INFO - Processing /home/airflow/.local/lib/python3.12/site-packages/airflow/example_dags/example_bash_decorator.py took 0.097 seconds
[2024-05-24T07:35:44.328+0000] {processor.py:161} INFO - Started process (PID=87802) to work on /home/airflow/.local/lib/python3.12/site-packages/airflow/example_dags/example_bash_decorator.py
[2024-05-24T07:35:44.330+0000] {processor.py:830} INFO - Processing file /home/airflow/.local/lib/python3.12/site-packages/airflow/example_dags/example_bash_decorator.py for tasks to queue
[2024-05-24T07:35:44.332+0000] {logging_mixin.py:188} INFO - [2024-05-24T07:35:44.331+0000] {dagbag.py:545} INFO - Filling up the DagBag from /home/airflow/.local/lib/python3.12/site-packages/airflow/example_dags/example_bash_decorator.py
[2024-05-24T07:35:44.348+0000] {processor.py:840} INFO - DAG(s) 'example_bash_decorator' retrieved from /home/airflow/.local/lib/python3.12/site-packages/airflow/example_dags/example_bash_decorator.py
[2024-05-24T07:35:44.380+0000] {logging_mixin.py:188} INFO - [2024-05-24T07:35:44.380+0000] {dag.py:3096} INFO - Sync 1 DAGs
[2024-05-24T07:35:44.401+0000] {logging_mixin.py:188} INFO - [2024-05-24T07:35:44.401+0000] {dag.py:3954} INFO - Setting next_dagrun for example_bash_decorator to None, run_after=None
[2024-05-24T07:35:44.419+0000] {processor.py:183} INFO - Processing /home/airflow/.local/lib/python3.12/site-packages/airflow/example_dags/example_bash_decorator.py took 0.098 seconds
[2024-05-24T07:41:39.527+0000] {processor.py:161} INFO - Started process (PID=87861) to work on /home/airflow/.local/lib/python3.12/site-packages/airflow/example_dags/example_bash_decorator.py
[2024-05-24T07:41:39.530+0000] {processor.py:830} INFO - Processing file /home/airflow/.local/lib/python3.12/site-packages/airflow/example_dags/example_bash_decorator.py for tasks to queue
[2024-05-24T07:41:39.531+0000] {logging_mixin.py:188} INFO - [2024-05-24T07:41:39.531+0000] {dagbag.py:545} INFO - Filling up the DagBag from /home/airflow/.local/lib/python3.12/site-packages/airflow/example_dags/example_bash_decorator.py
[2024-05-24T07:41:39.547+0000] {processor.py:840} INFO - DAG(s) 'example_bash_decorator' retrieved from /home/airflow/.local/lib/python3.12/site-packages/airflow/example_dags/example_bash_decorator.py
[2024-05-24T07:41:39.577+0000] {logging_mixin.py:188} INFO - [2024-05-24T07:41:39.576+0000] {dag.py:3096} INFO - Sync 1 DAGs
[2024-05-24T07:41:39.594+0000] {logging_mixin.py:188} INFO - [2024-05-24T07:41:39.594+0000] {dag.py:3954} INFO - Setting next_dagrun for example_bash_decorator to None, run_after=None
[2024-05-24T07:41:39.614+0000] {processor.py:183} INFO - Processing /home/airflow/.local/lib/python3.12/site-packages/airflow/example_dags/example_bash_decorator.py took 0.094 seconds
[2024-05-24T08:42:35.959+0000] {processor.py:161} INFO - Started process (PID=87920) to work on /home/airflow/.local/lib/python3.12/site-packages/airflow/example_dags/example_bash_decorator.py
[2024-05-24T08:42:35.960+0000] {processor.py:830} INFO - Processing file /home/airflow/.local/lib/python3.12/site-packages/airflow/example_dags/example_bash_decorator.py for tasks to queue
[2024-05-24T08:42:35.962+0000] {logging_mixin.py:188} INFO - [2024-05-24T08:42:35.961+0000] {dagbag.py:545} INFO - Filling up the DagBag from /home/airflow/.local/lib/python3.12/site-packages/airflow/example_dags/example_bash_decorator.py
[2024-05-24T08:42:35.979+0000] {processor.py:840} INFO - DAG(s) 'example_bash_decorator' retrieved from /home/airflow/.local/lib/python3.12/site-packages/airflow/example_dags/example_bash_decorator.py
[2024-05-24T08:42:36.009+0000] {logging_mixin.py:188} INFO - [2024-05-24T08:42:36.008+0000] {dag.py:3096} INFO - Sync 1 DAGs
[2024-05-24T08:42:36.025+0000] {logging_mixin.py:188} INFO - [2024-05-24T08:42:36.025+0000] {dag.py:3954} INFO - Setting next_dagrun for example_bash_decorator to None, run_after=None
[2024-05-24T08:42:36.046+0000] {processor.py:183} INFO - Processing /home/airflow/.local/lib/python3.12/site-packages/airflow/example_dags/example_bash_decorator.py took 0.094 seconds
[2024-05-24T09:43:48.052+0000] {processor.py:161} INFO - Started process (PID=87978) to work on /home/airflow/.local/lib/python3.12/site-packages/airflow/example_dags/example_bash_decorator.py
[2024-05-24T09:43:48.054+0000] {processor.py:830} INFO - Processing file /home/airflow/.local/lib/python3.12/site-packages/airflow/example_dags/example_bash_decorator.py for tasks to queue
[2024-05-24T09:43:48.055+0000] {logging_mixin.py:188} INFO - [2024-05-24T09:43:48.055+0000] {dagbag.py:545} INFO - Filling up the DagBag from /home/airflow/.local/lib/python3.12/site-packages/airflow/example_dags/example_bash_decorator.py
[2024-05-24T09:43:48.073+0000] {processor.py:840} INFO - DAG(s) 'example_bash_decorator' retrieved from /home/airflow/.local/lib/python3.12/site-packages/airflow/example_dags/example_bash_decorator.py
[2024-05-24T09:43:48.164+0000] {logging_mixin.py:188} INFO - [2024-05-24T09:43:48.164+0000] {dag.py:3096} INFO - Sync 1 DAGs
[2024-05-24T09:43:48.187+0000] {logging_mixin.py:188} INFO - [2024-05-24T09:43:48.187+0000] {dag.py:3954} INFO - Setting next_dagrun for example_bash_decorator to None, run_after=None
[2024-05-24T09:43:48.205+0000] {processor.py:183} INFO - Processing /home/airflow/.local/lib/python3.12/site-packages/airflow/example_dags/example_bash_decorator.py took 0.168 seconds
[2024-05-24T10:44:57.000+0000] {processor.py:161} INFO - Started process (PID=88037) to work on /home/airflow/.local/lib/python3.12/site-packages/airflow/example_dags/example_bash_decorator.py
[2024-05-24T10:44:57.001+0000] {processor.py:830} INFO - Processing file /home/airflow/.local/lib/python3.12/site-packages/airflow/example_dags/example_bash_decorator.py for tasks to queue
[2024-05-24T10:44:57.002+0000] {logging_mixin.py:188} INFO - [2024-05-24T10:44:57.002+0000] {dagbag.py:545} INFO - Filling up the DagBag from /home/airflow/.local/lib/python3.12/site-packages/airflow/example_dags/example_bash_decorator.py
[2024-05-24T10:44:57.019+0000] {processor.py:840} INFO - DAG(s) 'example_bash_decorator' retrieved from /home/airflow/.local/lib/python3.12/site-packages/airflow/example_dags/example_bash_decorator.py
[2024-05-24T10:44:57.055+0000] {logging_mixin.py:188} INFO - [2024-05-24T10:44:57.055+0000] {dag.py:3096} INFO - Sync 1 DAGs
[2024-05-24T10:44:57.071+0000] {logging_mixin.py:188} INFO - [2024-05-24T10:44:57.071+0000] {dag.py:3954} INFO - Setting next_dagrun for example_bash_decorator to None, run_after=None
[2024-05-24T10:44:57.089+0000] {processor.py:183} INFO - Processing /home/airflow/.local/lib/python3.12/site-packages/airflow/example_dags/example_bash_decorator.py took 0.097 seconds
[2024-05-24T11:46:06.932+0000] {processor.py:161} INFO - Started process (PID=88096) to work on /home/airflow/.local/lib/python3.12/site-packages/airflow/example_dags/example_bash_decorator.py
[2024-05-24T11:46:06.935+0000] {processor.py:830} INFO - Processing file /home/airflow/.local/lib/python3.12/site-packages/airflow/example_dags/example_bash_decorator.py for tasks to queue
[2024-05-24T11:46:06.936+0000] {logging_mixin.py:188} INFO - [2024-05-24T11:46:06.936+0000] {dagbag.py:545} INFO - Filling up the DagBag from /home/airflow/.local/lib/python3.12/site-packages/airflow/example_dags/example_bash_decorator.py
[2024-05-24T11:46:06.971+0000] {processor.py:840} INFO - DAG(s) 'example_bash_decorator' retrieved from /home/airflow/.local/lib/python3.12/site-packages/airflow/example_dags/example_bash_decorator.py
[2024-05-24T11:46:07.023+0000] {logging_mixin.py:188} INFO - [2024-05-24T11:46:07.023+0000] {dag.py:3096} INFO - Sync 1 DAGs
[2024-05-24T11:46:07.051+0000] {logging_mixin.py:188} INFO - [2024-05-24T11:46:07.051+0000] {dag.py:3954} INFO - Setting next_dagrun for example_bash_decorator to None, run_after=None
[2024-05-24T11:46:07.083+0000] {processor.py:183} INFO - Processing /home/airflow/.local/lib/python3.12/site-packages/airflow/example_dags/example_bash_decorator.py took 0.166 seconds
[2024-05-24T12:47:09.166+0000] {processor.py:161} INFO - Started process (PID=88155) to work on /home/airflow/.local/lib/python3.12/site-packages/airflow/example_dags/example_bash_decorator.py
[2024-05-24T12:47:09.167+0000] {processor.py:830} INFO - Processing file /home/airflow/.local/lib/python3.12/site-packages/airflow/example_dags/example_bash_decorator.py for tasks to queue
[2024-05-24T12:47:09.168+0000] {logging_mixin.py:188} INFO - [2024-05-24T12:47:09.168+0000] {dagbag.py:545} INFO - Filling up the DagBag from /home/airflow/.local/lib/python3.12/site-packages/airflow/example_dags/example_bash_decorator.py
[2024-05-24T12:47:09.190+0000] {processor.py:840} INFO - DAG(s) 'example_bash_decorator' retrieved from /home/airflow/.local/lib/python3.12/site-packages/airflow/example_dags/example_bash_decorator.py
[2024-05-24T12:47:09.225+0000] {logging_mixin.py:188} INFO - [2024-05-24T12:47:09.224+0000] {dag.py:3096} INFO - Sync 1 DAGs
[2024-05-24T12:47:09.250+0000] {logging_mixin.py:188} INFO - [2024-05-24T12:47:09.250+0000] {dag.py:3954} INFO - Setting next_dagrun for example_bash_decorator to None, run_after=None
[2024-05-24T12:47:09.278+0000] {processor.py:183} INFO - Processing /home/airflow/.local/lib/python3.12/site-packages/airflow/example_dags/example_bash_decorator.py took 0.119 seconds
[2024-05-24T13:48:17.890+0000] {processor.py:161} INFO - Started process (PID=88214) to work on /home/airflow/.local/lib/python3.12/site-packages/airflow/example_dags/example_bash_decorator.py
[2024-05-24T13:48:17.892+0000] {processor.py:830} INFO - Processing file /home/airflow/.local/lib/python3.12/site-packages/airflow/example_dags/example_bash_decorator.py for tasks to queue
[2024-05-24T13:48:17.892+0000] {logging_mixin.py:188} INFO - [2024-05-24T13:48:17.892+0000] {dagbag.py:545} INFO - Filling up the DagBag from /home/airflow/.local/lib/python3.12/site-packages/airflow/example_dags/example_bash_decorator.py
[2024-05-24T13:48:17.907+0000] {processor.py:840} INFO - DAG(s) 'example_bash_decorator' retrieved from /home/airflow/.local/lib/python3.12/site-packages/airflow/example_dags/example_bash_decorator.py
[2024-05-24T13:48:17.931+0000] {logging_mixin.py:188} INFO - [2024-05-24T13:48:17.931+0000] {dag.py:3096} INFO - Sync 1 DAGs
[2024-05-24T13:48:17.947+0000] {logging_mixin.py:188} INFO - [2024-05-24T13:48:17.947+0000] {dag.py:3954} INFO - Setting next_dagrun for example_bash_decorator to None, run_after=None
[2024-05-24T13:48:17.965+0000] {processor.py:183} INFO - Processing /home/airflow/.local/lib/python3.12/site-packages/airflow/example_dags/example_bash_decorator.py took 0.081 seconds
[2024-05-24T14:49:28.006+0000] {processor.py:161} INFO - Started process (PID=88273) to work on /home/airflow/.local/lib/python3.12/site-packages/airflow/example_dags/example_bash_decorator.py
[2024-05-24T14:49:28.008+0000] {processor.py:830} INFO - Processing file /home/airflow/.local/lib/python3.12/site-packages/airflow/example_dags/example_bash_decorator.py for tasks to queue
[2024-05-24T14:49:28.009+0000] {logging_mixin.py:188} INFO - [2024-05-24T14:49:28.009+0000] {dagbag.py:545} INFO - Filling up the DagBag from /home/airflow/.local/lib/python3.12/site-packages/airflow/example_dags/example_bash_decorator.py
[2024-05-24T14:49:28.026+0000] {processor.py:840} INFO - DAG(s) 'example_bash_decorator' retrieved from /home/airflow/.local/lib/python3.12/site-packages/airflow/example_dags/example_bash_decorator.py
[2024-05-24T14:49:28.054+0000] {logging_mixin.py:188} INFO - [2024-05-24T14:49:28.054+0000] {dag.py:3096} INFO - Sync 1 DAGs
[2024-05-24T14:49:28.068+0000] {logging_mixin.py:188} INFO - [2024-05-24T14:49:28.068+0000] {dag.py:3954} INFO - Setting next_dagrun for example_bash_decorator to None, run_after=None
[2024-05-24T14:49:28.088+0000] {processor.py:183} INFO - Processing /home/airflow/.local/lib/python3.12/site-packages/airflow/example_dags/example_bash_decorator.py took 0.091 seconds
[2024-05-24T15:48:53.456+0000] {processor.py:161} INFO - Started process (PID=88332) to work on /home/airflow/.local/lib/python3.12/site-packages/airflow/example_dags/example_bash_decorator.py
[2024-05-24T15:48:53.457+0000] {processor.py:830} INFO - Processing file /home/airflow/.local/lib/python3.12/site-packages/airflow/example_dags/example_bash_decorator.py for tasks to queue
[2024-05-24T15:48:53.458+0000] {logging_mixin.py:188} INFO - [2024-05-24T15:48:53.458+0000] {dagbag.py:545} INFO - Filling up the DagBag from /home/airflow/.local/lib/python3.12/site-packages/airflow/example_dags/example_bash_decorator.py
[2024-05-24T15:48:53.476+0000] {processor.py:840} INFO - DAG(s) 'example_bash_decorator' retrieved from /home/airflow/.local/lib/python3.12/site-packages/airflow/example_dags/example_bash_decorator.py
[2024-05-24T15:48:53.509+0000] {logging_mixin.py:188} INFO - [2024-05-24T15:48:53.509+0000] {dag.py:3096} INFO - Sync 1 DAGs
[2024-05-24T15:48:53.525+0000] {logging_mixin.py:188} INFO - [2024-05-24T15:48:53.524+0000] {dag.py:3954} INFO - Setting next_dagrun for example_bash_decorator to None, run_after=None
[2024-05-24T15:48:53.543+0000] {processor.py:183} INFO - Processing /home/airflow/.local/lib/python3.12/site-packages/airflow/example_dags/example_bash_decorator.py took 0.095 seconds
[2024-05-24T15:50:36.610+0000] {processor.py:161} INFO - Started process (PID=88391) to work on /home/airflow/.local/lib/python3.12/site-packages/airflow/example_dags/example_bash_decorator.py
[2024-05-24T15:50:36.614+0000] {processor.py:830} INFO - Processing file /home/airflow/.local/lib/python3.12/site-packages/airflow/example_dags/example_bash_decorator.py for tasks to queue
[2024-05-24T15:50:36.615+0000] {logging_mixin.py:188} INFO - [2024-05-24T15:50:36.615+0000] {dagbag.py:545} INFO - Filling up the DagBag from /home/airflow/.local/lib/python3.12/site-packages/airflow/example_dags/example_bash_decorator.py
[2024-05-24T15:50:36.633+0000] {processor.py:840} INFO - DAG(s) 'example_bash_decorator' retrieved from /home/airflow/.local/lib/python3.12/site-packages/airflow/example_dags/example_bash_decorator.py
[2024-05-24T15:50:36.667+0000] {logging_mixin.py:188} INFO - [2024-05-24T15:50:36.667+0000] {dag.py:3096} INFO - Sync 1 DAGs
[2024-05-24T15:50:36.684+0000] {logging_mixin.py:188} INFO - [2024-05-24T15:50:36.683+0000] {dag.py:3954} INFO - Setting next_dagrun for example_bash_decorator to None, run_after=None
[2024-05-24T15:50:36.707+0000] {processor.py:183} INFO - Processing /home/airflow/.local/lib/python3.12/site-packages/airflow/example_dags/example_bash_decorator.py took 0.104 seconds
[2024-05-24T16:51:47.882+0000] {processor.py:161} INFO - Started process (PID=88449) to work on /home/airflow/.local/lib/python3.12/site-packages/airflow/example_dags/example_bash_decorator.py
[2024-05-24T16:51:47.890+0000] {processor.py:830} INFO - Processing file /home/airflow/.local/lib/python3.12/site-packages/airflow/example_dags/example_bash_decorator.py for tasks to queue
[2024-05-24T16:51:47.892+0000] {logging_mixin.py:188} INFO - [2024-05-24T16:51:47.892+0000] {dagbag.py:545} INFO - Filling up the DagBag from /home/airflow/.local/lib/python3.12/site-packages/airflow/example_dags/example_bash_decorator.py
[2024-05-24T16:51:47.960+0000] {processor.py:840} INFO - DAG(s) 'example_bash_decorator' retrieved from /home/airflow/.local/lib/python3.12/site-packages/airflow/example_dags/example_bash_decorator.py
[2024-05-24T16:51:48.019+0000] {logging_mixin.py:188} INFO - [2024-05-24T16:51:48.018+0000] {dag.py:3096} INFO - Sync 1 DAGs
[2024-05-24T16:51:48.050+0000] {logging_mixin.py:188} INFO - [2024-05-24T16:51:48.050+0000] {dag.py:3954} INFO - Setting next_dagrun for example_bash_decorator to None, run_after=None
[2024-05-24T16:51:48.095+0000] {processor.py:183} INFO - Processing /home/airflow/.local/lib/python3.12/site-packages/airflow/example_dags/example_bash_decorator.py took 0.261 seconds
[2024-05-24T17:50:15.680+0000] {processor.py:161} INFO - Started process (PID=88502) to work on /home/airflow/.local/lib/python3.12/site-packages/airflow/example_dags/example_bash_decorator.py
[2024-05-24T17:50:15.682+0000] {processor.py:830} INFO - Processing file /home/airflow/.local/lib/python3.12/site-packages/airflow/example_dags/example_bash_decorator.py for tasks to queue
[2024-05-24T17:50:15.683+0000] {logging_mixin.py:188} INFO - [2024-05-24T17:50:15.682+0000] {dagbag.py:545} INFO - Filling up the DagBag from /home/airflow/.local/lib/python3.12/site-packages/airflow/example_dags/example_bash_decorator.py
[2024-05-24T17:50:15.700+0000] {processor.py:840} INFO - DAG(s) 'example_bash_decorator' retrieved from /home/airflow/.local/lib/python3.12/site-packages/airflow/example_dags/example_bash_decorator.py
[2024-05-24T17:50:15.730+0000] {logging_mixin.py:188} INFO - [2024-05-24T17:50:15.729+0000] {dag.py:3096} INFO - Sync 1 DAGs
[2024-05-24T17:50:15.746+0000] {logging_mixin.py:188} INFO - [2024-05-24T17:50:15.745+0000] {dag.py:3954} INFO - Setting next_dagrun for example_bash_decorator to None, run_after=None
[2024-05-24T17:50:15.766+0000] {processor.py:183} INFO - Processing /home/airflow/.local/lib/python3.12/site-packages/airflow/example_dags/example_bash_decorator.py took 0.094 seconds
[2024-05-24T17:50:46.207+0000] {processor.py:161} INFO - Started process (PID=88561) to work on /home/airflow/.local/lib/python3.12/site-packages/airflow/example_dags/example_bash_decorator.py
[2024-05-24T17:50:46.208+0000] {processor.py:830} INFO - Processing file /home/airflow/.local/lib/python3.12/site-packages/airflow/example_dags/example_bash_decorator.py for tasks to queue
[2024-05-24T17:50:46.210+0000] {logging_mixin.py:188} INFO - [2024-05-24T17:50:46.209+0000] {dagbag.py:545} INFO - Filling up the DagBag from /home/airflow/.local/lib/python3.12/site-packages/airflow/example_dags/example_bash_decorator.py
[2024-05-24T17:50:46.226+0000] {processor.py:840} INFO - DAG(s) 'example_bash_decorator' retrieved from /home/airflow/.local/lib/python3.12/site-packages/airflow/example_dags/example_bash_decorator.py
[2024-05-24T17:50:46.254+0000] {logging_mixin.py:188} INFO - [2024-05-24T17:50:46.254+0000] {dag.py:3096} INFO - Sync 1 DAGs
[2024-05-24T17:50:46.268+0000] {logging_mixin.py:188} INFO - [2024-05-24T17:50:46.268+0000] {dag.py:3954} INFO - Setting next_dagrun for example_bash_decorator to None, run_after=None
[2024-05-24T17:50:46.290+0000] {processor.py:183} INFO - Processing /home/airflow/.local/lib/python3.12/site-packages/airflow/example_dags/example_bash_decorator.py took 0.091 seconds
[2024-05-24T18:53:41.095+0000] {processor.py:161} INFO - Started process (PID=88626) to work on /home/airflow/.local/lib/python3.12/site-packages/airflow/example_dags/example_bash_decorator.py
[2024-05-24T18:53:41.096+0000] {processor.py:830} INFO - Processing file /home/airflow/.local/lib/python3.12/site-packages/airflow/example_dags/example_bash_decorator.py for tasks to queue
[2024-05-24T18:53:41.098+0000] {logging_mixin.py:188} INFO - [2024-05-24T18:53:41.098+0000] {dagbag.py:545} INFO - Filling up the DagBag from /home/airflow/.local/lib/python3.12/site-packages/airflow/example_dags/example_bash_decorator.py
[2024-05-24T18:53:41.121+0000] {processor.py:840} INFO - DAG(s) 'example_bash_decorator' retrieved from /home/airflow/.local/lib/python3.12/site-packages/airflow/example_dags/example_bash_decorator.py
[2024-05-24T18:53:41.154+0000] {logging_mixin.py:188} INFO - [2024-05-24T18:53:41.154+0000] {dag.py:3096} INFO - Sync 1 DAGs
[2024-05-24T18:53:41.171+0000] {logging_mixin.py:188} INFO - [2024-05-24T18:53:41.171+0000] {dag.py:3954} INFO - Setting next_dagrun for example_bash_decorator to None, run_after=None
[2024-05-24T18:53:41.193+0000] {processor.py:183} INFO - Processing /home/airflow/.local/lib/python3.12/site-packages/airflow/example_dags/example_bash_decorator.py took 0.109 seconds
[2024-05-24T19:53:34.084+0000] {processor.py:161} INFO - Started process (PID=88679) to work on /home/airflow/.local/lib/python3.12/site-packages/airflow/example_dags/example_bash_decorator.py
[2024-05-24T19:53:34.085+0000] {processor.py:830} INFO - Processing file /home/airflow/.local/lib/python3.12/site-packages/airflow/example_dags/example_bash_decorator.py for tasks to queue
[2024-05-24T19:53:34.087+0000] {logging_mixin.py:188} INFO - [2024-05-24T19:53:34.086+0000] {dagbag.py:545} INFO - Filling up the DagBag from /home/airflow/.local/lib/python3.12/site-packages/airflow/example_dags/example_bash_decorator.py
[2024-05-24T19:53:34.109+0000] {processor.py:840} INFO - DAG(s) 'example_bash_decorator' retrieved from /home/airflow/.local/lib/python3.12/site-packages/airflow/example_dags/example_bash_decorator.py
[2024-05-24T19:53:34.163+0000] {logging_mixin.py:188} INFO - [2024-05-24T19:53:34.163+0000] {dag.py:3096} INFO - Sync 1 DAGs
[2024-05-24T19:53:34.180+0000] {logging_mixin.py:188} INFO - [2024-05-24T19:53:34.180+0000] {dag.py:3954} INFO - Setting next_dagrun for example_bash_decorator to None, run_after=None
[2024-05-24T19:53:34.201+0000] {processor.py:183} INFO - Processing /home/airflow/.local/lib/python3.12/site-packages/airflow/example_dags/example_bash_decorator.py took 0.125 seconds
[2024-05-24T20:54:50.790+0000] {processor.py:161} INFO - Started process (PID=88744) to work on /home/airflow/.local/lib/python3.12/site-packages/airflow/example_dags/example_bash_decorator.py
[2024-05-24T20:54:50.791+0000] {processor.py:830} INFO - Processing file /home/airflow/.local/lib/python3.12/site-packages/airflow/example_dags/example_bash_decorator.py for tasks to queue
[2024-05-24T20:54:50.793+0000] {logging_mixin.py:188} INFO - [2024-05-24T20:54:50.792+0000] {dagbag.py:545} INFO - Filling up the DagBag from /home/airflow/.local/lib/python3.12/site-packages/airflow/example_dags/example_bash_decorator.py
[2024-05-24T20:54:50.808+0000] {processor.py:840} INFO - DAG(s) 'example_bash_decorator' retrieved from /home/airflow/.local/lib/python3.12/site-packages/airflow/example_dags/example_bash_decorator.py
[2024-05-24T20:54:50.839+0000] {logging_mixin.py:188} INFO - [2024-05-24T20:54:50.838+0000] {dag.py:3096} INFO - Sync 1 DAGs
[2024-05-24T20:54:50.854+0000] {logging_mixin.py:188} INFO - [2024-05-24T20:54:50.853+0000] {dag.py:3954} INFO - Setting next_dagrun for example_bash_decorator to None, run_after=None
[2024-05-24T20:54:50.875+0000] {processor.py:183} INFO - Processing /home/airflow/.local/lib/python3.12/site-packages/airflow/example_dags/example_bash_decorator.py took 0.093 seconds
[2024-05-24T21:55:58.819+0000] {processor.py:161} INFO - Started process (PID=88803) to work on /home/airflow/.local/lib/python3.12/site-packages/airflow/example_dags/example_bash_decorator.py
[2024-05-24T21:55:58.821+0000] {processor.py:830} INFO - Processing file /home/airflow/.local/lib/python3.12/site-packages/airflow/example_dags/example_bash_decorator.py for tasks to queue
[2024-05-24T21:55:58.822+0000] {logging_mixin.py:188} INFO - [2024-05-24T21:55:58.822+0000] {dagbag.py:545} INFO - Filling up the DagBag from /home/airflow/.local/lib/python3.12/site-packages/airflow/example_dags/example_bash_decorator.py
[2024-05-24T21:55:58.861+0000] {processor.py:840} INFO - DAG(s) 'example_bash_decorator' retrieved from /home/airflow/.local/lib/python3.12/site-packages/airflow/example_dags/example_bash_decorator.py
[2024-05-24T21:55:58.889+0000] {logging_mixin.py:188} INFO - [2024-05-24T21:55:58.889+0000] {dag.py:3096} INFO - Sync 1 DAGs
[2024-05-24T21:55:58.907+0000] {logging_mixin.py:188} INFO - [2024-05-24T21:55:58.907+0000] {dag.py:3954} INFO - Setting next_dagrun for example_bash_decorator to None, run_after=None
[2024-05-24T21:55:58.926+0000] {processor.py:183} INFO - Processing /home/airflow/.local/lib/python3.12/site-packages/airflow/example_dags/example_bash_decorator.py took 0.126 seconds
[2024-05-24T22:57:00.914+0000] {processor.py:161} INFO - Started process (PID=88856) to work on /home/airflow/.local/lib/python3.12/site-packages/airflow/example_dags/example_bash_decorator.py
[2024-05-24T22:57:00.916+0000] {processor.py:830} INFO - Processing file /home/airflow/.local/lib/python3.12/site-packages/airflow/example_dags/example_bash_decorator.py for tasks to queue
[2024-05-24T22:57:00.917+0000] {logging_mixin.py:188} INFO - [2024-05-24T22:57:00.917+0000] {dagbag.py:545} INFO - Filling up the DagBag from /home/airflow/.local/lib/python3.12/site-packages/airflow/example_dags/example_bash_decorator.py
[2024-05-24T22:57:00.933+0000] {processor.py:840} INFO - DAG(s) 'example_bash_decorator' retrieved from /home/airflow/.local/lib/python3.12/site-packages/airflow/example_dags/example_bash_decorator.py
[2024-05-24T22:57:00.962+0000] {logging_mixin.py:188} INFO - [2024-05-24T22:57:00.962+0000] {dag.py:3096} INFO - Sync 1 DAGs
[2024-05-24T22:57:00.977+0000] {logging_mixin.py:188} INFO - [2024-05-24T22:57:00.977+0000] {dag.py:3954} INFO - Setting next_dagrun for example_bash_decorator to None, run_after=None
[2024-05-24T22:57:00.997+0000] {processor.py:183} INFO - Processing /home/airflow/.local/lib/python3.12/site-packages/airflow/example_dags/example_bash_decorator.py took 0.090 seconds
