[2024-05-24T00:10:46.256+0000] {processor.py:161} INFO - Started process (PID=87427) to work on /home/airflow/.local/lib/python3.12/site-packages/airflow/example_dags/example_sla_dag.py
[2024-05-24T00:10:46.258+0000] {processor.py:830} INFO - Processing file /home/airflow/.local/lib/python3.12/site-packages/airflow/example_dags/example_sla_dag.py for tasks to queue
[2024-05-24T00:10:46.260+0000] {logging_mixin.py:188} INFO - [2024-05-24T00:10:46.260+0000] {dagbag.py:545} INFO - Filling up the DagBag from /home/airflow/.local/lib/python3.12/site-packages/airflow/example_dags/example_sla_dag.py
[2024-05-24T00:10:46.274+0000] {processor.py:840} INFO - DAG(s) 'example_sla_dag' retrieved from /home/airflow/.local/lib/python3.12/site-packages/airflow/example_dags/example_sla_dag.py
[2024-05-24T00:10:46.307+0000] {logging_mixin.py:188} INFO - [2024-05-24T00:10:46.306+0000] {dag.py:3096} INFO - Sync 1 DAGs
[2024-05-24T00:10:46.346+0000] {logging_mixin.py:188} INFO - [2024-05-24T00:10:46.345+0000] {dag.py:3954} INFO - Setting next_dagrun for example_sla_dag to 2024-05-24 00:08:00+00:00, run_after=2024-05-24 00:10:00+00:00
[2024-05-24T00:10:46.370+0000] {processor.py:183} INFO - Processing /home/airflow/.local/lib/python3.12/site-packages/airflow/example_dags/example_sla_dag.py took 0.127 seconds
[2024-05-24T03:15:03.994+0000] {processor.py:161} INFO - Started process (PID=87486) to work on /home/airflow/.local/lib/python3.12/site-packages/airflow/example_dags/example_sla_dag.py
[2024-05-24T03:15:03.996+0000] {processor.py:830} INFO - Processing file /home/airflow/.local/lib/python3.12/site-packages/airflow/example_dags/example_sla_dag.py for tasks to queue
[2024-05-24T03:15:03.998+0000] {logging_mixin.py:188} INFO - [2024-05-24T03:15:03.998+0000] {dagbag.py:545} INFO - Filling up the DagBag from /home/airflow/.local/lib/python3.12/site-packages/airflow/example_dags/example_sla_dag.py
[2024-05-24T03:15:04.010+0000] {processor.py:840} INFO - DAG(s) 'example_sla_dag' retrieved from /home/airflow/.local/lib/python3.12/site-packages/airflow/example_dags/example_sla_dag.py
[2024-05-24T03:15:04.033+0000] {logging_mixin.py:188} INFO - [2024-05-24T03:15:04.032+0000] {dag.py:3096} INFO - Sync 1 DAGs
[2024-05-24T03:15:04.064+0000] {logging_mixin.py:188} INFO - [2024-05-24T03:15:04.064+0000] {dag.py:3954} INFO - Setting next_dagrun for example_sla_dag to 2024-05-24 03:12:00+00:00, run_after=2024-05-24 03:14:00+00:00
[2024-05-24T03:15:04.084+0000] {processor.py:183} INFO - Processing /home/airflow/.local/lib/python3.12/site-packages/airflow/example_dags/example_sla_dag.py took 0.104 seconds
[2024-05-24T05:04:13.432+0000] {processor.py:161} INFO - Started process (PID=87545) to work on /home/airflow/.local/lib/python3.12/site-packages/airflow/example_dags/example_sla_dag.py
[2024-05-24T05:04:13.434+0000] {processor.py:830} INFO - Processing file /home/airflow/.local/lib/python3.12/site-packages/airflow/example_dags/example_sla_dag.py for tasks to queue
[2024-05-24T05:04:13.435+0000] {logging_mixin.py:188} INFO - [2024-05-24T05:04:13.434+0000] {dagbag.py:545} INFO - Filling up the DagBag from /home/airflow/.local/lib/python3.12/site-packages/airflow/example_dags/example_sla_dag.py
[2024-05-24T05:04:13.446+0000] {processor.py:840} INFO - DAG(s) 'example_sla_dag' retrieved from /home/airflow/.local/lib/python3.12/site-packages/airflow/example_dags/example_sla_dag.py
[2024-05-24T05:04:13.470+0000] {logging_mixin.py:188} INFO - [2024-05-24T05:04:13.469+0000] {dag.py:3096} INFO - Sync 1 DAGs
[2024-05-24T05:04:13.500+0000] {logging_mixin.py:188} INFO - [2024-05-24T05:04:13.500+0000] {dag.py:3954} INFO - Setting next_dagrun for example_sla_dag to 2024-05-24 05:02:00+00:00, run_after=2024-05-24 05:04:00+00:00
[2024-05-24T05:04:13.518+0000] {processor.py:183} INFO - Processing /home/airflow/.local/lib/python3.12/site-packages/airflow/example_dags/example_sla_dag.py took 0.094 seconds
[2024-05-24T05:06:19.520+0000] {processor.py:161} INFO - Started process (PID=87604) to work on /home/airflow/.local/lib/python3.12/site-packages/airflow/example_dags/example_sla_dag.py
[2024-05-24T05:06:19.521+0000] {processor.py:830} INFO - Processing file /home/airflow/.local/lib/python3.12/site-packages/airflow/example_dags/example_sla_dag.py for tasks to queue
[2024-05-24T05:06:19.523+0000] {logging_mixin.py:188} INFO - [2024-05-24T05:06:19.522+0000] {dagbag.py:545} INFO - Filling up the DagBag from /home/airflow/.local/lib/python3.12/site-packages/airflow/example_dags/example_sla_dag.py
[2024-05-24T05:06:19.533+0000] {processor.py:840} INFO - DAG(s) 'example_sla_dag' retrieved from /home/airflow/.local/lib/python3.12/site-packages/airflow/example_dags/example_sla_dag.py
[2024-05-24T05:06:19.555+0000] {logging_mixin.py:188} INFO - [2024-05-24T05:06:19.555+0000] {dag.py:3096} INFO - Sync 1 DAGs
[2024-05-24T05:06:19.587+0000] {logging_mixin.py:188} INFO - [2024-05-24T05:06:19.587+0000] {dag.py:3954} INFO - Setting next_dagrun for example_sla_dag to 2024-05-24 05:04:00+00:00, run_after=2024-05-24 05:06:00+00:00
[2024-05-24T05:06:19.607+0000] {processor.py:183} INFO - Processing /home/airflow/.local/lib/python3.12/site-packages/airflow/example_dags/example_sla_dag.py took 0.094 seconds
[2024-05-24T05:40:30.810+0000] {processor.py:161} INFO - Started process (PID=87663) to work on /home/airflow/.local/lib/python3.12/site-packages/airflow/example_dags/example_sla_dag.py
[2024-05-24T05:40:30.811+0000] {processor.py:830} INFO - Processing file /home/airflow/.local/lib/python3.12/site-packages/airflow/example_dags/example_sla_dag.py for tasks to queue
[2024-05-24T05:40:30.813+0000] {logging_mixin.py:188} INFO - [2024-05-24T05:40:30.812+0000] {dagbag.py:545} INFO - Filling up the DagBag from /home/airflow/.local/lib/python3.12/site-packages/airflow/example_dags/example_sla_dag.py
[2024-05-24T05:40:30.823+0000] {processor.py:840} INFO - DAG(s) 'example_sla_dag' retrieved from /home/airflow/.local/lib/python3.12/site-packages/airflow/example_dags/example_sla_dag.py
[2024-05-24T05:40:30.848+0000] {logging_mixin.py:188} INFO - [2024-05-24T05:40:30.848+0000] {dag.py:3096} INFO - Sync 1 DAGs
[2024-05-24T05:40:30.881+0000] {logging_mixin.py:188} INFO - [2024-05-24T05:40:30.881+0000] {dag.py:3954} INFO - Setting next_dagrun for example_sla_dag to 2024-05-24 05:38:00+00:00, run_after=2024-05-24 05:40:00+00:00
[2024-05-24T05:40:30.901+0000] {processor.py:183} INFO - Processing /home/airflow/.local/lib/python3.12/site-packages/airflow/example_dags/example_sla_dag.py took 0.099 seconds
[2024-05-24T06:37:02.163+0000] {processor.py:161} INFO - Started process (PID=87728) to work on /home/airflow/.local/lib/python3.12/site-packages/airflow/example_dags/example_sla_dag.py
[2024-05-24T06:37:02.164+0000] {processor.py:830} INFO - Processing file /home/airflow/.local/lib/python3.12/site-packages/airflow/example_dags/example_sla_dag.py for tasks to queue
[2024-05-24T06:37:02.165+0000] {logging_mixin.py:188} INFO - [2024-05-24T06:37:02.165+0000] {dagbag.py:545} INFO - Filling up the DagBag from /home/airflow/.local/lib/python3.12/site-packages/airflow/example_dags/example_sla_dag.py
[2024-05-24T06:37:02.175+0000] {processor.py:840} INFO - DAG(s) 'example_sla_dag' retrieved from /home/airflow/.local/lib/python3.12/site-packages/airflow/example_dags/example_sla_dag.py
[2024-05-24T06:37:02.198+0000] {logging_mixin.py:188} INFO - [2024-05-24T06:37:02.197+0000] {dag.py:3096} INFO - Sync 1 DAGs
[2024-05-24T06:37:02.229+0000] {logging_mixin.py:188} INFO - [2024-05-24T06:37:02.229+0000] {dag.py:3954} INFO - Setting next_dagrun for example_sla_dag to 2024-05-24 06:34:00+00:00, run_after=2024-05-24 06:36:00+00:00
[2024-05-24T06:37:02.251+0000] {processor.py:183} INFO - Processing /home/airflow/.local/lib/python3.12/site-packages/airflow/example_dags/example_sla_dag.py took 0.096 seconds
[2024-05-24T07:35:43.938+0000] {processor.py:161} INFO - Started process (PID=87796) to work on /home/airflow/.local/lib/python3.12/site-packages/airflow/example_dags/example_sla_dag.py
[2024-05-24T07:35:43.940+0000] {processor.py:830} INFO - Processing file /home/airflow/.local/lib/python3.12/site-packages/airflow/example_dags/example_sla_dag.py for tasks to queue
[2024-05-24T07:35:43.942+0000] {logging_mixin.py:188} INFO - [2024-05-24T07:35:43.942+0000] {dagbag.py:545} INFO - Filling up the DagBag from /home/airflow/.local/lib/python3.12/site-packages/airflow/example_dags/example_sla_dag.py
[2024-05-24T07:35:43.952+0000] {processor.py:840} INFO - DAG(s) 'example_sla_dag' retrieved from /home/airflow/.local/lib/python3.12/site-packages/airflow/example_dags/example_sla_dag.py
[2024-05-24T07:35:43.976+0000] {logging_mixin.py:188} INFO - [2024-05-24T07:35:43.976+0000] {dag.py:3096} INFO - Sync 1 DAGs
[2024-05-24T07:35:44.007+0000] {logging_mixin.py:188} INFO - [2024-05-24T07:35:44.007+0000] {dag.py:3954} INFO - Setting next_dagrun for example_sla_dag to 2024-05-24 07:32:00+00:00, run_after=2024-05-24 07:34:00+00:00
[2024-05-24T07:35:44.029+0000] {processor.py:183} INFO - Processing /home/airflow/.local/lib/python3.12/site-packages/airflow/example_dags/example_sla_dag.py took 0.099 seconds
[2024-05-24T07:41:39.131+0000] {processor.py:161} INFO - Started process (PID=87855) to work on /home/airflow/.local/lib/python3.12/site-packages/airflow/example_dags/example_sla_dag.py
[2024-05-24T07:41:39.132+0000] {processor.py:830} INFO - Processing file /home/airflow/.local/lib/python3.12/site-packages/airflow/example_dags/example_sla_dag.py for tasks to queue
[2024-05-24T07:41:39.133+0000] {logging_mixin.py:188} INFO - [2024-05-24T07:41:39.133+0000] {dagbag.py:545} INFO - Filling up the DagBag from /home/airflow/.local/lib/python3.12/site-packages/airflow/example_dags/example_sla_dag.py
[2024-05-24T07:41:39.143+0000] {processor.py:840} INFO - DAG(s) 'example_sla_dag' retrieved from /home/airflow/.local/lib/python3.12/site-packages/airflow/example_dags/example_sla_dag.py
[2024-05-24T07:41:39.174+0000] {logging_mixin.py:188} INFO - [2024-05-24T07:41:39.174+0000] {dag.py:3096} INFO - Sync 1 DAGs
[2024-05-24T07:41:39.207+0000] {logging_mixin.py:188} INFO - [2024-05-24T07:41:39.207+0000] {dag.py:3954} INFO - Setting next_dagrun for example_sla_dag to 2024-05-24 07:38:00+00:00, run_after=2024-05-24 07:40:00+00:00
[2024-05-24T07:41:39.227+0000] {processor.py:183} INFO - Processing /home/airflow/.local/lib/python3.12/site-packages/airflow/example_dags/example_sla_dag.py took 0.103 seconds
[2024-05-24T08:42:35.522+0000] {processor.py:161} INFO - Started process (PID=87914) to work on /home/airflow/.local/lib/python3.12/site-packages/airflow/example_dags/example_sla_dag.py
[2024-05-24T08:42:35.523+0000] {processor.py:830} INFO - Processing file /home/airflow/.local/lib/python3.12/site-packages/airflow/example_dags/example_sla_dag.py for tasks to queue
[2024-05-24T08:42:35.525+0000] {logging_mixin.py:188} INFO - [2024-05-24T08:42:35.524+0000] {dagbag.py:545} INFO - Filling up the DagBag from /home/airflow/.local/lib/python3.12/site-packages/airflow/example_dags/example_sla_dag.py
[2024-05-24T08:42:35.534+0000] {processor.py:840} INFO - DAG(s) 'example_sla_dag' retrieved from /home/airflow/.local/lib/python3.12/site-packages/airflow/example_dags/example_sla_dag.py
[2024-05-24T08:42:35.559+0000] {logging_mixin.py:188} INFO - [2024-05-24T08:42:35.559+0000] {dag.py:3096} INFO - Sync 1 DAGs
[2024-05-24T08:42:35.587+0000] {logging_mixin.py:188} INFO - [2024-05-24T08:42:35.587+0000] {dag.py:3954} INFO - Setting next_dagrun for example_sla_dag to 2024-05-24 08:40:00+00:00, run_after=2024-05-24 08:42:00+00:00
[2024-05-24T08:42:35.609+0000] {processor.py:183} INFO - Processing /home/airflow/.local/lib/python3.12/site-packages/airflow/example_dags/example_sla_dag.py took 0.095 seconds
[2024-05-24T09:43:47.627+0000] {processor.py:161} INFO - Started process (PID=87972) to work on /home/airflow/.local/lib/python3.12/site-packages/airflow/example_dags/example_sla_dag.py
[2024-05-24T09:43:47.630+0000] {processor.py:830} INFO - Processing file /home/airflow/.local/lib/python3.12/site-packages/airflow/example_dags/example_sla_dag.py for tasks to queue
[2024-05-24T09:43:47.633+0000] {logging_mixin.py:188} INFO - [2024-05-24T09:43:47.632+0000] {dagbag.py:545} INFO - Filling up the DagBag from /home/airflow/.local/lib/python3.12/site-packages/airflow/example_dags/example_sla_dag.py
[2024-05-24T09:43:47.647+0000] {processor.py:840} INFO - DAG(s) 'example_sla_dag' retrieved from /home/airflow/.local/lib/python3.12/site-packages/airflow/example_dags/example_sla_dag.py
[2024-05-24T09:43:47.671+0000] {logging_mixin.py:188} INFO - [2024-05-24T09:43:47.671+0000] {dag.py:3096} INFO - Sync 1 DAGs
[2024-05-24T09:43:47.700+0000] {logging_mixin.py:188} INFO - [2024-05-24T09:43:47.700+0000] {dag.py:3954} INFO - Setting next_dagrun for example_sla_dag to 2024-05-24 09:40:00+00:00, run_after=2024-05-24 09:42:00+00:00
[2024-05-24T09:43:47.720+0000] {processor.py:183} INFO - Processing /home/airflow/.local/lib/python3.12/site-packages/airflow/example_dags/example_sla_dag.py took 0.114 seconds
[2024-05-24T10:44:56.596+0000] {processor.py:161} INFO - Started process (PID=88031) to work on /home/airflow/.local/lib/python3.12/site-packages/airflow/example_dags/example_sla_dag.py
[2024-05-24T10:44:56.597+0000] {processor.py:830} INFO - Processing file /home/airflow/.local/lib/python3.12/site-packages/airflow/example_dags/example_sla_dag.py for tasks to queue
[2024-05-24T10:44:56.598+0000] {logging_mixin.py:188} INFO - [2024-05-24T10:44:56.598+0000] {dagbag.py:545} INFO - Filling up the DagBag from /home/airflow/.local/lib/python3.12/site-packages/airflow/example_dags/example_sla_dag.py
[2024-05-24T10:44:56.608+0000] {processor.py:840} INFO - DAG(s) 'example_sla_dag' retrieved from /home/airflow/.local/lib/python3.12/site-packages/airflow/example_dags/example_sla_dag.py
[2024-05-24T10:44:56.632+0000] {logging_mixin.py:188} INFO - [2024-05-24T10:44:56.632+0000] {dag.py:3096} INFO - Sync 1 DAGs
[2024-05-24T10:44:56.669+0000] {logging_mixin.py:188} INFO - [2024-05-24T10:44:56.669+0000] {dag.py:3954} INFO - Setting next_dagrun for example_sla_dag to 2024-05-24 10:42:00+00:00, run_after=2024-05-24 10:44:00+00:00
[2024-05-24T10:44:56.692+0000] {processor.py:183} INFO - Processing /home/airflow/.local/lib/python3.12/site-packages/airflow/example_dags/example_sla_dag.py took 0.103 seconds
[2024-05-24T11:46:05.406+0000] {processor.py:161} INFO - Started process (PID=88090) to work on /home/airflow/.local/lib/python3.12/site-packages/airflow/example_dags/example_sla_dag.py
[2024-05-24T11:46:05.414+0000] {processor.py:830} INFO - Processing file /home/airflow/.local/lib/python3.12/site-packages/airflow/example_dags/example_sla_dag.py for tasks to queue
[2024-05-24T11:46:05.419+0000] {logging_mixin.py:188} INFO - [2024-05-24T11:46:05.416+0000] {dagbag.py:545} INFO - Filling up the DagBag from /home/airflow/.local/lib/python3.12/site-packages/airflow/example_dags/example_sla_dag.py
[2024-05-24T11:46:05.502+0000] {processor.py:840} INFO - DAG(s) 'example_sla_dag' retrieved from /home/airflow/.local/lib/python3.12/site-packages/airflow/example_dags/example_sla_dag.py
[2024-05-24T11:46:05.580+0000] {logging_mixin.py:188} INFO - [2024-05-24T11:46:05.580+0000] {dag.py:3096} INFO - Sync 1 DAGs
[2024-05-24T11:46:05.675+0000] {logging_mixin.py:188} INFO - [2024-05-24T11:46:05.675+0000] {dag.py:3954} INFO - Setting next_dagrun for example_sla_dag to 2024-05-24 11:44:00+00:00, run_after=2024-05-24 11:46:00+00:00
[2024-05-24T11:46:05.756+0000] {processor.py:183} INFO - Processing /home/airflow/.local/lib/python3.12/site-packages/airflow/example_dags/example_sla_dag.py took 0.372 seconds
[2024-05-24T12:47:08.737+0000] {processor.py:161} INFO - Started process (PID=88149) to work on /home/airflow/.local/lib/python3.12/site-packages/airflow/example_dags/example_sla_dag.py
[2024-05-24T12:47:08.739+0000] {processor.py:830} INFO - Processing file /home/airflow/.local/lib/python3.12/site-packages/airflow/example_dags/example_sla_dag.py for tasks to queue
[2024-05-24T12:47:08.740+0000] {logging_mixin.py:188} INFO - [2024-05-24T12:47:08.739+0000] {dagbag.py:545} INFO - Filling up the DagBag from /home/airflow/.local/lib/python3.12/site-packages/airflow/example_dags/example_sla_dag.py
[2024-05-24T12:47:08.753+0000] {processor.py:840} INFO - DAG(s) 'example_sla_dag' retrieved from /home/airflow/.local/lib/python3.12/site-packages/airflow/example_dags/example_sla_dag.py
[2024-05-24T12:47:08.776+0000] {logging_mixin.py:188} INFO - [2024-05-24T12:47:08.775+0000] {dag.py:3096} INFO - Sync 1 DAGs
[2024-05-24T12:47:08.818+0000] {logging_mixin.py:188} INFO - [2024-05-24T12:47:08.818+0000] {dag.py:3954} INFO - Setting next_dagrun for example_sla_dag to 2024-05-24 12:44:00+00:00, run_after=2024-05-24 12:46:00+00:00
[2024-05-24T12:47:08.850+0000] {processor.py:183} INFO - Processing /home/airflow/.local/lib/python3.12/site-packages/airflow/example_dags/example_sla_dag.py took 0.119 seconds
[2024-05-24T13:48:17.523+0000] {processor.py:161} INFO - Started process (PID=88208) to work on /home/airflow/.local/lib/python3.12/site-packages/airflow/example_dags/example_sla_dag.py
[2024-05-24T13:48:17.524+0000] {processor.py:830} INFO - Processing file /home/airflow/.local/lib/python3.12/site-packages/airflow/example_dags/example_sla_dag.py for tasks to queue
[2024-05-24T13:48:17.526+0000] {logging_mixin.py:188} INFO - [2024-05-24T13:48:17.525+0000] {dagbag.py:545} INFO - Filling up the DagBag from /home/airflow/.local/lib/python3.12/site-packages/airflow/example_dags/example_sla_dag.py
[2024-05-24T13:48:17.536+0000] {processor.py:840} INFO - DAG(s) 'example_sla_dag' retrieved from /home/airflow/.local/lib/python3.12/site-packages/airflow/example_dags/example_sla_dag.py
[2024-05-24T13:48:17.560+0000] {logging_mixin.py:188} INFO - [2024-05-24T13:48:17.560+0000] {dag.py:3096} INFO - Sync 1 DAGs
[2024-05-24T13:48:17.592+0000] {logging_mixin.py:188} INFO - [2024-05-24T13:48:17.592+0000] {dag.py:3954} INFO - Setting next_dagrun for example_sla_dag to 2024-05-24 13:46:00+00:00, run_after=2024-05-24 13:48:00+00:00
[2024-05-24T13:48:17.611+0000] {processor.py:183} INFO - Processing /home/airflow/.local/lib/python3.12/site-packages/airflow/example_dags/example_sla_dag.py took 0.097 seconds
[2024-05-24T14:49:27.618+0000] {processor.py:161} INFO - Started process (PID=88267) to work on /home/airflow/.local/lib/python3.12/site-packages/airflow/example_dags/example_sla_dag.py
[2024-05-24T14:49:27.621+0000] {processor.py:830} INFO - Processing file /home/airflow/.local/lib/python3.12/site-packages/airflow/example_dags/example_sla_dag.py for tasks to queue
[2024-05-24T14:49:27.623+0000] {logging_mixin.py:188} INFO - [2024-05-24T14:49:27.623+0000] {dagbag.py:545} INFO - Filling up the DagBag from /home/airflow/.local/lib/python3.12/site-packages/airflow/example_dags/example_sla_dag.py
[2024-05-24T14:49:27.635+0000] {processor.py:840} INFO - DAG(s) 'example_sla_dag' retrieved from /home/airflow/.local/lib/python3.12/site-packages/airflow/example_dags/example_sla_dag.py
[2024-05-24T14:49:27.659+0000] {logging_mixin.py:188} INFO - [2024-05-24T14:49:27.658+0000] {dag.py:3096} INFO - Sync 1 DAGs
[2024-05-24T14:49:27.688+0000] {logging_mixin.py:188} INFO - [2024-05-24T14:49:27.688+0000] {dag.py:3954} INFO - Setting next_dagrun for example_sla_dag to 2024-05-24 14:46:00+00:00, run_after=2024-05-24 14:48:00+00:00
[2024-05-24T14:49:27.707+0000] {processor.py:183} INFO - Processing /home/airflow/.local/lib/python3.12/site-packages/airflow/example_dags/example_sla_dag.py took 0.097 seconds
[2024-05-24T15:48:52.955+0000] {processor.py:161} INFO - Started process (PID=88320) to work on /home/airflow/.local/lib/python3.12/site-packages/airflow/example_dags/example_sla_dag.py
[2024-05-24T15:48:52.957+0000] {processor.py:830} INFO - Processing file /home/airflow/.local/lib/python3.12/site-packages/airflow/example_dags/example_sla_dag.py for tasks to queue
[2024-05-24T15:48:52.958+0000] {logging_mixin.py:188} INFO - [2024-05-24T15:48:52.957+0000] {dagbag.py:545} INFO - Filling up the DagBag from /home/airflow/.local/lib/python3.12/site-packages/airflow/example_dags/example_sla_dag.py
[2024-05-24T15:48:52.968+0000] {processor.py:840} INFO - DAG(s) 'example_sla_dag' retrieved from /home/airflow/.local/lib/python3.12/site-packages/airflow/example_dags/example_sla_dag.py
[2024-05-24T15:48:52.995+0000] {logging_mixin.py:188} INFO - [2024-05-24T15:48:52.995+0000] {dag.py:3096} INFO - Sync 1 DAGs
[2024-05-24T15:48:53.026+0000] {logging_mixin.py:188} INFO - [2024-05-24T15:48:53.026+0000] {dag.py:3954} INFO - Setting next_dagrun for example_sla_dag to 2024-05-24 15:46:00+00:00, run_after=2024-05-24 15:48:00+00:00
[2024-05-24T15:48:53.045+0000] {processor.py:183} INFO - Processing /home/airflow/.local/lib/python3.12/site-packages/airflow/example_dags/example_sla_dag.py took 0.097 seconds
[2024-05-24T15:50:36.235+0000] {processor.py:161} INFO - Started process (PID=88385) to work on /home/airflow/.local/lib/python3.12/site-packages/airflow/example_dags/example_sla_dag.py
[2024-05-24T15:50:36.236+0000] {processor.py:830} INFO - Processing file /home/airflow/.local/lib/python3.12/site-packages/airflow/example_dags/example_sla_dag.py for tasks to queue
[2024-05-24T15:50:36.237+0000] {logging_mixin.py:188} INFO - [2024-05-24T15:50:36.237+0000] {dagbag.py:545} INFO - Filling up the DagBag from /home/airflow/.local/lib/python3.12/site-packages/airflow/example_dags/example_sla_dag.py
[2024-05-24T15:50:36.247+0000] {processor.py:840} INFO - DAG(s) 'example_sla_dag' retrieved from /home/airflow/.local/lib/python3.12/site-packages/airflow/example_dags/example_sla_dag.py
[2024-05-24T15:50:36.272+0000] {logging_mixin.py:188} INFO - [2024-05-24T15:50:36.272+0000] {dag.py:3096} INFO - Sync 1 DAGs
[2024-05-24T15:50:36.303+0000] {logging_mixin.py:188} INFO - [2024-05-24T15:50:36.303+0000] {dag.py:3954} INFO - Setting next_dagrun for example_sla_dag to 2024-05-24 15:48:00+00:00, run_after=2024-05-24 15:50:00+00:00
[2024-05-24T15:50:36.321+0000] {processor.py:183} INFO - Processing /home/airflow/.local/lib/python3.12/site-packages/airflow/example_dags/example_sla_dag.py took 0.094 seconds
[2024-05-24T16:51:46.832+0000] {processor.py:161} INFO - Started process (PID=88443) to work on /home/airflow/.local/lib/python3.12/site-packages/airflow/example_dags/example_sla_dag.py
[2024-05-24T16:51:46.840+0000] {processor.py:830} INFO - Processing file /home/airflow/.local/lib/python3.12/site-packages/airflow/example_dags/example_sla_dag.py for tasks to queue
[2024-05-24T16:51:46.844+0000] {logging_mixin.py:188} INFO - [2024-05-24T16:51:46.841+0000] {dagbag.py:545} INFO - Filling up the DagBag from /home/airflow/.local/lib/python3.12/site-packages/airflow/example_dags/example_sla_dag.py
[2024-05-24T16:51:46.890+0000] {processor.py:840} INFO - DAG(s) 'example_sla_dag' retrieved from /home/airflow/.local/lib/python3.12/site-packages/airflow/example_dags/example_sla_dag.py
[2024-05-24T16:51:46.992+0000] {logging_mixin.py:188} INFO - [2024-05-24T16:51:46.992+0000] {dag.py:3096} INFO - Sync 1 DAGs
[2024-05-24T16:51:47.149+0000] {logging_mixin.py:188} INFO - [2024-05-24T16:51:47.149+0000] {dag.py:3954} INFO - Setting next_dagrun for example_sla_dag to 2024-05-24 16:48:00+00:00, run_after=2024-05-24 16:50:00+00:00
[2024-05-24T16:51:47.322+0000] {processor.py:183} INFO - Processing /home/airflow/.local/lib/python3.12/site-packages/airflow/example_dags/example_sla_dag.py took 0.541 seconds
[2024-05-24T17:50:15.294+0000] {processor.py:161} INFO - Started process (PID=88496) to work on /home/airflow/.local/lib/python3.12/site-packages/airflow/example_dags/example_sla_dag.py
[2024-05-24T17:50:15.296+0000] {processor.py:830} INFO - Processing file /home/airflow/.local/lib/python3.12/site-packages/airflow/example_dags/example_sla_dag.py for tasks to queue
[2024-05-24T17:50:15.299+0000] {logging_mixin.py:188} INFO - [2024-05-24T17:50:15.298+0000] {dagbag.py:545} INFO - Filling up the DagBag from /home/airflow/.local/lib/python3.12/site-packages/airflow/example_dags/example_sla_dag.py
[2024-05-24T17:50:15.309+0000] {processor.py:840} INFO - DAG(s) 'example_sla_dag' retrieved from /home/airflow/.local/lib/python3.12/site-packages/airflow/example_dags/example_sla_dag.py
[2024-05-24T17:50:15.333+0000] {logging_mixin.py:188} INFO - [2024-05-24T17:50:15.333+0000] {dag.py:3096} INFO - Sync 1 DAGs
[2024-05-24T17:50:15.361+0000] {logging_mixin.py:188} INFO - [2024-05-24T17:50:15.361+0000] {dag.py:3954} INFO - Setting next_dagrun for example_sla_dag to 2024-05-24 17:48:00+00:00, run_after=2024-05-24 17:50:00+00:00
[2024-05-24T17:50:15.380+0000] {processor.py:183} INFO - Processing /home/airflow/.local/lib/python3.12/site-packages/airflow/example_dags/example_sla_dag.py took 0.093 seconds
[2024-05-24T17:50:45.812+0000] {processor.py:161} INFO - Started process (PID=88555) to work on /home/airflow/.local/lib/python3.12/site-packages/airflow/example_dags/example_sla_dag.py
[2024-05-24T17:50:45.813+0000] {processor.py:830} INFO - Processing file /home/airflow/.local/lib/python3.12/site-packages/airflow/example_dags/example_sla_dag.py for tasks to queue
[2024-05-24T17:50:45.814+0000] {logging_mixin.py:188} INFO - [2024-05-24T17:50:45.814+0000] {dagbag.py:545} INFO - Filling up the DagBag from /home/airflow/.local/lib/python3.12/site-packages/airflow/example_dags/example_sla_dag.py
[2024-05-24T17:50:45.826+0000] {processor.py:840} INFO - DAG(s) 'example_sla_dag' retrieved from /home/airflow/.local/lib/python3.12/site-packages/airflow/example_dags/example_sla_dag.py
[2024-05-24T17:50:45.849+0000] {logging_mixin.py:188} INFO - [2024-05-24T17:50:45.849+0000] {dag.py:3096} INFO - Sync 1 DAGs
[2024-05-24T17:50:45.880+0000] {logging_mixin.py:188} INFO - [2024-05-24T17:50:45.880+0000] {dag.py:3954} INFO - Setting next_dagrun for example_sla_dag to 2024-05-24 17:48:00+00:00, run_after=2024-05-24 17:50:00+00:00
[2024-05-24T17:50:45.899+0000] {processor.py:183} INFO - Processing /home/airflow/.local/lib/python3.12/site-packages/airflow/example_dags/example_sla_dag.py took 0.094 seconds
[2024-05-24T18:53:40.585+0000] {processor.py:161} INFO - Started process (PID=88620) to work on /home/airflow/.local/lib/python3.12/site-packages/airflow/example_dags/example_sla_dag.py
[2024-05-24T18:53:40.586+0000] {processor.py:830} INFO - Processing file /home/airflow/.local/lib/python3.12/site-packages/airflow/example_dags/example_sla_dag.py for tasks to queue
[2024-05-24T18:53:40.588+0000] {logging_mixin.py:188} INFO - [2024-05-24T18:53:40.587+0000] {dagbag.py:545} INFO - Filling up the DagBag from /home/airflow/.local/lib/python3.12/site-packages/airflow/example_dags/example_sla_dag.py
[2024-05-24T18:53:40.599+0000] {processor.py:840} INFO - DAG(s) 'example_sla_dag' retrieved from /home/airflow/.local/lib/python3.12/site-packages/airflow/example_dags/example_sla_dag.py
[2024-05-24T18:53:40.625+0000] {logging_mixin.py:188} INFO - [2024-05-24T18:53:40.625+0000] {dag.py:3096} INFO - Sync 1 DAGs
[2024-05-24T18:53:40.658+0000] {logging_mixin.py:188} INFO - [2024-05-24T18:53:40.658+0000] {dag.py:3954} INFO - Setting next_dagrun for example_sla_dag to 2024-05-24 18:50:00+00:00, run_after=2024-05-24 18:52:00+00:00
[2024-05-24T18:53:40.677+0000] {processor.py:183} INFO - Processing /home/airflow/.local/lib/python3.12/site-packages/airflow/example_dags/example_sla_dag.py took 0.104 seconds
[2024-05-24T19:53:33.656+0000] {processor.py:161} INFO - Started process (PID=88673) to work on /home/airflow/.local/lib/python3.12/site-packages/airflow/example_dags/example_sla_dag.py
[2024-05-24T19:53:33.658+0000] {processor.py:830} INFO - Processing file /home/airflow/.local/lib/python3.12/site-packages/airflow/example_dags/example_sla_dag.py for tasks to queue
[2024-05-24T19:53:33.660+0000] {logging_mixin.py:188} INFO - [2024-05-24T19:53:33.659+0000] {dagbag.py:545} INFO - Filling up the DagBag from /home/airflow/.local/lib/python3.12/site-packages/airflow/example_dags/example_sla_dag.py
[2024-05-24T19:53:33.670+0000] {processor.py:840} INFO - DAG(s) 'example_sla_dag' retrieved from /home/airflow/.local/lib/python3.12/site-packages/airflow/example_dags/example_sla_dag.py
[2024-05-24T19:53:33.694+0000] {logging_mixin.py:188} INFO - [2024-05-24T19:53:33.694+0000] {dag.py:3096} INFO - Sync 1 DAGs
[2024-05-24T19:53:33.725+0000] {logging_mixin.py:188} INFO - [2024-05-24T19:53:33.725+0000] {dag.py:3954} INFO - Setting next_dagrun for example_sla_dag to 2024-05-24 19:50:00+00:00, run_after=2024-05-24 19:52:00+00:00
[2024-05-24T19:53:33.743+0000] {processor.py:183} INFO - Processing /home/airflow/.local/lib/python3.12/site-packages/airflow/example_dags/example_sla_dag.py took 0.094 seconds
[2024-05-24T20:54:50.299+0000] {processor.py:161} INFO - Started process (PID=88738) to work on /home/airflow/.local/lib/python3.12/site-packages/airflow/example_dags/example_sla_dag.py
[2024-05-24T20:54:50.301+0000] {processor.py:830} INFO - Processing file /home/airflow/.local/lib/python3.12/site-packages/airflow/example_dags/example_sla_dag.py for tasks to queue
[2024-05-24T20:54:50.302+0000] {logging_mixin.py:188} INFO - [2024-05-24T20:54:50.301+0000] {dagbag.py:545} INFO - Filling up the DagBag from /home/airflow/.local/lib/python3.12/site-packages/airflow/example_dags/example_sla_dag.py
[2024-05-24T20:54:50.312+0000] {processor.py:840} INFO - DAG(s) 'example_sla_dag' retrieved from /home/airflow/.local/lib/python3.12/site-packages/airflow/example_dags/example_sla_dag.py
[2024-05-24T20:54:50.337+0000] {logging_mixin.py:188} INFO - [2024-05-24T20:54:50.336+0000] {dag.py:3096} INFO - Sync 1 DAGs
[2024-05-24T20:54:50.366+0000] {logging_mixin.py:188} INFO - [2024-05-24T20:54:50.366+0000] {dag.py:3954} INFO - Setting next_dagrun for example_sla_dag to 2024-05-24 20:52:00+00:00, run_after=2024-05-24 20:54:00+00:00
[2024-05-24T20:54:50.385+0000] {processor.py:183} INFO - Processing /home/airflow/.local/lib/python3.12/site-packages/airflow/example_dags/example_sla_dag.py took 0.094 seconds
[2024-05-24T21:55:57.196+0000] {processor.py:161} INFO - Started process (PID=88797) to work on /home/airflow/.local/lib/python3.12/site-packages/airflow/example_dags/example_sla_dag.py
[2024-05-24T21:55:57.198+0000] {processor.py:830} INFO - Processing file /home/airflow/.local/lib/python3.12/site-packages/airflow/example_dags/example_sla_dag.py for tasks to queue
[2024-05-24T21:55:57.200+0000] {logging_mixin.py:188} INFO - [2024-05-24T21:55:57.200+0000] {dagbag.py:545} INFO - Filling up the DagBag from /home/airflow/.local/lib/python3.12/site-packages/airflow/example_dags/example_sla_dag.py
[2024-05-24T21:55:57.235+0000] {processor.py:840} INFO - DAG(s) 'example_sla_dag' retrieved from /home/airflow/.local/lib/python3.12/site-packages/airflow/example_dags/example_sla_dag.py
[2024-05-24T21:55:57.312+0000] {logging_mixin.py:188} INFO - [2024-05-24T21:55:57.311+0000] {dag.py:3096} INFO - Sync 1 DAGs
[2024-05-24T21:55:57.526+0000] {logging_mixin.py:188} INFO - [2024-05-24T21:55:57.526+0000] {dag.py:3954} INFO - Setting next_dagrun for example_sla_dag to 2024-05-24 21:52:00+00:00, run_after=2024-05-24 21:54:00+00:00
[2024-05-24T21:55:57.605+0000] {processor.py:183} INFO - Processing /home/airflow/.local/lib/python3.12/site-packages/airflow/example_dags/example_sla_dag.py took 0.430 seconds
[2024-05-24T22:57:00.507+0000] {processor.py:161} INFO - Started process (PID=88850) to work on /home/airflow/.local/lib/python3.12/site-packages/airflow/example_dags/example_sla_dag.py
[2024-05-24T22:57:00.510+0000] {processor.py:830} INFO - Processing file /home/airflow/.local/lib/python3.12/site-packages/airflow/example_dags/example_sla_dag.py for tasks to queue
[2024-05-24T22:57:00.511+0000] {logging_mixin.py:188} INFO - [2024-05-24T22:57:00.510+0000] {dagbag.py:545} INFO - Filling up the DagBag from /home/airflow/.local/lib/python3.12/site-packages/airflow/example_dags/example_sla_dag.py
[2024-05-24T22:57:00.523+0000] {processor.py:840} INFO - DAG(s) 'example_sla_dag' retrieved from /home/airflow/.local/lib/python3.12/site-packages/airflow/example_dags/example_sla_dag.py
[2024-05-24T22:57:00.547+0000] {logging_mixin.py:188} INFO - [2024-05-24T22:57:00.547+0000] {dag.py:3096} INFO - Sync 1 DAGs
[2024-05-24T22:57:00.582+0000] {logging_mixin.py:188} INFO - [2024-05-24T22:57:00.582+0000] {dag.py:3954} INFO - Setting next_dagrun for example_sla_dag to 2024-05-24 22:54:00+00:00, run_after=2024-05-24 22:56:00+00:00
[2024-05-24T22:57:00.602+0000] {processor.py:183} INFO - Processing /home/airflow/.local/lib/python3.12/site-packages/airflow/example_dags/example_sla_dag.py took 0.109 seconds
