[2024-05-24T00:10:41.869+0000] {processor.py:161} INFO - Started process (PID=87416) to work on /home/airflow/.local/lib/python3.12/site-packages/airflow/example_dags/example_branch_python_dop_operator_3.py
[2024-05-24T00:10:41.870+0000] {processor.py:830} INFO - Processing file /home/airflow/.local/lib/python3.12/site-packages/airflow/example_dags/example_branch_python_dop_operator_3.py for tasks to queue
[2024-05-24T00:10:41.871+0000] {logging_mixin.py:188} INFO - [2024-05-24T00:10:41.871+0000] {dagbag.py:545} INFO - Filling up the DagBag from /home/airflow/.local/lib/python3.12/site-packages/airflow/example_dags/example_branch_python_dop_operator_3.py
[2024-05-24T00:10:41.887+0000] {processor.py:840} INFO - DAG(s) 'example_branch_dop_operator_v3' retrieved from /home/airflow/.local/lib/python3.12/site-packages/airflow/example_dags/example_branch_python_dop_operator_3.py
[2024-05-24T00:10:41.910+0000] {logging_mixin.py:188} INFO - [2024-05-24T00:10:41.910+0000] {dag.py:3096} INFO - Sync 1 DAGs
[2024-05-24T00:10:41.943+0000] {logging_mixin.py:188} INFO - [2024-05-24T00:10:41.943+0000] {dag.py:3954} INFO - Setting next_dagrun for example_branch_dop_operator_v3 to 2024-05-24 00:09:00+00:00, run_after=2024-05-24 00:10:00+00:00
[2024-05-24T00:10:41.962+0000] {processor.py:183} INFO - Processing /home/airflow/.local/lib/python3.12/site-packages/airflow/example_dags/example_branch_python_dop_operator_3.py took 0.100 seconds
[2024-05-24T03:15:02.930+0000] {processor.py:161} INFO - Started process (PID=87475) to work on /home/airflow/.local/lib/python3.12/site-packages/airflow/example_dags/example_branch_python_dop_operator_3.py
[2024-05-24T03:15:02.935+0000] {processor.py:830} INFO - Processing file /home/airflow/.local/lib/python3.12/site-packages/airflow/example_dags/example_branch_python_dop_operator_3.py for tasks to queue
[2024-05-24T03:15:02.938+0000] {logging_mixin.py:188} INFO - [2024-05-24T03:15:02.938+0000] {dagbag.py:545} INFO - Filling up the DagBag from /home/airflow/.local/lib/python3.12/site-packages/airflow/example_dags/example_branch_python_dop_operator_3.py
[2024-05-24T03:15:02.986+0000] {processor.py:840} INFO - DAG(s) 'example_branch_dop_operator_v3' retrieved from /home/airflow/.local/lib/python3.12/site-packages/airflow/example_dags/example_branch_python_dop_operator_3.py
[2024-05-24T03:15:03.032+0000] {logging_mixin.py:188} INFO - [2024-05-24T03:15:03.032+0000] {dag.py:3096} INFO - Sync 1 DAGs
[2024-05-24T03:15:03.108+0000] {logging_mixin.py:188} INFO - [2024-05-24T03:15:03.108+0000] {dag.py:3954} INFO - Setting next_dagrun for example_branch_dop_operator_v3 to 2024-05-24 03:14:00+00:00, run_after=2024-05-24 03:15:00+00:00
[2024-05-24T03:15:03.214+0000] {processor.py:183} INFO - Processing /home/airflow/.local/lib/python3.12/site-packages/airflow/example_dags/example_branch_python_dop_operator_3.py took 0.312 seconds
[2024-05-24T05:04:12.622+0000] {processor.py:161} INFO - Started process (PID=87534) to work on /home/airflow/.local/lib/python3.12/site-packages/airflow/example_dags/example_branch_python_dop_operator_3.py
[2024-05-24T05:04:12.624+0000] {processor.py:830} INFO - Processing file /home/airflow/.local/lib/python3.12/site-packages/airflow/example_dags/example_branch_python_dop_operator_3.py for tasks to queue
[2024-05-24T05:04:12.625+0000] {logging_mixin.py:188} INFO - [2024-05-24T05:04:12.624+0000] {dagbag.py:545} INFO - Filling up the DagBag from /home/airflow/.local/lib/python3.12/site-packages/airflow/example_dags/example_branch_python_dop_operator_3.py
[2024-05-24T05:04:12.635+0000] {processor.py:840} INFO - DAG(s) 'example_branch_dop_operator_v3' retrieved from /home/airflow/.local/lib/python3.12/site-packages/airflow/example_dags/example_branch_python_dop_operator_3.py
[2024-05-24T05:04:12.661+0000] {logging_mixin.py:188} INFO - [2024-05-24T05:04:12.661+0000] {dag.py:3096} INFO - Sync 1 DAGs
[2024-05-24T05:04:12.694+0000] {logging_mixin.py:188} INFO - [2024-05-24T05:04:12.694+0000] {dag.py:3954} INFO - Setting next_dagrun for example_branch_dop_operator_v3 to 2024-05-24 05:03:00+00:00, run_after=2024-05-24 05:04:00+00:00
[2024-05-24T05:04:12.727+0000] {processor.py:183} INFO - Processing /home/airflow/.local/lib/python3.12/site-packages/airflow/example_dags/example_branch_python_dop_operator_3.py took 0.112 seconds
[2024-05-24T05:06:18.750+0000] {processor.py:161} INFO - Started process (PID=87593) to work on /home/airflow/.local/lib/python3.12/site-packages/airflow/example_dags/example_branch_python_dop_operator_3.py
[2024-05-24T05:06:18.751+0000] {processor.py:830} INFO - Processing file /home/airflow/.local/lib/python3.12/site-packages/airflow/example_dags/example_branch_python_dop_operator_3.py for tasks to queue
[2024-05-24T05:06:18.752+0000] {logging_mixin.py:188} INFO - [2024-05-24T05:06:18.752+0000] {dagbag.py:545} INFO - Filling up the DagBag from /home/airflow/.local/lib/python3.12/site-packages/airflow/example_dags/example_branch_python_dop_operator_3.py
[2024-05-24T05:06:18.763+0000] {processor.py:840} INFO - DAG(s) 'example_branch_dop_operator_v3' retrieved from /home/airflow/.local/lib/python3.12/site-packages/airflow/example_dags/example_branch_python_dop_operator_3.py
[2024-05-24T05:06:18.788+0000] {logging_mixin.py:188} INFO - [2024-05-24T05:06:18.788+0000] {dag.py:3096} INFO - Sync 1 DAGs
[2024-05-24T05:06:18.821+0000] {logging_mixin.py:188} INFO - [2024-05-24T05:06:18.820+0000] {dag.py:3954} INFO - Setting next_dagrun for example_branch_dop_operator_v3 to 2024-05-24 05:05:00+00:00, run_after=2024-05-24 05:06:00+00:00
[2024-05-24T05:06:18.841+0000] {processor.py:183} INFO - Processing /home/airflow/.local/lib/python3.12/site-packages/airflow/example_dags/example_branch_python_dop_operator_3.py took 0.099 seconds
[2024-05-24T05:40:29.976+0000] {processor.py:161} INFO - Started process (PID=87652) to work on /home/airflow/.local/lib/python3.12/site-packages/airflow/example_dags/example_branch_python_dop_operator_3.py
[2024-05-24T05:40:29.977+0000] {processor.py:830} INFO - Processing file /home/airflow/.local/lib/python3.12/site-packages/airflow/example_dags/example_branch_python_dop_operator_3.py for tasks to queue
[2024-05-24T05:40:29.978+0000] {logging_mixin.py:188} INFO - [2024-05-24T05:40:29.978+0000] {dagbag.py:545} INFO - Filling up the DagBag from /home/airflow/.local/lib/python3.12/site-packages/airflow/example_dags/example_branch_python_dop_operator_3.py
[2024-05-24T05:40:29.989+0000] {processor.py:840} INFO - DAG(s) 'example_branch_dop_operator_v3' retrieved from /home/airflow/.local/lib/python3.12/site-packages/airflow/example_dags/example_branch_python_dop_operator_3.py
[2024-05-24T05:40:30.012+0000] {logging_mixin.py:188} INFO - [2024-05-24T05:40:30.012+0000] {dag.py:3096} INFO - Sync 1 DAGs
[2024-05-24T05:40:30.044+0000] {logging_mixin.py:188} INFO - [2024-05-24T05:40:30.044+0000] {dag.py:3954} INFO - Setting next_dagrun for example_branch_dop_operator_v3 to 2024-05-24 05:39:00+00:00, run_after=2024-05-24 05:40:00+00:00
[2024-05-24T05:40:30.066+0000] {processor.py:183} INFO - Processing /home/airflow/.local/lib/python3.12/site-packages/airflow/example_dags/example_branch_python_dop_operator_3.py took 0.096 seconds
[2024-05-24T06:36:59.408+0000] {processor.py:161} INFO - Started process (PID=87717) to work on /home/airflow/.local/lib/python3.12/site-packages/airflow/example_dags/example_branch_python_dop_operator_3.py
[2024-05-24T06:36:59.413+0000] {processor.py:830} INFO - Processing file /home/airflow/.local/lib/python3.12/site-packages/airflow/example_dags/example_branch_python_dop_operator_3.py for tasks to queue
[2024-05-24T06:36:59.415+0000] {logging_mixin.py:188} INFO - [2024-05-24T06:36:59.414+0000] {dagbag.py:545} INFO - Filling up the DagBag from /home/airflow/.local/lib/python3.12/site-packages/airflow/example_dags/example_branch_python_dop_operator_3.py
[2024-05-24T06:36:59.452+0000] {processor.py:840} INFO - DAG(s) 'example_branch_dop_operator_v3' retrieved from /home/airflow/.local/lib/python3.12/site-packages/airflow/example_dags/example_branch_python_dop_operator_3.py
[2024-05-24T06:36:59.523+0000] {logging_mixin.py:188} INFO - [2024-05-24T06:36:59.523+0000] {dag.py:3096} INFO - Sync 1 DAGs
[2024-05-24T06:36:59.624+0000] {logging_mixin.py:188} INFO - [2024-05-24T06:36:59.624+0000] {dag.py:3954} INFO - Setting next_dagrun for example_branch_dop_operator_v3 to 2024-05-24 06:35:00+00:00, run_after=2024-05-24 06:36:00+00:00
[2024-05-24T06:36:59.730+0000] {processor.py:183} INFO - Processing /home/airflow/.local/lib/python3.12/site-packages/airflow/example_dags/example_branch_python_dop_operator_3.py took 0.353 seconds
[2024-05-24T07:35:43.191+0000] {processor.py:161} INFO - Started process (PID=87785) to work on /home/airflow/.local/lib/python3.12/site-packages/airflow/example_dags/example_branch_python_dop_operator_3.py
[2024-05-24T07:35:43.193+0000] {processor.py:830} INFO - Processing file /home/airflow/.local/lib/python3.12/site-packages/airflow/example_dags/example_branch_python_dop_operator_3.py for tasks to queue
[2024-05-24T07:35:43.194+0000] {logging_mixin.py:188} INFO - [2024-05-24T07:35:43.194+0000] {dagbag.py:545} INFO - Filling up the DagBag from /home/airflow/.local/lib/python3.12/site-packages/airflow/example_dags/example_branch_python_dop_operator_3.py
[2024-05-24T07:35:43.205+0000] {processor.py:840} INFO - DAG(s) 'example_branch_dop_operator_v3' retrieved from /home/airflow/.local/lib/python3.12/site-packages/airflow/example_dags/example_branch_python_dop_operator_3.py
[2024-05-24T07:35:43.229+0000] {logging_mixin.py:188} INFO - [2024-05-24T07:35:43.229+0000] {dag.py:3096} INFO - Sync 1 DAGs
[2024-05-24T07:35:43.257+0000] {logging_mixin.py:188} INFO - [2024-05-24T07:35:43.257+0000] {dag.py:3954} INFO - Setting next_dagrun for example_branch_dop_operator_v3 to 2024-05-24 07:34:00+00:00, run_after=2024-05-24 07:35:00+00:00
[2024-05-24T07:35:43.277+0000] {processor.py:183} INFO - Processing /home/airflow/.local/lib/python3.12/site-packages/airflow/example_dags/example_branch_python_dop_operator_3.py took 0.093 seconds
[2024-05-24T07:41:38.412+0000] {processor.py:161} INFO - Started process (PID=87844) to work on /home/airflow/.local/lib/python3.12/site-packages/airflow/example_dags/example_branch_python_dop_operator_3.py
[2024-05-24T07:41:38.414+0000] {processor.py:830} INFO - Processing file /home/airflow/.local/lib/python3.12/site-packages/airflow/example_dags/example_branch_python_dop_operator_3.py for tasks to queue
[2024-05-24T07:41:38.416+0000] {logging_mixin.py:188} INFO - [2024-05-24T07:41:38.415+0000] {dagbag.py:545} INFO - Filling up the DagBag from /home/airflow/.local/lib/python3.12/site-packages/airflow/example_dags/example_branch_python_dop_operator_3.py
[2024-05-24T07:41:38.426+0000] {processor.py:840} INFO - DAG(s) 'example_branch_dop_operator_v3' retrieved from /home/airflow/.local/lib/python3.12/site-packages/airflow/example_dags/example_branch_python_dop_operator_3.py
[2024-05-24T07:41:38.451+0000] {logging_mixin.py:188} INFO - [2024-05-24T07:41:38.450+0000] {dag.py:3096} INFO - Sync 1 DAGs
[2024-05-24T07:41:38.485+0000] {logging_mixin.py:188} INFO - [2024-05-24T07:41:38.485+0000] {dag.py:3954} INFO - Setting next_dagrun for example_branch_dop_operator_v3 to 2024-05-24 07:40:00+00:00, run_after=2024-05-24 07:41:00+00:00
[2024-05-24T07:41:38.507+0000] {processor.py:183} INFO - Processing /home/airflow/.local/lib/python3.12/site-packages/airflow/example_dags/example_branch_python_dop_operator_3.py took 0.102 seconds
[2024-05-24T08:42:34.597+0000] {processor.py:161} INFO - Started process (PID=87903) to work on /home/airflow/.local/lib/python3.12/site-packages/airflow/example_dags/example_branch_python_dop_operator_3.py
[2024-05-24T08:42:34.601+0000] {processor.py:830} INFO - Processing file /home/airflow/.local/lib/python3.12/site-packages/airflow/example_dags/example_branch_python_dop_operator_3.py for tasks to queue
[2024-05-24T08:42:34.603+0000] {logging_mixin.py:188} INFO - [2024-05-24T08:42:34.602+0000] {dagbag.py:545} INFO - Filling up the DagBag from /home/airflow/.local/lib/python3.12/site-packages/airflow/example_dags/example_branch_python_dop_operator_3.py
[2024-05-24T08:42:34.614+0000] {processor.py:840} INFO - DAG(s) 'example_branch_dop_operator_v3' retrieved from /home/airflow/.local/lib/python3.12/site-packages/airflow/example_dags/example_branch_python_dop_operator_3.py
[2024-05-24T08:42:34.650+0000] {logging_mixin.py:188} INFO - [2024-05-24T08:42:34.649+0000] {dag.py:3096} INFO - Sync 1 DAGs
[2024-05-24T08:42:34.689+0000] {logging_mixin.py:188} INFO - [2024-05-24T08:42:34.689+0000] {dag.py:3954} INFO - Setting next_dagrun for example_branch_dop_operator_v3 to 2024-05-24 08:41:00+00:00, run_after=2024-05-24 08:42:00+00:00
[2024-05-24T08:42:34.712+0000] {processor.py:183} INFO - Processing /home/airflow/.local/lib/python3.12/site-packages/airflow/example_dags/example_branch_python_dop_operator_3.py took 0.122 seconds
[2024-05-24T09:43:46.798+0000] {processor.py:161} INFO - Started process (PID=87961) to work on /home/airflow/.local/lib/python3.12/site-packages/airflow/example_dags/example_branch_python_dop_operator_3.py
[2024-05-24T09:43:46.799+0000] {processor.py:830} INFO - Processing file /home/airflow/.local/lib/python3.12/site-packages/airflow/example_dags/example_branch_python_dop_operator_3.py for tasks to queue
[2024-05-24T09:43:46.800+0000] {logging_mixin.py:188} INFO - [2024-05-24T09:43:46.800+0000] {dagbag.py:545} INFO - Filling up the DagBag from /home/airflow/.local/lib/python3.12/site-packages/airflow/example_dags/example_branch_python_dop_operator_3.py
[2024-05-24T09:43:46.810+0000] {processor.py:840} INFO - DAG(s) 'example_branch_dop_operator_v3' retrieved from /home/airflow/.local/lib/python3.12/site-packages/airflow/example_dags/example_branch_python_dop_operator_3.py
[2024-05-24T09:43:46.832+0000] {logging_mixin.py:188} INFO - [2024-05-24T09:43:46.832+0000] {dag.py:3096} INFO - Sync 1 DAGs
[2024-05-24T09:43:46.859+0000] {logging_mixin.py:188} INFO - [2024-05-24T09:43:46.859+0000] {dag.py:3954} INFO - Setting next_dagrun for example_branch_dop_operator_v3 to 2024-05-24 09:42:00+00:00, run_after=2024-05-24 09:43:00+00:00
[2024-05-24T09:43:46.876+0000] {processor.py:183} INFO - Processing /home/airflow/.local/lib/python3.12/site-packages/airflow/example_dags/example_branch_python_dop_operator_3.py took 0.085 seconds
[2024-05-24T10:44:55.881+0000] {processor.py:161} INFO - Started process (PID=88020) to work on /home/airflow/.local/lib/python3.12/site-packages/airflow/example_dags/example_branch_python_dop_operator_3.py
[2024-05-24T10:44:55.883+0000] {processor.py:830} INFO - Processing file /home/airflow/.local/lib/python3.12/site-packages/airflow/example_dags/example_branch_python_dop_operator_3.py for tasks to queue
[2024-05-24T10:44:55.884+0000] {logging_mixin.py:188} INFO - [2024-05-24T10:44:55.884+0000] {dagbag.py:545} INFO - Filling up the DagBag from /home/airflow/.local/lib/python3.12/site-packages/airflow/example_dags/example_branch_python_dop_operator_3.py
[2024-05-24T10:44:55.896+0000] {processor.py:840} INFO - DAG(s) 'example_branch_dop_operator_v3' retrieved from /home/airflow/.local/lib/python3.12/site-packages/airflow/example_dags/example_branch_python_dop_operator_3.py
[2024-05-24T10:44:55.919+0000] {logging_mixin.py:188} INFO - [2024-05-24T10:44:55.918+0000] {dag.py:3096} INFO - Sync 1 DAGs
[2024-05-24T10:44:55.951+0000] {logging_mixin.py:188} INFO - [2024-05-24T10:44:55.950+0000] {dag.py:3954} INFO - Setting next_dagrun for example_branch_dop_operator_v3 to 2024-05-24 10:43:00+00:00, run_after=2024-05-24 10:44:00+00:00
[2024-05-24T10:44:55.978+0000] {processor.py:183} INFO - Processing /home/airflow/.local/lib/python3.12/site-packages/airflow/example_dags/example_branch_python_dop_operator_3.py took 0.105 seconds
[2024-05-24T11:46:02.356+0000] {processor.py:161} INFO - Started process (PID=88079) to work on /home/airflow/.local/lib/python3.12/site-packages/airflow/example_dags/example_branch_python_dop_operator_3.py
[2024-05-24T11:46:02.364+0000] {processor.py:830} INFO - Processing file /home/airflow/.local/lib/python3.12/site-packages/airflow/example_dags/example_branch_python_dop_operator_3.py for tasks to queue
[2024-05-24T11:46:02.368+0000] {logging_mixin.py:188} INFO - [2024-05-24T11:46:02.368+0000] {dagbag.py:545} INFO - Filling up the DagBag from /home/airflow/.local/lib/python3.12/site-packages/airflow/example_dags/example_branch_python_dop_operator_3.py
[2024-05-24T11:46:02.406+0000] {processor.py:840} INFO - DAG(s) 'example_branch_dop_operator_v3' retrieved from /home/airflow/.local/lib/python3.12/site-packages/airflow/example_dags/example_branch_python_dop_operator_3.py
[2024-05-24T11:46:02.489+0000] {logging_mixin.py:188} INFO - [2024-05-24T11:46:02.489+0000] {dag.py:3096} INFO - Sync 1 DAGs
[2024-05-24T11:46:02.592+0000] {logging_mixin.py:188} INFO - [2024-05-24T11:46:02.589+0000] {dag.py:3954} INFO - Setting next_dagrun for example_branch_dop_operator_v3 to 2024-05-24 11:45:00+00:00, run_after=2024-05-24 11:46:00+00:00
[2024-05-24T11:46:02.665+0000] {processor.py:183} INFO - Processing /home/airflow/.local/lib/python3.12/site-packages/airflow/example_dags/example_branch_python_dop_operator_3.py took 0.341 seconds
[2024-05-24T12:47:07.786+0000] {processor.py:161} INFO - Started process (PID=88132) to work on /home/airflow/.local/lib/python3.12/site-packages/airflow/example_dags/example_branch_python_dop_operator_3.py
[2024-05-24T12:47:07.789+0000] {processor.py:830} INFO - Processing file /home/airflow/.local/lib/python3.12/site-packages/airflow/example_dags/example_branch_python_dop_operator_3.py for tasks to queue
[2024-05-24T12:47:07.792+0000] {logging_mixin.py:188} INFO - [2024-05-24T12:47:07.792+0000] {dagbag.py:545} INFO - Filling up the DagBag from /home/airflow/.local/lib/python3.12/site-packages/airflow/example_dags/example_branch_python_dop_operator_3.py
[2024-05-24T12:47:07.809+0000] {processor.py:840} INFO - DAG(s) 'example_branch_dop_operator_v3' retrieved from /home/airflow/.local/lib/python3.12/site-packages/airflow/example_dags/example_branch_python_dop_operator_3.py
[2024-05-24T12:47:07.835+0000] {logging_mixin.py:188} INFO - [2024-05-24T12:47:07.835+0000] {dag.py:3096} INFO - Sync 1 DAGs
[2024-05-24T12:47:07.898+0000] {logging_mixin.py:188} INFO - [2024-05-24T12:47:07.898+0000] {dag.py:3954} INFO - Setting next_dagrun for example_branch_dop_operator_v3 to 2024-05-24 12:46:00+00:00, run_after=2024-05-24 12:47:00+00:00
[2024-05-24T12:47:07.923+0000] {processor.py:183} INFO - Processing /home/airflow/.local/lib/python3.12/site-packages/airflow/example_dags/example_branch_python_dop_operator_3.py took 0.153 seconds
[2024-05-24T13:48:16.679+0000] {processor.py:161} INFO - Started process (PID=88191) to work on /home/airflow/.local/lib/python3.12/site-packages/airflow/example_dags/example_branch_python_dop_operator_3.py
[2024-05-24T13:48:16.680+0000] {processor.py:830} INFO - Processing file /home/airflow/.local/lib/python3.12/site-packages/airflow/example_dags/example_branch_python_dop_operator_3.py for tasks to queue
[2024-05-24T13:48:16.681+0000] {logging_mixin.py:188} INFO - [2024-05-24T13:48:16.681+0000] {dagbag.py:545} INFO - Filling up the DagBag from /home/airflow/.local/lib/python3.12/site-packages/airflow/example_dags/example_branch_python_dop_operator_3.py
[2024-05-24T13:48:16.692+0000] {processor.py:840} INFO - DAG(s) 'example_branch_dop_operator_v3' retrieved from /home/airflow/.local/lib/python3.12/site-packages/airflow/example_dags/example_branch_python_dop_operator_3.py
[2024-05-24T13:48:16.715+0000] {logging_mixin.py:188} INFO - [2024-05-24T13:48:16.714+0000] {dag.py:3096} INFO - Sync 1 DAGs
[2024-05-24T13:48:16.746+0000] {logging_mixin.py:188} INFO - [2024-05-24T13:48:16.745+0000] {dag.py:3954} INFO - Setting next_dagrun for example_branch_dop_operator_v3 to 2024-05-24 13:47:00+00:00, run_after=2024-05-24 13:48:00+00:00
[2024-05-24T13:48:16.769+0000] {processor.py:183} INFO - Processing /home/airflow/.local/lib/python3.12/site-packages/airflow/example_dags/example_branch_python_dop_operator_3.py took 0.097 seconds
[2024-05-24T14:49:26.722+0000] {processor.py:161} INFO - Started process (PID=88250) to work on /home/airflow/.local/lib/python3.12/site-packages/airflow/example_dags/example_branch_python_dop_operator_3.py
[2024-05-24T14:49:26.725+0000] {processor.py:830} INFO - Processing file /home/airflow/.local/lib/python3.12/site-packages/airflow/example_dags/example_branch_python_dop_operator_3.py for tasks to queue
[2024-05-24T14:49:26.728+0000] {logging_mixin.py:188} INFO - [2024-05-24T14:49:26.726+0000] {dagbag.py:545} INFO - Filling up the DagBag from /home/airflow/.local/lib/python3.12/site-packages/airflow/example_dags/example_branch_python_dop_operator_3.py
[2024-05-24T14:49:26.747+0000] {processor.py:840} INFO - DAG(s) 'example_branch_dop_operator_v3' retrieved from /home/airflow/.local/lib/python3.12/site-packages/airflow/example_dags/example_branch_python_dop_operator_3.py
[2024-05-24T14:49:26.772+0000] {logging_mixin.py:188} INFO - [2024-05-24T14:49:26.772+0000] {dag.py:3096} INFO - Sync 1 DAGs
[2024-05-24T14:49:26.803+0000] {logging_mixin.py:188} INFO - [2024-05-24T14:49:26.803+0000] {dag.py:3954} INFO - Setting next_dagrun for example_branch_dop_operator_v3 to 2024-05-24 14:48:00+00:00, run_after=2024-05-24 14:49:00+00:00
[2024-05-24T14:49:26.824+0000] {processor.py:183} INFO - Processing /home/airflow/.local/lib/python3.12/site-packages/airflow/example_dags/example_branch_python_dop_operator_3.py took 0.113 seconds
[2024-05-24T15:48:52.196+0000] {processor.py:161} INFO - Started process (PID=88309) to work on /home/airflow/.local/lib/python3.12/site-packages/airflow/example_dags/example_branch_python_dop_operator_3.py
[2024-05-24T15:48:52.198+0000] {processor.py:830} INFO - Processing file /home/airflow/.local/lib/python3.12/site-packages/airflow/example_dags/example_branch_python_dop_operator_3.py for tasks to queue
[2024-05-24T15:48:52.199+0000] {logging_mixin.py:188} INFO - [2024-05-24T15:48:52.198+0000] {dagbag.py:545} INFO - Filling up the DagBag from /home/airflow/.local/lib/python3.12/site-packages/airflow/example_dags/example_branch_python_dop_operator_3.py
[2024-05-24T15:48:52.211+0000] {processor.py:840} INFO - DAG(s) 'example_branch_dop_operator_v3' retrieved from /home/airflow/.local/lib/python3.12/site-packages/airflow/example_dags/example_branch_python_dop_operator_3.py
[2024-05-24T15:48:52.234+0000] {logging_mixin.py:188} INFO - [2024-05-24T15:48:52.234+0000] {dag.py:3096} INFO - Sync 1 DAGs
[2024-05-24T15:48:52.267+0000] {logging_mixin.py:188} INFO - [2024-05-24T15:48:52.267+0000] {dag.py:3954} INFO - Setting next_dagrun for example_branch_dop_operator_v3 to 2024-05-24 15:47:00+00:00, run_after=2024-05-24 15:48:00+00:00
[2024-05-24T15:48:52.287+0000] {processor.py:183} INFO - Processing /home/airflow/.local/lib/python3.12/site-packages/airflow/example_dags/example_branch_python_dop_operator_3.py took 0.098 seconds
[2024-05-24T15:50:35.328+0000] {processor.py:161} INFO - Started process (PID=88374) to work on /home/airflow/.local/lib/python3.12/site-packages/airflow/example_dags/example_branch_python_dop_operator_3.py
[2024-05-24T15:50:35.329+0000] {processor.py:830} INFO - Processing file /home/airflow/.local/lib/python3.12/site-packages/airflow/example_dags/example_branch_python_dop_operator_3.py for tasks to queue
[2024-05-24T15:50:35.330+0000] {logging_mixin.py:188} INFO - [2024-05-24T15:50:35.330+0000] {dagbag.py:545} INFO - Filling up the DagBag from /home/airflow/.local/lib/python3.12/site-packages/airflow/example_dags/example_branch_python_dop_operator_3.py
[2024-05-24T15:50:35.341+0000] {processor.py:840} INFO - DAG(s) 'example_branch_dop_operator_v3' retrieved from /home/airflow/.local/lib/python3.12/site-packages/airflow/example_dags/example_branch_python_dop_operator_3.py
[2024-05-24T15:50:35.363+0000] {logging_mixin.py:188} INFO - [2024-05-24T15:50:35.363+0000] {dag.py:3096} INFO - Sync 1 DAGs
[2024-05-24T15:50:35.394+0000] {logging_mixin.py:188} INFO - [2024-05-24T15:50:35.393+0000] {dag.py:3954} INFO - Setting next_dagrun for example_branch_dop_operator_v3 to 2024-05-24 15:49:00+00:00, run_after=2024-05-24 15:50:00+00:00
[2024-05-24T15:50:35.421+0000] {processor.py:183} INFO - Processing /home/airflow/.local/lib/python3.12/site-packages/airflow/example_dags/example_branch_python_dop_operator_3.py took 0.101 seconds
[2024-05-24T16:51:43.610+0000] {processor.py:161} INFO - Started process (PID=88427) to work on /home/airflow/.local/lib/python3.12/site-packages/airflow/example_dags/example_branch_python_dop_operator_3.py
[2024-05-24T16:51:43.617+0000] {processor.py:830} INFO - Processing file /home/airflow/.local/lib/python3.12/site-packages/airflow/example_dags/example_branch_python_dop_operator_3.py for tasks to queue
[2024-05-24T16:51:43.625+0000] {logging_mixin.py:188} INFO - [2024-05-24T16:51:43.625+0000] {dagbag.py:545} INFO - Filling up the DagBag from /home/airflow/.local/lib/python3.12/site-packages/airflow/example_dags/example_branch_python_dop_operator_3.py
[2024-05-24T16:51:43.694+0000] {processor.py:840} INFO - DAG(s) 'example_branch_dop_operator_v3' retrieved from /home/airflow/.local/lib/python3.12/site-packages/airflow/example_dags/example_branch_python_dop_operator_3.py
[2024-05-24T16:51:43.797+0000] {logging_mixin.py:188} INFO - [2024-05-24T16:51:43.797+0000] {dag.py:3096} INFO - Sync 1 DAGs
[2024-05-24T16:51:43.936+0000] {logging_mixin.py:188} INFO - [2024-05-24T16:51:43.936+0000] {dag.py:3954} INFO - Setting next_dagrun for example_branch_dop_operator_v3 to 2024-05-24 16:50:00+00:00, run_after=2024-05-24 16:51:00+00:00
[2024-05-24T16:51:44.089+0000] {processor.py:183} INFO - Processing /home/airflow/.local/lib/python3.12/site-packages/airflow/example_dags/example_branch_python_dop_operator_3.py took 0.496 seconds
[2024-05-24T17:50:14.491+0000] {processor.py:161} INFO - Started process (PID=88485) to work on /home/airflow/.local/lib/python3.12/site-packages/airflow/example_dags/example_branch_python_dop_operator_3.py
[2024-05-24T17:50:14.492+0000] {processor.py:830} INFO - Processing file /home/airflow/.local/lib/python3.12/site-packages/airflow/example_dags/example_branch_python_dop_operator_3.py for tasks to queue
[2024-05-24T17:50:14.494+0000] {logging_mixin.py:188} INFO - [2024-05-24T17:50:14.493+0000] {dagbag.py:545} INFO - Filling up the DagBag from /home/airflow/.local/lib/python3.12/site-packages/airflow/example_dags/example_branch_python_dop_operator_3.py
[2024-05-24T17:50:14.505+0000] {processor.py:840} INFO - DAG(s) 'example_branch_dop_operator_v3' retrieved from /home/airflow/.local/lib/python3.12/site-packages/airflow/example_dags/example_branch_python_dop_operator_3.py
[2024-05-24T17:50:14.531+0000] {logging_mixin.py:188} INFO - [2024-05-24T17:50:14.531+0000] {dag.py:3096} INFO - Sync 1 DAGs
[2024-05-24T17:50:14.564+0000] {logging_mixin.py:188} INFO - [2024-05-24T17:50:14.564+0000] {dag.py:3954} INFO - Setting next_dagrun for example_branch_dop_operator_v3 to 2024-05-24 17:49:00+00:00, run_after=2024-05-24 17:50:00+00:00
[2024-05-24T17:50:14.584+0000] {processor.py:183} INFO - Processing /home/airflow/.local/lib/python3.12/site-packages/airflow/example_dags/example_branch_python_dop_operator_3.py took 0.101 seconds
[2024-05-24T17:50:45.085+0000] {processor.py:161} INFO - Started process (PID=88544) to work on /home/airflow/.local/lib/python3.12/site-packages/airflow/example_dags/example_branch_python_dop_operator_3.py
[2024-05-24T17:50:45.086+0000] {processor.py:830} INFO - Processing file /home/airflow/.local/lib/python3.12/site-packages/airflow/example_dags/example_branch_python_dop_operator_3.py for tasks to queue
[2024-05-24T17:50:45.087+0000] {logging_mixin.py:188} INFO - [2024-05-24T17:50:45.087+0000] {dagbag.py:545} INFO - Filling up the DagBag from /home/airflow/.local/lib/python3.12/site-packages/airflow/example_dags/example_branch_python_dop_operator_3.py
[2024-05-24T17:50:45.098+0000] {processor.py:840} INFO - DAG(s) 'example_branch_dop_operator_v3' retrieved from /home/airflow/.local/lib/python3.12/site-packages/airflow/example_dags/example_branch_python_dop_operator_3.py
[2024-05-24T17:50:45.122+0000] {logging_mixin.py:188} INFO - [2024-05-24T17:50:45.122+0000] {dag.py:3096} INFO - Sync 1 DAGs
[2024-05-24T17:50:45.154+0000] {logging_mixin.py:188} INFO - [2024-05-24T17:50:45.154+0000] {dag.py:3954} INFO - Setting next_dagrun for example_branch_dop_operator_v3 to 2024-05-24 17:49:00+00:00, run_after=2024-05-24 17:50:00+00:00
[2024-05-24T17:50:45.174+0000] {processor.py:183} INFO - Processing /home/airflow/.local/lib/python3.12/site-packages/airflow/example_dags/example_branch_python_dop_operator_3.py took 0.097 seconds
[2024-05-24T18:53:39.275+0000] {processor.py:161} INFO - Started process (PID=88603) to work on /home/airflow/.local/lib/python3.12/site-packages/airflow/example_dags/example_branch_python_dop_operator_3.py
[2024-05-24T18:53:39.276+0000] {processor.py:830} INFO - Processing file /home/airflow/.local/lib/python3.12/site-packages/airflow/example_dags/example_branch_python_dop_operator_3.py for tasks to queue
[2024-05-24T18:53:39.277+0000] {logging_mixin.py:188} INFO - [2024-05-24T18:53:39.277+0000] {dagbag.py:545} INFO - Filling up the DagBag from /home/airflow/.local/lib/python3.12/site-packages/airflow/example_dags/example_branch_python_dop_operator_3.py
[2024-05-24T18:53:39.294+0000] {processor.py:840} INFO - DAG(s) 'example_branch_dop_operator_v3' retrieved from /home/airflow/.local/lib/python3.12/site-packages/airflow/example_dags/example_branch_python_dop_operator_3.py
[2024-05-24T18:53:39.319+0000] {logging_mixin.py:188} INFO - [2024-05-24T18:53:39.319+0000] {dag.py:3096} INFO - Sync 1 DAGs
[2024-05-24T18:53:39.355+0000] {logging_mixin.py:188} INFO - [2024-05-24T18:53:39.355+0000] {dag.py:3954} INFO - Setting next_dagrun for example_branch_dop_operator_v3 to 2024-05-24 18:52:00+00:00, run_after=2024-05-24 18:53:00+00:00
[2024-05-24T18:53:39.377+0000] {processor.py:183} INFO - Processing /home/airflow/.local/lib/python3.12/site-packages/airflow/example_dags/example_branch_python_dop_operator_3.py took 0.111 seconds
[2024-05-24T19:53:32.849+0000] {processor.py:161} INFO - Started process (PID=88662) to work on /home/airflow/.local/lib/python3.12/site-packages/airflow/example_dags/example_branch_python_dop_operator_3.py
[2024-05-24T19:53:32.850+0000] {processor.py:830} INFO - Processing file /home/airflow/.local/lib/python3.12/site-packages/airflow/example_dags/example_branch_python_dop_operator_3.py for tasks to queue
[2024-05-24T19:53:32.851+0000] {logging_mixin.py:188} INFO - [2024-05-24T19:53:32.851+0000] {dagbag.py:545} INFO - Filling up the DagBag from /home/airflow/.local/lib/python3.12/site-packages/airflow/example_dags/example_branch_python_dop_operator_3.py
[2024-05-24T19:53:32.865+0000] {processor.py:840} INFO - DAG(s) 'example_branch_dop_operator_v3' retrieved from /home/airflow/.local/lib/python3.12/site-packages/airflow/example_dags/example_branch_python_dop_operator_3.py
[2024-05-24T19:53:32.887+0000] {logging_mixin.py:188} INFO - [2024-05-24T19:53:32.887+0000] {dag.py:3096} INFO - Sync 1 DAGs
[2024-05-24T19:53:32.920+0000] {logging_mixin.py:188} INFO - [2024-05-24T19:53:32.920+0000] {dag.py:3954} INFO - Setting next_dagrun for example_branch_dop_operator_v3 to 2024-05-24 19:52:00+00:00, run_after=2024-05-24 19:53:00+00:00
[2024-05-24T19:53:32.950+0000] {processor.py:183} INFO - Processing /home/airflow/.local/lib/python3.12/site-packages/airflow/example_dags/example_branch_python_dop_operator_3.py took 0.114 seconds
[2024-05-24T20:54:49.379+0000] {processor.py:161} INFO - Started process (PID=88727) to work on /home/airflow/.local/lib/python3.12/site-packages/airflow/example_dags/example_branch_python_dop_operator_3.py
[2024-05-24T20:54:49.381+0000] {processor.py:830} INFO - Processing file /home/airflow/.local/lib/python3.12/site-packages/airflow/example_dags/example_branch_python_dop_operator_3.py for tasks to queue
[2024-05-24T20:54:49.382+0000] {logging_mixin.py:188} INFO - [2024-05-24T20:54:49.382+0000] {dagbag.py:545} INFO - Filling up the DagBag from /home/airflow/.local/lib/python3.12/site-packages/airflow/example_dags/example_branch_python_dop_operator_3.py
[2024-05-24T20:54:49.393+0000] {processor.py:840} INFO - DAG(s) 'example_branch_dop_operator_v3' retrieved from /home/airflow/.local/lib/python3.12/site-packages/airflow/example_dags/example_branch_python_dop_operator_3.py
[2024-05-24T20:54:49.415+0000] {logging_mixin.py:188} INFO - [2024-05-24T20:54:49.415+0000] {dag.py:3096} INFO - Sync 1 DAGs
[2024-05-24T20:54:49.448+0000] {logging_mixin.py:188} INFO - [2024-05-24T20:54:49.448+0000] {dag.py:3954} INFO - Setting next_dagrun for example_branch_dop_operator_v3 to 2024-05-24 20:53:00+00:00, run_after=2024-05-24 20:54:00+00:00
[2024-05-24T20:54:49.470+0000] {processor.py:183} INFO - Processing /home/airflow/.local/lib/python3.12/site-packages/airflow/example_dags/example_branch_python_dop_operator_3.py took 0.098 seconds
[2024-05-24T21:55:54.122+0000] {processor.py:161} INFO - Started process (PID=88780) to work on /home/airflow/.local/lib/python3.12/site-packages/airflow/example_dags/example_branch_python_dop_operator_3.py
[2024-05-24T21:55:54.125+0000] {processor.py:830} INFO - Processing file /home/airflow/.local/lib/python3.12/site-packages/airflow/example_dags/example_branch_python_dop_operator_3.py for tasks to queue
[2024-05-24T21:55:54.129+0000] {logging_mixin.py:188} INFO - [2024-05-24T21:55:54.127+0000] {dagbag.py:545} INFO - Filling up the DagBag from /home/airflow/.local/lib/python3.12/site-packages/airflow/example_dags/example_branch_python_dop_operator_3.py
[2024-05-24T21:55:54.165+0000] {processor.py:840} INFO - DAG(s) 'example_branch_dop_operator_v3' retrieved from /home/airflow/.local/lib/python3.12/site-packages/airflow/example_dags/example_branch_python_dop_operator_3.py
[2024-05-24T21:55:54.240+0000] {logging_mixin.py:188} INFO - [2024-05-24T21:55:54.240+0000] {dag.py:3096} INFO - Sync 1 DAGs
[2024-05-24T21:55:54.350+0000] {logging_mixin.py:188} INFO - [2024-05-24T21:55:54.347+0000] {dag.py:3954} INFO - Setting next_dagrun for example_branch_dop_operator_v3 to 2024-05-24 21:54:00+00:00, run_after=2024-05-24 21:55:00+00:00
[2024-05-24T21:55:54.492+0000] {processor.py:183} INFO - Processing /home/airflow/.local/lib/python3.12/site-packages/airflow/example_dags/example_branch_python_dop_operator_3.py took 0.389 seconds
[2024-05-24T22:56:59.726+0000] {processor.py:161} INFO - Started process (PID=88839) to work on /home/airflow/.local/lib/python3.12/site-packages/airflow/example_dags/example_branch_python_dop_operator_3.py
[2024-05-24T22:56:59.727+0000] {processor.py:830} INFO - Processing file /home/airflow/.local/lib/python3.12/site-packages/airflow/example_dags/example_branch_python_dop_operator_3.py for tasks to queue
[2024-05-24T22:56:59.729+0000] {logging_mixin.py:188} INFO - [2024-05-24T22:56:59.728+0000] {dagbag.py:545} INFO - Filling up the DagBag from /home/airflow/.local/lib/python3.12/site-packages/airflow/example_dags/example_branch_python_dop_operator_3.py
[2024-05-24T22:56:59.743+0000] {processor.py:840} INFO - DAG(s) 'example_branch_dop_operator_v3' retrieved from /home/airflow/.local/lib/python3.12/site-packages/airflow/example_dags/example_branch_python_dop_operator_3.py
[2024-05-24T22:56:59.772+0000] {logging_mixin.py:188} INFO - [2024-05-24T22:56:59.771+0000] {dag.py:3096} INFO - Sync 1 DAGs
[2024-05-24T22:56:59.805+0000] {logging_mixin.py:188} INFO - [2024-05-24T22:56:59.805+0000] {dag.py:3954} INFO - Setting next_dagrun for example_branch_dop_operator_v3 to 2024-05-24 22:55:00+00:00, run_after=2024-05-24 22:56:00+00:00
[2024-05-24T22:56:59.844+0000] {processor.py:183} INFO - Processing /home/airflow/.local/lib/python3.12/site-packages/airflow/example_dags/example_branch_python_dop_operator_3.py took 0.129 seconds
