[2024-05-24T00:10:46.100+0000] {processor.py:161} INFO - Started process (PID=87425) to work on /home/airflow/.local/lib/python3.12/site-packages/airflow/example_dags/example_task_group_decorator.py
[2024-05-24T00:10:46.102+0000] {processor.py:830} INFO - Processing file /home/airflow/.local/lib/python3.12/site-packages/airflow/example_dags/example_task_group_decorator.py for tasks to queue
[2024-05-24T00:10:46.104+0000] {logging_mixin.py:188} INFO - [2024-05-24T00:10:46.103+0000] {dagbag.py:545} INFO - Filling up the DagBag from /home/airflow/.local/lib/python3.12/site-packages/airflow/example_dags/example_task_group_decorator.py
[2024-05-24T00:10:46.127+0000] {processor.py:840} INFO - DAG(s) 'example_task_group_decorator' retrieved from /home/airflow/.local/lib/python3.12/site-packages/airflow/example_dags/example_task_group_decorator.py
[2024-05-24T00:10:46.180+0000] {logging_mixin.py:188} INFO - [2024-05-24T00:10:46.180+0000] {dag.py:3096} INFO - Sync 1 DAGs
[2024-05-24T00:10:46.221+0000] {logging_mixin.py:188} INFO - [2024-05-24T00:10:46.221+0000] {dag.py:3954} INFO - Setting next_dagrun for example_task_group_decorator to 2024-05-23 00:00:00+00:00, run_after=2024-05-24 00:00:00+00:00
[2024-05-24T00:10:46.241+0000] {processor.py:183} INFO - Processing /home/airflow/.local/lib/python3.12/site-packages/airflow/example_dags/example_task_group_decorator.py took 0.152 seconds
[2024-05-24T03:15:03.860+0000] {processor.py:161} INFO - Started process (PID=87484) to work on /home/airflow/.local/lib/python3.12/site-packages/airflow/example_dags/example_task_group_decorator.py
[2024-05-24T03:15:03.861+0000] {processor.py:830} INFO - Processing file /home/airflow/.local/lib/python3.12/site-packages/airflow/example_dags/example_task_group_decorator.py for tasks to queue
[2024-05-24T03:15:03.862+0000] {logging_mixin.py:188} INFO - [2024-05-24T03:15:03.862+0000] {dagbag.py:545} INFO - Filling up the DagBag from /home/airflow/.local/lib/python3.12/site-packages/airflow/example_dags/example_task_group_decorator.py
[2024-05-24T03:15:03.881+0000] {processor.py:840} INFO - DAG(s) 'example_task_group_decorator' retrieved from /home/airflow/.local/lib/python3.12/site-packages/airflow/example_dags/example_task_group_decorator.py
[2024-05-24T03:15:03.912+0000] {logging_mixin.py:188} INFO - [2024-05-24T03:15:03.912+0000] {dag.py:3096} INFO - Sync 1 DAGs
[2024-05-24T03:15:03.939+0000] {logging_mixin.py:188} INFO - [2024-05-24T03:15:03.939+0000] {dag.py:3954} INFO - Setting next_dagrun for example_task_group_decorator to 2024-05-23 00:00:00+00:00, run_after=2024-05-24 00:00:00+00:00
[2024-05-24T03:15:03.957+0000] {processor.py:183} INFO - Processing /home/airflow/.local/lib/python3.12/site-packages/airflow/example_dags/example_task_group_decorator.py took 0.105 seconds
[2024-05-24T05:04:13.276+0000] {processor.py:161} INFO - Started process (PID=87543) to work on /home/airflow/.local/lib/python3.12/site-packages/airflow/example_dags/example_task_group_decorator.py
[2024-05-24T05:04:13.277+0000] {processor.py:830} INFO - Processing file /home/airflow/.local/lib/python3.12/site-packages/airflow/example_dags/example_task_group_decorator.py for tasks to queue
[2024-05-24T05:04:13.278+0000] {logging_mixin.py:188} INFO - [2024-05-24T05:04:13.278+0000] {dagbag.py:545} INFO - Filling up the DagBag from /home/airflow/.local/lib/python3.12/site-packages/airflow/example_dags/example_task_group_decorator.py
[2024-05-24T05:04:13.297+0000] {processor.py:840} INFO - DAG(s) 'example_task_group_decorator' retrieved from /home/airflow/.local/lib/python3.12/site-packages/airflow/example_dags/example_task_group_decorator.py
[2024-05-24T05:04:13.331+0000] {logging_mixin.py:188} INFO - [2024-05-24T05:04:13.331+0000] {dag.py:3096} INFO - Sync 1 DAGs
[2024-05-24T05:04:13.371+0000] {logging_mixin.py:188} INFO - [2024-05-24T05:04:13.371+0000] {dag.py:3954} INFO - Setting next_dagrun for example_task_group_decorator to 2024-05-23 00:00:00+00:00, run_after=2024-05-24 00:00:00+00:00
[2024-05-24T05:04:13.399+0000] {processor.py:183} INFO - Processing /home/airflow/.local/lib/python3.12/site-packages/airflow/example_dags/example_task_group_decorator.py took 0.131 seconds
[2024-05-24T05:06:19.388+0000] {processor.py:161} INFO - Started process (PID=87602) to work on /home/airflow/.local/lib/python3.12/site-packages/airflow/example_dags/example_task_group_decorator.py
[2024-05-24T05:06:19.390+0000] {processor.py:830} INFO - Processing file /home/airflow/.local/lib/python3.12/site-packages/airflow/example_dags/example_task_group_decorator.py for tasks to queue
[2024-05-24T05:06:19.391+0000] {logging_mixin.py:188} INFO - [2024-05-24T05:06:19.391+0000] {dagbag.py:545} INFO - Filling up the DagBag from /home/airflow/.local/lib/python3.12/site-packages/airflow/example_dags/example_task_group_decorator.py
[2024-05-24T05:06:19.411+0000] {processor.py:840} INFO - DAG(s) 'example_task_group_decorator' retrieved from /home/airflow/.local/lib/python3.12/site-packages/airflow/example_dags/example_task_group_decorator.py
[2024-05-24T05:06:19.441+0000] {logging_mixin.py:188} INFO - [2024-05-24T05:06:19.441+0000] {dag.py:3096} INFO - Sync 1 DAGs
[2024-05-24T05:06:19.468+0000] {logging_mixin.py:188} INFO - [2024-05-24T05:06:19.468+0000] {dag.py:3954} INFO - Setting next_dagrun for example_task_group_decorator to 2024-05-23 00:00:00+00:00, run_after=2024-05-24 00:00:00+00:00
[2024-05-24T05:06:19.488+0000] {processor.py:183} INFO - Processing /home/airflow/.local/lib/python3.12/site-packages/airflow/example_dags/example_task_group_decorator.py took 0.109 seconds
[2024-05-24T05:40:30.666+0000] {processor.py:161} INFO - Started process (PID=87661) to work on /home/airflow/.local/lib/python3.12/site-packages/airflow/example_dags/example_task_group_decorator.py
[2024-05-24T05:40:30.670+0000] {processor.py:830} INFO - Processing file /home/airflow/.local/lib/python3.12/site-packages/airflow/example_dags/example_task_group_decorator.py for tasks to queue
[2024-05-24T05:40:30.671+0000] {logging_mixin.py:188} INFO - [2024-05-24T05:40:30.671+0000] {dagbag.py:545} INFO - Filling up the DagBag from /home/airflow/.local/lib/python3.12/site-packages/airflow/example_dags/example_task_group_decorator.py
[2024-05-24T05:40:30.694+0000] {processor.py:840} INFO - DAG(s) 'example_task_group_decorator' retrieved from /home/airflow/.local/lib/python3.12/site-packages/airflow/example_dags/example_task_group_decorator.py
[2024-05-24T05:40:30.725+0000] {logging_mixin.py:188} INFO - [2024-05-24T05:40:30.724+0000] {dag.py:3096} INFO - Sync 1 DAGs
[2024-05-24T05:40:30.755+0000] {logging_mixin.py:188} INFO - [2024-05-24T05:40:30.755+0000] {dag.py:3954} INFO - Setting next_dagrun for example_task_group_decorator to 2024-05-23 00:00:00+00:00, run_after=2024-05-24 00:00:00+00:00
[2024-05-24T05:40:30.777+0000] {processor.py:183} INFO - Processing /home/airflow/.local/lib/python3.12/site-packages/airflow/example_dags/example_task_group_decorator.py took 0.123 seconds
[2024-05-24T06:37:01.698+0000] {processor.py:161} INFO - Started process (PID=87726) to work on /home/airflow/.local/lib/python3.12/site-packages/airflow/example_dags/example_task_group_decorator.py
[2024-05-24T06:37:01.708+0000] {processor.py:830} INFO - Processing file /home/airflow/.local/lib/python3.12/site-packages/airflow/example_dags/example_task_group_decorator.py for tasks to queue
[2024-05-24T06:37:01.715+0000] {logging_mixin.py:188} INFO - [2024-05-24T06:37:01.712+0000] {dagbag.py:545} INFO - Filling up the DagBag from /home/airflow/.local/lib/python3.12/site-packages/airflow/example_dags/example_task_group_decorator.py
[2024-05-24T06:37:01.811+0000] {processor.py:840} INFO - DAG(s) 'example_task_group_decorator' retrieved from /home/airflow/.local/lib/python3.12/site-packages/airflow/example_dags/example_task_group_decorator.py
[2024-05-24T06:37:01.943+0000] {logging_mixin.py:188} INFO - [2024-05-24T06:37:01.943+0000] {dag.py:3096} INFO - Sync 1 DAGs
[2024-05-24T06:37:02.051+0000] {logging_mixin.py:188} INFO - [2024-05-24T06:37:02.051+0000] {dag.py:3954} INFO - Setting next_dagrun for example_task_group_decorator to 2024-05-23 00:00:00+00:00, run_after=2024-05-24 00:00:00+00:00
[2024-05-24T06:37:02.128+0000] {processor.py:183} INFO - Processing /home/airflow/.local/lib/python3.12/site-packages/airflow/example_dags/example_task_group_decorator.py took 0.466 seconds
[2024-05-24T07:35:43.796+0000] {processor.py:161} INFO - Started process (PID=87794) to work on /home/airflow/.local/lib/python3.12/site-packages/airflow/example_dags/example_task_group_decorator.py
[2024-05-24T07:35:43.799+0000] {processor.py:830} INFO - Processing file /home/airflow/.local/lib/python3.12/site-packages/airflow/example_dags/example_task_group_decorator.py for tasks to queue
[2024-05-24T07:35:43.800+0000] {logging_mixin.py:188} INFO - [2024-05-24T07:35:43.800+0000] {dagbag.py:545} INFO - Filling up the DagBag from /home/airflow/.local/lib/python3.12/site-packages/airflow/example_dags/example_task_group_decorator.py
[2024-05-24T07:35:43.825+0000] {processor.py:840} INFO - DAG(s) 'example_task_group_decorator' retrieved from /home/airflow/.local/lib/python3.12/site-packages/airflow/example_dags/example_task_group_decorator.py
[2024-05-24T07:35:43.854+0000] {logging_mixin.py:188} INFO - [2024-05-24T07:35:43.854+0000] {dag.py:3096} INFO - Sync 1 DAGs
[2024-05-24T07:35:43.879+0000] {logging_mixin.py:188} INFO - [2024-05-24T07:35:43.878+0000] {dag.py:3954} INFO - Setting next_dagrun for example_task_group_decorator to 2024-05-23 00:00:00+00:00, run_after=2024-05-24 00:00:00+00:00
[2024-05-24T07:35:43.898+0000] {processor.py:183} INFO - Processing /home/airflow/.local/lib/python3.12/site-packages/airflow/example_dags/example_task_group_decorator.py took 0.109 seconds
[2024-05-24T07:41:38.979+0000] {processor.py:161} INFO - Started process (PID=87853) to work on /home/airflow/.local/lib/python3.12/site-packages/airflow/example_dags/example_task_group_decorator.py
[2024-05-24T07:41:38.981+0000] {processor.py:830} INFO - Processing file /home/airflow/.local/lib/python3.12/site-packages/airflow/example_dags/example_task_group_decorator.py for tasks to queue
[2024-05-24T07:41:38.983+0000] {logging_mixin.py:188} INFO - [2024-05-24T07:41:38.983+0000] {dagbag.py:545} INFO - Filling up the DagBag from /home/airflow/.local/lib/python3.12/site-packages/airflow/example_dags/example_task_group_decorator.py
[2024-05-24T07:41:39.004+0000] {processor.py:840} INFO - DAG(s) 'example_task_group_decorator' retrieved from /home/airflow/.local/lib/python3.12/site-packages/airflow/example_dags/example_task_group_decorator.py
[2024-05-24T07:41:39.040+0000] {logging_mixin.py:188} INFO - [2024-05-24T07:41:39.040+0000] {dag.py:3096} INFO - Sync 1 DAGs
[2024-05-24T07:41:39.075+0000] {logging_mixin.py:188} INFO - [2024-05-24T07:41:39.074+0000] {dag.py:3954} INFO - Setting next_dagrun for example_task_group_decorator to 2024-05-23 00:00:00+00:00, run_after=2024-05-24 00:00:00+00:00
[2024-05-24T07:41:39.097+0000] {processor.py:183} INFO - Processing /home/airflow/.local/lib/python3.12/site-packages/airflow/example_dags/example_task_group_decorator.py took 0.126 seconds
[2024-05-24T08:42:35.385+0000] {processor.py:161} INFO - Started process (PID=87912) to work on /home/airflow/.local/lib/python3.12/site-packages/airflow/example_dags/example_task_group_decorator.py
[2024-05-24T08:42:35.387+0000] {processor.py:830} INFO - Processing file /home/airflow/.local/lib/python3.12/site-packages/airflow/example_dags/example_task_group_decorator.py for tasks to queue
[2024-05-24T08:42:35.388+0000] {logging_mixin.py:188} INFO - [2024-05-24T08:42:35.387+0000] {dagbag.py:545} INFO - Filling up the DagBag from /home/airflow/.local/lib/python3.12/site-packages/airflow/example_dags/example_task_group_decorator.py
[2024-05-24T08:42:35.417+0000] {processor.py:840} INFO - DAG(s) 'example_task_group_decorator' retrieved from /home/airflow/.local/lib/python3.12/site-packages/airflow/example_dags/example_task_group_decorator.py
[2024-05-24T08:42:35.452+0000] {logging_mixin.py:188} INFO - [2024-05-24T08:42:35.452+0000] {dag.py:3096} INFO - Sync 1 DAGs
[2024-05-24T08:42:35.479+0000] {logging_mixin.py:188} INFO - [2024-05-24T08:42:35.479+0000] {dag.py:3954} INFO - Setting next_dagrun for example_task_group_decorator to 2024-05-23 00:00:00+00:00, run_after=2024-05-24 00:00:00+00:00
[2024-05-24T08:42:35.499+0000] {processor.py:183} INFO - Processing /home/airflow/.local/lib/python3.12/site-packages/airflow/example_dags/example_task_group_decorator.py took 0.121 seconds
[2024-05-24T09:43:47.497+0000] {processor.py:161} INFO - Started process (PID=87970) to work on /home/airflow/.local/lib/python3.12/site-packages/airflow/example_dags/example_task_group_decorator.py
[2024-05-24T09:43:47.498+0000] {processor.py:830} INFO - Processing file /home/airflow/.local/lib/python3.12/site-packages/airflow/example_dags/example_task_group_decorator.py for tasks to queue
[2024-05-24T09:43:47.499+0000] {logging_mixin.py:188} INFO - [2024-05-24T09:43:47.499+0000] {dagbag.py:545} INFO - Filling up the DagBag from /home/airflow/.local/lib/python3.12/site-packages/airflow/example_dags/example_task_group_decorator.py
[2024-05-24T09:43:47.519+0000] {processor.py:840} INFO - DAG(s) 'example_task_group_decorator' retrieved from /home/airflow/.local/lib/python3.12/site-packages/airflow/example_dags/example_task_group_decorator.py
[2024-05-24T09:43:47.552+0000] {logging_mixin.py:188} INFO - [2024-05-24T09:43:47.552+0000] {dag.py:3096} INFO - Sync 1 DAGs
[2024-05-24T09:43:47.580+0000] {logging_mixin.py:188} INFO - [2024-05-24T09:43:47.579+0000] {dag.py:3954} INFO - Setting next_dagrun for example_task_group_decorator to 2024-05-23 00:00:00+00:00, run_after=2024-05-24 00:00:00+00:00
[2024-05-24T09:43:47.599+0000] {processor.py:183} INFO - Processing /home/airflow/.local/lib/python3.12/site-packages/airflow/example_dags/example_task_group_decorator.py took 0.111 seconds
[2024-05-24T10:44:56.465+0000] {processor.py:161} INFO - Started process (PID=88029) to work on /home/airflow/.local/lib/python3.12/site-packages/airflow/example_dags/example_task_group_decorator.py
[2024-05-24T10:44:56.466+0000] {processor.py:830} INFO - Processing file /home/airflow/.local/lib/python3.12/site-packages/airflow/example_dags/example_task_group_decorator.py for tasks to queue
[2024-05-24T10:44:56.468+0000] {logging_mixin.py:188} INFO - [2024-05-24T10:44:56.467+0000] {dagbag.py:545} INFO - Filling up the DagBag from /home/airflow/.local/lib/python3.12/site-packages/airflow/example_dags/example_task_group_decorator.py
[2024-05-24T10:44:56.487+0000] {processor.py:840} INFO - DAG(s) 'example_task_group_decorator' retrieved from /home/airflow/.local/lib/python3.12/site-packages/airflow/example_dags/example_task_group_decorator.py
[2024-05-24T10:44:56.519+0000] {logging_mixin.py:188} INFO - [2024-05-24T10:44:56.519+0000] {dag.py:3096} INFO - Sync 1 DAGs
[2024-05-24T10:44:56.545+0000] {logging_mixin.py:188} INFO - [2024-05-24T10:44:56.544+0000] {dag.py:3954} INFO - Setting next_dagrun for example_task_group_decorator to 2024-05-23 00:00:00+00:00, run_after=2024-05-24 00:00:00+00:00
[2024-05-24T10:44:56.565+0000] {processor.py:183} INFO - Processing /home/airflow/.local/lib/python3.12/site-packages/airflow/example_dags/example_task_group_decorator.py took 0.107 seconds
[2024-05-24T11:46:04.808+0000] {processor.py:161} INFO - Started process (PID=88088) to work on /home/airflow/.local/lib/python3.12/site-packages/airflow/example_dags/example_task_group_decorator.py
[2024-05-24T11:46:04.824+0000] {processor.py:830} INFO - Processing file /home/airflow/.local/lib/python3.12/site-packages/airflow/example_dags/example_task_group_decorator.py for tasks to queue
[2024-05-24T11:46:04.827+0000] {logging_mixin.py:188} INFO - [2024-05-24T11:46:04.826+0000] {dagbag.py:545} INFO - Filling up the DagBag from /home/airflow/.local/lib/python3.12/site-packages/airflow/example_dags/example_task_group_decorator.py
[2024-05-24T11:46:04.969+0000] {processor.py:840} INFO - DAG(s) 'example_task_group_decorator' retrieved from /home/airflow/.local/lib/python3.12/site-packages/airflow/example_dags/example_task_group_decorator.py
[2024-05-24T11:46:05.140+0000] {logging_mixin.py:188} INFO - [2024-05-24T11:46:05.138+0000] {dag.py:3096} INFO - Sync 1 DAGs
[2024-05-24T11:46:05.251+0000] {logging_mixin.py:188} INFO - [2024-05-24T11:46:05.251+0000] {dag.py:3954} INFO - Setting next_dagrun for example_task_group_decorator to 2024-05-23 00:00:00+00:00, run_after=2024-05-24 00:00:00+00:00
[2024-05-24T11:46:05.325+0000] {processor.py:183} INFO - Processing /home/airflow/.local/lib/python3.12/site-packages/airflow/example_dags/example_task_group_decorator.py took 0.593 seconds
[2024-05-24T12:47:08.599+0000] {processor.py:161} INFO - Started process (PID=88147) to work on /home/airflow/.local/lib/python3.12/site-packages/airflow/example_dags/example_task_group_decorator.py
[2024-05-24T12:47:08.600+0000] {processor.py:830} INFO - Processing file /home/airflow/.local/lib/python3.12/site-packages/airflow/example_dags/example_task_group_decorator.py for tasks to queue
[2024-05-24T12:47:08.602+0000] {logging_mixin.py:188} INFO - [2024-05-24T12:47:08.601+0000] {dagbag.py:545} INFO - Filling up the DagBag from /home/airflow/.local/lib/python3.12/site-packages/airflow/example_dags/example_task_group_decorator.py
[2024-05-24T12:47:08.626+0000] {processor.py:840} INFO - DAG(s) 'example_task_group_decorator' retrieved from /home/airflow/.local/lib/python3.12/site-packages/airflow/example_dags/example_task_group_decorator.py
[2024-05-24T12:47:08.660+0000] {logging_mixin.py:188} INFO - [2024-05-24T12:47:08.660+0000] {dag.py:3096} INFO - Sync 1 DAGs
[2024-05-24T12:47:08.690+0000] {logging_mixin.py:188} INFO - [2024-05-24T12:47:08.689+0000] {dag.py:3954} INFO - Setting next_dagrun for example_task_group_decorator to 2024-05-23 00:00:00+00:00, run_after=2024-05-24 00:00:00+00:00
[2024-05-24T12:47:08.721+0000] {processor.py:183} INFO - Processing /home/airflow/.local/lib/python3.12/site-packages/airflow/example_dags/example_task_group_decorator.py took 0.129 seconds
[2024-05-24T13:48:17.390+0000] {processor.py:161} INFO - Started process (PID=88206) to work on /home/airflow/.local/lib/python3.12/site-packages/airflow/example_dags/example_task_group_decorator.py
[2024-05-24T13:48:17.392+0000] {processor.py:830} INFO - Processing file /home/airflow/.local/lib/python3.12/site-packages/airflow/example_dags/example_task_group_decorator.py for tasks to queue
[2024-05-24T13:48:17.395+0000] {logging_mixin.py:188} INFO - [2024-05-24T13:48:17.394+0000] {dagbag.py:545} INFO - Filling up the DagBag from /home/airflow/.local/lib/python3.12/site-packages/airflow/example_dags/example_task_group_decorator.py
[2024-05-24T13:48:17.414+0000] {processor.py:840} INFO - DAG(s) 'example_task_group_decorator' retrieved from /home/airflow/.local/lib/python3.12/site-packages/airflow/example_dags/example_task_group_decorator.py
[2024-05-24T13:48:17.445+0000] {logging_mixin.py:188} INFO - [2024-05-24T13:48:17.445+0000] {dag.py:3096} INFO - Sync 1 DAGs
[2024-05-24T13:48:17.470+0000] {logging_mixin.py:188} INFO - [2024-05-24T13:48:17.470+0000] {dag.py:3954} INFO - Setting next_dagrun for example_task_group_decorator to 2024-05-23 00:00:00+00:00, run_after=2024-05-24 00:00:00+00:00
[2024-05-24T13:48:17.491+0000] {processor.py:183} INFO - Processing /home/airflow/.local/lib/python3.12/site-packages/airflow/example_dags/example_task_group_decorator.py took 0.108 seconds
[2024-05-24T14:49:27.379+0000] {processor.py:161} INFO - Started process (PID=88259) to work on /home/airflow/.local/lib/python3.12/site-packages/airflow/example_dags/example_task_group_decorator.py
[2024-05-24T14:49:27.382+0000] {processor.py:830} INFO - Processing file /home/airflow/.local/lib/python3.12/site-packages/airflow/example_dags/example_task_group_decorator.py for tasks to queue
[2024-05-24T14:49:27.384+0000] {logging_mixin.py:188} INFO - [2024-05-24T14:49:27.383+0000] {dagbag.py:545} INFO - Filling up the DagBag from /home/airflow/.local/lib/python3.12/site-packages/airflow/example_dags/example_task_group_decorator.py
[2024-05-24T14:49:27.421+0000] {processor.py:840} INFO - DAG(s) 'example_task_group_decorator' retrieved from /home/airflow/.local/lib/python3.12/site-packages/airflow/example_dags/example_task_group_decorator.py
[2024-05-24T14:49:27.484+0000] {logging_mixin.py:188} INFO - [2024-05-24T14:49:27.484+0000] {dag.py:3096} INFO - Sync 1 DAGs
[2024-05-24T14:49:27.517+0000] {logging_mixin.py:188} INFO - [2024-05-24T14:49:27.517+0000] {dag.py:3954} INFO - Setting next_dagrun for example_task_group_decorator to 2024-05-23 00:00:00+00:00, run_after=2024-05-24 00:00:00+00:00
[2024-05-24T14:49:27.572+0000] {processor.py:183} INFO - Processing /home/airflow/.local/lib/python3.12/site-packages/airflow/example_dags/example_task_group_decorator.py took 0.200 seconds
[2024-05-24T15:48:52.820+0000] {processor.py:161} INFO - Started process (PID=88318) to work on /home/airflow/.local/lib/python3.12/site-packages/airflow/example_dags/example_task_group_decorator.py
[2024-05-24T15:48:52.822+0000] {processor.py:830} INFO - Processing file /home/airflow/.local/lib/python3.12/site-packages/airflow/example_dags/example_task_group_decorator.py for tasks to queue
[2024-05-24T15:48:52.824+0000] {logging_mixin.py:188} INFO - [2024-05-24T15:48:52.823+0000] {dagbag.py:545} INFO - Filling up the DagBag from /home/airflow/.local/lib/python3.12/site-packages/airflow/example_dags/example_task_group_decorator.py
[2024-05-24T15:48:52.843+0000] {processor.py:840} INFO - DAG(s) 'example_task_group_decorator' retrieved from /home/airflow/.local/lib/python3.12/site-packages/airflow/example_dags/example_task_group_decorator.py
[2024-05-24T15:48:52.873+0000] {logging_mixin.py:188} INFO - [2024-05-24T15:48:52.873+0000] {dag.py:3096} INFO - Sync 1 DAGs
[2024-05-24T15:48:52.901+0000] {logging_mixin.py:188} INFO - [2024-05-24T15:48:52.901+0000] {dag.py:3954} INFO - Setting next_dagrun for example_task_group_decorator to 2024-05-23 00:00:00+00:00, run_after=2024-05-24 00:00:00+00:00
[2024-05-24T15:48:52.921+0000] {processor.py:183} INFO - Processing /home/airflow/.local/lib/python3.12/site-packages/airflow/example_dags/example_task_group_decorator.py took 0.108 seconds
[2024-05-24T15:50:36.007+0000] {processor.py:161} INFO - Started process (PID=88383) to work on /home/airflow/.local/lib/python3.12/site-packages/airflow/example_dags/example_task_group_decorator.py
[2024-05-24T15:50:36.009+0000] {processor.py:830} INFO - Processing file /home/airflow/.local/lib/python3.12/site-packages/airflow/example_dags/example_task_group_decorator.py for tasks to queue
[2024-05-24T15:50:36.010+0000] {logging_mixin.py:188} INFO - [2024-05-24T15:50:36.010+0000] {dagbag.py:545} INFO - Filling up the DagBag from /home/airflow/.local/lib/python3.12/site-packages/airflow/example_dags/example_task_group_decorator.py
[2024-05-24T15:50:36.042+0000] {processor.py:840} INFO - DAG(s) 'example_task_group_decorator' retrieved from /home/airflow/.local/lib/python3.12/site-packages/airflow/example_dags/example_task_group_decorator.py
[2024-05-24T15:50:36.134+0000] {logging_mixin.py:188} INFO - [2024-05-24T15:50:36.134+0000] {dag.py:3096} INFO - Sync 1 DAGs
[2024-05-24T15:50:36.178+0000] {logging_mixin.py:188} INFO - [2024-05-24T15:50:36.177+0000] {dag.py:3954} INFO - Setting next_dagrun for example_task_group_decorator to 2024-05-23 00:00:00+00:00, run_after=2024-05-24 00:00:00+00:00
[2024-05-24T15:50:36.204+0000] {processor.py:183} INFO - Processing /home/airflow/.local/lib/python3.12/site-packages/airflow/example_dags/example_task_group_decorator.py took 0.206 seconds
[2024-05-24T16:51:46.198+0000] {processor.py:161} INFO - Started process (PID=88441) to work on /home/airflow/.local/lib/python3.12/site-packages/airflow/example_dags/example_task_group_decorator.py
[2024-05-24T16:51:46.213+0000] {processor.py:830} INFO - Processing file /home/airflow/.local/lib/python3.12/site-packages/airflow/example_dags/example_task_group_decorator.py for tasks to queue
[2024-05-24T16:51:46.214+0000] {logging_mixin.py:188} INFO - [2024-05-24T16:51:46.214+0000] {dagbag.py:545} INFO - Filling up the DagBag from /home/airflow/.local/lib/python3.12/site-packages/airflow/example_dags/example_task_group_decorator.py
[2024-05-24T16:51:46.311+0000] {processor.py:840} INFO - DAG(s) 'example_task_group_decorator' retrieved from /home/airflow/.local/lib/python3.12/site-packages/airflow/example_dags/example_task_group_decorator.py
[2024-05-24T16:51:46.442+0000] {logging_mixin.py:188} INFO - [2024-05-24T16:51:46.442+0000] {dag.py:3096} INFO - Sync 1 DAGs
[2024-05-24T16:51:46.553+0000] {logging_mixin.py:188} INFO - [2024-05-24T16:51:46.553+0000] {dag.py:3954} INFO - Setting next_dagrun for example_task_group_decorator to 2024-05-23 00:00:00+00:00, run_after=2024-05-24 00:00:00+00:00
[2024-05-24T16:51:46.638+0000] {processor.py:183} INFO - Processing /home/airflow/.local/lib/python3.12/site-packages/airflow/example_dags/example_task_group_decorator.py took 0.460 seconds
[2024-05-24T17:50:15.158+0000] {processor.py:161} INFO - Started process (PID=88494) to work on /home/airflow/.local/lib/python3.12/site-packages/airflow/example_dags/example_task_group_decorator.py
[2024-05-24T17:50:15.163+0000] {processor.py:830} INFO - Processing file /home/airflow/.local/lib/python3.12/site-packages/airflow/example_dags/example_task_group_decorator.py for tasks to queue
[2024-05-24T17:50:15.164+0000] {logging_mixin.py:188} INFO - [2024-05-24T17:50:15.164+0000] {dagbag.py:545} INFO - Filling up the DagBag from /home/airflow/.local/lib/python3.12/site-packages/airflow/example_dags/example_task_group_decorator.py
[2024-05-24T17:50:15.187+0000] {processor.py:840} INFO - DAG(s) 'example_task_group_decorator' retrieved from /home/airflow/.local/lib/python3.12/site-packages/airflow/example_dags/example_task_group_decorator.py
[2024-05-24T17:50:15.220+0000] {logging_mixin.py:188} INFO - [2024-05-24T17:50:15.220+0000] {dag.py:3096} INFO - Sync 1 DAGs
[2024-05-24T17:50:15.246+0000] {logging_mixin.py:188} INFO - [2024-05-24T17:50:15.245+0000] {dag.py:3954} INFO - Setting next_dagrun for example_task_group_decorator to 2024-05-23 00:00:00+00:00, run_after=2024-05-24 00:00:00+00:00
[2024-05-24T17:50:15.264+0000] {processor.py:183} INFO - Processing /home/airflow/.local/lib/python3.12/site-packages/airflow/example_dags/example_task_group_decorator.py took 0.120 seconds
[2024-05-24T17:50:45.682+0000] {processor.py:161} INFO - Started process (PID=88553) to work on /home/airflow/.local/lib/python3.12/site-packages/airflow/example_dags/example_task_group_decorator.py
[2024-05-24T17:50:45.683+0000] {processor.py:830} INFO - Processing file /home/airflow/.local/lib/python3.12/site-packages/airflow/example_dags/example_task_group_decorator.py for tasks to queue
[2024-05-24T17:50:45.685+0000] {logging_mixin.py:188} INFO - [2024-05-24T17:50:45.684+0000] {dagbag.py:545} INFO - Filling up the DagBag from /home/airflow/.local/lib/python3.12/site-packages/airflow/example_dags/example_task_group_decorator.py
[2024-05-24T17:50:45.703+0000] {processor.py:840} INFO - DAG(s) 'example_task_group_decorator' retrieved from /home/airflow/.local/lib/python3.12/site-packages/airflow/example_dags/example_task_group_decorator.py
[2024-05-24T17:50:45.736+0000] {logging_mixin.py:188} INFO - [2024-05-24T17:50:45.736+0000] {dag.py:3096} INFO - Sync 1 DAGs
[2024-05-24T17:50:45.763+0000] {logging_mixin.py:188} INFO - [2024-05-24T17:50:45.762+0000] {dag.py:3954} INFO - Setting next_dagrun for example_task_group_decorator to 2024-05-23 00:00:00+00:00, run_after=2024-05-24 00:00:00+00:00
[2024-05-24T17:50:45.783+0000] {processor.py:183} INFO - Processing /home/airflow/.local/lib/python3.12/site-packages/airflow/example_dags/example_task_group_decorator.py took 0.108 seconds
[2024-05-24T18:53:40.282+0000] {processor.py:161} INFO - Started process (PID=88612) to work on /home/airflow/.local/lib/python3.12/site-packages/airflow/example_dags/example_task_group_decorator.py
[2024-05-24T18:53:40.285+0000] {processor.py:830} INFO - Processing file /home/airflow/.local/lib/python3.12/site-packages/airflow/example_dags/example_task_group_decorator.py for tasks to queue
[2024-05-24T18:53:40.288+0000] {logging_mixin.py:188} INFO - [2024-05-24T18:53:40.287+0000] {dagbag.py:545} INFO - Filling up the DagBag from /home/airflow/.local/lib/python3.12/site-packages/airflow/example_dags/example_task_group_decorator.py
[2024-05-24T18:53:40.355+0000] {processor.py:840} INFO - DAG(s) 'example_task_group_decorator' retrieved from /home/airflow/.local/lib/python3.12/site-packages/airflow/example_dags/example_task_group_decorator.py
[2024-05-24T18:53:40.437+0000] {logging_mixin.py:188} INFO - [2024-05-24T18:53:40.435+0000] {dag.py:3096} INFO - Sync 1 DAGs
[2024-05-24T18:53:40.528+0000] {logging_mixin.py:188} INFO - [2024-05-24T18:53:40.528+0000] {dag.py:3954} INFO - Setting next_dagrun for example_task_group_decorator to 2024-05-23 00:00:00+00:00, run_after=2024-05-24 00:00:00+00:00
[2024-05-24T18:53:40.550+0000] {processor.py:183} INFO - Processing /home/airflow/.local/lib/python3.12/site-packages/airflow/example_dags/example_task_group_decorator.py took 0.285 seconds
[2024-05-24T19:53:33.491+0000] {processor.py:161} INFO - Started process (PID=88671) to work on /home/airflow/.local/lib/python3.12/site-packages/airflow/example_dags/example_task_group_decorator.py
[2024-05-24T19:53:33.493+0000] {processor.py:830} INFO - Processing file /home/airflow/.local/lib/python3.12/site-packages/airflow/example_dags/example_task_group_decorator.py for tasks to queue
[2024-05-24T19:53:33.495+0000] {logging_mixin.py:188} INFO - [2024-05-24T19:53:33.495+0000] {dagbag.py:545} INFO - Filling up the DagBag from /home/airflow/.local/lib/python3.12/site-packages/airflow/example_dags/example_task_group_decorator.py
[2024-05-24T19:53:33.527+0000] {processor.py:840} INFO - DAG(s) 'example_task_group_decorator' retrieved from /home/airflow/.local/lib/python3.12/site-packages/airflow/example_dags/example_task_group_decorator.py
[2024-05-24T19:53:33.563+0000] {logging_mixin.py:188} INFO - [2024-05-24T19:53:33.562+0000] {dag.py:3096} INFO - Sync 1 DAGs
[2024-05-24T19:53:33.599+0000] {logging_mixin.py:188} INFO - [2024-05-24T19:53:33.599+0000] {dag.py:3954} INFO - Setting next_dagrun for example_task_group_decorator to 2024-05-23 00:00:00+00:00, run_after=2024-05-24 00:00:00+00:00
[2024-05-24T19:53:33.625+0000] {processor.py:183} INFO - Processing /home/airflow/.local/lib/python3.12/site-packages/airflow/example_dags/example_task_group_decorator.py took 0.141 seconds
[2024-05-24T20:54:50.109+0000] {processor.py:161} INFO - Started process (PID=88736) to work on /home/airflow/.local/lib/python3.12/site-packages/airflow/example_dags/example_task_group_decorator.py
[2024-05-24T20:54:50.112+0000] {processor.py:830} INFO - Processing file /home/airflow/.local/lib/python3.12/site-packages/airflow/example_dags/example_task_group_decorator.py for tasks to queue
[2024-05-24T20:54:50.115+0000] {logging_mixin.py:188} INFO - [2024-05-24T20:54:50.114+0000] {dagbag.py:545} INFO - Filling up the DagBag from /home/airflow/.local/lib/python3.12/site-packages/airflow/example_dags/example_task_group_decorator.py
[2024-05-24T20:54:50.152+0000] {processor.py:840} INFO - DAG(s) 'example_task_group_decorator' retrieved from /home/airflow/.local/lib/python3.12/site-packages/airflow/example_dags/example_task_group_decorator.py
[2024-05-24T20:54:50.195+0000] {logging_mixin.py:188} INFO - [2024-05-24T20:54:50.194+0000] {dag.py:3096} INFO - Sync 1 DAGs
[2024-05-24T20:54:50.242+0000] {logging_mixin.py:188} INFO - [2024-05-24T20:54:50.241+0000] {dag.py:3954} INFO - Setting next_dagrun for example_task_group_decorator to 2024-05-23 00:00:00+00:00, run_after=2024-05-24 00:00:00+00:00
[2024-05-24T20:54:50.262+0000] {processor.py:183} INFO - Processing /home/airflow/.local/lib/python3.12/site-packages/airflow/example_dags/example_task_group_decorator.py took 0.167 seconds
[2024-05-24T21:55:56.810+0000] {processor.py:161} INFO - Started process (PID=88795) to work on /home/airflow/.local/lib/python3.12/site-packages/airflow/example_dags/example_task_group_decorator.py
[2024-05-24T21:55:56.818+0000] {processor.py:830} INFO - Processing file /home/airflow/.local/lib/python3.12/site-packages/airflow/example_dags/example_task_group_decorator.py for tasks to queue
[2024-05-24T21:55:56.819+0000] {logging_mixin.py:188} INFO - [2024-05-24T21:55:56.819+0000] {dagbag.py:545} INFO - Filling up the DagBag from /home/airflow/.local/lib/python3.12/site-packages/airflow/example_dags/example_task_group_decorator.py
[2024-05-24T21:55:56.872+0000] {processor.py:840} INFO - DAG(s) 'example_task_group_decorator' retrieved from /home/airflow/.local/lib/python3.12/site-packages/airflow/example_dags/example_task_group_decorator.py
[2024-05-24T21:55:56.952+0000] {logging_mixin.py:188} INFO - [2024-05-24T21:55:56.951+0000] {dag.py:3096} INFO - Sync 1 DAGs
[2024-05-24T21:55:57.049+0000] {logging_mixin.py:188} INFO - [2024-05-24T21:55:57.048+0000] {dag.py:3954} INFO - Setting next_dagrun for example_task_group_decorator to 2024-05-23 00:00:00+00:00, run_after=2024-05-24 00:00:00+00:00
[2024-05-24T21:55:57.116+0000] {processor.py:183} INFO - Processing /home/airflow/.local/lib/python3.12/site-packages/airflow/example_dags/example_task_group_decorator.py took 0.321 seconds
[2024-05-24T22:57:00.359+0000] {processor.py:161} INFO - Started process (PID=88848) to work on /home/airflow/.local/lib/python3.12/site-packages/airflow/example_dags/example_task_group_decorator.py
[2024-05-24T22:57:00.360+0000] {processor.py:830} INFO - Processing file /home/airflow/.local/lib/python3.12/site-packages/airflow/example_dags/example_task_group_decorator.py for tasks to queue
[2024-05-24T22:57:00.361+0000] {logging_mixin.py:188} INFO - [2024-05-24T22:57:00.361+0000] {dagbag.py:545} INFO - Filling up the DagBag from /home/airflow/.local/lib/python3.12/site-packages/airflow/example_dags/example_task_group_decorator.py
[2024-05-24T22:57:00.381+0000] {processor.py:840} INFO - DAG(s) 'example_task_group_decorator' retrieved from /home/airflow/.local/lib/python3.12/site-packages/airflow/example_dags/example_task_group_decorator.py
[2024-05-24T22:57:00.416+0000] {logging_mixin.py:188} INFO - [2024-05-24T22:57:00.415+0000] {dag.py:3096} INFO - Sync 1 DAGs
[2024-05-24T22:57:00.443+0000] {logging_mixin.py:188} INFO - [2024-05-24T22:57:00.443+0000] {dag.py:3954} INFO - Setting next_dagrun for example_task_group_decorator to 2024-05-23 00:00:00+00:00, run_after=2024-05-24 00:00:00+00:00
[2024-05-24T22:57:00.465+0000] {processor.py:183} INFO - Processing /home/airflow/.local/lib/python3.12/site-packages/airflow/example_dags/example_task_group_decorator.py took 0.113 seconds
