[2024-05-24T00:10:46.407+0000] {processor.py:161} INFO - Started process (PID=87429) to work on /home/airflow/.local/lib/python3.12/site-packages/airflow/example_dags/example_xcom.py
[2024-05-24T00:10:46.411+0000] {processor.py:830} INFO - Processing file /home/airflow/.local/lib/python3.12/site-packages/airflow/example_dags/example_xcom.py for tasks to queue
[2024-05-24T00:10:46.413+0000] {logging_mixin.py:188} INFO - [2024-05-24T00:10:46.413+0000] {dagbag.py:545} INFO - Filling up the DagBag from /home/airflow/.local/lib/python3.12/site-packages/airflow/example_dags/example_xcom.py
[2024-05-24T00:10:46.427+0000] {processor.py:840} INFO - DAG(s) 'example_xcom' retrieved from /home/airflow/.local/lib/python3.12/site-packages/airflow/example_dags/example_xcom.py
[2024-05-24T00:10:46.453+0000] {logging_mixin.py:188} INFO - [2024-05-24T00:10:46.453+0000] {dag.py:3096} INFO - Sync 1 DAGs
[2024-05-24T00:10:46.479+0000] {logging_mixin.py:188} INFO - [2024-05-24T00:10:46.479+0000] {dag.py:3954} INFO - Setting next_dagrun for example_xcom to 2021-01-01 00:00:00+00:00, run_after=2021-01-01 00:00:00+00:00
[2024-05-24T00:10:46.496+0000] {processor.py:183} INFO - Processing /home/airflow/.local/lib/python3.12/site-packages/airflow/example_dags/example_xcom.py took 0.096 seconds
[2024-05-24T03:15:04.113+0000] {processor.py:161} INFO - Started process (PID=87488) to work on /home/airflow/.local/lib/python3.12/site-packages/airflow/example_dags/example_xcom.py
[2024-05-24T03:15:04.114+0000] {processor.py:830} INFO - Processing file /home/airflow/.local/lib/python3.12/site-packages/airflow/example_dags/example_xcom.py for tasks to queue
[2024-05-24T03:15:04.115+0000] {logging_mixin.py:188} INFO - [2024-05-24T03:15:04.115+0000] {dagbag.py:545} INFO - Filling up the DagBag from /home/airflow/.local/lib/python3.12/site-packages/airflow/example_dags/example_xcom.py
[2024-05-24T03:15:04.124+0000] {processor.py:840} INFO - DAG(s) 'example_xcom' retrieved from /home/airflow/.local/lib/python3.12/site-packages/airflow/example_dags/example_xcom.py
[2024-05-24T03:15:04.151+0000] {logging_mixin.py:188} INFO - [2024-05-24T03:15:04.151+0000] {dag.py:3096} INFO - Sync 1 DAGs
[2024-05-24T03:15:04.177+0000] {logging_mixin.py:188} INFO - [2024-05-24T03:15:04.177+0000] {dag.py:3954} INFO - Setting next_dagrun for example_xcom to 2021-01-01 00:00:00+00:00, run_after=2021-01-01 00:00:00+00:00
[2024-05-24T03:15:04.196+0000] {processor.py:183} INFO - Processing /home/airflow/.local/lib/python3.12/site-packages/airflow/example_dags/example_xcom.py took 0.090 seconds
[2024-05-24T05:04:13.549+0000] {processor.py:161} INFO - Started process (PID=87547) to work on /home/airflow/.local/lib/python3.12/site-packages/airflow/example_dags/example_xcom.py
[2024-05-24T05:04:13.552+0000] {processor.py:830} INFO - Processing file /home/airflow/.local/lib/python3.12/site-packages/airflow/example_dags/example_xcom.py for tasks to queue
[2024-05-24T05:04:13.553+0000] {logging_mixin.py:188} INFO - [2024-05-24T05:04:13.553+0000] {dagbag.py:545} INFO - Filling up the DagBag from /home/airflow/.local/lib/python3.12/site-packages/airflow/example_dags/example_xcom.py
[2024-05-24T05:04:13.562+0000] {processor.py:840} INFO - DAG(s) 'example_xcom' retrieved from /home/airflow/.local/lib/python3.12/site-packages/airflow/example_dags/example_xcom.py
[2024-05-24T05:04:13.587+0000] {logging_mixin.py:188} INFO - [2024-05-24T05:04:13.587+0000] {dag.py:3096} INFO - Sync 1 DAGs
[2024-05-24T05:04:13.616+0000] {logging_mixin.py:188} INFO - [2024-05-24T05:04:13.616+0000] {dag.py:3954} INFO - Setting next_dagrun for example_xcom to 2021-01-01 00:00:00+00:00, run_after=2021-01-01 00:00:00+00:00
[2024-05-24T05:04:13.634+0000] {processor.py:183} INFO - Processing /home/airflow/.local/lib/python3.12/site-packages/airflow/example_dags/example_xcom.py took 0.092 seconds
[2024-05-24T05:06:19.637+0000] {processor.py:161} INFO - Started process (PID=87606) to work on /home/airflow/.local/lib/python3.12/site-packages/airflow/example_dags/example_xcom.py
[2024-05-24T05:06:19.638+0000] {processor.py:830} INFO - Processing file /home/airflow/.local/lib/python3.12/site-packages/airflow/example_dags/example_xcom.py for tasks to queue
[2024-05-24T05:06:19.640+0000] {logging_mixin.py:188} INFO - [2024-05-24T05:06:19.639+0000] {dagbag.py:545} INFO - Filling up the DagBag from /home/airflow/.local/lib/python3.12/site-packages/airflow/example_dags/example_xcom.py
[2024-05-24T05:06:19.650+0000] {processor.py:840} INFO - DAG(s) 'example_xcom' retrieved from /home/airflow/.local/lib/python3.12/site-packages/airflow/example_dags/example_xcom.py
[2024-05-24T05:06:19.675+0000] {logging_mixin.py:188} INFO - [2024-05-24T05:06:19.675+0000] {dag.py:3096} INFO - Sync 1 DAGs
[2024-05-24T05:06:19.701+0000] {logging_mixin.py:188} INFO - [2024-05-24T05:06:19.700+0000] {dag.py:3954} INFO - Setting next_dagrun for example_xcom to 2021-01-01 00:00:00+00:00, run_after=2021-01-01 00:00:00+00:00
[2024-05-24T05:06:19.721+0000] {processor.py:183} INFO - Processing /home/airflow/.local/lib/python3.12/site-packages/airflow/example_dags/example_xcom.py took 0.091 seconds
[2024-05-24T05:40:30.933+0000] {processor.py:161} INFO - Started process (PID=87665) to work on /home/airflow/.local/lib/python3.12/site-packages/airflow/example_dags/example_xcom.py
[2024-05-24T05:40:30.934+0000] {processor.py:830} INFO - Processing file /home/airflow/.local/lib/python3.12/site-packages/airflow/example_dags/example_xcom.py for tasks to queue
[2024-05-24T05:40:30.937+0000] {logging_mixin.py:188} INFO - [2024-05-24T05:40:30.937+0000] {dagbag.py:545} INFO - Filling up the DagBag from /home/airflow/.local/lib/python3.12/site-packages/airflow/example_dags/example_xcom.py
[2024-05-24T05:40:30.947+0000] {processor.py:840} INFO - DAG(s) 'example_xcom' retrieved from /home/airflow/.local/lib/python3.12/site-packages/airflow/example_dags/example_xcom.py
[2024-05-24T05:40:30.972+0000] {logging_mixin.py:188} INFO - [2024-05-24T05:40:30.972+0000] {dag.py:3096} INFO - Sync 1 DAGs
[2024-05-24T05:40:31.001+0000] {logging_mixin.py:188} INFO - [2024-05-24T05:40:31.000+0000] {dag.py:3954} INFO - Setting next_dagrun for example_xcom to 2021-01-01 00:00:00+00:00, run_after=2021-01-01 00:00:00+00:00
[2024-05-24T05:40:31.022+0000] {processor.py:183} INFO - Processing /home/airflow/.local/lib/python3.12/site-packages/airflow/example_dags/example_xcom.py took 0.096 seconds
[2024-05-24T06:37:02.283+0000] {processor.py:161} INFO - Started process (PID=87730) to work on /home/airflow/.local/lib/python3.12/site-packages/airflow/example_dags/example_xcom.py
[2024-05-24T06:37:02.285+0000] {processor.py:830} INFO - Processing file /home/airflow/.local/lib/python3.12/site-packages/airflow/example_dags/example_xcom.py for tasks to queue
[2024-05-24T06:37:02.286+0000] {logging_mixin.py:188} INFO - [2024-05-24T06:37:02.286+0000] {dagbag.py:545} INFO - Filling up the DagBag from /home/airflow/.local/lib/python3.12/site-packages/airflow/example_dags/example_xcom.py
[2024-05-24T06:37:02.296+0000] {processor.py:840} INFO - DAG(s) 'example_xcom' retrieved from /home/airflow/.local/lib/python3.12/site-packages/airflow/example_dags/example_xcom.py
[2024-05-24T06:37:02.320+0000] {logging_mixin.py:188} INFO - [2024-05-24T06:37:02.320+0000] {dag.py:3096} INFO - Sync 1 DAGs
[2024-05-24T06:37:02.348+0000] {logging_mixin.py:188} INFO - [2024-05-24T06:37:02.347+0000] {dag.py:3954} INFO - Setting next_dagrun for example_xcom to 2021-01-01 00:00:00+00:00, run_after=2021-01-01 00:00:00+00:00
[2024-05-24T06:37:02.366+0000] {processor.py:183} INFO - Processing /home/airflow/.local/lib/python3.12/site-packages/airflow/example_dags/example_xcom.py took 0.090 seconds
[2024-05-24T07:35:44.063+0000] {processor.py:161} INFO - Started process (PID=87798) to work on /home/airflow/.local/lib/python3.12/site-packages/airflow/example_dags/example_xcom.py
[2024-05-24T07:35:44.068+0000] {processor.py:830} INFO - Processing file /home/airflow/.local/lib/python3.12/site-packages/airflow/example_dags/example_xcom.py for tasks to queue
[2024-05-24T07:35:44.069+0000] {logging_mixin.py:188} INFO - [2024-05-24T07:35:44.069+0000] {dagbag.py:545} INFO - Filling up the DagBag from /home/airflow/.local/lib/python3.12/site-packages/airflow/example_dags/example_xcom.py
[2024-05-24T07:35:44.079+0000] {processor.py:840} INFO - DAG(s) 'example_xcom' retrieved from /home/airflow/.local/lib/python3.12/site-packages/airflow/example_dags/example_xcom.py
[2024-05-24T07:35:44.103+0000] {logging_mixin.py:188} INFO - [2024-05-24T07:35:44.103+0000] {dag.py:3096} INFO - Sync 1 DAGs
[2024-05-24T07:35:44.130+0000] {logging_mixin.py:188} INFO - [2024-05-24T07:35:44.130+0000] {dag.py:3954} INFO - Setting next_dagrun for example_xcom to 2021-01-01 00:00:00+00:00, run_after=2021-01-01 00:00:00+00:00
[2024-05-24T07:35:44.150+0000] {processor.py:183} INFO - Processing /home/airflow/.local/lib/python3.12/site-packages/airflow/example_dags/example_xcom.py took 0.093 seconds
[2024-05-24T07:41:39.261+0000] {processor.py:161} INFO - Started process (PID=87857) to work on /home/airflow/.local/lib/python3.12/site-packages/airflow/example_dags/example_xcom.py
[2024-05-24T07:41:39.265+0000] {processor.py:830} INFO - Processing file /home/airflow/.local/lib/python3.12/site-packages/airflow/example_dags/example_xcom.py for tasks to queue
[2024-05-24T07:41:39.266+0000] {logging_mixin.py:188} INFO - [2024-05-24T07:41:39.266+0000] {dagbag.py:545} INFO - Filling up the DagBag from /home/airflow/.local/lib/python3.12/site-packages/airflow/example_dags/example_xcom.py
[2024-05-24T07:41:39.276+0000] {processor.py:840} INFO - DAG(s) 'example_xcom' retrieved from /home/airflow/.local/lib/python3.12/site-packages/airflow/example_dags/example_xcom.py
[2024-05-24T07:41:39.301+0000] {logging_mixin.py:188} INFO - [2024-05-24T07:41:39.300+0000] {dag.py:3096} INFO - Sync 1 DAGs
[2024-05-24T07:41:39.328+0000] {logging_mixin.py:188} INFO - [2024-05-24T07:41:39.327+0000] {dag.py:3954} INFO - Setting next_dagrun for example_xcom to 2021-01-01 00:00:00+00:00, run_after=2021-01-01 00:00:00+00:00
[2024-05-24T07:41:39.346+0000] {processor.py:183} INFO - Processing /home/airflow/.local/lib/python3.12/site-packages/airflow/example_dags/example_xcom.py took 0.094 seconds
[2024-05-24T08:42:35.642+0000] {processor.py:161} INFO - Started process (PID=87916) to work on /home/airflow/.local/lib/python3.12/site-packages/airflow/example_dags/example_xcom.py
[2024-05-24T08:42:35.644+0000] {processor.py:830} INFO - Processing file /home/airflow/.local/lib/python3.12/site-packages/airflow/example_dags/example_xcom.py for tasks to queue
[2024-05-24T08:42:35.645+0000] {logging_mixin.py:188} INFO - [2024-05-24T08:42:35.645+0000] {dagbag.py:545} INFO - Filling up the DagBag from /home/airflow/.local/lib/python3.12/site-packages/airflow/example_dags/example_xcom.py
[2024-05-24T08:42:35.656+0000] {processor.py:840} INFO - DAG(s) 'example_xcom' retrieved from /home/airflow/.local/lib/python3.12/site-packages/airflow/example_dags/example_xcom.py
[2024-05-24T08:42:35.682+0000] {logging_mixin.py:188} INFO - [2024-05-24T08:42:35.681+0000] {dag.py:3096} INFO - Sync 1 DAGs
[2024-05-24T08:42:35.709+0000] {logging_mixin.py:188} INFO - [2024-05-24T08:42:35.708+0000] {dag.py:3954} INFO - Setting next_dagrun for example_xcom to 2021-01-01 00:00:00+00:00, run_after=2021-01-01 00:00:00+00:00
[2024-05-24T08:42:35.728+0000] {processor.py:183} INFO - Processing /home/airflow/.local/lib/python3.12/site-packages/airflow/example_dags/example_xcom.py took 0.093 seconds
[2024-05-24T09:43:47.758+0000] {processor.py:161} INFO - Started process (PID=87974) to work on /home/airflow/.local/lib/python3.12/site-packages/airflow/example_dags/example_xcom.py
[2024-05-24T09:43:47.762+0000] {processor.py:830} INFO - Processing file /home/airflow/.local/lib/python3.12/site-packages/airflow/example_dags/example_xcom.py for tasks to queue
[2024-05-24T09:43:47.764+0000] {logging_mixin.py:188} INFO - [2024-05-24T09:43:47.763+0000] {dagbag.py:545} INFO - Filling up the DagBag from /home/airflow/.local/lib/python3.12/site-packages/airflow/example_dags/example_xcom.py
[2024-05-24T09:43:47.774+0000] {processor.py:840} INFO - DAG(s) 'example_xcom' retrieved from /home/airflow/.local/lib/python3.12/site-packages/airflow/example_dags/example_xcom.py
[2024-05-24T09:43:47.802+0000] {logging_mixin.py:188} INFO - [2024-05-24T09:43:47.802+0000] {dag.py:3096} INFO - Sync 1 DAGs
[2024-05-24T09:43:47.828+0000] {logging_mixin.py:188} INFO - [2024-05-24T09:43:47.828+0000] {dag.py:3954} INFO - Setting next_dagrun for example_xcom to 2021-01-01 00:00:00+00:00, run_after=2021-01-01 00:00:00+00:00
[2024-05-24T09:43:47.848+0000] {processor.py:183} INFO - Processing /home/airflow/.local/lib/python3.12/site-packages/airflow/example_dags/example_xcom.py took 0.102 seconds
[2024-05-24T10:44:56.723+0000] {processor.py:161} INFO - Started process (PID=88033) to work on /home/airflow/.local/lib/python3.12/site-packages/airflow/example_dags/example_xcom.py
[2024-05-24T10:44:56.724+0000] {processor.py:830} INFO - Processing file /home/airflow/.local/lib/python3.12/site-packages/airflow/example_dags/example_xcom.py for tasks to queue
[2024-05-24T10:44:56.726+0000] {logging_mixin.py:188} INFO - [2024-05-24T10:44:56.725+0000] {dagbag.py:545} INFO - Filling up the DagBag from /home/airflow/.local/lib/python3.12/site-packages/airflow/example_dags/example_xcom.py
[2024-05-24T10:44:56.735+0000] {processor.py:840} INFO - DAG(s) 'example_xcom' retrieved from /home/airflow/.local/lib/python3.12/site-packages/airflow/example_dags/example_xcom.py
[2024-05-24T10:44:56.759+0000] {logging_mixin.py:188} INFO - [2024-05-24T10:44:56.758+0000] {dag.py:3096} INFO - Sync 1 DAGs
[2024-05-24T10:44:56.784+0000] {logging_mixin.py:188} INFO - [2024-05-24T10:44:56.783+0000] {dag.py:3954} INFO - Setting next_dagrun for example_xcom to 2021-01-01 00:00:00+00:00, run_after=2021-01-01 00:00:00+00:00
[2024-05-24T10:44:56.805+0000] {processor.py:183} INFO - Processing /home/airflow/.local/lib/python3.12/site-packages/airflow/example_dags/example_xcom.py took 0.089 seconds
[2024-05-24T11:46:05.972+0000] {processor.py:161} INFO - Started process (PID=88092) to work on /home/airflow/.local/lib/python3.12/site-packages/airflow/example_dags/example_xcom.py
[2024-05-24T11:46:05.982+0000] {processor.py:830} INFO - Processing file /home/airflow/.local/lib/python3.12/site-packages/airflow/example_dags/example_xcom.py for tasks to queue
[2024-05-24T11:46:05.988+0000] {logging_mixin.py:188} INFO - [2024-05-24T11:46:05.984+0000] {dagbag.py:545} INFO - Filling up the DagBag from /home/airflow/.local/lib/python3.12/site-packages/airflow/example_dags/example_xcom.py
[2024-05-24T11:46:06.049+0000] {processor.py:840} INFO - DAG(s) 'example_xcom' retrieved from /home/airflow/.local/lib/python3.12/site-packages/airflow/example_dags/example_xcom.py
[2024-05-24T11:46:06.147+0000] {logging_mixin.py:188} INFO - [2024-05-24T11:46:06.147+0000] {dag.py:3096} INFO - Sync 1 DAGs
[2024-05-24T11:46:06.225+0000] {logging_mixin.py:188} INFO - [2024-05-24T11:46:06.224+0000] {dag.py:3954} INFO - Setting next_dagrun for example_xcom to 2021-01-01 00:00:00+00:00, run_after=2021-01-01 00:00:00+00:00
[2024-05-24T11:46:06.291+0000] {processor.py:183} INFO - Processing /home/airflow/.local/lib/python3.12/site-packages/airflow/example_dags/example_xcom.py took 0.400 seconds
[2024-05-24T12:47:08.878+0000] {processor.py:161} INFO - Started process (PID=88151) to work on /home/airflow/.local/lib/python3.12/site-packages/airflow/example_dags/example_xcom.py
[2024-05-24T12:47:08.880+0000] {processor.py:830} INFO - Processing file /home/airflow/.local/lib/python3.12/site-packages/airflow/example_dags/example_xcom.py for tasks to queue
[2024-05-24T12:47:08.881+0000] {logging_mixin.py:188} INFO - [2024-05-24T12:47:08.881+0000] {dagbag.py:545} INFO - Filling up the DagBag from /home/airflow/.local/lib/python3.12/site-packages/airflow/example_dags/example_xcom.py
[2024-05-24T12:47:08.891+0000] {processor.py:840} INFO - DAG(s) 'example_xcom' retrieved from /home/airflow/.local/lib/python3.12/site-packages/airflow/example_dags/example_xcom.py
[2024-05-24T12:47:08.920+0000] {logging_mixin.py:188} INFO - [2024-05-24T12:47:08.920+0000] {dag.py:3096} INFO - Sync 1 DAGs
[2024-05-24T12:47:08.945+0000] {logging_mixin.py:188} INFO - [2024-05-24T12:47:08.944+0000] {dag.py:3954} INFO - Setting next_dagrun for example_xcom to 2021-01-01 00:00:00+00:00, run_after=2021-01-01 00:00:00+00:00
[2024-05-24T12:47:08.966+0000] {processor.py:183} INFO - Processing /home/airflow/.local/lib/python3.12/site-packages/airflow/example_dags/example_xcom.py took 0.095 seconds
[2024-05-24T13:48:17.646+0000] {processor.py:161} INFO - Started process (PID=88210) to work on /home/airflow/.local/lib/python3.12/site-packages/airflow/example_dags/example_xcom.py
[2024-05-24T13:48:17.650+0000] {processor.py:830} INFO - Processing file /home/airflow/.local/lib/python3.12/site-packages/airflow/example_dags/example_xcom.py for tasks to queue
[2024-05-24T13:48:17.651+0000] {logging_mixin.py:188} INFO - [2024-05-24T13:48:17.650+0000] {dagbag.py:545} INFO - Filling up the DagBag from /home/airflow/.local/lib/python3.12/site-packages/airflow/example_dags/example_xcom.py
[2024-05-24T13:48:17.660+0000] {processor.py:840} INFO - DAG(s) 'example_xcom' retrieved from /home/airflow/.local/lib/python3.12/site-packages/airflow/example_dags/example_xcom.py
[2024-05-24T13:48:17.686+0000] {logging_mixin.py:188} INFO - [2024-05-24T13:48:17.686+0000] {dag.py:3096} INFO - Sync 1 DAGs
[2024-05-24T13:48:17.713+0000] {logging_mixin.py:188} INFO - [2024-05-24T13:48:17.713+0000] {dag.py:3954} INFO - Setting next_dagrun for example_xcom to 2021-01-01 00:00:00+00:00, run_after=2021-01-01 00:00:00+00:00
[2024-05-24T13:48:17.732+0000] {processor.py:183} INFO - Processing /home/airflow/.local/lib/python3.12/site-packages/airflow/example_dags/example_xcom.py took 0.093 seconds
[2024-05-24T14:49:27.736+0000] {processor.py:161} INFO - Started process (PID=88269) to work on /home/airflow/.local/lib/python3.12/site-packages/airflow/example_dags/example_xcom.py
[2024-05-24T14:49:27.738+0000] {processor.py:830} INFO - Processing file /home/airflow/.local/lib/python3.12/site-packages/airflow/example_dags/example_xcom.py for tasks to queue
[2024-05-24T14:49:27.739+0000] {logging_mixin.py:188} INFO - [2024-05-24T14:49:27.739+0000] {dagbag.py:545} INFO - Filling up the DagBag from /home/airflow/.local/lib/python3.12/site-packages/airflow/example_dags/example_xcom.py
[2024-05-24T14:49:27.749+0000] {processor.py:840} INFO - DAG(s) 'example_xcom' retrieved from /home/airflow/.local/lib/python3.12/site-packages/airflow/example_dags/example_xcom.py
[2024-05-24T14:49:27.788+0000] {logging_mixin.py:188} INFO - [2024-05-24T14:49:27.787+0000] {dag.py:3096} INFO - Sync 1 DAGs
[2024-05-24T14:49:27.814+0000] {logging_mixin.py:188} INFO - [2024-05-24T14:49:27.813+0000] {dag.py:3954} INFO - Setting next_dagrun for example_xcom to 2021-01-01 00:00:00+00:00, run_after=2021-01-01 00:00:00+00:00
[2024-05-24T14:49:27.831+0000] {processor.py:183} INFO - Processing /home/airflow/.local/lib/python3.12/site-packages/airflow/example_dags/example_xcom.py took 0.102 seconds
[2024-05-24T15:48:53.079+0000] {processor.py:161} INFO - Started process (PID=88322) to work on /home/airflow/.local/lib/python3.12/site-packages/airflow/example_dags/example_xcom.py
[2024-05-24T15:48:53.081+0000] {processor.py:830} INFO - Processing file /home/airflow/.local/lib/python3.12/site-packages/airflow/example_dags/example_xcom.py for tasks to queue
[2024-05-24T15:48:53.082+0000] {logging_mixin.py:188} INFO - [2024-05-24T15:48:53.082+0000] {dagbag.py:545} INFO - Filling up the DagBag from /home/airflow/.local/lib/python3.12/site-packages/airflow/example_dags/example_xcom.py
[2024-05-24T15:48:53.092+0000] {processor.py:840} INFO - DAG(s) 'example_xcom' retrieved from /home/airflow/.local/lib/python3.12/site-packages/airflow/example_dags/example_xcom.py
[2024-05-24T15:48:53.116+0000] {logging_mixin.py:188} INFO - [2024-05-24T15:48:53.116+0000] {dag.py:3096} INFO - Sync 1 DAGs
[2024-05-24T15:48:53.145+0000] {logging_mixin.py:188} INFO - [2024-05-24T15:48:53.145+0000] {dag.py:3954} INFO - Setting next_dagrun for example_xcom to 2021-01-01 00:00:00+00:00, run_after=2021-01-01 00:00:00+00:00
[2024-05-24T15:48:53.171+0000] {processor.py:183} INFO - Processing /home/airflow/.local/lib/python3.12/site-packages/airflow/example_dags/example_xcom.py took 0.099 seconds
[2024-05-24T15:50:36.351+0000] {processor.py:161} INFO - Started process (PID=88387) to work on /home/airflow/.local/lib/python3.12/site-packages/airflow/example_dags/example_xcom.py
[2024-05-24T15:50:36.352+0000] {processor.py:830} INFO - Processing file /home/airflow/.local/lib/python3.12/site-packages/airflow/example_dags/example_xcom.py for tasks to queue
[2024-05-24T15:50:36.353+0000] {logging_mixin.py:188} INFO - [2024-05-24T15:50:36.353+0000] {dagbag.py:545} INFO - Filling up the DagBag from /home/airflow/.local/lib/python3.12/site-packages/airflow/example_dags/example_xcom.py
[2024-05-24T15:50:36.362+0000] {processor.py:840} INFO - DAG(s) 'example_xcom' retrieved from /home/airflow/.local/lib/python3.12/site-packages/airflow/example_dags/example_xcom.py
[2024-05-24T15:50:36.388+0000] {logging_mixin.py:188} INFO - [2024-05-24T15:50:36.388+0000] {dag.py:3096} INFO - Sync 1 DAGs
[2024-05-24T15:50:36.415+0000] {logging_mixin.py:188} INFO - [2024-05-24T15:50:36.414+0000] {dag.py:3954} INFO - Setting next_dagrun for example_xcom to 2021-01-01 00:00:00+00:00, run_after=2021-01-01 00:00:00+00:00
[2024-05-24T15:50:36.433+0000] {processor.py:183} INFO - Processing /home/airflow/.local/lib/python3.12/site-packages/airflow/example_dags/example_xcom.py took 0.090 seconds
[2024-05-24T16:51:47.340+0000] {processor.py:161} INFO - Started process (PID=88445) to work on /home/airflow/.local/lib/python3.12/site-packages/airflow/example_dags/example_xcom.py
[2024-05-24T16:51:47.343+0000] {processor.py:830} INFO - Processing file /home/airflow/.local/lib/python3.12/site-packages/airflow/example_dags/example_xcom.py for tasks to queue
[2024-05-24T16:51:47.347+0000] {logging_mixin.py:188} INFO - [2024-05-24T16:51:47.346+0000] {dagbag.py:545} INFO - Filling up the DagBag from /home/airflow/.local/lib/python3.12/site-packages/airflow/example_dags/example_xcom.py
[2024-05-24T16:51:47.376+0000] {processor.py:840} INFO - DAG(s) 'example_xcom' retrieved from /home/airflow/.local/lib/python3.12/site-packages/airflow/example_dags/example_xcom.py
[2024-05-24T16:51:47.456+0000] {logging_mixin.py:188} INFO - [2024-05-24T16:51:47.455+0000] {dag.py:3096} INFO - Sync 1 DAGs
[2024-05-24T16:51:47.547+0000] {logging_mixin.py:188} INFO - [2024-05-24T16:51:47.543+0000] {dag.py:3954} INFO - Setting next_dagrun for example_xcom to 2021-01-01 00:00:00+00:00, run_after=2021-01-01 00:00:00+00:00
[2024-05-24T16:51:47.598+0000] {processor.py:183} INFO - Processing /home/airflow/.local/lib/python3.12/site-packages/airflow/example_dags/example_xcom.py took 0.301 seconds
[2024-05-24T17:50:15.409+0000] {processor.py:161} INFO - Started process (PID=88498) to work on /home/airflow/.local/lib/python3.12/site-packages/airflow/example_dags/example_xcom.py
[2024-05-24T17:50:15.410+0000] {processor.py:830} INFO - Processing file /home/airflow/.local/lib/python3.12/site-packages/airflow/example_dags/example_xcom.py for tasks to queue
[2024-05-24T17:50:15.411+0000] {logging_mixin.py:188} INFO - [2024-05-24T17:50:15.411+0000] {dagbag.py:545} INFO - Filling up the DagBag from /home/airflow/.local/lib/python3.12/site-packages/airflow/example_dags/example_xcom.py
[2024-05-24T17:50:15.421+0000] {processor.py:840} INFO - DAG(s) 'example_xcom' retrieved from /home/airflow/.local/lib/python3.12/site-packages/airflow/example_dags/example_xcom.py
[2024-05-24T17:50:15.446+0000] {logging_mixin.py:188} INFO - [2024-05-24T17:50:15.446+0000] {dag.py:3096} INFO - Sync 1 DAGs
[2024-05-24T17:50:15.470+0000] {logging_mixin.py:188} INFO - [2024-05-24T17:50:15.470+0000] {dag.py:3954} INFO - Setting next_dagrun for example_xcom to 2021-01-01 00:00:00+00:00, run_after=2021-01-01 00:00:00+00:00
[2024-05-24T17:50:15.488+0000] {processor.py:183} INFO - Processing /home/airflow/.local/lib/python3.12/site-packages/airflow/example_dags/example_xcom.py took 0.087 seconds
[2024-05-24T17:50:45.927+0000] {processor.py:161} INFO - Started process (PID=88557) to work on /home/airflow/.local/lib/python3.12/site-packages/airflow/example_dags/example_xcom.py
[2024-05-24T17:50:45.928+0000] {processor.py:830} INFO - Processing file /home/airflow/.local/lib/python3.12/site-packages/airflow/example_dags/example_xcom.py for tasks to queue
[2024-05-24T17:50:45.929+0000] {logging_mixin.py:188} INFO - [2024-05-24T17:50:45.929+0000] {dagbag.py:545} INFO - Filling up the DagBag from /home/airflow/.local/lib/python3.12/site-packages/airflow/example_dags/example_xcom.py
[2024-05-24T17:50:45.939+0000] {processor.py:840} INFO - DAG(s) 'example_xcom' retrieved from /home/airflow/.local/lib/python3.12/site-packages/airflow/example_dags/example_xcom.py
[2024-05-24T17:50:45.964+0000] {logging_mixin.py:188} INFO - [2024-05-24T17:50:45.964+0000] {dag.py:3096} INFO - Sync 1 DAGs
[2024-05-24T17:50:45.996+0000] {logging_mixin.py:188} INFO - [2024-05-24T17:50:45.996+0000] {dag.py:3954} INFO - Setting next_dagrun for example_xcom to 2021-01-01 00:00:00+00:00, run_after=2021-01-01 00:00:00+00:00
[2024-05-24T17:50:46.044+0000] {processor.py:183} INFO - Processing /home/airflow/.local/lib/python3.12/site-packages/airflow/example_dags/example_xcom.py took 0.124 seconds
[2024-05-24T18:53:40.715+0000] {processor.py:161} INFO - Started process (PID=88622) to work on /home/airflow/.local/lib/python3.12/site-packages/airflow/example_dags/example_xcom.py
[2024-05-24T18:53:40.717+0000] {processor.py:830} INFO - Processing file /home/airflow/.local/lib/python3.12/site-packages/airflow/example_dags/example_xcom.py for tasks to queue
[2024-05-24T18:53:40.718+0000] {logging_mixin.py:188} INFO - [2024-05-24T18:53:40.717+0000] {dagbag.py:545} INFO - Filling up the DagBag from /home/airflow/.local/lib/python3.12/site-packages/airflow/example_dags/example_xcom.py
[2024-05-24T18:53:40.732+0000] {processor.py:840} INFO - DAG(s) 'example_xcom' retrieved from /home/airflow/.local/lib/python3.12/site-packages/airflow/example_dags/example_xcom.py
[2024-05-24T18:53:40.767+0000] {logging_mixin.py:188} INFO - [2024-05-24T18:53:40.766+0000] {dag.py:3096} INFO - Sync 1 DAGs
[2024-05-24T18:53:40.792+0000] {logging_mixin.py:188} INFO - [2024-05-24T18:53:40.792+0000] {dag.py:3954} INFO - Setting next_dagrun for example_xcom to 2021-01-01 00:00:00+00:00, run_after=2021-01-01 00:00:00+00:00
[2024-05-24T18:53:40.812+0000] {processor.py:183} INFO - Processing /home/airflow/.local/lib/python3.12/site-packages/airflow/example_dags/example_xcom.py took 0.106 seconds
[2024-05-24T19:53:33.776+0000] {processor.py:161} INFO - Started process (PID=88675) to work on /home/airflow/.local/lib/python3.12/site-packages/airflow/example_dags/example_xcom.py
[2024-05-24T19:53:33.778+0000] {processor.py:830} INFO - Processing file /home/airflow/.local/lib/python3.12/site-packages/airflow/example_dags/example_xcom.py for tasks to queue
[2024-05-24T19:53:33.780+0000] {logging_mixin.py:188} INFO - [2024-05-24T19:53:33.780+0000] {dagbag.py:545} INFO - Filling up the DagBag from /home/airflow/.local/lib/python3.12/site-packages/airflow/example_dags/example_xcom.py
[2024-05-24T19:53:33.791+0000] {processor.py:840} INFO - DAG(s) 'example_xcom' retrieved from /home/airflow/.local/lib/python3.12/site-packages/airflow/example_dags/example_xcom.py
[2024-05-24T19:53:33.822+0000] {logging_mixin.py:188} INFO - [2024-05-24T19:53:33.822+0000] {dag.py:3096} INFO - Sync 1 DAGs
[2024-05-24T19:53:33.853+0000] {logging_mixin.py:188} INFO - [2024-05-24T19:53:33.852+0000] {dag.py:3954} INFO - Setting next_dagrun for example_xcom to 2021-01-01 00:00:00+00:00, run_after=2021-01-01 00:00:00+00:00
[2024-05-24T19:53:33.883+0000] {processor.py:183} INFO - Processing /home/airflow/.local/lib/python3.12/site-packages/airflow/example_dags/example_xcom.py took 0.115 seconds
[2024-05-24T20:54:50.420+0000] {processor.py:161} INFO - Started process (PID=88740) to work on /home/airflow/.local/lib/python3.12/site-packages/airflow/example_dags/example_xcom.py
[2024-05-24T20:54:50.422+0000] {processor.py:830} INFO - Processing file /home/airflow/.local/lib/python3.12/site-packages/airflow/example_dags/example_xcom.py for tasks to queue
[2024-05-24T20:54:50.423+0000] {logging_mixin.py:188} INFO - [2024-05-24T20:54:50.423+0000] {dagbag.py:545} INFO - Filling up the DagBag from /home/airflow/.local/lib/python3.12/site-packages/airflow/example_dags/example_xcom.py
[2024-05-24T20:54:50.433+0000] {processor.py:840} INFO - DAG(s) 'example_xcom' retrieved from /home/airflow/.local/lib/python3.12/site-packages/airflow/example_dags/example_xcom.py
[2024-05-24T20:54:50.459+0000] {logging_mixin.py:188} INFO - [2024-05-24T20:54:50.459+0000] {dag.py:3096} INFO - Sync 1 DAGs
[2024-05-24T20:54:50.488+0000] {logging_mixin.py:188} INFO - [2024-05-24T20:54:50.487+0000] {dag.py:3954} INFO - Setting next_dagrun for example_xcom to 2021-01-01 00:00:00+00:00, run_after=2021-01-01 00:00:00+00:00
[2024-05-24T20:54:50.508+0000] {processor.py:183} INFO - Processing /home/airflow/.local/lib/python3.12/site-packages/airflow/example_dags/example_xcom.py took 0.095 seconds
[2024-05-24T21:55:57.715+0000] {processor.py:161} INFO - Started process (PID=88799) to work on /home/airflow/.local/lib/python3.12/site-packages/airflow/example_dags/example_xcom.py
[2024-05-24T21:55:57.719+0000] {processor.py:830} INFO - Processing file /home/airflow/.local/lib/python3.12/site-packages/airflow/example_dags/example_xcom.py for tasks to queue
[2024-05-24T21:55:57.722+0000] {logging_mixin.py:188} INFO - [2024-05-24T21:55:57.722+0000] {dagbag.py:545} INFO - Filling up the DagBag from /home/airflow/.local/lib/python3.12/site-packages/airflow/example_dags/example_xcom.py
[2024-05-24T21:55:57.768+0000] {processor.py:840} INFO - DAG(s) 'example_xcom' retrieved from /home/airflow/.local/lib/python3.12/site-packages/airflow/example_dags/example_xcom.py
[2024-05-24T21:55:57.937+0000] {logging_mixin.py:188} INFO - [2024-05-24T21:55:57.937+0000] {dag.py:3096} INFO - Sync 1 DAGs
[2024-05-24T21:55:58.144+0000] {logging_mixin.py:188} INFO - [2024-05-24T21:55:58.144+0000] {dag.py:3954} INFO - Setting next_dagrun for example_xcom to 2021-01-01 00:00:00+00:00, run_after=2021-01-01 00:00:00+00:00
[2024-05-24T21:55:58.262+0000] {processor.py:183} INFO - Processing /home/airflow/.local/lib/python3.12/site-packages/airflow/example_dags/example_xcom.py took 0.579 seconds
[2024-05-24T22:57:00.633+0000] {processor.py:161} INFO - Started process (PID=88852) to work on /home/airflow/.local/lib/python3.12/site-packages/airflow/example_dags/example_xcom.py
[2024-05-24T22:57:00.635+0000] {processor.py:830} INFO - Processing file /home/airflow/.local/lib/python3.12/site-packages/airflow/example_dags/example_xcom.py for tasks to queue
[2024-05-24T22:57:00.636+0000] {logging_mixin.py:188} INFO - [2024-05-24T22:57:00.635+0000] {dagbag.py:545} INFO - Filling up the DagBag from /home/airflow/.local/lib/python3.12/site-packages/airflow/example_dags/example_xcom.py
[2024-05-24T22:57:00.646+0000] {processor.py:840} INFO - DAG(s) 'example_xcom' retrieved from /home/airflow/.local/lib/python3.12/site-packages/airflow/example_dags/example_xcom.py
[2024-05-24T22:57:00.676+0000] {logging_mixin.py:188} INFO - [2024-05-24T22:57:00.676+0000] {dag.py:3096} INFO - Sync 1 DAGs
[2024-05-24T22:57:00.703+0000] {logging_mixin.py:188} INFO - [2024-05-24T22:57:00.703+0000] {dag.py:3954} INFO - Setting next_dagrun for example_xcom to 2021-01-01 00:00:00+00:00, run_after=2021-01-01 00:00:00+00:00
[2024-05-24T22:57:00.726+0000] {processor.py:183} INFO - Processing /home/airflow/.local/lib/python3.12/site-packages/airflow/example_dags/example_xcom.py took 0.100 seconds
