[2024-05-24T00:10:41.719+0000] {processor.py:161} INFO - Started process (PID=87414) to work on /home/airflow/.local/lib/python3.12/site-packages/airflow/example_dags/example_branch_operator_decorator.py
[2024-05-24T00:10:41.720+0000] {processor.py:830} INFO - Processing file /home/airflow/.local/lib/python3.12/site-packages/airflow/example_dags/example_branch_operator_decorator.py for tasks to queue
[2024-05-24T00:10:41.721+0000] {logging_mixin.py:188} INFO - [2024-05-24T00:10:41.721+0000] {dagbag.py:545} INFO - Filling up the DagBag from /home/airflow/.local/lib/python3.12/site-packages/airflow/example_dags/example_branch_operator_decorator.py
[2024-05-24T00:10:41.748+0000] {processor.py:840} INFO - DAG(s) 'example_branch_python_operator_decorator' retrieved from /home/airflow/.local/lib/python3.12/site-packages/airflow/example_dags/example_branch_operator_decorator.py
[2024-05-24T00:10:41.782+0000] {logging_mixin.py:188} INFO - [2024-05-24T00:10:41.782+0000] {dag.py:3096} INFO - Sync 1 DAGs
[2024-05-24T00:10:41.808+0000] {logging_mixin.py:188} INFO - [2024-05-24T00:10:41.807+0000] {dag.py:3954} INFO - Setting next_dagrun for example_branch_python_operator_decorator to 2024-05-23 00:00:00+00:00, run_after=2024-05-24 00:00:00+00:00
[2024-05-24T00:10:41.829+0000] {processor.py:183} INFO - Processing /home/airflow/.local/lib/python3.12/site-packages/airflow/example_dags/example_branch_operator_decorator.py took 0.118 seconds
[2024-05-24T03:15:02.428+0000] {processor.py:161} INFO - Started process (PID=87473) to work on /home/airflow/.local/lib/python3.12/site-packages/airflow/example_dags/example_branch_operator_decorator.py
[2024-05-24T03:15:02.433+0000] {processor.py:830} INFO - Processing file /home/airflow/.local/lib/python3.12/site-packages/airflow/example_dags/example_branch_operator_decorator.py for tasks to queue
[2024-05-24T03:15:02.435+0000] {logging_mixin.py:188} INFO - [2024-05-24T03:15:02.435+0000] {dagbag.py:545} INFO - Filling up the DagBag from /home/airflow/.local/lib/python3.12/site-packages/airflow/example_dags/example_branch_operator_decorator.py
[2024-05-24T03:15:02.518+0000] {processor.py:840} INFO - DAG(s) 'example_branch_python_operator_decorator' retrieved from /home/airflow/.local/lib/python3.12/site-packages/airflow/example_dags/example_branch_operator_decorator.py
[2024-05-24T03:15:02.646+0000] {logging_mixin.py:188} INFO - [2024-05-24T03:15:02.646+0000] {dag.py:3096} INFO - Sync 1 DAGs
[2024-05-24T03:15:02.737+0000] {logging_mixin.py:188} INFO - [2024-05-24T03:15:02.737+0000] {dag.py:3954} INFO - Setting next_dagrun for example_branch_python_operator_decorator to 2024-05-23 00:00:00+00:00, run_after=2024-05-24 00:00:00+00:00
[2024-05-24T03:15:02.844+0000] {processor.py:183} INFO - Processing /home/airflow/.local/lib/python3.12/site-packages/airflow/example_dags/example_branch_operator_decorator.py took 0.444 seconds
[2024-05-24T05:04:12.469+0000] {processor.py:161} INFO - Started process (PID=87532) to work on /home/airflow/.local/lib/python3.12/site-packages/airflow/example_dags/example_branch_operator_decorator.py
[2024-05-24T05:04:12.471+0000] {processor.py:830} INFO - Processing file /home/airflow/.local/lib/python3.12/site-packages/airflow/example_dags/example_branch_operator_decorator.py for tasks to queue
[2024-05-24T05:04:12.473+0000] {logging_mixin.py:188} INFO - [2024-05-24T05:04:12.473+0000] {dagbag.py:545} INFO - Filling up the DagBag from /home/airflow/.local/lib/python3.12/site-packages/airflow/example_dags/example_branch_operator_decorator.py
[2024-05-24T05:04:12.501+0000] {processor.py:840} INFO - DAG(s) 'example_branch_python_operator_decorator' retrieved from /home/airflow/.local/lib/python3.12/site-packages/airflow/example_dags/example_branch_operator_decorator.py
[2024-05-24T05:04:12.537+0000] {logging_mixin.py:188} INFO - [2024-05-24T05:04:12.536+0000] {dag.py:3096} INFO - Sync 1 DAGs
[2024-05-24T05:04:12.567+0000] {logging_mixin.py:188} INFO - [2024-05-24T05:04:12.566+0000] {dag.py:3954} INFO - Setting next_dagrun for example_branch_python_operator_decorator to 2024-05-23 00:00:00+00:00, run_after=2024-05-24 00:00:00+00:00
[2024-05-24T05:04:12.591+0000] {processor.py:183} INFO - Processing /home/airflow/.local/lib/python3.12/site-packages/airflow/example_dags/example_branch_operator_decorator.py took 0.129 seconds
[2024-05-24T05:06:18.600+0000] {processor.py:161} INFO - Started process (PID=87591) to work on /home/airflow/.local/lib/python3.12/site-packages/airflow/example_dags/example_branch_operator_decorator.py
[2024-05-24T05:06:18.601+0000] {processor.py:830} INFO - Processing file /home/airflow/.local/lib/python3.12/site-packages/airflow/example_dags/example_branch_operator_decorator.py for tasks to queue
[2024-05-24T05:06:18.602+0000] {logging_mixin.py:188} INFO - [2024-05-24T05:06:18.602+0000] {dagbag.py:545} INFO - Filling up the DagBag from /home/airflow/.local/lib/python3.12/site-packages/airflow/example_dags/example_branch_operator_decorator.py
[2024-05-24T05:06:18.630+0000] {processor.py:840} INFO - DAG(s) 'example_branch_python_operator_decorator' retrieved from /home/airflow/.local/lib/python3.12/site-packages/airflow/example_dags/example_branch_operator_decorator.py
[2024-05-24T05:06:18.666+0000] {logging_mixin.py:188} INFO - [2024-05-24T05:06:18.666+0000] {dag.py:3096} INFO - Sync 1 DAGs
[2024-05-24T05:06:18.697+0000] {logging_mixin.py:188} INFO - [2024-05-24T05:06:18.697+0000] {dag.py:3954} INFO - Setting next_dagrun for example_branch_python_operator_decorator to 2024-05-23 00:00:00+00:00, run_after=2024-05-24 00:00:00+00:00
[2024-05-24T05:06:18.718+0000] {processor.py:183} INFO - Processing /home/airflow/.local/lib/python3.12/site-packages/airflow/example_dags/example_branch_operator_decorator.py took 0.126 seconds
[2024-05-24T05:40:29.818+0000] {processor.py:161} INFO - Started process (PID=87650) to work on /home/airflow/.local/lib/python3.12/site-packages/airflow/example_dags/example_branch_operator_decorator.py
[2024-05-24T05:40:29.821+0000] {processor.py:830} INFO - Processing file /home/airflow/.local/lib/python3.12/site-packages/airflow/example_dags/example_branch_operator_decorator.py for tasks to queue
[2024-05-24T05:40:29.823+0000] {logging_mixin.py:188} INFO - [2024-05-24T05:40:29.822+0000] {dagbag.py:545} INFO - Filling up the DagBag from /home/airflow/.local/lib/python3.12/site-packages/airflow/example_dags/example_branch_operator_decorator.py
[2024-05-24T05:40:29.851+0000] {processor.py:840} INFO - DAG(s) 'example_branch_python_operator_decorator' retrieved from /home/airflow/.local/lib/python3.12/site-packages/airflow/example_dags/example_branch_operator_decorator.py
[2024-05-24T05:40:29.891+0000] {logging_mixin.py:188} INFO - [2024-05-24T05:40:29.891+0000] {dag.py:3096} INFO - Sync 1 DAGs
[2024-05-24T05:40:29.922+0000] {logging_mixin.py:188} INFO - [2024-05-24T05:40:29.922+0000] {dag.py:3954} INFO - Setting next_dagrun for example_branch_python_operator_decorator to 2024-05-23 00:00:00+00:00, run_after=2024-05-24 00:00:00+00:00
[2024-05-24T05:40:29.945+0000] {processor.py:183} INFO - Processing /home/airflow/.local/lib/python3.12/site-packages/airflow/example_dags/example_branch_operator_decorator.py took 0.134 seconds
[2024-05-24T06:36:58.733+0000] {processor.py:161} INFO - Started process (PID=87715) to work on /home/airflow/.local/lib/python3.12/site-packages/airflow/example_dags/example_branch_operator_decorator.py
[2024-05-24T06:36:58.743+0000] {processor.py:830} INFO - Processing file /home/airflow/.local/lib/python3.12/site-packages/airflow/example_dags/example_branch_operator_decorator.py for tasks to queue
[2024-05-24T06:36:58.745+0000] {logging_mixin.py:188} INFO - [2024-05-24T06:36:58.744+0000] {dagbag.py:545} INFO - Filling up the DagBag from /home/airflow/.local/lib/python3.12/site-packages/airflow/example_dags/example_branch_operator_decorator.py
[2024-05-24T06:36:58.920+0000] {processor.py:840} INFO - DAG(s) 'example_branch_python_operator_decorator' retrieved from /home/airflow/.local/lib/python3.12/site-packages/airflow/example_dags/example_branch_operator_decorator.py
[2024-05-24T06:36:59.056+0000] {logging_mixin.py:188} INFO - [2024-05-24T06:36:59.056+0000] {dag.py:3096} INFO - Sync 1 DAGs
[2024-05-24T06:36:59.184+0000] {logging_mixin.py:188} INFO - [2024-05-24T06:36:59.183+0000] {dag.py:3954} INFO - Setting next_dagrun for example_branch_python_operator_decorator to 2024-05-23 00:00:00+00:00, run_after=2024-05-24 00:00:00+00:00
[2024-05-24T06:36:59.276+0000] {processor.py:183} INFO - Processing /home/airflow/.local/lib/python3.12/site-packages/airflow/example_dags/example_branch_operator_decorator.py took 0.582 seconds
[2024-05-24T07:35:43.051+0000] {processor.py:161} INFO - Started process (PID=87783) to work on /home/airflow/.local/lib/python3.12/site-packages/airflow/example_dags/example_branch_operator_decorator.py
[2024-05-24T07:35:43.053+0000] {processor.py:830} INFO - Processing file /home/airflow/.local/lib/python3.12/site-packages/airflow/example_dags/example_branch_operator_decorator.py for tasks to queue
[2024-05-24T07:35:43.055+0000] {logging_mixin.py:188} INFO - [2024-05-24T07:35:43.054+0000] {dagbag.py:545} INFO - Filling up the DagBag from /home/airflow/.local/lib/python3.12/site-packages/airflow/example_dags/example_branch_operator_decorator.py
[2024-05-24T07:35:43.083+0000] {processor.py:840} INFO - DAG(s) 'example_branch_python_operator_decorator' retrieved from /home/airflow/.local/lib/python3.12/site-packages/airflow/example_dags/example_branch_operator_decorator.py
[2024-05-24T07:35:43.117+0000] {logging_mixin.py:188} INFO - [2024-05-24T07:35:43.116+0000] {dag.py:3096} INFO - Sync 1 DAGs
[2024-05-24T07:35:43.145+0000] {logging_mixin.py:188} INFO - [2024-05-24T07:35:43.145+0000] {dag.py:3954} INFO - Setting next_dagrun for example_branch_python_operator_decorator to 2024-05-23 00:00:00+00:00, run_after=2024-05-24 00:00:00+00:00
[2024-05-24T07:35:43.164+0000] {processor.py:183} INFO - Processing /home/airflow/.local/lib/python3.12/site-packages/airflow/example_dags/example_branch_operator_decorator.py took 0.120 seconds
[2024-05-24T07:41:38.087+0000] {processor.py:161} INFO - Started process (PID=87842) to work on /home/airflow/.local/lib/python3.12/site-packages/airflow/example_dags/example_branch_operator_decorator.py
[2024-05-24T07:41:38.090+0000] {processor.py:830} INFO - Processing file /home/airflow/.local/lib/python3.12/site-packages/airflow/example_dags/example_branch_operator_decorator.py for tasks to queue
[2024-05-24T07:41:38.091+0000] {logging_mixin.py:188} INFO - [2024-05-24T07:41:38.091+0000] {dagbag.py:545} INFO - Filling up the DagBag from /home/airflow/.local/lib/python3.12/site-packages/airflow/example_dags/example_branch_operator_decorator.py
[2024-05-24T07:41:38.152+0000] {processor.py:840} INFO - DAG(s) 'example_branch_python_operator_decorator' retrieved from /home/airflow/.local/lib/python3.12/site-packages/airflow/example_dags/example_branch_operator_decorator.py
[2024-05-24T07:41:38.200+0000] {logging_mixin.py:188} INFO - [2024-05-24T07:41:38.200+0000] {dag.py:3096} INFO - Sync 1 DAGs
[2024-05-24T07:41:38.234+0000] {logging_mixin.py:188} INFO - [2024-05-24T07:41:38.234+0000] {dag.py:3954} INFO - Setting next_dagrun for example_branch_python_operator_decorator to 2024-05-23 00:00:00+00:00, run_after=2024-05-24 00:00:00+00:00
[2024-05-24T07:41:38.254+0000] {processor.py:183} INFO - Processing /home/airflow/.local/lib/python3.12/site-packages/airflow/example_dags/example_branch_operator_decorator.py took 0.179 seconds
[2024-05-24T08:42:34.432+0000] {processor.py:161} INFO - Started process (PID=87901) to work on /home/airflow/.local/lib/python3.12/site-packages/airflow/example_dags/example_branch_operator_decorator.py
[2024-05-24T08:42:34.434+0000] {processor.py:830} INFO - Processing file /home/airflow/.local/lib/python3.12/site-packages/airflow/example_dags/example_branch_operator_decorator.py for tasks to queue
[2024-05-24T08:42:34.435+0000] {logging_mixin.py:188} INFO - [2024-05-24T08:42:34.435+0000] {dagbag.py:545} INFO - Filling up the DagBag from /home/airflow/.local/lib/python3.12/site-packages/airflow/example_dags/example_branch_operator_decorator.py
[2024-05-24T08:42:34.463+0000] {processor.py:840} INFO - DAG(s) 'example_branch_python_operator_decorator' retrieved from /home/airflow/.local/lib/python3.12/site-packages/airflow/example_dags/example_branch_operator_decorator.py
[2024-05-24T08:42:34.509+0000] {logging_mixin.py:188} INFO - [2024-05-24T08:42:34.509+0000] {dag.py:3096} INFO - Sync 1 DAGs
[2024-05-24T08:42:34.539+0000] {logging_mixin.py:188} INFO - [2024-05-24T08:42:34.539+0000] {dag.py:3954} INFO - Setting next_dagrun for example_branch_python_operator_decorator to 2024-05-23 00:00:00+00:00, run_after=2024-05-24 00:00:00+00:00
[2024-05-24T08:42:34.559+0000] {processor.py:183} INFO - Processing /home/airflow/.local/lib/python3.12/site-packages/airflow/example_dags/example_branch_operator_decorator.py took 0.134 seconds
[2024-05-24T09:43:46.649+0000] {processor.py:161} INFO - Started process (PID=87959) to work on /home/airflow/.local/lib/python3.12/site-packages/airflow/example_dags/example_branch_operator_decorator.py
[2024-05-24T09:43:46.651+0000] {processor.py:830} INFO - Processing file /home/airflow/.local/lib/python3.12/site-packages/airflow/example_dags/example_branch_operator_decorator.py for tasks to queue
[2024-05-24T09:43:46.653+0000] {logging_mixin.py:188} INFO - [2024-05-24T09:43:46.652+0000] {dagbag.py:545} INFO - Filling up the DagBag from /home/airflow/.local/lib/python3.12/site-packages/airflow/example_dags/example_branch_operator_decorator.py
[2024-05-24T09:43:46.682+0000] {processor.py:840} INFO - DAG(s) 'example_branch_python_operator_decorator' retrieved from /home/airflow/.local/lib/python3.12/site-packages/airflow/example_dags/example_branch_operator_decorator.py
[2024-05-24T09:43:46.721+0000] {logging_mixin.py:188} INFO - [2024-05-24T09:43:46.721+0000] {dag.py:3096} INFO - Sync 1 DAGs
[2024-05-24T09:43:46.748+0000] {logging_mixin.py:188} INFO - [2024-05-24T09:43:46.748+0000] {dag.py:3954} INFO - Setting next_dagrun for example_branch_python_operator_decorator to 2024-05-23 00:00:00+00:00, run_after=2024-05-24 00:00:00+00:00
[2024-05-24T09:43:46.768+0000] {processor.py:183} INFO - Processing /home/airflow/.local/lib/python3.12/site-packages/airflow/example_dags/example_branch_operator_decorator.py took 0.127 seconds
[2024-05-24T10:44:55.665+0000] {processor.py:161} INFO - Started process (PID=88018) to work on /home/airflow/.local/lib/python3.12/site-packages/airflow/example_dags/example_branch_operator_decorator.py
[2024-05-24T10:44:55.666+0000] {processor.py:830} INFO - Processing file /home/airflow/.local/lib/python3.12/site-packages/airflow/example_dags/example_branch_operator_decorator.py for tasks to queue
[2024-05-24T10:44:55.667+0000] {logging_mixin.py:188} INFO - [2024-05-24T10:44:55.667+0000] {dagbag.py:545} INFO - Filling up the DagBag from /home/airflow/.local/lib/python3.12/site-packages/airflow/example_dags/example_branch_operator_decorator.py
[2024-05-24T10:44:55.694+0000] {processor.py:840} INFO - DAG(s) 'example_branch_python_operator_decorator' retrieved from /home/airflow/.local/lib/python3.12/site-packages/airflow/example_dags/example_branch_operator_decorator.py
[2024-05-24T10:44:55.737+0000] {logging_mixin.py:188} INFO - [2024-05-24T10:44:55.737+0000] {dag.py:3096} INFO - Sync 1 DAGs
[2024-05-24T10:44:55.785+0000] {logging_mixin.py:188} INFO - [2024-05-24T10:44:55.784+0000] {dag.py:3954} INFO - Setting next_dagrun for example_branch_python_operator_decorator to 2024-05-23 00:00:00+00:00, run_after=2024-05-24 00:00:00+00:00
[2024-05-24T10:44:55.832+0000] {processor.py:183} INFO - Processing /home/airflow/.local/lib/python3.12/site-packages/airflow/example_dags/example_branch_operator_decorator.py took 0.176 seconds
[2024-05-24T11:46:01.894+0000] {processor.py:161} INFO - Started process (PID=88077) to work on /home/airflow/.local/lib/python3.12/site-packages/airflow/example_dags/example_branch_operator_decorator.py
[2024-05-24T11:46:01.906+0000] {processor.py:830} INFO - Processing file /home/airflow/.local/lib/python3.12/site-packages/airflow/example_dags/example_branch_operator_decorator.py for tasks to queue
[2024-05-24T11:46:01.907+0000] {logging_mixin.py:188} INFO - [2024-05-24T11:46:01.907+0000] {dagbag.py:545} INFO - Filling up the DagBag from /home/airflow/.local/lib/python3.12/site-packages/airflow/example_dags/example_branch_operator_decorator.py
[2024-05-24T11:46:01.986+0000] {processor.py:840} INFO - DAG(s) 'example_branch_python_operator_decorator' retrieved from /home/airflow/.local/lib/python3.12/site-packages/airflow/example_dags/example_branch_operator_decorator.py
[2024-05-24T11:46:02.087+0000] {logging_mixin.py:188} INFO - [2024-05-24T11:46:02.087+0000] {dag.py:3096} INFO - Sync 1 DAGs
[2024-05-24T11:46:02.160+0000] {logging_mixin.py:188} INFO - [2024-05-24T11:46:02.155+0000] {dag.py:3954} INFO - Setting next_dagrun for example_branch_python_operator_decorator to 2024-05-23 00:00:00+00:00, run_after=2024-05-24 00:00:00+00:00
[2024-05-24T11:46:02.232+0000] {processor.py:183} INFO - Processing /home/airflow/.local/lib/python3.12/site-packages/airflow/example_dags/example_branch_operator_decorator.py took 0.360 seconds
[2024-05-24T12:47:07.615+0000] {processor.py:161} INFO - Started process (PID=88130) to work on /home/airflow/.local/lib/python3.12/site-packages/airflow/example_dags/example_branch_operator_decorator.py
[2024-05-24T12:47:07.616+0000] {processor.py:830} INFO - Processing file /home/airflow/.local/lib/python3.12/site-packages/airflow/example_dags/example_branch_operator_decorator.py for tasks to queue
[2024-05-24T12:47:07.617+0000] {logging_mixin.py:188} INFO - [2024-05-24T12:47:07.617+0000] {dagbag.py:545} INFO - Filling up the DagBag from /home/airflow/.local/lib/python3.12/site-packages/airflow/example_dags/example_branch_operator_decorator.py
[2024-05-24T12:47:07.648+0000] {processor.py:840} INFO - DAG(s) 'example_branch_python_operator_decorator' retrieved from /home/airflow/.local/lib/python3.12/site-packages/airflow/example_dags/example_branch_operator_decorator.py
[2024-05-24T12:47:07.697+0000] {logging_mixin.py:188} INFO - [2024-05-24T12:47:07.697+0000] {dag.py:3096} INFO - Sync 1 DAGs
[2024-05-24T12:47:07.724+0000] {logging_mixin.py:188} INFO - [2024-05-24T12:47:07.724+0000] {dag.py:3954} INFO - Setting next_dagrun for example_branch_python_operator_decorator to 2024-05-23 00:00:00+00:00, run_after=2024-05-24 00:00:00+00:00
[2024-05-24T12:47:07.745+0000] {processor.py:183} INFO - Processing /home/airflow/.local/lib/python3.12/site-packages/airflow/example_dags/example_branch_operator_decorator.py took 0.138 seconds
[2024-05-24T13:48:16.530+0000] {processor.py:161} INFO - Started process (PID=88189) to work on /home/airflow/.local/lib/python3.12/site-packages/airflow/example_dags/example_branch_operator_decorator.py
[2024-05-24T13:48:16.533+0000] {processor.py:830} INFO - Processing file /home/airflow/.local/lib/python3.12/site-packages/airflow/example_dags/example_branch_operator_decorator.py for tasks to queue
[2024-05-24T13:48:16.534+0000] {logging_mixin.py:188} INFO - [2024-05-24T13:48:16.534+0000] {dagbag.py:545} INFO - Filling up the DagBag from /home/airflow/.local/lib/python3.12/site-packages/airflow/example_dags/example_branch_operator_decorator.py
[2024-05-24T13:48:16.560+0000] {processor.py:840} INFO - DAG(s) 'example_branch_python_operator_decorator' retrieved from /home/airflow/.local/lib/python3.12/site-packages/airflow/example_dags/example_branch_operator_decorator.py
[2024-05-24T13:48:16.598+0000] {logging_mixin.py:188} INFO - [2024-05-24T13:48:16.598+0000] {dag.py:3096} INFO - Sync 1 DAGs
[2024-05-24T13:48:16.627+0000] {logging_mixin.py:188} INFO - [2024-05-24T13:48:16.627+0000] {dag.py:3954} INFO - Setting next_dagrun for example_branch_python_operator_decorator to 2024-05-23 00:00:00+00:00, run_after=2024-05-24 00:00:00+00:00
[2024-05-24T13:48:16.649+0000] {processor.py:183} INFO - Processing /home/airflow/.local/lib/python3.12/site-packages/airflow/example_dags/example_branch_operator_decorator.py took 0.126 seconds
[2024-05-24T14:49:26.571+0000] {processor.py:161} INFO - Started process (PID=88248) to work on /home/airflow/.local/lib/python3.12/site-packages/airflow/example_dags/example_branch_operator_decorator.py
[2024-05-24T14:49:26.573+0000] {processor.py:830} INFO - Processing file /home/airflow/.local/lib/python3.12/site-packages/airflow/example_dags/example_branch_operator_decorator.py for tasks to queue
[2024-05-24T14:49:26.574+0000] {logging_mixin.py:188} INFO - [2024-05-24T14:49:26.573+0000] {dagbag.py:545} INFO - Filling up the DagBag from /home/airflow/.local/lib/python3.12/site-packages/airflow/example_dags/example_branch_operator_decorator.py
[2024-05-24T14:49:26.600+0000] {processor.py:840} INFO - DAG(s) 'example_branch_python_operator_decorator' retrieved from /home/airflow/.local/lib/python3.12/site-packages/airflow/example_dags/example_branch_operator_decorator.py
[2024-05-24T14:49:26.634+0000] {logging_mixin.py:188} INFO - [2024-05-24T14:49:26.634+0000] {dag.py:3096} INFO - Sync 1 DAGs
[2024-05-24T14:49:26.661+0000] {logging_mixin.py:188} INFO - [2024-05-24T14:49:26.661+0000] {dag.py:3954} INFO - Setting next_dagrun for example_branch_python_operator_decorator to 2024-05-23 00:00:00+00:00, run_after=2024-05-24 00:00:00+00:00
[2024-05-24T14:49:26.685+0000] {processor.py:183} INFO - Processing /home/airflow/.local/lib/python3.12/site-packages/airflow/example_dags/example_branch_operator_decorator.py took 0.121 seconds
[2024-05-24T15:48:52.041+0000] {processor.py:161} INFO - Started process (PID=88307) to work on /home/airflow/.local/lib/python3.12/site-packages/airflow/example_dags/example_branch_operator_decorator.py
[2024-05-24T15:48:52.043+0000] {processor.py:830} INFO - Processing file /home/airflow/.local/lib/python3.12/site-packages/airflow/example_dags/example_branch_operator_decorator.py for tasks to queue
[2024-05-24T15:48:52.045+0000] {logging_mixin.py:188} INFO - [2024-05-24T15:48:52.045+0000] {dagbag.py:545} INFO - Filling up the DagBag from /home/airflow/.local/lib/python3.12/site-packages/airflow/example_dags/example_branch_operator_decorator.py
[2024-05-24T15:48:52.071+0000] {processor.py:840} INFO - DAG(s) 'example_branch_python_operator_decorator' retrieved from /home/airflow/.local/lib/python3.12/site-packages/airflow/example_dags/example_branch_operator_decorator.py
[2024-05-24T15:48:52.112+0000] {logging_mixin.py:188} INFO - [2024-05-24T15:48:52.111+0000] {dag.py:3096} INFO - Sync 1 DAGs
[2024-05-24T15:48:52.140+0000] {logging_mixin.py:188} INFO - [2024-05-24T15:48:52.140+0000] {dag.py:3954} INFO - Setting next_dagrun for example_branch_python_operator_decorator to 2024-05-23 00:00:00+00:00, run_after=2024-05-24 00:00:00+00:00
[2024-05-24T15:48:52.162+0000] {processor.py:183} INFO - Processing /home/airflow/.local/lib/python3.12/site-packages/airflow/example_dags/example_branch_operator_decorator.py took 0.128 seconds
[2024-05-24T15:50:35.179+0000] {processor.py:161} INFO - Started process (PID=88372) to work on /home/airflow/.local/lib/python3.12/site-packages/airflow/example_dags/example_branch_operator_decorator.py
[2024-05-24T15:50:35.181+0000] {processor.py:830} INFO - Processing file /home/airflow/.local/lib/python3.12/site-packages/airflow/example_dags/example_branch_operator_decorator.py for tasks to queue
[2024-05-24T15:50:35.183+0000] {logging_mixin.py:188} INFO - [2024-05-24T15:50:35.182+0000] {dagbag.py:545} INFO - Filling up the DagBag from /home/airflow/.local/lib/python3.12/site-packages/airflow/example_dags/example_branch_operator_decorator.py
[2024-05-24T15:50:35.209+0000] {processor.py:840} INFO - DAG(s) 'example_branch_python_operator_decorator' retrieved from /home/airflow/.local/lib/python3.12/site-packages/airflow/example_dags/example_branch_operator_decorator.py
[2024-05-24T15:50:35.244+0000] {logging_mixin.py:188} INFO - [2024-05-24T15:50:35.244+0000] {dag.py:3096} INFO - Sync 1 DAGs
[2024-05-24T15:50:35.272+0000] {logging_mixin.py:188} INFO - [2024-05-24T15:50:35.272+0000] {dag.py:3954} INFO - Setting next_dagrun for example_branch_python_operator_decorator to 2024-05-23 00:00:00+00:00, run_after=2024-05-24 00:00:00+00:00
[2024-05-24T15:50:35.296+0000] {processor.py:183} INFO - Processing /home/airflow/.local/lib/python3.12/site-packages/airflow/example_dags/example_branch_operator_decorator.py took 0.124 seconds
[2024-05-24T16:51:43.102+0000] {processor.py:161} INFO - Started process (PID=88425) to work on /home/airflow/.local/lib/python3.12/site-packages/airflow/example_dags/example_branch_operator_decorator.py
[2024-05-24T16:51:43.107+0000] {processor.py:830} INFO - Processing file /home/airflow/.local/lib/python3.12/site-packages/airflow/example_dags/example_branch_operator_decorator.py for tasks to queue
[2024-05-24T16:51:43.109+0000] {logging_mixin.py:188} INFO - [2024-05-24T16:51:43.108+0000] {dagbag.py:545} INFO - Filling up the DagBag from /home/airflow/.local/lib/python3.12/site-packages/airflow/example_dags/example_branch_operator_decorator.py
[2024-05-24T16:51:43.221+0000] {processor.py:840} INFO - DAG(s) 'example_branch_python_operator_decorator' retrieved from /home/airflow/.local/lib/python3.12/site-packages/airflow/example_dags/example_branch_operator_decorator.py
[2024-05-24T16:51:43.326+0000] {logging_mixin.py:188} INFO - [2024-05-24T16:51:43.326+0000] {dag.py:3096} INFO - Sync 1 DAGs
[2024-05-24T16:51:43.452+0000] {logging_mixin.py:188} INFO - [2024-05-24T16:51:43.452+0000] {dag.py:3954} INFO - Setting next_dagrun for example_branch_python_operator_decorator to 2024-05-23 00:00:00+00:00, run_after=2024-05-24 00:00:00+00:00
[2024-05-24T16:51:43.525+0000] {processor.py:183} INFO - Processing /home/airflow/.local/lib/python3.12/site-packages/airflow/example_dags/example_branch_operator_decorator.py took 0.445 seconds
[2024-05-24T17:50:14.347+0000] {processor.py:161} INFO - Started process (PID=88483) to work on /home/airflow/.local/lib/python3.12/site-packages/airflow/example_dags/example_branch_operator_decorator.py
[2024-05-24T17:50:14.349+0000] {processor.py:830} INFO - Processing file /home/airflow/.local/lib/python3.12/site-packages/airflow/example_dags/example_branch_operator_decorator.py for tasks to queue
[2024-05-24T17:50:14.350+0000] {logging_mixin.py:188} INFO - [2024-05-24T17:50:14.350+0000] {dagbag.py:545} INFO - Filling up the DagBag from /home/airflow/.local/lib/python3.12/site-packages/airflow/example_dags/example_branch_operator_decorator.py
[2024-05-24T17:50:14.377+0000] {processor.py:840} INFO - DAG(s) 'example_branch_python_operator_decorator' retrieved from /home/airflow/.local/lib/python3.12/site-packages/airflow/example_dags/example_branch_operator_decorator.py
[2024-05-24T17:50:14.415+0000] {logging_mixin.py:188} INFO - [2024-05-24T17:50:14.414+0000] {dag.py:3096} INFO - Sync 1 DAGs
[2024-05-24T17:50:14.442+0000] {logging_mixin.py:188} INFO - [2024-05-24T17:50:14.442+0000] {dag.py:3954} INFO - Setting next_dagrun for example_branch_python_operator_decorator to 2024-05-23 00:00:00+00:00, run_after=2024-05-24 00:00:00+00:00
[2024-05-24T17:50:14.460+0000] {processor.py:183} INFO - Processing /home/airflow/.local/lib/python3.12/site-packages/airflow/example_dags/example_branch_operator_decorator.py took 0.120 seconds
[2024-05-24T17:50:44.924+0000] {processor.py:161} INFO - Started process (PID=88542) to work on /home/airflow/.local/lib/python3.12/site-packages/airflow/example_dags/example_branch_operator_decorator.py
[2024-05-24T17:50:44.925+0000] {processor.py:830} INFO - Processing file /home/airflow/.local/lib/python3.12/site-packages/airflow/example_dags/example_branch_operator_decorator.py for tasks to queue
[2024-05-24T17:50:44.926+0000] {logging_mixin.py:188} INFO - [2024-05-24T17:50:44.925+0000] {dagbag.py:545} INFO - Filling up the DagBag from /home/airflow/.local/lib/python3.12/site-packages/airflow/example_dags/example_branch_operator_decorator.py
[2024-05-24T17:50:44.952+0000] {processor.py:840} INFO - DAG(s) 'example_branch_python_operator_decorator' retrieved from /home/airflow/.local/lib/python3.12/site-packages/airflow/example_dags/example_branch_operator_decorator.py
[2024-05-24T17:50:45.005+0000] {logging_mixin.py:188} INFO - [2024-05-24T17:50:45.005+0000] {dag.py:3096} INFO - Sync 1 DAGs
[2024-05-24T17:50:45.032+0000] {logging_mixin.py:188} INFO - [2024-05-24T17:50:45.032+0000] {dag.py:3954} INFO - Setting next_dagrun for example_branch_python_operator_decorator to 2024-05-23 00:00:00+00:00, run_after=2024-05-24 00:00:00+00:00
[2024-05-24T17:50:45.053+0000] {processor.py:183} INFO - Processing /home/airflow/.local/lib/python3.12/site-packages/airflow/example_dags/example_branch_operator_decorator.py took 0.136 seconds
[2024-05-24T18:53:39.131+0000] {processor.py:161} INFO - Started process (PID=88601) to work on /home/airflow/.local/lib/python3.12/site-packages/airflow/example_dags/example_branch_operator_decorator.py
[2024-05-24T18:53:39.132+0000] {processor.py:830} INFO - Processing file /home/airflow/.local/lib/python3.12/site-packages/airflow/example_dags/example_branch_operator_decorator.py for tasks to queue
[2024-05-24T18:53:39.133+0000] {logging_mixin.py:188} INFO - [2024-05-24T18:53:39.133+0000] {dagbag.py:545} INFO - Filling up the DagBag from /home/airflow/.local/lib/python3.12/site-packages/airflow/example_dags/example_branch_operator_decorator.py
[2024-05-24T18:53:39.161+0000] {processor.py:840} INFO - DAG(s) 'example_branch_python_operator_decorator' retrieved from /home/airflow/.local/lib/python3.12/site-packages/airflow/example_dags/example_branch_operator_decorator.py
[2024-05-24T18:53:39.198+0000] {logging_mixin.py:188} INFO - [2024-05-24T18:53:39.198+0000] {dag.py:3096} INFO - Sync 1 DAGs
[2024-05-24T18:53:39.227+0000] {logging_mixin.py:188} INFO - [2024-05-24T18:53:39.227+0000] {dag.py:3954} INFO - Setting next_dagrun for example_branch_python_operator_decorator to 2024-05-23 00:00:00+00:00, run_after=2024-05-24 00:00:00+00:00
[2024-05-24T18:53:39.245+0000] {processor.py:183} INFO - Processing /home/airflow/.local/lib/python3.12/site-packages/airflow/example_dags/example_branch_operator_decorator.py took 0.122 seconds
[2024-05-24T19:53:32.696+0000] {processor.py:161} INFO - Started process (PID=88660) to work on /home/airflow/.local/lib/python3.12/site-packages/airflow/example_dags/example_branch_operator_decorator.py
[2024-05-24T19:53:32.703+0000] {processor.py:830} INFO - Processing file /home/airflow/.local/lib/python3.12/site-packages/airflow/example_dags/example_branch_operator_decorator.py for tasks to queue
[2024-05-24T19:53:32.704+0000] {logging_mixin.py:188} INFO - [2024-05-24T19:53:32.704+0000] {dagbag.py:545} INFO - Filling up the DagBag from /home/airflow/.local/lib/python3.12/site-packages/airflow/example_dags/example_branch_operator_decorator.py
[2024-05-24T19:53:32.726+0000] {processor.py:840} INFO - DAG(s) 'example_branch_python_operator_decorator' retrieved from /home/airflow/.local/lib/python3.12/site-packages/airflow/example_dags/example_branch_operator_decorator.py
[2024-05-24T19:53:32.760+0000] {logging_mixin.py:188} INFO - [2024-05-24T19:53:32.760+0000] {dag.py:3096} INFO - Sync 1 DAGs
[2024-05-24T19:53:32.785+0000] {logging_mixin.py:188} INFO - [2024-05-24T19:53:32.784+0000] {dag.py:3954} INFO - Setting next_dagrun for example_branch_python_operator_decorator to 2024-05-23 00:00:00+00:00, run_after=2024-05-24 00:00:00+00:00
[2024-05-24T19:53:32.803+0000] {processor.py:183} INFO - Processing /home/airflow/.local/lib/python3.12/site-packages/airflow/example_dags/example_branch_operator_decorator.py took 0.120 seconds
[2024-05-24T20:54:49.223+0000] {processor.py:161} INFO - Started process (PID=88725) to work on /home/airflow/.local/lib/python3.12/site-packages/airflow/example_dags/example_branch_operator_decorator.py
[2024-05-24T20:54:49.224+0000] {processor.py:830} INFO - Processing file /home/airflow/.local/lib/python3.12/site-packages/airflow/example_dags/example_branch_operator_decorator.py for tasks to queue
[2024-05-24T20:54:49.226+0000] {logging_mixin.py:188} INFO - [2024-05-24T20:54:49.225+0000] {dagbag.py:545} INFO - Filling up the DagBag from /home/airflow/.local/lib/python3.12/site-packages/airflow/example_dags/example_branch_operator_decorator.py
[2024-05-24T20:54:49.256+0000] {processor.py:840} INFO - DAG(s) 'example_branch_python_operator_decorator' retrieved from /home/airflow/.local/lib/python3.12/site-packages/airflow/example_dags/example_branch_operator_decorator.py
[2024-05-24T20:54:49.292+0000] {logging_mixin.py:188} INFO - [2024-05-24T20:54:49.292+0000] {dag.py:3096} INFO - Sync 1 DAGs
[2024-05-24T20:54:49.326+0000] {logging_mixin.py:188} INFO - [2024-05-24T20:54:49.326+0000] {dag.py:3954} INFO - Setting next_dagrun for example_branch_python_operator_decorator to 2024-05-23 00:00:00+00:00, run_after=2024-05-24 00:00:00+00:00
[2024-05-24T20:54:49.347+0000] {processor.py:183} INFO - Processing /home/airflow/.local/lib/python3.12/site-packages/airflow/example_dags/example_branch_operator_decorator.py took 0.130 seconds
[2024-05-24T21:55:53.607+0000] {processor.py:161} INFO - Started process (PID=88778) to work on /home/airflow/.local/lib/python3.12/site-packages/airflow/example_dags/example_branch_operator_decorator.py
[2024-05-24T21:55:53.611+0000] {processor.py:830} INFO - Processing file /home/airflow/.local/lib/python3.12/site-packages/airflow/example_dags/example_branch_operator_decorator.py for tasks to queue
[2024-05-24T21:55:53.615+0000] {logging_mixin.py:188} INFO - [2024-05-24T21:55:53.614+0000] {dagbag.py:545} INFO - Filling up the DagBag from /home/airflow/.local/lib/python3.12/site-packages/airflow/example_dags/example_branch_operator_decorator.py
[2024-05-24T21:55:53.725+0000] {processor.py:840} INFO - DAG(s) 'example_branch_python_operator_decorator' retrieved from /home/airflow/.local/lib/python3.12/site-packages/airflow/example_dags/example_branch_operator_decorator.py
[2024-05-24T21:55:53.824+0000] {logging_mixin.py:188} INFO - [2024-05-24T21:55:53.823+0000] {dag.py:3096} INFO - Sync 1 DAGs
[2024-05-24T21:55:53.960+0000] {logging_mixin.py:188} INFO - [2024-05-24T21:55:53.960+0000] {dag.py:3954} INFO - Setting next_dagrun for example_branch_python_operator_decorator to 2024-05-23 00:00:00+00:00, run_after=2024-05-24 00:00:00+00:00
[2024-05-24T21:55:54.039+0000] {processor.py:183} INFO - Processing /home/airflow/.local/lib/python3.12/site-packages/airflow/example_dags/example_branch_operator_decorator.py took 0.518 seconds
[2024-05-24T22:56:59.526+0000] {processor.py:161} INFO - Started process (PID=88837) to work on /home/airflow/.local/lib/python3.12/site-packages/airflow/example_dags/example_branch_operator_decorator.py
[2024-05-24T22:56:59.528+0000] {processor.py:830} INFO - Processing file /home/airflow/.local/lib/python3.12/site-packages/airflow/example_dags/example_branch_operator_decorator.py for tasks to queue
[2024-05-24T22:56:59.529+0000] {logging_mixin.py:188} INFO - [2024-05-24T22:56:59.529+0000] {dagbag.py:545} INFO - Filling up the DagBag from /home/airflow/.local/lib/python3.12/site-packages/airflow/example_dags/example_branch_operator_decorator.py
[2024-05-24T22:56:59.556+0000] {processor.py:840} INFO - DAG(s) 'example_branch_python_operator_decorator' retrieved from /home/airflow/.local/lib/python3.12/site-packages/airflow/example_dags/example_branch_operator_decorator.py
[2024-05-24T22:56:59.603+0000] {logging_mixin.py:188} INFO - [2024-05-24T22:56:59.603+0000] {dag.py:3096} INFO - Sync 1 DAGs
[2024-05-24T22:56:59.652+0000] {logging_mixin.py:188} INFO - [2024-05-24T22:56:59.652+0000] {dag.py:3954} INFO - Setting next_dagrun for example_branch_python_operator_decorator to 2024-05-23 00:00:00+00:00, run_after=2024-05-24 00:00:00+00:00
[2024-05-24T22:56:59.684+0000] {processor.py:183} INFO - Processing /home/airflow/.local/lib/python3.12/site-packages/airflow/example_dags/example_branch_operator_decorator.py took 0.166 seconds
