[2024-05-24T00:10:41.284+0000] {processor.py:161} INFO - Started process (PID=87408) to work on /home/airflow/.local/lib/python3.12/site-packages/airflow/example_dags/example_trigger_target_dag.py
[2024-05-24T00:10:41.286+0000] {processor.py:830} INFO - Processing file /home/airflow/.local/lib/python3.12/site-packages/airflow/example_dags/example_trigger_target_dag.py for tasks to queue
[2024-05-24T00:10:41.287+0000] {logging_mixin.py:188} INFO - [2024-05-24T00:10:41.287+0000] {dagbag.py:545} INFO - Filling up the DagBag from /home/airflow/.local/lib/python3.12/site-packages/airflow/example_dags/example_trigger_target_dag.py
[2024-05-24T00:10:41.295+0000] {processor.py:840} INFO - DAG(s) 'example_trigger_target_dag' retrieved from /home/airflow/.local/lib/python3.12/site-packages/airflow/example_dags/example_trigger_target_dag.py
[2024-05-24T00:10:41.328+0000] {logging_mixin.py:188} INFO - [2024-05-24T00:10:41.328+0000] {dag.py:3096} INFO - Sync 1 DAGs
[2024-05-24T00:10:41.346+0000] {logging_mixin.py:188} INFO - [2024-05-24T00:10:41.346+0000] {dag.py:3954} INFO - Setting next_dagrun for example_trigger_target_dag to None, run_after=None
[2024-05-24T00:10:41.364+0000] {processor.py:183} INFO - Processing /home/airflow/.local/lib/python3.12/site-packages/airflow/example_dags/example_trigger_target_dag.py took 0.087 seconds
[2024-05-24T03:15:01.481+0000] {processor.py:161} INFO - Started process (PID=87467) to work on /home/airflow/.local/lib/python3.12/site-packages/airflow/example_dags/example_trigger_target_dag.py
[2024-05-24T03:15:01.484+0000] {processor.py:830} INFO - Processing file /home/airflow/.local/lib/python3.12/site-packages/airflow/example_dags/example_trigger_target_dag.py for tasks to queue
[2024-05-24T03:15:01.485+0000] {logging_mixin.py:188} INFO - [2024-05-24T03:15:01.484+0000] {dagbag.py:545} INFO - Filling up the DagBag from /home/airflow/.local/lib/python3.12/site-packages/airflow/example_dags/example_trigger_target_dag.py
[2024-05-24T03:15:01.498+0000] {processor.py:840} INFO - DAG(s) 'example_trigger_target_dag' retrieved from /home/airflow/.local/lib/python3.12/site-packages/airflow/example_dags/example_trigger_target_dag.py
[2024-05-24T03:15:01.543+0000] {logging_mixin.py:188} INFO - [2024-05-24T03:15:01.543+0000] {dag.py:3096} INFO - Sync 1 DAGs
[2024-05-24T03:15:01.574+0000] {logging_mixin.py:188} INFO - [2024-05-24T03:15:01.574+0000] {dag.py:3954} INFO - Setting next_dagrun for example_trigger_target_dag to None, run_after=None
[2024-05-24T03:15:01.652+0000] {processor.py:183} INFO - Processing /home/airflow/.local/lib/python3.12/site-packages/airflow/example_dags/example_trigger_target_dag.py took 0.185 seconds
[2024-05-24T05:04:12.107+0000] {processor.py:161} INFO - Started process (PID=87526) to work on /home/airflow/.local/lib/python3.12/site-packages/airflow/example_dags/example_trigger_target_dag.py
[2024-05-24T05:04:12.108+0000] {processor.py:830} INFO - Processing file /home/airflow/.local/lib/python3.12/site-packages/airflow/example_dags/example_trigger_target_dag.py for tasks to queue
[2024-05-24T05:04:12.109+0000] {logging_mixin.py:188} INFO - [2024-05-24T05:04:12.109+0000] {dagbag.py:545} INFO - Filling up the DagBag from /home/airflow/.local/lib/python3.12/site-packages/airflow/example_dags/example_trigger_target_dag.py
[2024-05-24T05:04:12.117+0000] {processor.py:840} INFO - DAG(s) 'example_trigger_target_dag' retrieved from /home/airflow/.local/lib/python3.12/site-packages/airflow/example_dags/example_trigger_target_dag.py
[2024-05-24T05:04:12.141+0000] {logging_mixin.py:188} INFO - [2024-05-24T05:04:12.141+0000] {dag.py:3096} INFO - Sync 1 DAGs
[2024-05-24T05:04:12.158+0000] {logging_mixin.py:188} INFO - [2024-05-24T05:04:12.158+0000] {dag.py:3954} INFO - Setting next_dagrun for example_trigger_target_dag to None, run_after=None
[2024-05-24T05:04:12.182+0000] {processor.py:183} INFO - Processing /home/airflow/.local/lib/python3.12/site-packages/airflow/example_dags/example_trigger_target_dag.py took 0.083 seconds
[2024-05-24T05:06:18.269+0000] {processor.py:161} INFO - Started process (PID=87585) to work on /home/airflow/.local/lib/python3.12/site-packages/airflow/example_dags/example_trigger_target_dag.py
[2024-05-24T05:06:18.271+0000] {processor.py:830} INFO - Processing file /home/airflow/.local/lib/python3.12/site-packages/airflow/example_dags/example_trigger_target_dag.py for tasks to queue
[2024-05-24T05:06:18.272+0000] {logging_mixin.py:188} INFO - [2024-05-24T05:06:18.272+0000] {dagbag.py:545} INFO - Filling up the DagBag from /home/airflow/.local/lib/python3.12/site-packages/airflow/example_dags/example_trigger_target_dag.py
[2024-05-24T05:06:18.280+0000] {processor.py:840} INFO - DAG(s) 'example_trigger_target_dag' retrieved from /home/airflow/.local/lib/python3.12/site-packages/airflow/example_dags/example_trigger_target_dag.py
[2024-05-24T05:06:18.302+0000] {logging_mixin.py:188} INFO - [2024-05-24T05:06:18.302+0000] {dag.py:3096} INFO - Sync 1 DAGs
[2024-05-24T05:06:18.321+0000] {logging_mixin.py:188} INFO - [2024-05-24T05:06:18.320+0000] {dag.py:3954} INFO - Setting next_dagrun for example_trigger_target_dag to None, run_after=None
[2024-05-24T05:06:18.342+0000] {processor.py:183} INFO - Processing /home/airflow/.local/lib/python3.12/site-packages/airflow/example_dags/example_trigger_target_dag.py took 0.081 seconds
[2024-05-24T05:40:27.721+0000] {processor.py:161} INFO - Started process (PID=87644) to work on /home/airflow/.local/lib/python3.12/site-packages/airflow/example_dags/example_trigger_target_dag.py
[2024-05-24T05:40:27.723+0000] {processor.py:830} INFO - Processing file /home/airflow/.local/lib/python3.12/site-packages/airflow/example_dags/example_trigger_target_dag.py for tasks to queue
[2024-05-24T05:40:27.724+0000] {logging_mixin.py:188} INFO - [2024-05-24T05:40:27.724+0000] {dagbag.py:545} INFO - Filling up the DagBag from /home/airflow/.local/lib/python3.12/site-packages/airflow/example_dags/example_trigger_target_dag.py
[2024-05-24T05:40:27.733+0000] {processor.py:840} INFO - DAG(s) 'example_trigger_target_dag' retrieved from /home/airflow/.local/lib/python3.12/site-packages/airflow/example_dags/example_trigger_target_dag.py
[2024-05-24T05:40:27.755+0000] {logging_mixin.py:188} INFO - [2024-05-24T05:40:27.755+0000] {dag.py:3096} INFO - Sync 1 DAGs
[2024-05-24T05:40:27.771+0000] {logging_mixin.py:188} INFO - [2024-05-24T05:40:27.771+0000] {dag.py:3954} INFO - Setting next_dagrun for example_trigger_target_dag to None, run_after=None
[2024-05-24T05:40:27.789+0000] {processor.py:183} INFO - Processing /home/airflow/.local/lib/python3.12/site-packages/airflow/example_dags/example_trigger_target_dag.py took 0.075 seconds
[2024-05-24T06:36:56.803+0000] {processor.py:161} INFO - Started process (PID=87709) to work on /home/airflow/.local/lib/python3.12/site-packages/airflow/example_dags/example_trigger_target_dag.py
[2024-05-24T06:36:56.810+0000] {processor.py:830} INFO - Processing file /home/airflow/.local/lib/python3.12/site-packages/airflow/example_dags/example_trigger_target_dag.py for tasks to queue
[2024-05-24T06:36:56.812+0000] {logging_mixin.py:188} INFO - [2024-05-24T06:36:56.812+0000] {dagbag.py:545} INFO - Filling up the DagBag from /home/airflow/.local/lib/python3.12/site-packages/airflow/example_dags/example_trigger_target_dag.py
[2024-05-24T06:36:56.831+0000] {processor.py:840} INFO - DAG(s) 'example_trigger_target_dag' retrieved from /home/airflow/.local/lib/python3.12/site-packages/airflow/example_dags/example_trigger_target_dag.py
[2024-05-24T06:36:56.879+0000] {logging_mixin.py:188} INFO - [2024-05-24T06:36:56.879+0000] {dag.py:3096} INFO - Sync 1 DAGs
[2024-05-24T06:36:56.909+0000] {logging_mixin.py:188} INFO - [2024-05-24T06:36:56.909+0000] {dag.py:3954} INFO - Setting next_dagrun for example_trigger_target_dag to None, run_after=None
[2024-05-24T06:36:56.951+0000] {processor.py:183} INFO - Processing /home/airflow/.local/lib/python3.12/site-packages/airflow/example_dags/example_trigger_target_dag.py took 0.166 seconds
[2024-05-24T07:35:42.555+0000] {processor.py:161} INFO - Started process (PID=87777) to work on /home/airflow/.local/lib/python3.12/site-packages/airflow/example_dags/example_trigger_target_dag.py
[2024-05-24T07:35:42.563+0000] {processor.py:830} INFO - Processing file /home/airflow/.local/lib/python3.12/site-packages/airflow/example_dags/example_trigger_target_dag.py for tasks to queue
[2024-05-24T07:35:42.564+0000] {logging_mixin.py:188} INFO - [2024-05-24T07:35:42.563+0000] {dagbag.py:545} INFO - Filling up the DagBag from /home/airflow/.local/lib/python3.12/site-packages/airflow/example_dags/example_trigger_target_dag.py
[2024-05-24T07:35:42.586+0000] {processor.py:840} INFO - DAG(s) 'example_trigger_target_dag' retrieved from /home/airflow/.local/lib/python3.12/site-packages/airflow/example_dags/example_trigger_target_dag.py
[2024-05-24T07:35:42.651+0000] {logging_mixin.py:188} INFO - [2024-05-24T07:35:42.650+0000] {dag.py:3096} INFO - Sync 1 DAGs
[2024-05-24T07:35:42.682+0000] {logging_mixin.py:188} INFO - [2024-05-24T07:35:42.682+0000] {dag.py:3954} INFO - Setting next_dagrun for example_trigger_target_dag to None, run_after=None
[2024-05-24T07:35:42.701+0000] {processor.py:183} INFO - Processing /home/airflow/.local/lib/python3.12/site-packages/airflow/example_dags/example_trigger_target_dag.py took 0.169 seconds
[2024-05-24T07:41:37.706+0000] {processor.py:161} INFO - Started process (PID=87830) to work on /home/airflow/.local/lib/python3.12/site-packages/airflow/example_dags/example_trigger_target_dag.py
[2024-05-24T07:41:37.709+0000] {processor.py:830} INFO - Processing file /home/airflow/.local/lib/python3.12/site-packages/airflow/example_dags/example_trigger_target_dag.py for tasks to queue
[2024-05-24T07:41:37.710+0000] {logging_mixin.py:188} INFO - [2024-05-24T07:41:37.710+0000] {dagbag.py:545} INFO - Filling up the DagBag from /home/airflow/.local/lib/python3.12/site-packages/airflow/example_dags/example_trigger_target_dag.py
[2024-05-24T07:41:37.718+0000] {processor.py:840} INFO - DAG(s) 'example_trigger_target_dag' retrieved from /home/airflow/.local/lib/python3.12/site-packages/airflow/example_dags/example_trigger_target_dag.py
[2024-05-24T07:41:37.743+0000] {logging_mixin.py:188} INFO - [2024-05-24T07:41:37.743+0000] {dag.py:3096} INFO - Sync 1 DAGs
[2024-05-24T07:41:37.763+0000] {logging_mixin.py:188} INFO - [2024-05-24T07:41:37.763+0000] {dag.py:3954} INFO - Setting next_dagrun for example_trigger_target_dag to None, run_after=None
[2024-05-24T07:41:37.786+0000] {processor.py:183} INFO - Processing /home/airflow/.local/lib/python3.12/site-packages/airflow/example_dags/example_trigger_target_dag.py took 0.087 seconds
[2024-05-24T08:42:34.047+0000] {processor.py:161} INFO - Started process (PID=87895) to work on /home/airflow/.local/lib/python3.12/site-packages/airflow/example_dags/example_trigger_target_dag.py
[2024-05-24T08:42:34.049+0000] {processor.py:830} INFO - Processing file /home/airflow/.local/lib/python3.12/site-packages/airflow/example_dags/example_trigger_target_dag.py for tasks to queue
[2024-05-24T08:42:34.050+0000] {logging_mixin.py:188} INFO - [2024-05-24T08:42:34.049+0000] {dagbag.py:545} INFO - Filling up the DagBag from /home/airflow/.local/lib/python3.12/site-packages/airflow/example_dags/example_trigger_target_dag.py
[2024-05-24T08:42:34.057+0000] {processor.py:840} INFO - DAG(s) 'example_trigger_target_dag' retrieved from /home/airflow/.local/lib/python3.12/site-packages/airflow/example_dags/example_trigger_target_dag.py
[2024-05-24T08:42:34.083+0000] {logging_mixin.py:188} INFO - [2024-05-24T08:42:34.083+0000] {dag.py:3096} INFO - Sync 1 DAGs
[2024-05-24T08:42:34.099+0000] {logging_mixin.py:188} INFO - [2024-05-24T08:42:34.099+0000] {dag.py:3954} INFO - Setting next_dagrun for example_trigger_target_dag to None, run_after=None
[2024-05-24T08:42:34.121+0000] {processor.py:183} INFO - Processing /home/airflow/.local/lib/python3.12/site-packages/airflow/example_dags/example_trigger_target_dag.py took 0.082 seconds
[2024-05-24T09:43:46.026+0000] {processor.py:161} INFO - Started process (PID=87953) to work on /home/airflow/.local/lib/python3.12/site-packages/airflow/example_dags/example_trigger_target_dag.py
[2024-05-24T09:43:46.027+0000] {processor.py:830} INFO - Processing file /home/airflow/.local/lib/python3.12/site-packages/airflow/example_dags/example_trigger_target_dag.py for tasks to queue
[2024-05-24T09:43:46.028+0000] {logging_mixin.py:188} INFO - [2024-05-24T09:43:46.028+0000] {dagbag.py:545} INFO - Filling up the DagBag from /home/airflow/.local/lib/python3.12/site-packages/airflow/example_dags/example_trigger_target_dag.py
[2024-05-24T09:43:46.036+0000] {processor.py:840} INFO - DAG(s) 'example_trigger_target_dag' retrieved from /home/airflow/.local/lib/python3.12/site-packages/airflow/example_dags/example_trigger_target_dag.py
[2024-05-24T09:43:46.061+0000] {logging_mixin.py:188} INFO - [2024-05-24T09:43:46.060+0000] {dag.py:3096} INFO - Sync 1 DAGs
[2024-05-24T09:43:46.085+0000] {logging_mixin.py:188} INFO - [2024-05-24T09:43:46.084+0000] {dag.py:3954} INFO - Setting next_dagrun for example_trigger_target_dag to None, run_after=None
[2024-05-24T09:43:46.121+0000] {processor.py:183} INFO - Processing /home/airflow/.local/lib/python3.12/site-packages/airflow/example_dags/example_trigger_target_dag.py took 0.102 seconds
[2024-05-24T10:44:55.311+0000] {processor.py:161} INFO - Started process (PID=88012) to work on /home/airflow/.local/lib/python3.12/site-packages/airflow/example_dags/example_trigger_target_dag.py
[2024-05-24T10:44:55.313+0000] {processor.py:830} INFO - Processing file /home/airflow/.local/lib/python3.12/site-packages/airflow/example_dags/example_trigger_target_dag.py for tasks to queue
[2024-05-24T10:44:55.314+0000] {logging_mixin.py:188} INFO - [2024-05-24T10:44:55.313+0000] {dagbag.py:545} INFO - Filling up the DagBag from /home/airflow/.local/lib/python3.12/site-packages/airflow/example_dags/example_trigger_target_dag.py
[2024-05-24T10:44:55.321+0000] {processor.py:840} INFO - DAG(s) 'example_trigger_target_dag' retrieved from /home/airflow/.local/lib/python3.12/site-packages/airflow/example_dags/example_trigger_target_dag.py
[2024-05-24T10:44:55.345+0000] {logging_mixin.py:188} INFO - [2024-05-24T10:44:55.345+0000] {dag.py:3096} INFO - Sync 1 DAGs
[2024-05-24T10:44:55.361+0000] {logging_mixin.py:188} INFO - [2024-05-24T10:44:55.361+0000] {dag.py:3954} INFO - Setting next_dagrun for example_trigger_target_dag to None, run_after=None
[2024-05-24T10:44:55.380+0000] {processor.py:183} INFO - Processing /home/airflow/.local/lib/python3.12/site-packages/airflow/example_dags/example_trigger_target_dag.py took 0.076 seconds
[2024-05-24T11:46:01.302+0000] {processor.py:161} INFO - Started process (PID=88071) to work on /home/airflow/.local/lib/python3.12/site-packages/airflow/example_dags/example_trigger_target_dag.py
[2024-05-24T11:46:01.303+0000] {processor.py:830} INFO - Processing file /home/airflow/.local/lib/python3.12/site-packages/airflow/example_dags/example_trigger_target_dag.py for tasks to queue
[2024-05-24T11:46:01.305+0000] {logging_mixin.py:188} INFO - [2024-05-24T11:46:01.304+0000] {dagbag.py:545} INFO - Filling up the DagBag from /home/airflow/.local/lib/python3.12/site-packages/airflow/example_dags/example_trigger_target_dag.py
[2024-05-24T11:46:01.312+0000] {processor.py:840} INFO - DAG(s) 'example_trigger_target_dag' retrieved from /home/airflow/.local/lib/python3.12/site-packages/airflow/example_dags/example_trigger_target_dag.py
[2024-05-24T11:46:01.342+0000] {logging_mixin.py:188} INFO - [2024-05-24T11:46:01.342+0000] {dag.py:3096} INFO - Sync 1 DAGs
[2024-05-24T11:46:01.364+0000] {logging_mixin.py:188} INFO - [2024-05-24T11:46:01.363+0000] {dag.py:3954} INFO - Setting next_dagrun for example_trigger_target_dag to None, run_after=None
[2024-05-24T11:46:01.390+0000] {processor.py:183} INFO - Processing /home/airflow/.local/lib/python3.12/site-packages/airflow/example_dags/example_trigger_target_dag.py took 0.096 seconds
[2024-05-24T12:47:07.268+0000] {processor.py:161} INFO - Started process (PID=88124) to work on /home/airflow/.local/lib/python3.12/site-packages/airflow/example_dags/example_trigger_target_dag.py
[2024-05-24T12:47:07.270+0000] {processor.py:830} INFO - Processing file /home/airflow/.local/lib/python3.12/site-packages/airflow/example_dags/example_trigger_target_dag.py for tasks to queue
[2024-05-24T12:47:07.271+0000] {logging_mixin.py:188} INFO - [2024-05-24T12:47:07.271+0000] {dagbag.py:545} INFO - Filling up the DagBag from /home/airflow/.local/lib/python3.12/site-packages/airflow/example_dags/example_trigger_target_dag.py
[2024-05-24T12:47:07.280+0000] {processor.py:840} INFO - DAG(s) 'example_trigger_target_dag' retrieved from /home/airflow/.local/lib/python3.12/site-packages/airflow/example_dags/example_trigger_target_dag.py
[2024-05-24T12:47:07.303+0000] {logging_mixin.py:188} INFO - [2024-05-24T12:47:07.302+0000] {dag.py:3096} INFO - Sync 1 DAGs
[2024-05-24T12:47:07.318+0000] {logging_mixin.py:188} INFO - [2024-05-24T12:47:07.318+0000] {dag.py:3954} INFO - Setting next_dagrun for example_trigger_target_dag to None, run_after=None
[2024-05-24T12:47:07.338+0000] {processor.py:183} INFO - Processing /home/airflow/.local/lib/python3.12/site-packages/airflow/example_dags/example_trigger_target_dag.py took 0.079 seconds
[2024-05-24T13:48:16.179+0000] {processor.py:161} INFO - Started process (PID=88183) to work on /home/airflow/.local/lib/python3.12/site-packages/airflow/example_dags/example_trigger_target_dag.py
[2024-05-24T13:48:16.182+0000] {processor.py:830} INFO - Processing file /home/airflow/.local/lib/python3.12/site-packages/airflow/example_dags/example_trigger_target_dag.py for tasks to queue
[2024-05-24T13:48:16.183+0000] {logging_mixin.py:188} INFO - [2024-05-24T13:48:16.182+0000] {dagbag.py:545} INFO - Filling up the DagBag from /home/airflow/.local/lib/python3.12/site-packages/airflow/example_dags/example_trigger_target_dag.py
[2024-05-24T13:48:16.189+0000] {processor.py:840} INFO - DAG(s) 'example_trigger_target_dag' retrieved from /home/airflow/.local/lib/python3.12/site-packages/airflow/example_dags/example_trigger_target_dag.py
[2024-05-24T13:48:16.209+0000] {logging_mixin.py:188} INFO - [2024-05-24T13:48:16.209+0000] {dag.py:3096} INFO - Sync 1 DAGs
[2024-05-24T13:48:16.224+0000] {logging_mixin.py:188} INFO - [2024-05-24T13:48:16.224+0000] {dag.py:3954} INFO - Setting next_dagrun for example_trigger_target_dag to None, run_after=None
[2024-05-24T13:48:16.243+0000] {processor.py:183} INFO - Processing /home/airflow/.local/lib/python3.12/site-packages/airflow/example_dags/example_trigger_target_dag.py took 0.075 seconds
[2024-05-24T14:49:26.220+0000] {processor.py:161} INFO - Started process (PID=88242) to work on /home/airflow/.local/lib/python3.12/site-packages/airflow/example_dags/example_trigger_target_dag.py
[2024-05-24T14:49:26.222+0000] {processor.py:830} INFO - Processing file /home/airflow/.local/lib/python3.12/site-packages/airflow/example_dags/example_trigger_target_dag.py for tasks to queue
[2024-05-24T14:49:26.223+0000] {logging_mixin.py:188} INFO - [2024-05-24T14:49:26.223+0000] {dagbag.py:545} INFO - Filling up the DagBag from /home/airflow/.local/lib/python3.12/site-packages/airflow/example_dags/example_trigger_target_dag.py
[2024-05-24T14:49:26.231+0000] {processor.py:840} INFO - DAG(s) 'example_trigger_target_dag' retrieved from /home/airflow/.local/lib/python3.12/site-packages/airflow/example_dags/example_trigger_target_dag.py
[2024-05-24T14:49:26.254+0000] {logging_mixin.py:188} INFO - [2024-05-24T14:49:26.254+0000] {dag.py:3096} INFO - Sync 1 DAGs
[2024-05-24T14:49:26.270+0000] {logging_mixin.py:188} INFO - [2024-05-24T14:49:26.269+0000] {dag.py:3954} INFO - Setting next_dagrun for example_trigger_target_dag to None, run_after=None
[2024-05-24T14:49:26.288+0000] {processor.py:183} INFO - Processing /home/airflow/.local/lib/python3.12/site-packages/airflow/example_dags/example_trigger_target_dag.py took 0.078 seconds
[2024-05-24T15:48:51.683+0000] {processor.py:161} INFO - Started process (PID=88301) to work on /home/airflow/.local/lib/python3.12/site-packages/airflow/example_dags/example_trigger_target_dag.py
[2024-05-24T15:48:51.684+0000] {processor.py:830} INFO - Processing file /home/airflow/.local/lib/python3.12/site-packages/airflow/example_dags/example_trigger_target_dag.py for tasks to queue
[2024-05-24T15:48:51.686+0000] {logging_mixin.py:188} INFO - [2024-05-24T15:48:51.686+0000] {dagbag.py:545} INFO - Filling up the DagBag from /home/airflow/.local/lib/python3.12/site-packages/airflow/example_dags/example_trigger_target_dag.py
[2024-05-24T15:48:51.694+0000] {processor.py:840} INFO - DAG(s) 'example_trigger_target_dag' retrieved from /home/airflow/.local/lib/python3.12/site-packages/airflow/example_dags/example_trigger_target_dag.py
[2024-05-24T15:48:51.719+0000] {logging_mixin.py:188} INFO - [2024-05-24T15:48:51.718+0000] {dag.py:3096} INFO - Sync 1 DAGs
[2024-05-24T15:48:51.739+0000] {logging_mixin.py:188} INFO - [2024-05-24T15:48:51.739+0000] {dag.py:3954} INFO - Setting next_dagrun for example_trigger_target_dag to None, run_after=None
[2024-05-24T15:48:51.762+0000] {processor.py:183} INFO - Processing /home/airflow/.local/lib/python3.12/site-packages/airflow/example_dags/example_trigger_target_dag.py took 0.086 seconds
[2024-05-24T15:50:34.799+0000] {processor.py:161} INFO - Started process (PID=88360) to work on /home/airflow/.local/lib/python3.12/site-packages/airflow/example_dags/example_trigger_target_dag.py
[2024-05-24T15:50:34.801+0000] {processor.py:830} INFO - Processing file /home/airflow/.local/lib/python3.12/site-packages/airflow/example_dags/example_trigger_target_dag.py for tasks to queue
[2024-05-24T15:50:34.802+0000] {logging_mixin.py:188} INFO - [2024-05-24T15:50:34.802+0000] {dagbag.py:545} INFO - Filling up the DagBag from /home/airflow/.local/lib/python3.12/site-packages/airflow/example_dags/example_trigger_target_dag.py
[2024-05-24T15:50:34.809+0000] {processor.py:840} INFO - DAG(s) 'example_trigger_target_dag' retrieved from /home/airflow/.local/lib/python3.12/site-packages/airflow/example_dags/example_trigger_target_dag.py
[2024-05-24T15:50:34.833+0000] {logging_mixin.py:188} INFO - [2024-05-24T15:50:34.833+0000] {dag.py:3096} INFO - Sync 1 DAGs
[2024-05-24T15:50:34.858+0000] {logging_mixin.py:188} INFO - [2024-05-24T15:50:34.856+0000] {dag.py:3954} INFO - Setting next_dagrun for example_trigger_target_dag to None, run_after=None
[2024-05-24T15:50:34.891+0000] {processor.py:183} INFO - Processing /home/airflow/.local/lib/python3.12/site-packages/airflow/example_dags/example_trigger_target_dag.py took 0.099 seconds
[2024-05-24T16:51:42.375+0000] {processor.py:161} INFO - Started process (PID=88419) to work on /home/airflow/.local/lib/python3.12/site-packages/airflow/example_dags/example_trigger_target_dag.py
[2024-05-24T16:51:42.377+0000] {processor.py:830} INFO - Processing file /home/airflow/.local/lib/python3.12/site-packages/airflow/example_dags/example_trigger_target_dag.py for tasks to queue
[2024-05-24T16:51:42.381+0000] {logging_mixin.py:188} INFO - [2024-05-24T16:51:42.381+0000] {dagbag.py:545} INFO - Filling up the DagBag from /home/airflow/.local/lib/python3.12/site-packages/airflow/example_dags/example_trigger_target_dag.py
[2024-05-24T16:51:42.396+0000] {processor.py:840} INFO - DAG(s) 'example_trigger_target_dag' retrieved from /home/airflow/.local/lib/python3.12/site-packages/airflow/example_dags/example_trigger_target_dag.py
[2024-05-24T16:51:42.441+0000] {logging_mixin.py:188} INFO - [2024-05-24T16:51:42.441+0000] {dag.py:3096} INFO - Sync 1 DAGs
[2024-05-24T16:51:42.465+0000] {logging_mixin.py:188} INFO - [2024-05-24T16:51:42.464+0000] {dag.py:3954} INFO - Setting next_dagrun for example_trigger_target_dag to None, run_after=None
[2024-05-24T16:51:42.508+0000] {processor.py:183} INFO - Processing /home/airflow/.local/lib/python3.12/site-packages/airflow/example_dags/example_trigger_target_dag.py took 0.148 seconds
[2024-05-24T17:50:14.011+0000] {processor.py:161} INFO - Started process (PID=88477) to work on /home/airflow/.local/lib/python3.12/site-packages/airflow/example_dags/example_trigger_target_dag.py
[2024-05-24T17:50:14.013+0000] {processor.py:830} INFO - Processing file /home/airflow/.local/lib/python3.12/site-packages/airflow/example_dags/example_trigger_target_dag.py for tasks to queue
[2024-05-24T17:50:14.014+0000] {logging_mixin.py:188} INFO - [2024-05-24T17:50:14.013+0000] {dagbag.py:545} INFO - Filling up the DagBag from /home/airflow/.local/lib/python3.12/site-packages/airflow/example_dags/example_trigger_target_dag.py
[2024-05-24T17:50:14.022+0000] {processor.py:840} INFO - DAG(s) 'example_trigger_target_dag' retrieved from /home/airflow/.local/lib/python3.12/site-packages/airflow/example_dags/example_trigger_target_dag.py
[2024-05-24T17:50:14.050+0000] {logging_mixin.py:188} INFO - [2024-05-24T17:50:14.049+0000] {dag.py:3096} INFO - Sync 1 DAGs
[2024-05-24T17:50:14.065+0000] {logging_mixin.py:188} INFO - [2024-05-24T17:50:14.065+0000] {dag.py:3954} INFO - Setting next_dagrun for example_trigger_target_dag to None, run_after=None
[2024-05-24T17:50:14.085+0000] {processor.py:183} INFO - Processing /home/airflow/.local/lib/python3.12/site-packages/airflow/example_dags/example_trigger_target_dag.py took 0.081 seconds
[2024-05-24T17:50:44.597+0000] {processor.py:161} INFO - Started process (PID=88536) to work on /home/airflow/.local/lib/python3.12/site-packages/airflow/example_dags/example_trigger_target_dag.py
[2024-05-24T17:50:44.598+0000] {processor.py:830} INFO - Processing file /home/airflow/.local/lib/python3.12/site-packages/airflow/example_dags/example_trigger_target_dag.py for tasks to queue
[2024-05-24T17:50:44.599+0000] {logging_mixin.py:188} INFO - [2024-05-24T17:50:44.599+0000] {dagbag.py:545} INFO - Filling up the DagBag from /home/airflow/.local/lib/python3.12/site-packages/airflow/example_dags/example_trigger_target_dag.py
[2024-05-24T17:50:44.607+0000] {processor.py:840} INFO - DAG(s) 'example_trigger_target_dag' retrieved from /home/airflow/.local/lib/python3.12/site-packages/airflow/example_dags/example_trigger_target_dag.py
[2024-05-24T17:50:44.629+0000] {logging_mixin.py:188} INFO - [2024-05-24T17:50:44.628+0000] {dag.py:3096} INFO - Sync 1 DAGs
[2024-05-24T17:50:44.644+0000] {logging_mixin.py:188} INFO - [2024-05-24T17:50:44.644+0000] {dag.py:3954} INFO - Setting next_dagrun for example_trigger_target_dag to None, run_after=None
[2024-05-24T17:50:44.663+0000] {processor.py:183} INFO - Processing /home/airflow/.local/lib/python3.12/site-packages/airflow/example_dags/example_trigger_target_dag.py took 0.074 seconds
[2024-05-24T18:53:38.825+0000] {processor.py:161} INFO - Started process (PID=88595) to work on /home/airflow/.local/lib/python3.12/site-packages/airflow/example_dags/example_trigger_target_dag.py
[2024-05-24T18:53:38.826+0000] {processor.py:830} INFO - Processing file /home/airflow/.local/lib/python3.12/site-packages/airflow/example_dags/example_trigger_target_dag.py for tasks to queue
[2024-05-24T18:53:38.828+0000] {logging_mixin.py:188} INFO - [2024-05-24T18:53:38.827+0000] {dagbag.py:545} INFO - Filling up the DagBag from /home/airflow/.local/lib/python3.12/site-packages/airflow/example_dags/example_trigger_target_dag.py
[2024-05-24T18:53:38.834+0000] {processor.py:840} INFO - DAG(s) 'example_trigger_target_dag' retrieved from /home/airflow/.local/lib/python3.12/site-packages/airflow/example_dags/example_trigger_target_dag.py
[2024-05-24T18:53:38.856+0000] {logging_mixin.py:188} INFO - [2024-05-24T18:53:38.856+0000] {dag.py:3096} INFO - Sync 1 DAGs
[2024-05-24T18:53:38.873+0000] {logging_mixin.py:188} INFO - [2024-05-24T18:53:38.873+0000] {dag.py:3954} INFO - Setting next_dagrun for example_trigger_target_dag to None, run_after=None
[2024-05-24T18:53:38.892+0000] {processor.py:183} INFO - Processing /home/airflow/.local/lib/python3.12/site-packages/airflow/example_dags/example_trigger_target_dag.py took 0.073 seconds
[2024-05-24T19:53:32.394+0000] {processor.py:161} INFO - Started process (PID=88654) to work on /home/airflow/.local/lib/python3.12/site-packages/airflow/example_dags/example_trigger_target_dag.py
[2024-05-24T19:53:32.396+0000] {processor.py:830} INFO - Processing file /home/airflow/.local/lib/python3.12/site-packages/airflow/example_dags/example_trigger_target_dag.py for tasks to queue
[2024-05-24T19:53:32.397+0000] {logging_mixin.py:188} INFO - [2024-05-24T19:53:32.396+0000] {dagbag.py:545} INFO - Filling up the DagBag from /home/airflow/.local/lib/python3.12/site-packages/airflow/example_dags/example_trigger_target_dag.py
[2024-05-24T19:53:32.404+0000] {processor.py:840} INFO - DAG(s) 'example_trigger_target_dag' retrieved from /home/airflow/.local/lib/python3.12/site-packages/airflow/example_dags/example_trigger_target_dag.py
[2024-05-24T19:53:32.424+0000] {logging_mixin.py:188} INFO - [2024-05-24T19:53:32.424+0000] {dag.py:3096} INFO - Sync 1 DAGs
[2024-05-24T19:53:32.439+0000] {logging_mixin.py:188} INFO - [2024-05-24T19:53:32.439+0000] {dag.py:3954} INFO - Setting next_dagrun for example_trigger_target_dag to None, run_after=None
[2024-05-24T19:53:32.459+0000] {processor.py:183} INFO - Processing /home/airflow/.local/lib/python3.12/site-packages/airflow/example_dags/example_trigger_target_dag.py took 0.073 seconds
[2024-05-24T20:54:48.557+0000] {processor.py:161} INFO - Started process (PID=88719) to work on /home/airflow/.local/lib/python3.12/site-packages/airflow/example_dags/example_trigger_target_dag.py
[2024-05-24T20:54:48.562+0000] {processor.py:830} INFO - Processing file /home/airflow/.local/lib/python3.12/site-packages/airflow/example_dags/example_trigger_target_dag.py for tasks to queue
[2024-05-24T20:54:48.563+0000] {logging_mixin.py:188} INFO - [2024-05-24T20:54:48.562+0000] {dagbag.py:545} INFO - Filling up the DagBag from /home/airflow/.local/lib/python3.12/site-packages/airflow/example_dags/example_trigger_target_dag.py
[2024-05-24T20:54:48.591+0000] {processor.py:840} INFO - DAG(s) 'example_trigger_target_dag' retrieved from /home/airflow/.local/lib/python3.12/site-packages/airflow/example_dags/example_trigger_target_dag.py
[2024-05-24T20:54:48.669+0000] {logging_mixin.py:188} INFO - [2024-05-24T20:54:48.668+0000] {dag.py:3096} INFO - Sync 1 DAGs
[2024-05-24T20:54:48.713+0000] {logging_mixin.py:188} INFO - [2024-05-24T20:54:48.712+0000] {dag.py:3954} INFO - Setting next_dagrun for example_trigger_target_dag to None, run_after=None
[2024-05-24T20:54:48.788+0000] {processor.py:183} INFO - Processing /home/airflow/.local/lib/python3.12/site-packages/airflow/example_dags/example_trigger_target_dag.py took 0.249 seconds
[2024-05-24T21:55:52.590+0000] {processor.py:161} INFO - Started process (PID=88772) to work on /home/airflow/.local/lib/python3.12/site-packages/airflow/example_dags/example_trigger_target_dag.py
[2024-05-24T21:55:52.592+0000] {processor.py:830} INFO - Processing file /home/airflow/.local/lib/python3.12/site-packages/airflow/example_dags/example_trigger_target_dag.py for tasks to queue
[2024-05-24T21:55:52.594+0000] {logging_mixin.py:188} INFO - [2024-05-24T21:55:52.594+0000] {dagbag.py:545} INFO - Filling up the DagBag from /home/airflow/.local/lib/python3.12/site-packages/airflow/example_dags/example_trigger_target_dag.py
[2024-05-24T21:55:52.616+0000] {processor.py:840} INFO - DAG(s) 'example_trigger_target_dag' retrieved from /home/airflow/.local/lib/python3.12/site-packages/airflow/example_dags/example_trigger_target_dag.py
[2024-05-24T21:55:52.663+0000] {logging_mixin.py:188} INFO - [2024-05-24T21:55:52.662+0000] {dag.py:3096} INFO - Sync 1 DAGs
[2024-05-24T21:55:52.685+0000] {logging_mixin.py:188} INFO - [2024-05-24T21:55:52.684+0000] {dag.py:3954} INFO - Setting next_dagrun for example_trigger_target_dag to None, run_after=None
[2024-05-24T21:55:52.737+0000] {processor.py:183} INFO - Processing /home/airflow/.local/lib/python3.12/site-packages/airflow/example_dags/example_trigger_target_dag.py took 0.174 seconds
[2024-05-24T22:56:59.179+0000] {processor.py:161} INFO - Started process (PID=88831) to work on /home/airflow/.local/lib/python3.12/site-packages/airflow/example_dags/example_trigger_target_dag.py
[2024-05-24T22:56:59.180+0000] {processor.py:830} INFO - Processing file /home/airflow/.local/lib/python3.12/site-packages/airflow/example_dags/example_trigger_target_dag.py for tasks to queue
[2024-05-24T22:56:59.182+0000] {logging_mixin.py:188} INFO - [2024-05-24T22:56:59.181+0000] {dagbag.py:545} INFO - Filling up the DagBag from /home/airflow/.local/lib/python3.12/site-packages/airflow/example_dags/example_trigger_target_dag.py
[2024-05-24T22:56:59.190+0000] {processor.py:840} INFO - DAG(s) 'example_trigger_target_dag' retrieved from /home/airflow/.local/lib/python3.12/site-packages/airflow/example_dags/example_trigger_target_dag.py
[2024-05-24T22:56:59.217+0000] {logging_mixin.py:188} INFO - [2024-05-24T22:56:59.216+0000] {dag.py:3096} INFO - Sync 1 DAGs
[2024-05-24T22:56:59.233+0000] {logging_mixin.py:188} INFO - [2024-05-24T22:56:59.232+0000] {dag.py:3954} INFO - Setting next_dagrun for example_trigger_target_dag to None, run_after=None
[2024-05-24T22:56:59.253+0000] {processor.py:183} INFO - Processing /home/airflow/.local/lib/python3.12/site-packages/airflow/example_dags/example_trigger_target_dag.py took 0.082 seconds
