[2024-05-24T00:10:41.057+0000] {processor.py:161} INFO - Started process (PID=87405) to work on /home/airflow/.local/lib/python3.12/site-packages/airflow/example_dags/example_trigger_controller_dag.py
[2024-05-24T00:10:41.058+0000] {processor.py:830} INFO - Processing file /home/airflow/.local/lib/python3.12/site-packages/airflow/example_dags/example_trigger_controller_dag.py for tasks to queue
[2024-05-24T00:10:41.060+0000] {logging_mixin.py:188} INFO - [2024-05-24T00:10:41.059+0000] {dagbag.py:545} INFO - Filling up the DagBag from /home/airflow/.local/lib/python3.12/site-packages/airflow/example_dags/example_trigger_controller_dag.py
[2024-05-24T00:10:41.071+0000] {processor.py:840} INFO - DAG(s) 'example_trigger_controller_dag' retrieved from /home/airflow/.local/lib/python3.12/site-packages/airflow/example_dags/example_trigger_controller_dag.py
[2024-05-24T00:10:41.093+0000] {logging_mixin.py:188} INFO - [2024-05-24T00:10:41.093+0000] {dag.py:3096} INFO - Sync 1 DAGs
[2024-05-24T00:10:41.118+0000] {logging_mixin.py:188} INFO - [2024-05-24T00:10:41.118+0000] {dag.py:3954} INFO - Setting next_dagrun for example_trigger_controller_dag to 2021-01-01 00:00:00+00:00, run_after=2021-01-01 00:00:00+00:00
[2024-05-24T00:10:41.139+0000] {processor.py:183} INFO - Processing /home/airflow/.local/lib/python3.12/site-packages/airflow/example_dags/example_trigger_controller_dag.py took 0.089 seconds
[2024-05-24T03:15:00.994+0000] {processor.py:161} INFO - Started process (PID=87464) to work on /home/airflow/.local/lib/python3.12/site-packages/airflow/example_dags/example_trigger_controller_dag.py
[2024-05-24T03:15:01.002+0000] {processor.py:830} INFO - Processing file /home/airflow/.local/lib/python3.12/site-packages/airflow/example_dags/example_trigger_controller_dag.py for tasks to queue
[2024-05-24T03:15:01.005+0000] {logging_mixin.py:188} INFO - [2024-05-24T03:15:01.005+0000] {dagbag.py:545} INFO - Filling up the DagBag from /home/airflow/.local/lib/python3.12/site-packages/airflow/example_dags/example_trigger_controller_dag.py
[2024-05-24T03:15:01.030+0000] {processor.py:840} INFO - DAG(s) 'example_trigger_controller_dag' retrieved from /home/airflow/.local/lib/python3.12/site-packages/airflow/example_dags/example_trigger_controller_dag.py
[2024-05-24T03:15:01.101+0000] {logging_mixin.py:188} INFO - [2024-05-24T03:15:01.101+0000] {dag.py:3096} INFO - Sync 1 DAGs
[2024-05-24T03:15:01.229+0000] {logging_mixin.py:188} INFO - [2024-05-24T03:15:01.226+0000] {dag.py:3954} INFO - Setting next_dagrun for example_trigger_controller_dag to 2021-01-01 00:00:00+00:00, run_after=2021-01-01 00:00:00+00:00
[2024-05-24T03:15:01.300+0000] {processor.py:183} INFO - Processing /home/airflow/.local/lib/python3.12/site-packages/airflow/example_dags/example_trigger_controller_dag.py took 0.336 seconds
[2024-05-24T05:04:11.867+0000] {processor.py:161} INFO - Started process (PID=87523) to work on /home/airflow/.local/lib/python3.12/site-packages/airflow/example_dags/example_trigger_controller_dag.py
[2024-05-24T05:04:11.868+0000] {processor.py:830} INFO - Processing file /home/airflow/.local/lib/python3.12/site-packages/airflow/example_dags/example_trigger_controller_dag.py for tasks to queue
[2024-05-24T05:04:11.869+0000] {logging_mixin.py:188} INFO - [2024-05-24T05:04:11.869+0000] {dagbag.py:545} INFO - Filling up the DagBag from /home/airflow/.local/lib/python3.12/site-packages/airflow/example_dags/example_trigger_controller_dag.py
[2024-05-24T05:04:11.876+0000] {processor.py:840} INFO - DAG(s) 'example_trigger_controller_dag' retrieved from /home/airflow/.local/lib/python3.12/site-packages/airflow/example_dags/example_trigger_controller_dag.py
[2024-05-24T05:04:11.913+0000] {logging_mixin.py:188} INFO - [2024-05-24T05:04:11.912+0000] {dag.py:3096} INFO - Sync 1 DAGs
[2024-05-24T05:04:11.946+0000] {logging_mixin.py:188} INFO - [2024-05-24T05:04:11.946+0000] {dag.py:3954} INFO - Setting next_dagrun for example_trigger_controller_dag to 2021-01-01 00:00:00+00:00, run_after=2021-01-01 00:00:00+00:00
[2024-05-24T05:04:11.967+0000] {processor.py:183} INFO - Processing /home/airflow/.local/lib/python3.12/site-packages/airflow/example_dags/example_trigger_controller_dag.py took 0.107 seconds
[2024-05-24T05:06:18.071+0000] {processor.py:161} INFO - Started process (PID=87582) to work on /home/airflow/.local/lib/python3.12/site-packages/airflow/example_dags/example_trigger_controller_dag.py
[2024-05-24T05:06:18.076+0000] {processor.py:830} INFO - Processing file /home/airflow/.local/lib/python3.12/site-packages/airflow/example_dags/example_trigger_controller_dag.py for tasks to queue
[2024-05-24T05:06:18.079+0000] {logging_mixin.py:188} INFO - [2024-05-24T05:06:18.079+0000] {dagbag.py:545} INFO - Filling up the DagBag from /home/airflow/.local/lib/python3.12/site-packages/airflow/example_dags/example_trigger_controller_dag.py
[2024-05-24T05:06:18.088+0000] {processor.py:840} INFO - DAG(s) 'example_trigger_controller_dag' retrieved from /home/airflow/.local/lib/python3.12/site-packages/airflow/example_dags/example_trigger_controller_dag.py
[2024-05-24T05:06:18.115+0000] {logging_mixin.py:188} INFO - [2024-05-24T05:06:18.115+0000] {dag.py:3096} INFO - Sync 1 DAGs
[2024-05-24T05:06:18.147+0000] {logging_mixin.py:188} INFO - [2024-05-24T05:06:18.147+0000] {dag.py:3954} INFO - Setting next_dagrun for example_trigger_controller_dag to 2021-01-01 00:00:00+00:00, run_after=2021-01-01 00:00:00+00:00
[2024-05-24T05:06:18.169+0000] {processor.py:183} INFO - Processing /home/airflow/.local/lib/python3.12/site-packages/airflow/example_dags/example_trigger_controller_dag.py took 0.106 seconds
[2024-05-24T05:40:27.516+0000] {processor.py:161} INFO - Started process (PID=87641) to work on /home/airflow/.local/lib/python3.12/site-packages/airflow/example_dags/example_trigger_controller_dag.py
[2024-05-24T05:40:27.517+0000] {processor.py:830} INFO - Processing file /home/airflow/.local/lib/python3.12/site-packages/airflow/example_dags/example_trigger_controller_dag.py for tasks to queue
[2024-05-24T05:40:27.518+0000] {logging_mixin.py:188} INFO - [2024-05-24T05:40:27.518+0000] {dagbag.py:545} INFO - Filling up the DagBag from /home/airflow/.local/lib/python3.12/site-packages/airflow/example_dags/example_trigger_controller_dag.py
[2024-05-24T05:40:27.524+0000] {processor.py:840} INFO - DAG(s) 'example_trigger_controller_dag' retrieved from /home/airflow/.local/lib/python3.12/site-packages/airflow/example_dags/example_trigger_controller_dag.py
[2024-05-24T05:40:27.546+0000] {logging_mixin.py:188} INFO - [2024-05-24T05:40:27.546+0000] {dag.py:3096} INFO - Sync 1 DAGs
[2024-05-24T05:40:27.572+0000] {logging_mixin.py:188} INFO - [2024-05-24T05:40:27.572+0000] {dag.py:3954} INFO - Setting next_dagrun for example_trigger_controller_dag to 2021-01-01 00:00:00+00:00, run_after=2021-01-01 00:00:00+00:00
[2024-05-24T05:40:27.595+0000] {processor.py:183} INFO - Processing /home/airflow/.local/lib/python3.12/site-packages/airflow/example_dags/example_trigger_controller_dag.py took 0.087 seconds
[2024-05-24T06:35:29.636+0000] {processor.py:161} INFO - Started process (PID=87700) to work on /home/airflow/.local/lib/python3.12/site-packages/airflow/example_dags/example_trigger_controller_dag.py
[2024-05-24T06:35:29.643+0000] {processor.py:830} INFO - Processing file /home/airflow/.local/lib/python3.12/site-packages/airflow/example_dags/example_trigger_controller_dag.py for tasks to queue
[2024-05-24T06:35:29.648+0000] {logging_mixin.py:188} INFO - [2024-05-24T06:35:29.647+0000] {dagbag.py:545} INFO - Filling up the DagBag from /home/airflow/.local/lib/python3.12/site-packages/airflow/example_dags/example_trigger_controller_dag.py
[2024-05-24T06:35:29.676+0000] {processor.py:840} INFO - DAG(s) 'example_trigger_controller_dag' retrieved from /home/airflow/.local/lib/python3.12/site-packages/airflow/example_dags/example_trigger_controller_dag.py
[2024-05-24T06:35:29.785+0000] {logging_mixin.py:188} INFO - [2024-05-24T06:35:29.783+0000] {dag.py:3096} INFO - Sync 1 DAGs
[2024-05-24T06:35:29.938+0000] {logging_mixin.py:188} INFO - [2024-05-24T06:35:29.936+0000] {dag.py:3954} INFO - Setting next_dagrun for example_trigger_controller_dag to 2021-01-01 00:00:00+00:00, run_after=2021-01-01 00:00:00+00:00
[2024-05-24T07:35:42.064+0000] {processor.py:161} INFO - Started process (PID=87768) to work on /home/airflow/.local/lib/python3.12/site-packages/airflow/example_dags/example_trigger_controller_dag.py
[2024-05-24T07:35:42.066+0000] {processor.py:830} INFO - Processing file /home/airflow/.local/lib/python3.12/site-packages/airflow/example_dags/example_trigger_controller_dag.py for tasks to queue
[2024-05-24T07:35:42.067+0000] {logging_mixin.py:188} INFO - [2024-05-24T07:35:42.067+0000] {dagbag.py:545} INFO - Filling up the DagBag from /home/airflow/.local/lib/python3.12/site-packages/airflow/example_dags/example_trigger_controller_dag.py
[2024-05-24T07:35:42.073+0000] {processor.py:840} INFO - DAG(s) 'example_trigger_controller_dag' retrieved from /home/airflow/.local/lib/python3.12/site-packages/airflow/example_dags/example_trigger_controller_dag.py
[2024-05-24T07:35:42.181+0000] {logging_mixin.py:188} INFO - [2024-05-24T07:35:42.180+0000] {dag.py:3096} INFO - Sync 1 DAGs
[2024-05-24T07:35:42.204+0000] {logging_mixin.py:188} INFO - [2024-05-24T07:35:42.203+0000] {dag.py:3954} INFO - Setting next_dagrun for example_trigger_controller_dag to 2021-01-01 00:00:00+00:00, run_after=2021-01-01 00:00:00+00:00
[2024-05-24T07:35:42.255+0000] {processor.py:183} INFO - Processing /home/airflow/.local/lib/python3.12/site-packages/airflow/example_dags/example_trigger_controller_dag.py took 0.198 seconds
[2024-05-24T07:41:37.508+0000] {processor.py:161} INFO - Started process (PID=87827) to work on /home/airflow/.local/lib/python3.12/site-packages/airflow/example_dags/example_trigger_controller_dag.py
[2024-05-24T07:41:37.513+0000] {processor.py:830} INFO - Processing file /home/airflow/.local/lib/python3.12/site-packages/airflow/example_dags/example_trigger_controller_dag.py for tasks to queue
[2024-05-24T07:41:37.515+0000] {logging_mixin.py:188} INFO - [2024-05-24T07:41:37.515+0000] {dagbag.py:545} INFO - Filling up the DagBag from /home/airflow/.local/lib/python3.12/site-packages/airflow/example_dags/example_trigger_controller_dag.py
[2024-05-24T07:41:37.528+0000] {processor.py:840} INFO - DAG(s) 'example_trigger_controller_dag' retrieved from /home/airflow/.local/lib/python3.12/site-packages/airflow/example_dags/example_trigger_controller_dag.py
[2024-05-24T07:41:37.556+0000] {logging_mixin.py:188} INFO - [2024-05-24T07:41:37.556+0000] {dag.py:3096} INFO - Sync 1 DAGs
[2024-05-24T07:41:37.591+0000] {logging_mixin.py:188} INFO - [2024-05-24T07:41:37.591+0000] {dag.py:3954} INFO - Setting next_dagrun for example_trigger_controller_dag to 2021-01-01 00:00:00+00:00, run_after=2021-01-01 00:00:00+00:00
[2024-05-24T07:41:37.614+0000] {processor.py:183} INFO - Processing /home/airflow/.local/lib/python3.12/site-packages/airflow/example_dags/example_trigger_controller_dag.py took 0.113 seconds
[2024-05-24T08:42:33.812+0000] {processor.py:161} INFO - Started process (PID=87892) to work on /home/airflow/.local/lib/python3.12/site-packages/airflow/example_dags/example_trigger_controller_dag.py
[2024-05-24T08:42:33.813+0000] {processor.py:830} INFO - Processing file /home/airflow/.local/lib/python3.12/site-packages/airflow/example_dags/example_trigger_controller_dag.py for tasks to queue
[2024-05-24T08:42:33.814+0000] {logging_mixin.py:188} INFO - [2024-05-24T08:42:33.814+0000] {dagbag.py:545} INFO - Filling up the DagBag from /home/airflow/.local/lib/python3.12/site-packages/airflow/example_dags/example_trigger_controller_dag.py
[2024-05-24T08:42:33.821+0000] {processor.py:840} INFO - DAG(s) 'example_trigger_controller_dag' retrieved from /home/airflow/.local/lib/python3.12/site-packages/airflow/example_dags/example_trigger_controller_dag.py
[2024-05-24T08:42:33.847+0000] {logging_mixin.py:188} INFO - [2024-05-24T08:42:33.847+0000] {dag.py:3096} INFO - Sync 1 DAGs
[2024-05-24T08:42:33.873+0000] {logging_mixin.py:188} INFO - [2024-05-24T08:42:33.873+0000] {dag.py:3954} INFO - Setting next_dagrun for example_trigger_controller_dag to 2021-01-01 00:00:00+00:00, run_after=2021-01-01 00:00:00+00:00
[2024-05-24T08:42:33.894+0000] {processor.py:183} INFO - Processing /home/airflow/.local/lib/python3.12/site-packages/airflow/example_dags/example_trigger_controller_dag.py took 0.090 seconds
[2024-05-24T09:43:45.772+0000] {processor.py:161} INFO - Started process (PID=87950) to work on /home/airflow/.local/lib/python3.12/site-packages/airflow/example_dags/example_trigger_controller_dag.py
[2024-05-24T09:43:45.775+0000] {processor.py:830} INFO - Processing file /home/airflow/.local/lib/python3.12/site-packages/airflow/example_dags/example_trigger_controller_dag.py for tasks to queue
[2024-05-24T09:43:45.777+0000] {logging_mixin.py:188} INFO - [2024-05-24T09:43:45.776+0000] {dagbag.py:545} INFO - Filling up the DagBag from /home/airflow/.local/lib/python3.12/site-packages/airflow/example_dags/example_trigger_controller_dag.py
[2024-05-24T09:43:45.783+0000] {processor.py:840} INFO - DAG(s) 'example_trigger_controller_dag' retrieved from /home/airflow/.local/lib/python3.12/site-packages/airflow/example_dags/example_trigger_controller_dag.py
[2024-05-24T09:43:45.812+0000] {logging_mixin.py:188} INFO - [2024-05-24T09:43:45.812+0000] {dag.py:3096} INFO - Sync 1 DAGs
[2024-05-24T09:43:45.842+0000] {logging_mixin.py:188} INFO - [2024-05-24T09:43:45.842+0000] {dag.py:3954} INFO - Setting next_dagrun for example_trigger_controller_dag to 2021-01-01 00:00:00+00:00, run_after=2021-01-01 00:00:00+00:00
[2024-05-24T09:43:45.861+0000] {processor.py:183} INFO - Processing /home/airflow/.local/lib/python3.12/site-packages/airflow/example_dags/example_trigger_controller_dag.py took 0.097 seconds
[2024-05-24T10:44:55.001+0000] {processor.py:161} INFO - Started process (PID=88009) to work on /home/airflow/.local/lib/python3.12/site-packages/airflow/example_dags/example_trigger_controller_dag.py
[2024-05-24T10:44:55.010+0000] {processor.py:830} INFO - Processing file /home/airflow/.local/lib/python3.12/site-packages/airflow/example_dags/example_trigger_controller_dag.py for tasks to queue
[2024-05-24T10:44:55.013+0000] {logging_mixin.py:188} INFO - [2024-05-24T10:44:55.012+0000] {dagbag.py:545} INFO - Filling up the DagBag from /home/airflow/.local/lib/python3.12/site-packages/airflow/example_dags/example_trigger_controller_dag.py
[2024-05-24T10:44:55.033+0000] {processor.py:840} INFO - DAG(s) 'example_trigger_controller_dag' retrieved from /home/airflow/.local/lib/python3.12/site-packages/airflow/example_dags/example_trigger_controller_dag.py
[2024-05-24T10:44:55.096+0000] {logging_mixin.py:188} INFO - [2024-05-24T10:44:55.094+0000] {dag.py:3096} INFO - Sync 1 DAGs
[2024-05-24T10:44:55.138+0000] {logging_mixin.py:188} INFO - [2024-05-24T10:44:55.136+0000] {dag.py:3954} INFO - Setting next_dagrun for example_trigger_controller_dag to 2021-01-01 00:00:00+00:00, run_after=2021-01-01 00:00:00+00:00
[2024-05-24T10:44:55.172+0000] {processor.py:183} INFO - Processing /home/airflow/.local/lib/python3.12/site-packages/airflow/example_dags/example_trigger_controller_dag.py took 0.190 seconds
[2024-05-24T11:46:01.084+0000] {processor.py:161} INFO - Started process (PID=88068) to work on /home/airflow/.local/lib/python3.12/site-packages/airflow/example_dags/example_trigger_controller_dag.py
[2024-05-24T11:46:01.086+0000] {processor.py:830} INFO - Processing file /home/airflow/.local/lib/python3.12/site-packages/airflow/example_dags/example_trigger_controller_dag.py for tasks to queue
[2024-05-24T11:46:01.087+0000] {logging_mixin.py:188} INFO - [2024-05-24T11:46:01.087+0000] {dagbag.py:545} INFO - Filling up the DagBag from /home/airflow/.local/lib/python3.12/site-packages/airflow/example_dags/example_trigger_controller_dag.py
[2024-05-24T11:46:01.095+0000] {processor.py:840} INFO - DAG(s) 'example_trigger_controller_dag' retrieved from /home/airflow/.local/lib/python3.12/site-packages/airflow/example_dags/example_trigger_controller_dag.py
[2024-05-24T11:46:01.122+0000] {logging_mixin.py:188} INFO - [2024-05-24T11:46:01.122+0000] {dag.py:3096} INFO - Sync 1 DAGs
[2024-05-24T11:46:01.152+0000] {logging_mixin.py:188} INFO - [2024-05-24T11:46:01.152+0000] {dag.py:3954} INFO - Setting next_dagrun for example_trigger_controller_dag to 2021-01-01 00:00:00+00:00, run_after=2021-01-01 00:00:00+00:00
[2024-05-24T11:46:01.192+0000] {processor.py:183} INFO - Processing /home/airflow/.local/lib/python3.12/site-packages/airflow/example_dags/example_trigger_controller_dag.py took 0.117 seconds
[2024-05-24T12:47:07.027+0000] {processor.py:161} INFO - Started process (PID=88121) to work on /home/airflow/.local/lib/python3.12/site-packages/airflow/example_dags/example_trigger_controller_dag.py
[2024-05-24T12:47:07.030+0000] {processor.py:830} INFO - Processing file /home/airflow/.local/lib/python3.12/site-packages/airflow/example_dags/example_trigger_controller_dag.py for tasks to queue
[2024-05-24T12:47:07.031+0000] {logging_mixin.py:188} INFO - [2024-05-24T12:47:07.031+0000] {dagbag.py:545} INFO - Filling up the DagBag from /home/airflow/.local/lib/python3.12/site-packages/airflow/example_dags/example_trigger_controller_dag.py
[2024-05-24T12:47:07.040+0000] {processor.py:840} INFO - DAG(s) 'example_trigger_controller_dag' retrieved from /home/airflow/.local/lib/python3.12/site-packages/airflow/example_dags/example_trigger_controller_dag.py
[2024-05-24T12:47:07.077+0000] {logging_mixin.py:188} INFO - [2024-05-24T12:47:07.077+0000] {dag.py:3096} INFO - Sync 1 DAGs
[2024-05-24T12:47:07.110+0000] {logging_mixin.py:188} INFO - [2024-05-24T12:47:07.109+0000] {dag.py:3954} INFO - Setting next_dagrun for example_trigger_controller_dag to 2021-01-01 00:00:00+00:00, run_after=2021-01-01 00:00:00+00:00
[2024-05-24T12:47:07.131+0000] {processor.py:183} INFO - Processing /home/airflow/.local/lib/python3.12/site-packages/airflow/example_dags/example_trigger_controller_dag.py took 0.129 seconds
[2024-05-24T13:48:15.975+0000] {processor.py:161} INFO - Started process (PID=88180) to work on /home/airflow/.local/lib/python3.12/site-packages/airflow/example_dags/example_trigger_controller_dag.py
[2024-05-24T13:48:15.977+0000] {processor.py:830} INFO - Processing file /home/airflow/.local/lib/python3.12/site-packages/airflow/example_dags/example_trigger_controller_dag.py for tasks to queue
[2024-05-24T13:48:15.979+0000] {logging_mixin.py:188} INFO - [2024-05-24T13:48:15.978+0000] {dagbag.py:545} INFO - Filling up the DagBag from /home/airflow/.local/lib/python3.12/site-packages/airflow/example_dags/example_trigger_controller_dag.py
[2024-05-24T13:48:15.986+0000] {processor.py:840} INFO - DAG(s) 'example_trigger_controller_dag' retrieved from /home/airflow/.local/lib/python3.12/site-packages/airflow/example_dags/example_trigger_controller_dag.py
[2024-05-24T13:48:16.014+0000] {logging_mixin.py:188} INFO - [2024-05-24T13:48:16.014+0000] {dag.py:3096} INFO - Sync 1 DAGs
[2024-05-24T13:48:16.039+0000] {logging_mixin.py:188} INFO - [2024-05-24T13:48:16.039+0000] {dag.py:3954} INFO - Setting next_dagrun for example_trigger_controller_dag to 2021-01-01 00:00:00+00:00, run_after=2021-01-01 00:00:00+00:00
[2024-05-24T13:48:16.056+0000] {processor.py:183} INFO - Processing /home/airflow/.local/lib/python3.12/site-packages/airflow/example_dags/example_trigger_controller_dag.py took 0.089 seconds
[2024-05-24T14:49:26.065+0000] {processor.py:161} INFO - Started process (PID=88239) to work on /home/airflow/.local/lib/python3.12/site-packages/airflow/example_dags/example_trigger_controller_dag.py
[2024-05-24T14:49:26.073+0000] {processor.py:830} INFO - Processing file /home/airflow/.local/lib/python3.12/site-packages/airflow/example_dags/example_trigger_controller_dag.py for tasks to queue
[2024-05-24T14:49:26.074+0000] {logging_mixin.py:188} INFO - [2024-05-24T14:49:26.074+0000] {dagbag.py:545} INFO - Filling up the DagBag from /home/airflow/.local/lib/python3.12/site-packages/airflow/example_dags/example_trigger_controller_dag.py
[2024-05-24T14:49:26.082+0000] {processor.py:840} INFO - DAG(s) 'example_trigger_controller_dag' retrieved from /home/airflow/.local/lib/python3.12/site-packages/airflow/example_dags/example_trigger_controller_dag.py
[2024-05-24T14:49:26.105+0000] {logging_mixin.py:188} INFO - [2024-05-24T14:49:26.105+0000] {dag.py:3096} INFO - Sync 1 DAGs
[2024-05-24T14:49:26.137+0000] {logging_mixin.py:188} INFO - [2024-05-24T14:49:26.137+0000] {dag.py:3954} INFO - Setting next_dagrun for example_trigger_controller_dag to 2021-01-01 00:00:00+00:00, run_after=2021-01-01 00:00:00+00:00
[2024-05-24T14:49:26.156+0000] {processor.py:183} INFO - Processing /home/airflow/.local/lib/python3.12/site-packages/airflow/example_dags/example_trigger_controller_dag.py took 0.100 seconds
[2024-05-24T15:48:51.517+0000] {processor.py:161} INFO - Started process (PID=88298) to work on /home/airflow/.local/lib/python3.12/site-packages/airflow/example_dags/example_trigger_controller_dag.py
[2024-05-24T15:48:51.520+0000] {processor.py:830} INFO - Processing file /home/airflow/.local/lib/python3.12/site-packages/airflow/example_dags/example_trigger_controller_dag.py for tasks to queue
[2024-05-24T15:48:51.522+0000] {logging_mixin.py:188} INFO - [2024-05-24T15:48:51.521+0000] {dagbag.py:545} INFO - Filling up the DagBag from /home/airflow/.local/lib/python3.12/site-packages/airflow/example_dags/example_trigger_controller_dag.py
[2024-05-24T15:48:51.530+0000] {processor.py:840} INFO - DAG(s) 'example_trigger_controller_dag' retrieved from /home/airflow/.local/lib/python3.12/site-packages/airflow/example_dags/example_trigger_controller_dag.py
[2024-05-24T15:48:51.552+0000] {logging_mixin.py:188} INFO - [2024-05-24T15:48:51.552+0000] {dag.py:3096} INFO - Sync 1 DAGs
[2024-05-24T15:48:51.579+0000] {logging_mixin.py:188} INFO - [2024-05-24T15:48:51.578+0000] {dag.py:3954} INFO - Setting next_dagrun for example_trigger_controller_dag to 2021-01-01 00:00:00+00:00, run_after=2021-01-01 00:00:00+00:00
[2024-05-24T15:48:51.596+0000] {processor.py:183} INFO - Processing /home/airflow/.local/lib/python3.12/site-packages/airflow/example_dags/example_trigger_controller_dag.py took 0.086 seconds
[2024-05-24T15:50:34.567+0000] {processor.py:161} INFO - Started process (PID=88357) to work on /home/airflow/.local/lib/python3.12/site-packages/airflow/example_dags/example_trigger_controller_dag.py
[2024-05-24T15:50:34.569+0000] {processor.py:830} INFO - Processing file /home/airflow/.local/lib/python3.12/site-packages/airflow/example_dags/example_trigger_controller_dag.py for tasks to queue
[2024-05-24T15:50:34.570+0000] {logging_mixin.py:188} INFO - [2024-05-24T15:50:34.569+0000] {dagbag.py:545} INFO - Filling up the DagBag from /home/airflow/.local/lib/python3.12/site-packages/airflow/example_dags/example_trigger_controller_dag.py
[2024-05-24T15:50:34.575+0000] {processor.py:840} INFO - DAG(s) 'example_trigger_controller_dag' retrieved from /home/airflow/.local/lib/python3.12/site-packages/airflow/example_dags/example_trigger_controller_dag.py
[2024-05-24T15:50:34.601+0000] {logging_mixin.py:188} INFO - [2024-05-24T15:50:34.600+0000] {dag.py:3096} INFO - Sync 1 DAGs
[2024-05-24T15:50:34.628+0000] {logging_mixin.py:188} INFO - [2024-05-24T15:50:34.627+0000] {dag.py:3954} INFO - Setting next_dagrun for example_trigger_controller_dag to 2021-01-01 00:00:00+00:00, run_after=2021-01-01 00:00:00+00:00
[2024-05-24T15:50:34.648+0000] {processor.py:183} INFO - Processing /home/airflow/.local/lib/python3.12/site-packages/airflow/example_dags/example_trigger_controller_dag.py took 0.088 seconds
[2024-05-24T16:51:41.996+0000] {processor.py:161} INFO - Started process (PID=88416) to work on /home/airflow/.local/lib/python3.12/site-packages/airflow/example_dags/example_trigger_controller_dag.py
[2024-05-24T16:51:41.998+0000] {processor.py:830} INFO - Processing file /home/airflow/.local/lib/python3.12/site-packages/airflow/example_dags/example_trigger_controller_dag.py for tasks to queue
[2024-05-24T16:51:41.999+0000] {logging_mixin.py:188} INFO - [2024-05-24T16:51:41.999+0000] {dagbag.py:545} INFO - Filling up the DagBag from /home/airflow/.local/lib/python3.12/site-packages/airflow/example_dags/example_trigger_controller_dag.py
[2024-05-24T16:51:42.006+0000] {processor.py:840} INFO - DAG(s) 'example_trigger_controller_dag' retrieved from /home/airflow/.local/lib/python3.12/site-packages/airflow/example_dags/example_trigger_controller_dag.py
[2024-05-24T16:51:42.060+0000] {logging_mixin.py:188} INFO - [2024-05-24T16:51:42.059+0000] {dag.py:3096} INFO - Sync 1 DAGs
[2024-05-24T16:51:42.111+0000] {logging_mixin.py:188} INFO - [2024-05-24T16:51:42.110+0000] {dag.py:3954} INFO - Setting next_dagrun for example_trigger_controller_dag to 2021-01-01 00:00:00+00:00, run_after=2021-01-01 00:00:00+00:00
[2024-05-24T16:51:42.164+0000] {processor.py:183} INFO - Processing /home/airflow/.local/lib/python3.12/site-packages/airflow/example_dags/example_trigger_controller_dag.py took 0.174 seconds
[2024-05-24T17:50:13.838+0000] {processor.py:161} INFO - Started process (PID=88474) to work on /home/airflow/.local/lib/python3.12/site-packages/airflow/example_dags/example_trigger_controller_dag.py
[2024-05-24T17:50:13.839+0000] {processor.py:830} INFO - Processing file /home/airflow/.local/lib/python3.12/site-packages/airflow/example_dags/example_trigger_controller_dag.py for tasks to queue
[2024-05-24T17:50:13.840+0000] {logging_mixin.py:188} INFO - [2024-05-24T17:50:13.840+0000] {dagbag.py:545} INFO - Filling up the DagBag from /home/airflow/.local/lib/python3.12/site-packages/airflow/example_dags/example_trigger_controller_dag.py
[2024-05-24T17:50:13.847+0000] {processor.py:840} INFO - DAG(s) 'example_trigger_controller_dag' retrieved from /home/airflow/.local/lib/python3.12/site-packages/airflow/example_dags/example_trigger_controller_dag.py
[2024-05-24T17:50:13.870+0000] {logging_mixin.py:188} INFO - [2024-05-24T17:50:13.870+0000] {dag.py:3096} INFO - Sync 1 DAGs
[2024-05-24T17:50:13.898+0000] {logging_mixin.py:188} INFO - [2024-05-24T17:50:13.898+0000] {dag.py:3954} INFO - Setting next_dagrun for example_trigger_controller_dag to 2021-01-01 00:00:00+00:00, run_after=2021-01-01 00:00:00+00:00
[2024-05-24T17:50:13.917+0000] {processor.py:183} INFO - Processing /home/airflow/.local/lib/python3.12/site-packages/airflow/example_dags/example_trigger_controller_dag.py took 0.087 seconds
[2024-05-24T17:50:44.376+0000] {processor.py:161} INFO - Started process (PID=88533) to work on /home/airflow/.local/lib/python3.12/site-packages/airflow/example_dags/example_trigger_controller_dag.py
[2024-05-24T17:50:44.377+0000] {processor.py:830} INFO - Processing file /home/airflow/.local/lib/python3.12/site-packages/airflow/example_dags/example_trigger_controller_dag.py for tasks to queue
[2024-05-24T17:50:44.378+0000] {logging_mixin.py:188} INFO - [2024-05-24T17:50:44.377+0000] {dagbag.py:545} INFO - Filling up the DagBag from /home/airflow/.local/lib/python3.12/site-packages/airflow/example_dags/example_trigger_controller_dag.py
[2024-05-24T17:50:44.383+0000] {processor.py:840} INFO - DAG(s) 'example_trigger_controller_dag' retrieved from /home/airflow/.local/lib/python3.12/site-packages/airflow/example_dags/example_trigger_controller_dag.py
[2024-05-24T17:50:44.405+0000] {logging_mixin.py:188} INFO - [2024-05-24T17:50:44.405+0000] {dag.py:3096} INFO - Sync 1 DAGs
[2024-05-24T17:50:44.430+0000] {logging_mixin.py:188} INFO - [2024-05-24T17:50:44.430+0000] {dag.py:3954} INFO - Setting next_dagrun for example_trigger_controller_dag to 2021-01-01 00:00:00+00:00, run_after=2021-01-01 00:00:00+00:00
[2024-05-24T17:50:44.449+0000] {processor.py:183} INFO - Processing /home/airflow/.local/lib/python3.12/site-packages/airflow/example_dags/example_trigger_controller_dag.py took 0.081 seconds
[2024-05-24T18:53:38.637+0000] {processor.py:161} INFO - Started process (PID=88592) to work on /home/airflow/.local/lib/python3.12/site-packages/airflow/example_dags/example_trigger_controller_dag.py
[2024-05-24T18:53:38.639+0000] {processor.py:830} INFO - Processing file /home/airflow/.local/lib/python3.12/site-packages/airflow/example_dags/example_trigger_controller_dag.py for tasks to queue
[2024-05-24T18:53:38.640+0000] {logging_mixin.py:188} INFO - [2024-05-24T18:53:38.640+0000] {dagbag.py:545} INFO - Filling up the DagBag from /home/airflow/.local/lib/python3.12/site-packages/airflow/example_dags/example_trigger_controller_dag.py
[2024-05-24T18:53:38.646+0000] {processor.py:840} INFO - DAG(s) 'example_trigger_controller_dag' retrieved from /home/airflow/.local/lib/python3.12/site-packages/airflow/example_dags/example_trigger_controller_dag.py
[2024-05-24T18:53:38.665+0000] {logging_mixin.py:188} INFO - [2024-05-24T18:53:38.665+0000] {dag.py:3096} INFO - Sync 1 DAGs
[2024-05-24T18:53:38.698+0000] {logging_mixin.py:188} INFO - [2024-05-24T18:53:38.698+0000] {dag.py:3954} INFO - Setting next_dagrun for example_trigger_controller_dag to 2021-01-01 00:00:00+00:00, run_after=2021-01-01 00:00:00+00:00
[2024-05-24T18:53:38.717+0000] {processor.py:183} INFO - Processing /home/airflow/.local/lib/python3.12/site-packages/airflow/example_dags/example_trigger_controller_dag.py took 0.088 seconds
[2024-05-24T19:53:32.218+0000] {processor.py:161} INFO - Started process (PID=88651) to work on /home/airflow/.local/lib/python3.12/site-packages/airflow/example_dags/example_trigger_controller_dag.py
[2024-05-24T19:53:32.220+0000] {processor.py:830} INFO - Processing file /home/airflow/.local/lib/python3.12/site-packages/airflow/example_dags/example_trigger_controller_dag.py for tasks to queue
[2024-05-24T19:53:32.221+0000] {logging_mixin.py:188} INFO - [2024-05-24T19:53:32.220+0000] {dagbag.py:545} INFO - Filling up the DagBag from /home/airflow/.local/lib/python3.12/site-packages/airflow/example_dags/example_trigger_controller_dag.py
[2024-05-24T19:53:32.226+0000] {processor.py:840} INFO - DAG(s) 'example_trigger_controller_dag' retrieved from /home/airflow/.local/lib/python3.12/site-packages/airflow/example_dags/example_trigger_controller_dag.py
[2024-05-24T19:53:32.245+0000] {logging_mixin.py:188} INFO - [2024-05-24T19:53:32.245+0000] {dag.py:3096} INFO - Sync 1 DAGs
[2024-05-24T19:53:32.269+0000] {logging_mixin.py:188} INFO - [2024-05-24T19:53:32.268+0000] {dag.py:3954} INFO - Setting next_dagrun for example_trigger_controller_dag to 2021-01-01 00:00:00+00:00, run_after=2021-01-01 00:00:00+00:00
[2024-05-24T19:53:32.291+0000] {processor.py:183} INFO - Processing /home/airflow/.local/lib/python3.12/site-packages/airflow/example_dags/example_trigger_controller_dag.py took 0.079 seconds
[2024-05-24T20:54:47.884+0000] {processor.py:161} INFO - Started process (PID=88710) to work on /home/airflow/.local/lib/python3.12/site-packages/airflow/example_dags/example_trigger_controller_dag.py
[2024-05-24T20:54:47.902+0000] {processor.py:830} INFO - Processing file /home/airflow/.local/lib/python3.12/site-packages/airflow/example_dags/example_trigger_controller_dag.py for tasks to queue
[2024-05-24T20:54:47.903+0000] {logging_mixin.py:188} INFO - [2024-05-24T20:54:47.903+0000] {dagbag.py:545} INFO - Filling up the DagBag from /home/airflow/.local/lib/python3.12/site-packages/airflow/example_dags/example_trigger_controller_dag.py
[2024-05-24T20:54:47.909+0000] {processor.py:840} INFO - DAG(s) 'example_trigger_controller_dag' retrieved from /home/airflow/.local/lib/python3.12/site-packages/airflow/example_dags/example_trigger_controller_dag.py
[2024-05-24T20:54:47.993+0000] {logging_mixin.py:188} INFO - [2024-05-24T20:54:47.993+0000] {dag.py:3096} INFO - Sync 1 DAGs
[2024-05-24T20:54:48.137+0000] {logging_mixin.py:188} INFO - [2024-05-24T20:54:48.137+0000] {dag.py:3954} INFO - Setting next_dagrun for example_trigger_controller_dag to 2021-01-01 00:00:00+00:00, run_after=2021-01-01 00:00:00+00:00
[2024-05-24T20:54:48.206+0000] {processor.py:183} INFO - Processing /home/airflow/.local/lib/python3.12/site-packages/airflow/example_dags/example_trigger_controller_dag.py took 0.339 seconds
[2024-05-24T21:55:52.299+0000] {processor.py:161} INFO - Started process (PID=88769) to work on /home/airflow/.local/lib/python3.12/site-packages/airflow/example_dags/example_trigger_controller_dag.py
[2024-05-24T21:55:52.301+0000] {processor.py:830} INFO - Processing file /home/airflow/.local/lib/python3.12/site-packages/airflow/example_dags/example_trigger_controller_dag.py for tasks to queue
[2024-05-24T21:55:52.304+0000] {logging_mixin.py:188} INFO - [2024-05-24T21:55:52.303+0000] {dagbag.py:545} INFO - Filling up the DagBag from /home/airflow/.local/lib/python3.12/site-packages/airflow/example_dags/example_trigger_controller_dag.py
[2024-05-24T21:55:52.313+0000] {processor.py:840} INFO - DAG(s) 'example_trigger_controller_dag' retrieved from /home/airflow/.local/lib/python3.12/site-packages/airflow/example_dags/example_trigger_controller_dag.py
[2024-05-24T21:55:52.370+0000] {logging_mixin.py:188} INFO - [2024-05-24T21:55:52.369+0000] {dag.py:3096} INFO - Sync 1 DAGs
[2024-05-24T21:55:52.413+0000] {logging_mixin.py:188} INFO - [2024-05-24T21:55:52.413+0000] {dag.py:3954} INFO - Setting next_dagrun for example_trigger_controller_dag to 2021-01-01 00:00:00+00:00, run_after=2021-01-01 00:00:00+00:00
[2024-05-24T21:55:52.480+0000] {processor.py:183} INFO - Processing /home/airflow/.local/lib/python3.12/site-packages/airflow/example_dags/example_trigger_controller_dag.py took 0.193 seconds
[2024-05-24T22:56:58.972+0000] {processor.py:161} INFO - Started process (PID=88828) to work on /home/airflow/.local/lib/python3.12/site-packages/airflow/example_dags/example_trigger_controller_dag.py
[2024-05-24T22:56:58.973+0000] {processor.py:830} INFO - Processing file /home/airflow/.local/lib/python3.12/site-packages/airflow/example_dags/example_trigger_controller_dag.py for tasks to queue
[2024-05-24T22:56:58.974+0000] {logging_mixin.py:188} INFO - [2024-05-24T22:56:58.974+0000] {dagbag.py:545} INFO - Filling up the DagBag from /home/airflow/.local/lib/python3.12/site-packages/airflow/example_dags/example_trigger_controller_dag.py
[2024-05-24T22:56:58.981+0000] {processor.py:840} INFO - DAG(s) 'example_trigger_controller_dag' retrieved from /home/airflow/.local/lib/python3.12/site-packages/airflow/example_dags/example_trigger_controller_dag.py
[2024-05-24T22:56:59.007+0000] {logging_mixin.py:188} INFO - [2024-05-24T22:56:59.006+0000] {dag.py:3096} INFO - Sync 1 DAGs
[2024-05-24T22:56:59.038+0000] {logging_mixin.py:188} INFO - [2024-05-24T22:56:59.037+0000] {dag.py:3954} INFO - Setting next_dagrun for example_trigger_controller_dag to 2021-01-01 00:00:00+00:00, run_after=2021-01-01 00:00:00+00:00
[2024-05-24T22:56:59.059+0000] {processor.py:183} INFO - Processing /home/airflow/.local/lib/python3.12/site-packages/airflow/example_dags/example_trigger_controller_dag.py took 0.095 seconds
