[2024-05-24T00:10:41.847+0000] {processor.py:161} INFO - Started process (PID=87415) to work on /home/airflow/.local/lib/python3.12/site-packages/airflow/example_dags/example_short_circuit_decorator.py
[2024-05-24T00:10:41.852+0000] {processor.py:830} INFO - Processing file /home/airflow/.local/lib/python3.12/site-packages/airflow/example_dags/example_short_circuit_decorator.py for tasks to queue
[2024-05-24T00:10:41.854+0000] {logging_mixin.py:188} INFO - [2024-05-24T00:10:41.853+0000] {dagbag.py:545} INFO - Filling up the DagBag from /home/airflow/.local/lib/python3.12/site-packages/airflow/example_dags/example_short_circuit_decorator.py
[2024-05-24T00:10:41.866+0000] {processor.py:840} INFO - DAG(s) 'example_short_circuit_decorator' retrieved from /home/airflow/.local/lib/python3.12/site-packages/airflow/example_dags/example_short_circuit_decorator.py
[2024-05-24T00:10:41.910+0000] {logging_mixin.py:188} INFO - [2024-05-24T00:10:41.909+0000] {dag.py:3096} INFO - Sync 1 DAGs
[2024-05-24T00:10:41.937+0000] {logging_mixin.py:188} INFO - [2024-05-24T00:10:41.937+0000] {dag.py:3954} INFO - Setting next_dagrun for example_short_circuit_decorator to 2024-05-23 00:00:00+00:00, run_after=2024-05-24 00:00:00+00:00
[2024-05-24T00:10:41.957+0000] {processor.py:183} INFO - Processing /home/airflow/.local/lib/python3.12/site-packages/airflow/example_dags/example_short_circuit_decorator.py took 0.120 seconds
[2024-05-24T03:15:02.654+0000] {processor.py:161} INFO - Started process (PID=87474) to work on /home/airflow/.local/lib/python3.12/site-packages/airflow/example_dags/example_short_circuit_decorator.py
[2024-05-24T03:15:02.659+0000] {processor.py:830} INFO - Processing file /home/airflow/.local/lib/python3.12/site-packages/airflow/example_dags/example_short_circuit_decorator.py for tasks to queue
[2024-05-24T03:15:02.660+0000] {logging_mixin.py:188} INFO - [2024-05-24T03:15:02.660+0000] {dagbag.py:545} INFO - Filling up the DagBag from /home/airflow/.local/lib/python3.12/site-packages/airflow/example_dags/example_short_circuit_decorator.py
[2024-05-24T03:15:02.691+0000] {processor.py:840} INFO - DAG(s) 'example_short_circuit_decorator' retrieved from /home/airflow/.local/lib/python3.12/site-packages/airflow/example_dags/example_short_circuit_decorator.py
[2024-05-24T03:15:02.808+0000] {logging_mixin.py:188} INFO - [2024-05-24T03:15:02.807+0000] {dag.py:3096} INFO - Sync 1 DAGs
[2024-05-24T03:15:02.907+0000] {logging_mixin.py:188} INFO - [2024-05-24T03:15:02.907+0000] {dag.py:3954} INFO - Setting next_dagrun for example_short_circuit_decorator to 2024-05-23 00:00:00+00:00, run_after=2024-05-24 00:00:00+00:00
[2024-05-24T03:15:02.998+0000] {processor.py:183} INFO - Processing /home/airflow/.local/lib/python3.12/site-packages/airflow/example_dags/example_short_circuit_decorator.py took 0.364 seconds
[2024-05-24T05:04:12.584+0000] {processor.py:161} INFO - Started process (PID=87533) to work on /home/airflow/.local/lib/python3.12/site-packages/airflow/example_dags/example_short_circuit_decorator.py
[2024-05-24T05:04:12.586+0000] {processor.py:830} INFO - Processing file /home/airflow/.local/lib/python3.12/site-packages/airflow/example_dags/example_short_circuit_decorator.py for tasks to queue
[2024-05-24T05:04:12.587+0000] {logging_mixin.py:188} INFO - [2024-05-24T05:04:12.586+0000] {dagbag.py:545} INFO - Filling up the DagBag from /home/airflow/.local/lib/python3.12/site-packages/airflow/example_dags/example_short_circuit_decorator.py
[2024-05-24T05:04:12.603+0000] {processor.py:840} INFO - DAG(s) 'example_short_circuit_decorator' retrieved from /home/airflow/.local/lib/python3.12/site-packages/airflow/example_dags/example_short_circuit_decorator.py
[2024-05-24T05:04:12.632+0000] {logging_mixin.py:188} INFO - [2024-05-24T05:04:12.632+0000] {dag.py:3096} INFO - Sync 1 DAGs
[2024-05-24T05:04:12.659+0000] {logging_mixin.py:188} INFO - [2024-05-24T05:04:12.659+0000] {dag.py:3954} INFO - Setting next_dagrun for example_short_circuit_decorator to 2024-05-23 00:00:00+00:00, run_after=2024-05-24 00:00:00+00:00
[2024-05-24T05:04:12.679+0000] {processor.py:183} INFO - Processing /home/airflow/.local/lib/python3.12/site-packages/airflow/example_dags/example_short_circuit_decorator.py took 0.102 seconds
[2024-05-24T05:06:18.693+0000] {processor.py:161} INFO - Started process (PID=87592) to work on /home/airflow/.local/lib/python3.12/site-packages/airflow/example_dags/example_short_circuit_decorator.py
[2024-05-24T05:06:18.695+0000] {processor.py:830} INFO - Processing file /home/airflow/.local/lib/python3.12/site-packages/airflow/example_dags/example_short_circuit_decorator.py for tasks to queue
[2024-05-24T05:06:18.696+0000] {logging_mixin.py:188} INFO - [2024-05-24T05:06:18.696+0000] {dagbag.py:545} INFO - Filling up the DagBag from /home/airflow/.local/lib/python3.12/site-packages/airflow/example_dags/example_short_circuit_decorator.py
[2024-05-24T05:06:18.708+0000] {processor.py:840} INFO - DAG(s) 'example_short_circuit_decorator' retrieved from /home/airflow/.local/lib/python3.12/site-packages/airflow/example_dags/example_short_circuit_decorator.py
[2024-05-24T05:06:18.737+0000] {logging_mixin.py:188} INFO - [2024-05-24T05:06:18.737+0000] {dag.py:3096} INFO - Sync 1 DAGs
[2024-05-24T05:06:18.765+0000] {logging_mixin.py:188} INFO - [2024-05-24T05:06:18.765+0000] {dag.py:3954} INFO - Setting next_dagrun for example_short_circuit_decorator to 2024-05-23 00:00:00+00:00, run_after=2024-05-24 00:00:00+00:00
[2024-05-24T05:06:18.786+0000] {processor.py:183} INFO - Processing /home/airflow/.local/lib/python3.12/site-packages/airflow/example_dags/example_short_circuit_decorator.py took 0.102 seconds
[2024-05-24T05:40:29.938+0000] {processor.py:161} INFO - Started process (PID=87651) to work on /home/airflow/.local/lib/python3.12/site-packages/airflow/example_dags/example_short_circuit_decorator.py
[2024-05-24T05:40:29.940+0000] {processor.py:830} INFO - Processing file /home/airflow/.local/lib/python3.12/site-packages/airflow/example_dags/example_short_circuit_decorator.py for tasks to queue
[2024-05-24T05:40:29.942+0000] {logging_mixin.py:188} INFO - [2024-05-24T05:40:29.942+0000] {dagbag.py:545} INFO - Filling up the DagBag from /home/airflow/.local/lib/python3.12/site-packages/airflow/example_dags/example_short_circuit_decorator.py
[2024-05-24T05:40:29.956+0000] {processor.py:840} INFO - DAG(s) 'example_short_circuit_decorator' retrieved from /home/airflow/.local/lib/python3.12/site-packages/airflow/example_dags/example_short_circuit_decorator.py
[2024-05-24T05:40:29.983+0000] {logging_mixin.py:188} INFO - [2024-05-24T05:40:29.983+0000] {dag.py:3096} INFO - Sync 1 DAGs
[2024-05-24T05:40:30.009+0000] {logging_mixin.py:188} INFO - [2024-05-24T05:40:30.009+0000] {dag.py:3954} INFO - Setting next_dagrun for example_short_circuit_decorator to 2024-05-23 00:00:00+00:00, run_after=2024-05-24 00:00:00+00:00
[2024-05-24T05:40:30.031+0000] {processor.py:183} INFO - Processing /home/airflow/.local/lib/python3.12/site-packages/airflow/example_dags/example_short_circuit_decorator.py took 0.100 seconds
[2024-05-24T06:36:58.998+0000] {processor.py:161} INFO - Started process (PID=87716) to work on /home/airflow/.local/lib/python3.12/site-packages/airflow/example_dags/example_short_circuit_decorator.py
[2024-05-24T06:36:59.001+0000] {processor.py:830} INFO - Processing file /home/airflow/.local/lib/python3.12/site-packages/airflow/example_dags/example_short_circuit_decorator.py for tasks to queue
[2024-05-24T06:36:59.003+0000] {logging_mixin.py:188} INFO - [2024-05-24T06:36:59.003+0000] {dagbag.py:545} INFO - Filling up the DagBag from /home/airflow/.local/lib/python3.12/site-packages/airflow/example_dags/example_short_circuit_decorator.py
[2024-05-24T06:36:59.041+0000] {processor.py:840} INFO - DAG(s) 'example_short_circuit_decorator' retrieved from /home/airflow/.local/lib/python3.12/site-packages/airflow/example_dags/example_short_circuit_decorator.py
[2024-05-24T06:36:59.161+0000] {logging_mixin.py:188} INFO - [2024-05-24T06:36:59.160+0000] {dag.py:3096} INFO - Sync 1 DAGs
[2024-05-24T06:36:59.297+0000] {logging_mixin.py:188} INFO - [2024-05-24T06:36:59.297+0000] {dag.py:3954} INFO - Setting next_dagrun for example_short_circuit_decorator to 2024-05-23 00:00:00+00:00, run_after=2024-05-24 00:00:00+00:00
[2024-05-24T06:36:59.383+0000] {processor.py:183} INFO - Processing /home/airflow/.local/lib/python3.12/site-packages/airflow/example_dags/example_short_circuit_decorator.py took 0.412 seconds
[2024-05-24T07:35:43.079+0000] {processor.py:161} INFO - Started process (PID=87784) to work on /home/airflow/.local/lib/python3.12/site-packages/airflow/example_dags/example_short_circuit_decorator.py
[2024-05-24T07:35:43.080+0000] {processor.py:830} INFO - Processing file /home/airflow/.local/lib/python3.12/site-packages/airflow/example_dags/example_short_circuit_decorator.py for tasks to queue
[2024-05-24T07:35:43.081+0000] {logging_mixin.py:188} INFO - [2024-05-24T07:35:43.081+0000] {dagbag.py:545} INFO - Filling up the DagBag from /home/airflow/.local/lib/python3.12/site-packages/airflow/example_dags/example_short_circuit_decorator.py
[2024-05-24T07:35:43.094+0000] {processor.py:840} INFO - DAG(s) 'example_short_circuit_decorator' retrieved from /home/airflow/.local/lib/python3.12/site-packages/airflow/example_dags/example_short_circuit_decorator.py
[2024-05-24T07:35:43.122+0000] {logging_mixin.py:188} INFO - [2024-05-24T07:35:43.121+0000] {dag.py:3096} INFO - Sync 1 DAGs
[2024-05-24T07:35:43.147+0000] {logging_mixin.py:188} INFO - [2024-05-24T07:35:43.147+0000] {dag.py:3954} INFO - Setting next_dagrun for example_short_circuit_decorator to 2024-05-23 00:00:00+00:00, run_after=2024-05-24 00:00:00+00:00
[2024-05-24T07:35:43.165+0000] {processor.py:183} INFO - Processing /home/airflow/.local/lib/python3.12/site-packages/airflow/example_dags/example_short_circuit_decorator.py took 0.093 seconds
[2024-05-24T07:41:38.291+0000] {processor.py:161} INFO - Started process (PID=87843) to work on /home/airflow/.local/lib/python3.12/site-packages/airflow/example_dags/example_short_circuit_decorator.py
[2024-05-24T07:41:38.292+0000] {processor.py:830} INFO - Processing file /home/airflow/.local/lib/python3.12/site-packages/airflow/example_dags/example_short_circuit_decorator.py for tasks to queue
[2024-05-24T07:41:38.294+0000] {logging_mixin.py:188} INFO - [2024-05-24T07:41:38.293+0000] {dagbag.py:545} INFO - Filling up the DagBag from /home/airflow/.local/lib/python3.12/site-packages/airflow/example_dags/example_short_circuit_decorator.py
[2024-05-24T07:41:38.308+0000] {processor.py:840} INFO - DAG(s) 'example_short_circuit_decorator' retrieved from /home/airflow/.local/lib/python3.12/site-packages/airflow/example_dags/example_short_circuit_decorator.py
[2024-05-24T07:41:38.340+0000] {logging_mixin.py:188} INFO - [2024-05-24T07:41:38.340+0000] {dag.py:3096} INFO - Sync 1 DAGs
[2024-05-24T07:41:38.366+0000] {logging_mixin.py:188} INFO - [2024-05-24T07:41:38.366+0000] {dag.py:3954} INFO - Setting next_dagrun for example_short_circuit_decorator to 2024-05-23 00:00:00+00:00, run_after=2024-05-24 00:00:00+00:00
[2024-05-24T07:41:38.386+0000] {processor.py:183} INFO - Processing /home/airflow/.local/lib/python3.12/site-packages/airflow/example_dags/example_short_circuit_decorator.py took 0.103 seconds
[2024-05-24T08:42:34.524+0000] {processor.py:161} INFO - Started process (PID=87902) to work on /home/airflow/.local/lib/python3.12/site-packages/airflow/example_dags/example_short_circuit_decorator.py
[2024-05-24T08:42:34.526+0000] {processor.py:830} INFO - Processing file /home/airflow/.local/lib/python3.12/site-packages/airflow/example_dags/example_short_circuit_decorator.py for tasks to queue
[2024-05-24T08:42:34.527+0000] {logging_mixin.py:188} INFO - [2024-05-24T08:42:34.527+0000] {dagbag.py:545} INFO - Filling up the DagBag from /home/airflow/.local/lib/python3.12/site-packages/airflow/example_dags/example_short_circuit_decorator.py
[2024-05-24T08:42:34.539+0000] {processor.py:840} INFO - DAG(s) 'example_short_circuit_decorator' retrieved from /home/airflow/.local/lib/python3.12/site-packages/airflow/example_dags/example_short_circuit_decorator.py
[2024-05-24T08:42:34.566+0000] {logging_mixin.py:188} INFO - [2024-05-24T08:42:34.566+0000] {dag.py:3096} INFO - Sync 1 DAGs
[2024-05-24T08:42:34.597+0000] {logging_mixin.py:188} INFO - [2024-05-24T08:42:34.597+0000] {dag.py:3954} INFO - Setting next_dagrun for example_short_circuit_decorator to 2024-05-23 00:00:00+00:00, run_after=2024-05-24 00:00:00+00:00
[2024-05-24T08:42:34.619+0000] {processor.py:183} INFO - Processing /home/airflow/.local/lib/python3.12/site-packages/airflow/example_dags/example_short_circuit_decorator.py took 0.102 seconds
[2024-05-24T09:43:46.689+0000] {processor.py:161} INFO - Started process (PID=87960) to work on /home/airflow/.local/lib/python3.12/site-packages/airflow/example_dags/example_short_circuit_decorator.py
[2024-05-24T09:43:46.690+0000] {processor.py:830} INFO - Processing file /home/airflow/.local/lib/python3.12/site-packages/airflow/example_dags/example_short_circuit_decorator.py for tasks to queue
[2024-05-24T09:43:46.692+0000] {logging_mixin.py:188} INFO - [2024-05-24T09:43:46.692+0000] {dagbag.py:545} INFO - Filling up the DagBag from /home/airflow/.local/lib/python3.12/site-packages/airflow/example_dags/example_short_circuit_decorator.py
[2024-05-24T09:43:46.704+0000] {processor.py:840} INFO - DAG(s) 'example_short_circuit_decorator' retrieved from /home/airflow/.local/lib/python3.12/site-packages/airflow/example_dags/example_short_circuit_decorator.py
[2024-05-24T09:43:46.730+0000] {logging_mixin.py:188} INFO - [2024-05-24T09:43:46.730+0000] {dag.py:3096} INFO - Sync 1 DAGs
[2024-05-24T09:43:46.755+0000] {logging_mixin.py:188} INFO - [2024-05-24T09:43:46.755+0000] {dag.py:3954} INFO - Setting next_dagrun for example_short_circuit_decorator to 2024-05-23 00:00:00+00:00, run_after=2024-05-24 00:00:00+00:00
[2024-05-24T09:43:46.775+0000] {processor.py:183} INFO - Processing /home/airflow/.local/lib/python3.12/site-packages/airflow/example_dags/example_short_circuit_decorator.py took 0.095 seconds
[2024-05-24T10:44:55.721+0000] {processor.py:161} INFO - Started process (PID=88019) to work on /home/airflow/.local/lib/python3.12/site-packages/airflow/example_dags/example_short_circuit_decorator.py
[2024-05-24T10:44:55.722+0000] {processor.py:830} INFO - Processing file /home/airflow/.local/lib/python3.12/site-packages/airflow/example_dags/example_short_circuit_decorator.py for tasks to queue
[2024-05-24T10:44:55.725+0000] {logging_mixin.py:188} INFO - [2024-05-24T10:44:55.725+0000] {dagbag.py:545} INFO - Filling up the DagBag from /home/airflow/.local/lib/python3.12/site-packages/airflow/example_dags/example_short_circuit_decorator.py
[2024-05-24T10:44:55.738+0000] {processor.py:840} INFO - DAG(s) 'example_short_circuit_decorator' retrieved from /home/airflow/.local/lib/python3.12/site-packages/airflow/example_dags/example_short_circuit_decorator.py
[2024-05-24T10:44:55.781+0000] {logging_mixin.py:188} INFO - [2024-05-24T10:44:55.781+0000] {dag.py:3096} INFO - Sync 1 DAGs
[2024-05-24T10:44:55.823+0000] {logging_mixin.py:188} INFO - [2024-05-24T10:44:55.823+0000] {dag.py:3954} INFO - Setting next_dagrun for example_short_circuit_decorator to 2024-05-23 00:00:00+00:00, run_after=2024-05-24 00:00:00+00:00
[2024-05-24T10:44:55.867+0000] {processor.py:183} INFO - Processing /home/airflow/.local/lib/python3.12/site-packages/airflow/example_dags/example_short_circuit_decorator.py took 0.154 seconds
[2024-05-24T11:46:02.131+0000] {processor.py:161} INFO - Started process (PID=88078) to work on /home/airflow/.local/lib/python3.12/site-packages/airflow/example_dags/example_short_circuit_decorator.py
[2024-05-24T11:46:02.135+0000] {processor.py:830} INFO - Processing file /home/airflow/.local/lib/python3.12/site-packages/airflow/example_dags/example_short_circuit_decorator.py for tasks to queue
[2024-05-24T11:46:02.137+0000] {logging_mixin.py:188} INFO - [2024-05-24T11:46:02.137+0000] {dagbag.py:545} INFO - Filling up the DagBag from /home/airflow/.local/lib/python3.12/site-packages/airflow/example_dags/example_short_circuit_decorator.py
[2024-05-24T11:46:02.163+0000] {processor.py:840} INFO - DAG(s) 'example_short_circuit_decorator' retrieved from /home/airflow/.local/lib/python3.12/site-packages/airflow/example_dags/example_short_circuit_decorator.py
[2024-05-24T11:46:02.225+0000] {logging_mixin.py:188} INFO - [2024-05-24T11:46:02.225+0000] {dag.py:3096} INFO - Sync 1 DAGs
[2024-05-24T11:46:02.331+0000] {logging_mixin.py:188} INFO - [2024-05-24T11:46:02.331+0000] {dag.py:3954} INFO - Setting next_dagrun for example_short_circuit_decorator to 2024-05-23 00:00:00+00:00, run_after=2024-05-24 00:00:00+00:00
[2024-05-24T11:46:02.406+0000] {processor.py:183} INFO - Processing /home/airflow/.local/lib/python3.12/site-packages/airflow/example_dags/example_short_circuit_decorator.py took 0.289 seconds
[2024-05-24T12:47:07.682+0000] {processor.py:161} INFO - Started process (PID=88131) to work on /home/airflow/.local/lib/python3.12/site-packages/airflow/example_dags/example_short_circuit_decorator.py
[2024-05-24T12:47:07.684+0000] {processor.py:830} INFO - Processing file /home/airflow/.local/lib/python3.12/site-packages/airflow/example_dags/example_short_circuit_decorator.py for tasks to queue
[2024-05-24T12:47:07.685+0000] {logging_mixin.py:188} INFO - [2024-05-24T12:47:07.685+0000] {dagbag.py:545} INFO - Filling up the DagBag from /home/airflow/.local/lib/python3.12/site-packages/airflow/example_dags/example_short_circuit_decorator.py
[2024-05-24T12:47:07.699+0000] {processor.py:840} INFO - DAG(s) 'example_short_circuit_decorator' retrieved from /home/airflow/.local/lib/python3.12/site-packages/airflow/example_dags/example_short_circuit_decorator.py
[2024-05-24T12:47:07.729+0000] {logging_mixin.py:188} INFO - [2024-05-24T12:47:07.729+0000] {dag.py:3096} INFO - Sync 1 DAGs
[2024-05-24T12:47:07.758+0000] {logging_mixin.py:188} INFO - [2024-05-24T12:47:07.758+0000] {dag.py:3954} INFO - Setting next_dagrun for example_short_circuit_decorator to 2024-05-23 00:00:00+00:00, run_after=2024-05-24 00:00:00+00:00
[2024-05-24T12:47:07.779+0000] {processor.py:183} INFO - Processing /home/airflow/.local/lib/python3.12/site-packages/airflow/example_dags/example_short_circuit_decorator.py took 0.106 seconds
[2024-05-24T13:48:16.621+0000] {processor.py:161} INFO - Started process (PID=88190) to work on /home/airflow/.local/lib/python3.12/site-packages/airflow/example_dags/example_short_circuit_decorator.py
[2024-05-24T13:48:16.624+0000] {processor.py:830} INFO - Processing file /home/airflow/.local/lib/python3.12/site-packages/airflow/example_dags/example_short_circuit_decorator.py for tasks to queue
[2024-05-24T13:48:16.626+0000] {logging_mixin.py:188} INFO - [2024-05-24T13:48:16.625+0000] {dagbag.py:545} INFO - Filling up the DagBag from /home/airflow/.local/lib/python3.12/site-packages/airflow/example_dags/example_short_circuit_decorator.py
[2024-05-24T13:48:16.639+0000] {processor.py:840} INFO - DAG(s) 'example_short_circuit_decorator' retrieved from /home/airflow/.local/lib/python3.12/site-packages/airflow/example_dags/example_short_circuit_decorator.py
[2024-05-24T13:48:16.668+0000] {logging_mixin.py:188} INFO - [2024-05-24T13:48:16.667+0000] {dag.py:3096} INFO - Sync 1 DAGs
[2024-05-24T13:48:16.697+0000] {logging_mixin.py:188} INFO - [2024-05-24T13:48:16.697+0000] {dag.py:3954} INFO - Setting next_dagrun for example_short_circuit_decorator to 2024-05-23 00:00:00+00:00, run_after=2024-05-24 00:00:00+00:00
[2024-05-24T13:48:16.716+0000] {processor.py:183} INFO - Processing /home/airflow/.local/lib/python3.12/site-packages/airflow/example_dags/example_short_circuit_decorator.py took 0.110 seconds
[2024-05-24T14:49:26.681+0000] {processor.py:161} INFO - Started process (PID=88249) to work on /home/airflow/.local/lib/python3.12/site-packages/airflow/example_dags/example_short_circuit_decorator.py
[2024-05-24T14:49:26.683+0000] {processor.py:830} INFO - Processing file /home/airflow/.local/lib/python3.12/site-packages/airflow/example_dags/example_short_circuit_decorator.py for tasks to queue
[2024-05-24T14:49:26.684+0000] {logging_mixin.py:188} INFO - [2024-05-24T14:49:26.684+0000] {dagbag.py:545} INFO - Filling up the DagBag from /home/airflow/.local/lib/python3.12/site-packages/airflow/example_dags/example_short_circuit_decorator.py
[2024-05-24T14:49:26.701+0000] {processor.py:840} INFO - DAG(s) 'example_short_circuit_decorator' retrieved from /home/airflow/.local/lib/python3.12/site-packages/airflow/example_dags/example_short_circuit_decorator.py
[2024-05-24T14:49:26.731+0000] {logging_mixin.py:188} INFO - [2024-05-24T14:49:26.731+0000] {dag.py:3096} INFO - Sync 1 DAGs
[2024-05-24T14:49:26.758+0000] {logging_mixin.py:188} INFO - [2024-05-24T14:49:26.758+0000] {dag.py:3954} INFO - Setting next_dagrun for example_short_circuit_decorator to 2024-05-23 00:00:00+00:00, run_after=2024-05-24 00:00:00+00:00
[2024-05-24T14:49:26.776+0000] {processor.py:183} INFO - Processing /home/airflow/.local/lib/python3.12/site-packages/airflow/example_dags/example_short_circuit_decorator.py took 0.103 seconds
[2024-05-24T15:48:52.151+0000] {processor.py:161} INFO - Started process (PID=88308) to work on /home/airflow/.local/lib/python3.12/site-packages/airflow/example_dags/example_short_circuit_decorator.py
[2024-05-24T15:48:52.153+0000] {processor.py:830} INFO - Processing file /home/airflow/.local/lib/python3.12/site-packages/airflow/example_dags/example_short_circuit_decorator.py for tasks to queue
[2024-05-24T15:48:52.154+0000] {logging_mixin.py:188} INFO - [2024-05-24T15:48:52.154+0000] {dagbag.py:545} INFO - Filling up the DagBag from /home/airflow/.local/lib/python3.12/site-packages/airflow/example_dags/example_short_circuit_decorator.py
[2024-05-24T15:48:52.167+0000] {processor.py:840} INFO - DAG(s) 'example_short_circuit_decorator' retrieved from /home/airflow/.local/lib/python3.12/site-packages/airflow/example_dags/example_short_circuit_decorator.py
[2024-05-24T15:48:52.198+0000] {logging_mixin.py:188} INFO - [2024-05-24T15:48:52.198+0000] {dag.py:3096} INFO - Sync 1 DAGs
[2024-05-24T15:48:52.225+0000] {logging_mixin.py:188} INFO - [2024-05-24T15:48:52.225+0000] {dag.py:3954} INFO - Setting next_dagrun for example_short_circuit_decorator to 2024-05-23 00:00:00+00:00, run_after=2024-05-24 00:00:00+00:00
[2024-05-24T15:48:52.243+0000] {processor.py:183} INFO - Processing /home/airflow/.local/lib/python3.12/site-packages/airflow/example_dags/example_short_circuit_decorator.py took 0.100 seconds
[2024-05-24T15:50:35.286+0000] {processor.py:161} INFO - Started process (PID=88373) to work on /home/airflow/.local/lib/python3.12/site-packages/airflow/example_dags/example_short_circuit_decorator.py
[2024-05-24T15:50:35.287+0000] {processor.py:830} INFO - Processing file /home/airflow/.local/lib/python3.12/site-packages/airflow/example_dags/example_short_circuit_decorator.py for tasks to queue
[2024-05-24T15:50:35.289+0000] {logging_mixin.py:188} INFO - [2024-05-24T15:50:35.289+0000] {dagbag.py:545} INFO - Filling up the DagBag from /home/airflow/.local/lib/python3.12/site-packages/airflow/example_dags/example_short_circuit_decorator.py
[2024-05-24T15:50:35.302+0000] {processor.py:840} INFO - DAG(s) 'example_short_circuit_decorator' retrieved from /home/airflow/.local/lib/python3.12/site-packages/airflow/example_dags/example_short_circuit_decorator.py
[2024-05-24T15:50:35.330+0000] {logging_mixin.py:188} INFO - [2024-05-24T15:50:35.330+0000] {dag.py:3096} INFO - Sync 1 DAGs
[2024-05-24T15:50:35.356+0000] {logging_mixin.py:188} INFO - [2024-05-24T15:50:35.356+0000] {dag.py:3954} INFO - Setting next_dagrun for example_short_circuit_decorator to 2024-05-23 00:00:00+00:00, run_after=2024-05-24 00:00:00+00:00
[2024-05-24T15:50:35.376+0000] {processor.py:183} INFO - Processing /home/airflow/.local/lib/python3.12/site-packages/airflow/example_dags/example_short_circuit_decorator.py took 0.098 seconds
[2024-05-24T16:51:43.239+0000] {processor.py:161} INFO - Started process (PID=88426) to work on /home/airflow/.local/lib/python3.12/site-packages/airflow/example_dags/example_short_circuit_decorator.py
[2024-05-24T16:51:43.243+0000] {processor.py:830} INFO - Processing file /home/airflow/.local/lib/python3.12/site-packages/airflow/example_dags/example_short_circuit_decorator.py for tasks to queue
[2024-05-24T16:51:43.247+0000] {logging_mixin.py:188} INFO - [2024-05-24T16:51:43.246+0000] {dagbag.py:545} INFO - Filling up the DagBag from /home/airflow/.local/lib/python3.12/site-packages/airflow/example_dags/example_short_circuit_decorator.py
[2024-05-24T16:51:43.285+0000] {processor.py:840} INFO - DAG(s) 'example_short_circuit_decorator' retrieved from /home/airflow/.local/lib/python3.12/site-packages/airflow/example_dags/example_short_circuit_decorator.py
[2024-05-24T16:51:43.395+0000] {logging_mixin.py:188} INFO - [2024-05-24T16:51:43.395+0000] {dag.py:3096} INFO - Sync 1 DAGs
[2024-05-24T16:51:43.507+0000] {logging_mixin.py:188} INFO - [2024-05-24T16:51:43.507+0000] {dag.py:3954} INFO - Setting next_dagrun for example_short_circuit_decorator to 2024-05-23 00:00:00+00:00, run_after=2024-05-24 00:00:00+00:00
[2024-05-24T16:51:43.569+0000] {processor.py:183} INFO - Processing /home/airflow/.local/lib/python3.12/site-packages/airflow/example_dags/example_short_circuit_decorator.py took 0.338 seconds
[2024-05-24T17:50:14.416+0000] {processor.py:161} INFO - Started process (PID=88484) to work on /home/airflow/.local/lib/python3.12/site-packages/airflow/example_dags/example_short_circuit_decorator.py
[2024-05-24T17:50:14.417+0000] {processor.py:830} INFO - Processing file /home/airflow/.local/lib/python3.12/site-packages/airflow/example_dags/example_short_circuit_decorator.py for tasks to queue
[2024-05-24T17:50:14.419+0000] {logging_mixin.py:188} INFO - [2024-05-24T17:50:14.418+0000] {dagbag.py:545} INFO - Filling up the DagBag from /home/airflow/.local/lib/python3.12/site-packages/airflow/example_dags/example_short_circuit_decorator.py
[2024-05-24T17:50:14.431+0000] {processor.py:840} INFO - DAG(s) 'example_short_circuit_decorator' retrieved from /home/airflow/.local/lib/python3.12/site-packages/airflow/example_dags/example_short_circuit_decorator.py
[2024-05-24T17:50:14.456+0000] {logging_mixin.py:188} INFO - [2024-05-24T17:50:14.456+0000] {dag.py:3096} INFO - Sync 1 DAGs
[2024-05-24T17:50:14.486+0000] {logging_mixin.py:188} INFO - [2024-05-24T17:50:14.486+0000] {dag.py:3954} INFO - Setting next_dagrun for example_short_circuit_decorator to 2024-05-23 00:00:00+00:00, run_after=2024-05-24 00:00:00+00:00
[2024-05-24T17:50:14.507+0000] {processor.py:183} INFO - Processing /home/airflow/.local/lib/python3.12/site-packages/airflow/example_dags/example_short_circuit_decorator.py took 0.099 seconds
[2024-05-24T17:50:45.045+0000] {processor.py:161} INFO - Started process (PID=88543) to work on /home/airflow/.local/lib/python3.12/site-packages/airflow/example_dags/example_short_circuit_decorator.py
[2024-05-24T17:50:45.046+0000] {processor.py:830} INFO - Processing file /home/airflow/.local/lib/python3.12/site-packages/airflow/example_dags/example_short_circuit_decorator.py for tasks to queue
[2024-05-24T17:50:45.047+0000] {logging_mixin.py:188} INFO - [2024-05-24T17:50:45.047+0000] {dagbag.py:545} INFO - Filling up the DagBag from /home/airflow/.local/lib/python3.12/site-packages/airflow/example_dags/example_short_circuit_decorator.py
[2024-05-24T17:50:45.060+0000] {processor.py:840} INFO - DAG(s) 'example_short_circuit_decorator' retrieved from /home/airflow/.local/lib/python3.12/site-packages/airflow/example_dags/example_short_circuit_decorator.py
[2024-05-24T17:50:45.088+0000] {logging_mixin.py:188} INFO - [2024-05-24T17:50:45.087+0000] {dag.py:3096} INFO - Sync 1 DAGs
[2024-05-24T17:50:45.113+0000] {logging_mixin.py:188} INFO - [2024-05-24T17:50:45.113+0000] {dag.py:3954} INFO - Setting next_dagrun for example_short_circuit_decorator to 2024-05-23 00:00:00+00:00, run_after=2024-05-24 00:00:00+00:00
[2024-05-24T17:50:45.133+0000] {processor.py:183} INFO - Processing /home/airflow/.local/lib/python3.12/site-packages/airflow/example_dags/example_short_circuit_decorator.py took 0.095 seconds
[2024-05-24T18:53:39.210+0000] {processor.py:161} INFO - Started process (PID=88602) to work on /home/airflow/.local/lib/python3.12/site-packages/airflow/example_dags/example_short_circuit_decorator.py
[2024-05-24T18:53:39.213+0000] {processor.py:830} INFO - Processing file /home/airflow/.local/lib/python3.12/site-packages/airflow/example_dags/example_short_circuit_decorator.py for tasks to queue
[2024-05-24T18:53:39.215+0000] {logging_mixin.py:188} INFO - [2024-05-24T18:53:39.215+0000] {dagbag.py:545} INFO - Filling up the DagBag from /home/airflow/.local/lib/python3.12/site-packages/airflow/example_dags/example_short_circuit_decorator.py
[2024-05-24T18:53:39.227+0000] {processor.py:840} INFO - DAG(s) 'example_short_circuit_decorator' retrieved from /home/airflow/.local/lib/python3.12/site-packages/airflow/example_dags/example_short_circuit_decorator.py
[2024-05-24T18:53:39.254+0000] {logging_mixin.py:188} INFO - [2024-05-24T18:53:39.254+0000] {dag.py:3096} INFO - Sync 1 DAGs
[2024-05-24T18:53:39.293+0000] {logging_mixin.py:188} INFO - [2024-05-24T18:53:39.293+0000] {dag.py:3954} INFO - Setting next_dagrun for example_short_circuit_decorator to 2024-05-23 00:00:00+00:00, run_after=2024-05-24 00:00:00+00:00
[2024-05-24T18:53:39.313+0000] {processor.py:183} INFO - Processing /home/airflow/.local/lib/python3.12/site-packages/airflow/example_dags/example_short_circuit_decorator.py took 0.110 seconds
[2024-05-24T19:53:32.759+0000] {processor.py:161} INFO - Started process (PID=88661) to work on /home/airflow/.local/lib/python3.12/site-packages/airflow/example_dags/example_short_circuit_decorator.py
[2024-05-24T19:53:32.761+0000] {processor.py:830} INFO - Processing file /home/airflow/.local/lib/python3.12/site-packages/airflow/example_dags/example_short_circuit_decorator.py for tasks to queue
[2024-05-24T19:53:32.762+0000] {logging_mixin.py:188} INFO - [2024-05-24T19:53:32.761+0000] {dagbag.py:545} INFO - Filling up the DagBag from /home/airflow/.local/lib/python3.12/site-packages/airflow/example_dags/example_short_circuit_decorator.py
[2024-05-24T19:53:32.772+0000] {processor.py:840} INFO - DAG(s) 'example_short_circuit_decorator' retrieved from /home/airflow/.local/lib/python3.12/site-packages/airflow/example_dags/example_short_circuit_decorator.py
[2024-05-24T19:53:32.796+0000] {logging_mixin.py:188} INFO - [2024-05-24T19:53:32.795+0000] {dag.py:3096} INFO - Sync 1 DAGs
[2024-05-24T19:53:32.820+0000] {logging_mixin.py:188} INFO - [2024-05-24T19:53:32.820+0000] {dag.py:3954} INFO - Setting next_dagrun for example_short_circuit_decorator to 2024-05-23 00:00:00+00:00, run_after=2024-05-24 00:00:00+00:00
[2024-05-24T19:53:32.855+0000] {processor.py:183} INFO - Processing /home/airflow/.local/lib/python3.12/site-packages/airflow/example_dags/example_short_circuit_decorator.py took 0.102 seconds
[2024-05-24T20:54:49.323+0000] {processor.py:161} INFO - Started process (PID=88726) to work on /home/airflow/.local/lib/python3.12/site-packages/airflow/example_dags/example_short_circuit_decorator.py
[2024-05-24T20:54:49.325+0000] {processor.py:830} INFO - Processing file /home/airflow/.local/lib/python3.12/site-packages/airflow/example_dags/example_short_circuit_decorator.py for tasks to queue
[2024-05-24T20:54:49.326+0000] {logging_mixin.py:188} INFO - [2024-05-24T20:54:49.326+0000] {dagbag.py:545} INFO - Filling up the DagBag from /home/airflow/.local/lib/python3.12/site-packages/airflow/example_dags/example_short_circuit_decorator.py
[2024-05-24T20:54:49.339+0000] {processor.py:840} INFO - DAG(s) 'example_short_circuit_decorator' retrieved from /home/airflow/.local/lib/python3.12/site-packages/airflow/example_dags/example_short_circuit_decorator.py
[2024-05-24T20:54:49.369+0000] {logging_mixin.py:188} INFO - [2024-05-24T20:54:49.368+0000] {dag.py:3096} INFO - Sync 1 DAGs
[2024-05-24T20:54:49.396+0000] {logging_mixin.py:188} INFO - [2024-05-24T20:54:49.395+0000] {dag.py:3954} INFO - Setting next_dagrun for example_short_circuit_decorator to 2024-05-23 00:00:00+00:00, run_after=2024-05-24 00:00:00+00:00
[2024-05-24T20:54:49.415+0000] {processor.py:183} INFO - Processing /home/airflow/.local/lib/python3.12/site-packages/airflow/example_dags/example_short_circuit_decorator.py took 0.100 seconds
[2024-05-24T21:55:53.736+0000] {processor.py:161} INFO - Started process (PID=88779) to work on /home/airflow/.local/lib/python3.12/site-packages/airflow/example_dags/example_short_circuit_decorator.py
[2024-05-24T21:55:53.741+0000] {processor.py:830} INFO - Processing file /home/airflow/.local/lib/python3.12/site-packages/airflow/example_dags/example_short_circuit_decorator.py for tasks to queue
[2024-05-24T21:55:53.744+0000] {logging_mixin.py:188} INFO - [2024-05-24T21:55:53.744+0000] {dagbag.py:545} INFO - Filling up the DagBag from /home/airflow/.local/lib/python3.12/site-packages/airflow/example_dags/example_short_circuit_decorator.py
[2024-05-24T21:55:53.784+0000] {processor.py:840} INFO - DAG(s) 'example_short_circuit_decorator' retrieved from /home/airflow/.local/lib/python3.12/site-packages/airflow/example_dags/example_short_circuit_decorator.py
[2024-05-24T21:55:53.861+0000] {logging_mixin.py:188} INFO - [2024-05-24T21:55:53.861+0000] {dag.py:3096} INFO - Sync 1 DAGs
[2024-05-24T21:55:54.003+0000] {logging_mixin.py:188} INFO - [2024-05-24T21:55:54.002+0000] {dag.py:3954} INFO - Setting next_dagrun for example_short_circuit_decorator to 2024-05-23 00:00:00+00:00, run_after=2024-05-24 00:00:00+00:00
[2024-05-24T21:55:54.078+0000] {processor.py:183} INFO - Processing /home/airflow/.local/lib/python3.12/site-packages/airflow/example_dags/example_short_circuit_decorator.py took 0.369 seconds
[2024-05-24T22:56:59.595+0000] {processor.py:161} INFO - Started process (PID=88838) to work on /home/airflow/.local/lib/python3.12/site-packages/airflow/example_dags/example_short_circuit_decorator.py
[2024-05-24T22:56:59.597+0000] {processor.py:830} INFO - Processing file /home/airflow/.local/lib/python3.12/site-packages/airflow/example_dags/example_short_circuit_decorator.py for tasks to queue
[2024-05-24T22:56:59.599+0000] {logging_mixin.py:188} INFO - [2024-05-24T22:56:59.598+0000] {dagbag.py:545} INFO - Filling up the DagBag from /home/airflow/.local/lib/python3.12/site-packages/airflow/example_dags/example_short_circuit_decorator.py
[2024-05-24T22:56:59.620+0000] {processor.py:840} INFO - DAG(s) 'example_short_circuit_decorator' retrieved from /home/airflow/.local/lib/python3.12/site-packages/airflow/example_dags/example_short_circuit_decorator.py
[2024-05-24T22:56:59.659+0000] {logging_mixin.py:188} INFO - [2024-05-24T22:56:59.659+0000] {dag.py:3096} INFO - Sync 1 DAGs
[2024-05-24T22:56:59.720+0000] {logging_mixin.py:188} INFO - [2024-05-24T22:56:59.719+0000] {dag.py:3954} INFO - Setting next_dagrun for example_short_circuit_decorator to 2024-05-23 00:00:00+00:00, run_after=2024-05-24 00:00:00+00:00
[2024-05-24T22:56:59.748+0000] {processor.py:183} INFO - Processing /home/airflow/.local/lib/python3.12/site-packages/airflow/example_dags/example_short_circuit_decorator.py took 0.162 seconds
