[2024-05-24T00:10:46.291+0000] {processor.py:161} INFO - Started process (PID=87428) to work on /home/airflow/.local/lib/python3.12/site-packages/airflow/example_dags/example_short_circuit_operator.py
[2024-05-24T00:10:46.293+0000] {processor.py:830} INFO - Processing file /home/airflow/.local/lib/python3.12/site-packages/airflow/example_dags/example_short_circuit_operator.py for tasks to queue
[2024-05-24T00:10:46.295+0000] {logging_mixin.py:188} INFO - [2024-05-24T00:10:46.294+0000] {dagbag.py:545} INFO - Filling up the DagBag from /home/airflow/.local/lib/python3.12/site-packages/airflow/example_dags/example_short_circuit_operator.py
[2024-05-24T00:10:46.313+0000] {processor.py:840} INFO - DAG(s) 'example_short_circuit_operator' retrieved from /home/airflow/.local/lib/python3.12/site-packages/airflow/example_dags/example_short_circuit_operator.py
[2024-05-24T00:10:46.347+0000] {logging_mixin.py:188} INFO - [2024-05-24T00:10:46.347+0000] {dag.py:3096} INFO - Sync 1 DAGs
[2024-05-24T00:10:46.379+0000] {logging_mixin.py:188} INFO - [2024-05-24T00:10:46.378+0000] {dag.py:3954} INFO - Setting next_dagrun for example_short_circuit_operator to 2024-05-23 00:00:00+00:00, run_after=2024-05-24 00:00:00+00:00
[2024-05-24T00:10:46.402+0000] {processor.py:183} INFO - Processing /home/airflow/.local/lib/python3.12/site-packages/airflow/example_dags/example_short_circuit_operator.py took 0.121 seconds
[2024-05-24T03:15:04.028+0000] {processor.py:161} INFO - Started process (PID=87487) to work on /home/airflow/.local/lib/python3.12/site-packages/airflow/example_dags/example_short_circuit_operator.py
[2024-05-24T03:15:04.029+0000] {processor.py:830} INFO - Processing file /home/airflow/.local/lib/python3.12/site-packages/airflow/example_dags/example_short_circuit_operator.py for tasks to queue
[2024-05-24T03:15:04.031+0000] {logging_mixin.py:188} INFO - [2024-05-24T03:15:04.031+0000] {dagbag.py:545} INFO - Filling up the DagBag from /home/airflow/.local/lib/python3.12/site-packages/airflow/example_dags/example_short_circuit_operator.py
[2024-05-24T03:15:04.045+0000] {processor.py:840} INFO - DAG(s) 'example_short_circuit_operator' retrieved from /home/airflow/.local/lib/python3.12/site-packages/airflow/example_dags/example_short_circuit_operator.py
[2024-05-24T03:15:04.075+0000] {logging_mixin.py:188} INFO - [2024-05-24T03:15:04.075+0000] {dag.py:3096} INFO - Sync 1 DAGs
[2024-05-24T03:15:04.103+0000] {logging_mixin.py:188} INFO - [2024-05-24T03:15:04.102+0000] {dag.py:3954} INFO - Setting next_dagrun for example_short_circuit_operator to 2024-05-23 00:00:00+00:00, run_after=2024-05-24 00:00:00+00:00
[2024-05-24T03:15:04.122+0000] {processor.py:183} INFO - Processing /home/airflow/.local/lib/python3.12/site-packages/airflow/example_dags/example_short_circuit_operator.py took 0.101 seconds
[2024-05-24T05:04:13.483+0000] {processor.py:161} INFO - Started process (PID=87546) to work on /home/airflow/.local/lib/python3.12/site-packages/airflow/example_dags/example_short_circuit_operator.py
[2024-05-24T05:04:13.484+0000] {processor.py:830} INFO - Processing file /home/airflow/.local/lib/python3.12/site-packages/airflow/example_dags/example_short_circuit_operator.py for tasks to queue
[2024-05-24T05:04:13.485+0000] {logging_mixin.py:188} INFO - [2024-05-24T05:04:13.485+0000] {dagbag.py:545} INFO - Filling up the DagBag from /home/airflow/.local/lib/python3.12/site-packages/airflow/example_dags/example_short_circuit_operator.py
[2024-05-24T05:04:13.495+0000] {processor.py:840} INFO - DAG(s) 'example_short_circuit_operator' retrieved from /home/airflow/.local/lib/python3.12/site-packages/airflow/example_dags/example_short_circuit_operator.py
[2024-05-24T05:04:13.521+0000] {logging_mixin.py:188} INFO - [2024-05-24T05:04:13.520+0000] {dag.py:3096} INFO - Sync 1 DAGs
[2024-05-24T05:04:13.549+0000] {logging_mixin.py:188} INFO - [2024-05-24T05:04:13.549+0000] {dag.py:3954} INFO - Setting next_dagrun for example_short_circuit_operator to 2024-05-23 00:00:00+00:00, run_after=2024-05-24 00:00:00+00:00
[2024-05-24T05:04:13.568+0000] {processor.py:183} INFO - Processing /home/airflow/.local/lib/python3.12/site-packages/airflow/example_dags/example_short_circuit_operator.py took 0.092 seconds
[2024-05-24T05:06:19.589+0000] {processor.py:161} INFO - Started process (PID=87605) to work on /home/airflow/.local/lib/python3.12/site-packages/airflow/example_dags/example_short_circuit_operator.py
[2024-05-24T05:06:19.592+0000] {processor.py:830} INFO - Processing file /home/airflow/.local/lib/python3.12/site-packages/airflow/example_dags/example_short_circuit_operator.py for tasks to queue
[2024-05-24T05:06:19.593+0000] {logging_mixin.py:188} INFO - [2024-05-24T05:06:19.593+0000] {dagbag.py:545} INFO - Filling up the DagBag from /home/airflow/.local/lib/python3.12/site-packages/airflow/example_dags/example_short_circuit_operator.py
[2024-05-24T05:06:19.603+0000] {processor.py:840} INFO - DAG(s) 'example_short_circuit_operator' retrieved from /home/airflow/.local/lib/python3.12/site-packages/airflow/example_dags/example_short_circuit_operator.py
[2024-05-24T05:06:19.635+0000] {logging_mixin.py:188} INFO - [2024-05-24T05:06:19.634+0000] {dag.py:3096} INFO - Sync 1 DAGs
[2024-05-24T05:06:19.662+0000] {logging_mixin.py:188} INFO - [2024-05-24T05:06:19.662+0000] {dag.py:3954} INFO - Setting next_dagrun for example_short_circuit_operator to 2024-05-23 00:00:00+00:00, run_after=2024-05-24 00:00:00+00:00
[2024-05-24T05:06:19.681+0000] {processor.py:183} INFO - Processing /home/airflow/.local/lib/python3.12/site-packages/airflow/example_dags/example_short_circuit_operator.py took 0.100 seconds
[2024-05-24T05:40:30.869+0000] {processor.py:161} INFO - Started process (PID=87664) to work on /home/airflow/.local/lib/python3.12/site-packages/airflow/example_dags/example_short_circuit_operator.py
[2024-05-24T05:40:30.870+0000] {processor.py:830} INFO - Processing file /home/airflow/.local/lib/python3.12/site-packages/airflow/example_dags/example_short_circuit_operator.py for tasks to queue
[2024-05-24T05:40:30.872+0000] {logging_mixin.py:188} INFO - [2024-05-24T05:40:30.871+0000] {dagbag.py:545} INFO - Filling up the DagBag from /home/airflow/.local/lib/python3.12/site-packages/airflow/example_dags/example_short_circuit_operator.py
[2024-05-24T05:40:30.882+0000] {processor.py:840} INFO - DAG(s) 'example_short_circuit_operator' retrieved from /home/airflow/.local/lib/python3.12/site-packages/airflow/example_dags/example_short_circuit_operator.py
[2024-05-24T05:40:30.911+0000] {logging_mixin.py:188} INFO - [2024-05-24T05:40:30.911+0000] {dag.py:3096} INFO - Sync 1 DAGs
[2024-05-24T05:40:30.941+0000] {logging_mixin.py:188} INFO - [2024-05-24T05:40:30.941+0000] {dag.py:3954} INFO - Setting next_dagrun for example_short_circuit_operator to 2024-05-23 00:00:00+00:00, run_after=2024-05-24 00:00:00+00:00
[2024-05-24T05:40:30.960+0000] {processor.py:183} INFO - Processing /home/airflow/.local/lib/python3.12/site-packages/airflow/example_dags/example_short_circuit_operator.py took 0.099 seconds
[2024-05-24T06:37:02.228+0000] {processor.py:161} INFO - Started process (PID=87729) to work on /home/airflow/.local/lib/python3.12/site-packages/airflow/example_dags/example_short_circuit_operator.py
[2024-05-24T06:37:02.230+0000] {processor.py:830} INFO - Processing file /home/airflow/.local/lib/python3.12/site-packages/airflow/example_dags/example_short_circuit_operator.py for tasks to queue
[2024-05-24T06:37:02.232+0000] {logging_mixin.py:188} INFO - [2024-05-24T06:37:02.232+0000] {dagbag.py:545} INFO - Filling up the DagBag from /home/airflow/.local/lib/python3.12/site-packages/airflow/example_dags/example_short_circuit_operator.py
[2024-05-24T06:37:02.244+0000] {processor.py:840} INFO - DAG(s) 'example_short_circuit_operator' retrieved from /home/airflow/.local/lib/python3.12/site-packages/airflow/example_dags/example_short_circuit_operator.py
[2024-05-24T06:37:02.275+0000] {logging_mixin.py:188} INFO - [2024-05-24T06:37:02.274+0000] {dag.py:3096} INFO - Sync 1 DAGs
[2024-05-24T06:37:02.302+0000] {logging_mixin.py:188} INFO - [2024-05-24T06:37:02.302+0000] {dag.py:3954} INFO - Setting next_dagrun for example_short_circuit_operator to 2024-05-23 00:00:00+00:00, run_after=2024-05-24 00:00:00+00:00
[2024-05-24T06:37:02.321+0000] {processor.py:183} INFO - Processing /home/airflow/.local/lib/python3.12/site-packages/airflow/example_dags/example_short_circuit_operator.py took 0.100 seconds
[2024-05-24T07:35:44.019+0000] {processor.py:161} INFO - Started process (PID=87797) to work on /home/airflow/.local/lib/python3.12/site-packages/airflow/example_dags/example_short_circuit_operator.py
[2024-05-24T07:35:44.021+0000] {processor.py:830} INFO - Processing file /home/airflow/.local/lib/python3.12/site-packages/airflow/example_dags/example_short_circuit_operator.py for tasks to queue
[2024-05-24T07:35:44.022+0000] {logging_mixin.py:188} INFO - [2024-05-24T07:35:44.021+0000] {dagbag.py:545} INFO - Filling up the DagBag from /home/airflow/.local/lib/python3.12/site-packages/airflow/example_dags/example_short_circuit_operator.py
[2024-05-24T07:35:44.032+0000] {processor.py:840} INFO - DAG(s) 'example_short_circuit_operator' retrieved from /home/airflow/.local/lib/python3.12/site-packages/airflow/example_dags/example_short_circuit_operator.py
[2024-05-24T07:35:44.060+0000] {logging_mixin.py:188} INFO - [2024-05-24T07:35:44.059+0000] {dag.py:3096} INFO - Sync 1 DAGs
[2024-05-24T07:35:44.086+0000] {logging_mixin.py:188} INFO - [2024-05-24T07:35:44.086+0000] {dag.py:3954} INFO - Setting next_dagrun for example_short_circuit_operator to 2024-05-23 00:00:00+00:00, run_after=2024-05-24 00:00:00+00:00
[2024-05-24T07:35:44.104+0000] {processor.py:183} INFO - Processing /home/airflow/.local/lib/python3.12/site-packages/airflow/example_dags/example_short_circuit_operator.py took 0.093 seconds
[2024-05-24T07:41:39.187+0000] {processor.py:161} INFO - Started process (PID=87856) to work on /home/airflow/.local/lib/python3.12/site-packages/airflow/example_dags/example_short_circuit_operator.py
[2024-05-24T07:41:39.189+0000] {processor.py:830} INFO - Processing file /home/airflow/.local/lib/python3.12/site-packages/airflow/example_dags/example_short_circuit_operator.py for tasks to queue
[2024-05-24T07:41:39.190+0000] {logging_mixin.py:188} INFO - [2024-05-24T07:41:39.189+0000] {dagbag.py:545} INFO - Filling up the DagBag from /home/airflow/.local/lib/python3.12/site-packages/airflow/example_dags/example_short_circuit_operator.py
[2024-05-24T07:41:39.201+0000] {processor.py:840} INFO - DAG(s) 'example_short_circuit_operator' retrieved from /home/airflow/.local/lib/python3.12/site-packages/airflow/example_dags/example_short_circuit_operator.py
[2024-05-24T07:41:39.231+0000] {logging_mixin.py:188} INFO - [2024-05-24T07:41:39.230+0000] {dag.py:3096} INFO - Sync 1 DAGs
[2024-05-24T07:41:39.261+0000] {logging_mixin.py:188} INFO - [2024-05-24T07:41:39.260+0000] {dag.py:3954} INFO - Setting next_dagrun for example_short_circuit_operator to 2024-05-23 00:00:00+00:00, run_after=2024-05-24 00:00:00+00:00
[2024-05-24T07:41:39.280+0000] {processor.py:183} INFO - Processing /home/airflow/.local/lib/python3.12/site-packages/airflow/example_dags/example_short_circuit_operator.py took 0.101 seconds
[2024-05-24T08:42:35.636+0000] {processor.py:161} INFO - Started process (PID=87915) to work on /home/airflow/.local/lib/python3.12/site-packages/airflow/example_dags/example_short_circuit_operator.py
[2024-05-24T08:42:35.639+0000] {processor.py:830} INFO - Processing file /home/airflow/.local/lib/python3.12/site-packages/airflow/example_dags/example_short_circuit_operator.py for tasks to queue
[2024-05-24T08:42:35.641+0000] {logging_mixin.py:188} INFO - [2024-05-24T08:42:35.640+0000] {dagbag.py:545} INFO - Filling up the DagBag from /home/airflow/.local/lib/python3.12/site-packages/airflow/example_dags/example_short_circuit_operator.py
[2024-05-24T08:42:35.651+0000] {processor.py:840} INFO - DAG(s) 'example_short_circuit_operator' retrieved from /home/airflow/.local/lib/python3.12/site-packages/airflow/example_dags/example_short_circuit_operator.py
[2024-05-24T08:42:35.681+0000] {logging_mixin.py:188} INFO - [2024-05-24T08:42:35.680+0000] {dag.py:3096} INFO - Sync 1 DAGs
[2024-05-24T08:42:35.724+0000] {logging_mixin.py:188} INFO - [2024-05-24T08:42:35.724+0000] {dag.py:3954} INFO - Setting next_dagrun for example_short_circuit_operator to 2024-05-23 00:00:00+00:00, run_after=2024-05-24 00:00:00+00:00
[2024-05-24T08:42:35.754+0000] {processor.py:183} INFO - Processing /home/airflow/.local/lib/python3.12/site-packages/airflow/example_dags/example_short_circuit_operator.py took 0.125 seconds
[2024-05-24T09:43:47.650+0000] {processor.py:161} INFO - Started process (PID=87973) to work on /home/airflow/.local/lib/python3.12/site-packages/airflow/example_dags/example_short_circuit_operator.py
[2024-05-24T09:43:47.651+0000] {processor.py:830} INFO - Processing file /home/airflow/.local/lib/python3.12/site-packages/airflow/example_dags/example_short_circuit_operator.py for tasks to queue
[2024-05-24T09:43:47.653+0000] {logging_mixin.py:188} INFO - [2024-05-24T09:43:47.652+0000] {dagbag.py:545} INFO - Filling up the DagBag from /home/airflow/.local/lib/python3.12/site-packages/airflow/example_dags/example_short_circuit_operator.py
[2024-05-24T09:43:47.663+0000] {processor.py:840} INFO - DAG(s) 'example_short_circuit_operator' retrieved from /home/airflow/.local/lib/python3.12/site-packages/airflow/example_dags/example_short_circuit_operator.py
[2024-05-24T09:43:47.690+0000] {logging_mixin.py:188} INFO - [2024-05-24T09:43:47.690+0000] {dag.py:3096} INFO - Sync 1 DAGs
[2024-05-24T09:43:47.715+0000] {logging_mixin.py:188} INFO - [2024-05-24T09:43:47.715+0000] {dag.py:3954} INFO - Setting next_dagrun for example_short_circuit_operator to 2024-05-23 00:00:00+00:00, run_after=2024-05-24 00:00:00+00:00
[2024-05-24T09:43:47.733+0000] {processor.py:183} INFO - Processing /home/airflow/.local/lib/python3.12/site-packages/airflow/example_dags/example_short_circuit_operator.py took 0.091 seconds
[2024-05-24T10:44:56.670+0000] {processor.py:161} INFO - Started process (PID=88032) to work on /home/airflow/.local/lib/python3.12/site-packages/airflow/example_dags/example_short_circuit_operator.py
[2024-05-24T10:44:56.672+0000] {processor.py:830} INFO - Processing file /home/airflow/.local/lib/python3.12/site-packages/airflow/example_dags/example_short_circuit_operator.py for tasks to queue
[2024-05-24T10:44:56.674+0000] {logging_mixin.py:188} INFO - [2024-05-24T10:44:56.674+0000] {dagbag.py:545} INFO - Filling up the DagBag from /home/airflow/.local/lib/python3.12/site-packages/airflow/example_dags/example_short_circuit_operator.py
[2024-05-24T10:44:56.687+0000] {processor.py:840} INFO - DAG(s) 'example_short_circuit_operator' retrieved from /home/airflow/.local/lib/python3.12/site-packages/airflow/example_dags/example_short_circuit_operator.py
[2024-05-24T10:44:56.720+0000] {logging_mixin.py:188} INFO - [2024-05-24T10:44:56.720+0000] {dag.py:3096} INFO - Sync 1 DAGs
[2024-05-24T10:44:56.746+0000] {logging_mixin.py:188} INFO - [2024-05-24T10:44:56.746+0000] {dag.py:3954} INFO - Setting next_dagrun for example_short_circuit_operator to 2024-05-23 00:00:00+00:00, run_after=2024-05-24 00:00:00+00:00
[2024-05-24T10:44:56.765+0000] {processor.py:183} INFO - Processing /home/airflow/.local/lib/python3.12/site-packages/airflow/example_dags/example_short_circuit_operator.py took 0.103 seconds
[2024-05-24T11:46:05.589+0000] {processor.py:161} INFO - Started process (PID=88091) to work on /home/airflow/.local/lib/python3.12/site-packages/airflow/example_dags/example_short_circuit_operator.py
[2024-05-24T11:46:05.597+0000] {processor.py:830} INFO - Processing file /home/airflow/.local/lib/python3.12/site-packages/airflow/example_dags/example_short_circuit_operator.py for tasks to queue
[2024-05-24T11:46:05.598+0000] {logging_mixin.py:188} INFO - [2024-05-24T11:46:05.598+0000] {dagbag.py:545} INFO - Filling up the DagBag from /home/airflow/.local/lib/python3.12/site-packages/airflow/example_dags/example_short_circuit_operator.py
[2024-05-24T11:46:05.625+0000] {processor.py:840} INFO - DAG(s) 'example_short_circuit_operator' retrieved from /home/airflow/.local/lib/python3.12/site-packages/airflow/example_dags/example_short_circuit_operator.py
[2024-05-24T11:46:05.740+0000] {logging_mixin.py:188} INFO - [2024-05-24T11:46:05.740+0000] {dag.py:3096} INFO - Sync 1 DAGs
[2024-05-24T11:46:05.926+0000] {logging_mixin.py:188} INFO - [2024-05-24T11:46:05.925+0000] {dag.py:3954} INFO - Setting next_dagrun for example_short_circuit_operator to 2024-05-23 00:00:00+00:00, run_after=2024-05-24 00:00:00+00:00
[2024-05-24T11:46:06.029+0000] {processor.py:183} INFO - Processing /home/airflow/.local/lib/python3.12/site-packages/airflow/example_dags/example_short_circuit_operator.py took 0.456 seconds
[2024-05-24T12:47:08.754+0000] {processor.py:161} INFO - Started process (PID=88150) to work on /home/airflow/.local/lib/python3.12/site-packages/airflow/example_dags/example_short_circuit_operator.py
[2024-05-24T12:47:08.757+0000] {processor.py:830} INFO - Processing file /home/airflow/.local/lib/python3.12/site-packages/airflow/example_dags/example_short_circuit_operator.py for tasks to queue
[2024-05-24T12:47:08.759+0000] {logging_mixin.py:188} INFO - [2024-05-24T12:47:08.759+0000] {dagbag.py:545} INFO - Filling up the DagBag from /home/airflow/.local/lib/python3.12/site-packages/airflow/example_dags/example_short_circuit_operator.py
[2024-05-24T12:47:08.769+0000] {processor.py:840} INFO - DAG(s) 'example_short_circuit_operator' retrieved from /home/airflow/.local/lib/python3.12/site-packages/airflow/example_dags/example_short_circuit_operator.py
[2024-05-24T12:47:08.805+0000] {logging_mixin.py:188} INFO - [2024-05-24T12:47:08.805+0000] {dag.py:3096} INFO - Sync 1 DAGs
[2024-05-24T12:47:08.832+0000] {logging_mixin.py:188} INFO - [2024-05-24T12:47:08.831+0000] {dag.py:3954} INFO - Setting next_dagrun for example_short_circuit_operator to 2024-05-23 00:00:00+00:00, run_after=2024-05-24 00:00:00+00:00
[2024-05-24T12:47:08.852+0000] {processor.py:183} INFO - Processing /home/airflow/.local/lib/python3.12/site-packages/airflow/example_dags/example_short_circuit_operator.py took 0.105 seconds
[2024-05-24T13:48:17.597+0000] {processor.py:161} INFO - Started process (PID=88209) to work on /home/airflow/.local/lib/python3.12/site-packages/airflow/example_dags/example_short_circuit_operator.py
[2024-05-24T13:48:17.599+0000] {processor.py:830} INFO - Processing file /home/airflow/.local/lib/python3.12/site-packages/airflow/example_dags/example_short_circuit_operator.py for tasks to queue
[2024-05-24T13:48:17.600+0000] {logging_mixin.py:188} INFO - [2024-05-24T13:48:17.600+0000] {dagbag.py:545} INFO - Filling up the DagBag from /home/airflow/.local/lib/python3.12/site-packages/airflow/example_dags/example_short_circuit_operator.py
[2024-05-24T13:48:17.610+0000] {processor.py:840} INFO - DAG(s) 'example_short_circuit_operator' retrieved from /home/airflow/.local/lib/python3.12/site-packages/airflow/example_dags/example_short_circuit_operator.py
[2024-05-24T13:48:17.640+0000] {logging_mixin.py:188} INFO - [2024-05-24T13:48:17.640+0000] {dag.py:3096} INFO - Sync 1 DAGs
[2024-05-24T13:48:17.667+0000] {logging_mixin.py:188} INFO - [2024-05-24T13:48:17.666+0000] {dag.py:3954} INFO - Setting next_dagrun for example_short_circuit_operator to 2024-05-23 00:00:00+00:00, run_after=2024-05-24 00:00:00+00:00
[2024-05-24T13:48:17.684+0000] {processor.py:183} INFO - Processing /home/airflow/.local/lib/python3.12/site-packages/airflow/example_dags/example_short_circuit_operator.py took 0.094 seconds
[2024-05-24T14:49:27.642+0000] {processor.py:161} INFO - Started process (PID=88268) to work on /home/airflow/.local/lib/python3.12/site-packages/airflow/example_dags/example_short_circuit_operator.py
[2024-05-24T14:49:27.644+0000] {processor.py:830} INFO - Processing file /home/airflow/.local/lib/python3.12/site-packages/airflow/example_dags/example_short_circuit_operator.py for tasks to queue
[2024-05-24T14:49:27.645+0000] {logging_mixin.py:188} INFO - [2024-05-24T14:49:27.645+0000] {dagbag.py:545} INFO - Filling up the DagBag from /home/airflow/.local/lib/python3.12/site-packages/airflow/example_dags/example_short_circuit_operator.py
[2024-05-24T14:49:27.657+0000] {processor.py:840} INFO - DAG(s) 'example_short_circuit_operator' retrieved from /home/airflow/.local/lib/python3.12/site-packages/airflow/example_dags/example_short_circuit_operator.py
[2024-05-24T14:49:27.684+0000] {logging_mixin.py:188} INFO - [2024-05-24T14:49:27.684+0000] {dag.py:3096} INFO - Sync 1 DAGs
[2024-05-24T14:49:27.711+0000] {logging_mixin.py:188} INFO - [2024-05-24T14:49:27.711+0000] {dag.py:3954} INFO - Setting next_dagrun for example_short_circuit_operator to 2024-05-23 00:00:00+00:00, run_after=2024-05-24 00:00:00+00:00
[2024-05-24T14:49:27.734+0000] {processor.py:183} INFO - Processing /home/airflow/.local/lib/python3.12/site-packages/airflow/example_dags/example_short_circuit_operator.py took 0.100 seconds
[2024-05-24T15:48:53.033+0000] {processor.py:161} INFO - Started process (PID=88321) to work on /home/airflow/.local/lib/python3.12/site-packages/airflow/example_dags/example_short_circuit_operator.py
[2024-05-24T15:48:53.035+0000] {processor.py:830} INFO - Processing file /home/airflow/.local/lib/python3.12/site-packages/airflow/example_dags/example_short_circuit_operator.py for tasks to queue
[2024-05-24T15:48:53.036+0000] {logging_mixin.py:188} INFO - [2024-05-24T15:48:53.036+0000] {dagbag.py:545} INFO - Filling up the DagBag from /home/airflow/.local/lib/python3.12/site-packages/airflow/example_dags/example_short_circuit_operator.py
[2024-05-24T15:48:53.047+0000] {processor.py:840} INFO - DAG(s) 'example_short_circuit_operator' retrieved from /home/airflow/.local/lib/python3.12/site-packages/airflow/example_dags/example_short_circuit_operator.py
[2024-05-24T15:48:53.078+0000] {logging_mixin.py:188} INFO - [2024-05-24T15:48:53.078+0000] {dag.py:3096} INFO - Sync 1 DAGs
[2024-05-24T15:48:53.109+0000] {logging_mixin.py:188} INFO - [2024-05-24T15:48:53.109+0000] {dag.py:3954} INFO - Setting next_dagrun for example_short_circuit_operator to 2024-05-23 00:00:00+00:00, run_after=2024-05-24 00:00:00+00:00
[2024-05-24T15:48:53.129+0000] {processor.py:183} INFO - Processing /home/airflow/.local/lib/python3.12/site-packages/airflow/example_dags/example_short_circuit_operator.py took 0.103 seconds
[2024-05-24T15:50:36.276+0000] {processor.py:161} INFO - Started process (PID=88386) to work on /home/airflow/.local/lib/python3.12/site-packages/airflow/example_dags/example_short_circuit_operator.py
[2024-05-24T15:50:36.279+0000] {processor.py:830} INFO - Processing file /home/airflow/.local/lib/python3.12/site-packages/airflow/example_dags/example_short_circuit_operator.py for tasks to queue
[2024-05-24T15:50:36.281+0000] {logging_mixin.py:188} INFO - [2024-05-24T15:50:36.280+0000] {dagbag.py:545} INFO - Filling up the DagBag from /home/airflow/.local/lib/python3.12/site-packages/airflow/example_dags/example_short_circuit_operator.py
[2024-05-24T15:50:36.291+0000] {processor.py:840} INFO - DAG(s) 'example_short_circuit_operator' retrieved from /home/airflow/.local/lib/python3.12/site-packages/airflow/example_dags/example_short_circuit_operator.py
[2024-05-24T15:50:36.318+0000] {logging_mixin.py:188} INFO - [2024-05-24T15:50:36.317+0000] {dag.py:3096} INFO - Sync 1 DAGs
[2024-05-24T15:50:36.346+0000] {logging_mixin.py:188} INFO - [2024-05-24T15:50:36.346+0000] {dag.py:3954} INFO - Setting next_dagrun for example_short_circuit_operator to 2024-05-23 00:00:00+00:00, run_after=2024-05-24 00:00:00+00:00
[2024-05-24T15:50:36.367+0000] {processor.py:183} INFO - Processing /home/airflow/.local/lib/python3.12/site-packages/airflow/example_dags/example_short_circuit_operator.py took 0.098 seconds
[2024-05-24T16:51:46.916+0000] {processor.py:161} INFO - Started process (PID=88444) to work on /home/airflow/.local/lib/python3.12/site-packages/airflow/example_dags/example_short_circuit_operator.py
[2024-05-24T16:51:46.921+0000] {processor.py:830} INFO - Processing file /home/airflow/.local/lib/python3.12/site-packages/airflow/example_dags/example_short_circuit_operator.py for tasks to queue
[2024-05-24T16:51:46.922+0000] {logging_mixin.py:188} INFO - [2024-05-24T16:51:46.922+0000] {dagbag.py:545} INFO - Filling up the DagBag from /home/airflow/.local/lib/python3.12/site-packages/airflow/example_dags/example_short_circuit_operator.py
[2024-05-24T16:51:46.973+0000] {processor.py:840} INFO - DAG(s) 'example_short_circuit_operator' retrieved from /home/airflow/.local/lib/python3.12/site-packages/airflow/example_dags/example_short_circuit_operator.py
[2024-05-24T16:51:47.053+0000] {logging_mixin.py:188} INFO - [2024-05-24T16:51:47.053+0000] {dag.py:3096} INFO - Sync 1 DAGs
[2024-05-24T16:51:47.099+0000] {logging_mixin.py:188} INFO - [2024-05-24T16:51:47.099+0000] {dag.py:3954} INFO - Setting next_dagrun for example_short_circuit_operator to 2024-05-23 00:00:00+00:00, run_after=2024-05-24 00:00:00+00:00
[2024-05-24T16:51:47.159+0000] {processor.py:183} INFO - Processing /home/airflow/.local/lib/python3.12/site-packages/airflow/example_dags/example_short_circuit_operator.py took 0.272 seconds
[2024-05-24T17:50:15.310+0000] {processor.py:161} INFO - Started process (PID=88497) to work on /home/airflow/.local/lib/python3.12/site-packages/airflow/example_dags/example_short_circuit_operator.py
[2024-05-24T17:50:15.311+0000] {processor.py:830} INFO - Processing file /home/airflow/.local/lib/python3.12/site-packages/airflow/example_dags/example_short_circuit_operator.py for tasks to queue
[2024-05-24T17:50:15.312+0000] {logging_mixin.py:188} INFO - [2024-05-24T17:50:15.312+0000] {dagbag.py:545} INFO - Filling up the DagBag from /home/airflow/.local/lib/python3.12/site-packages/airflow/example_dags/example_short_circuit_operator.py
[2024-05-24T17:50:15.324+0000] {processor.py:840} INFO - DAG(s) 'example_short_circuit_operator' retrieved from /home/airflow/.local/lib/python3.12/site-packages/airflow/example_dags/example_short_circuit_operator.py
[2024-05-24T17:50:15.351+0000] {logging_mixin.py:188} INFO - [2024-05-24T17:50:15.351+0000] {dag.py:3096} INFO - Sync 1 DAGs
[2024-05-24T17:50:15.378+0000] {logging_mixin.py:188} INFO - [2024-05-24T17:50:15.378+0000] {dag.py:3954} INFO - Setting next_dagrun for example_short_circuit_operator to 2024-05-23 00:00:00+00:00, run_after=2024-05-24 00:00:00+00:00
[2024-05-24T17:50:15.397+0000] {processor.py:183} INFO - Processing /home/airflow/.local/lib/python3.12/site-packages/airflow/example_dags/example_short_circuit_operator.py took 0.094 seconds
[2024-05-24T17:50:45.876+0000] {processor.py:161} INFO - Started process (PID=88556) to work on /home/airflow/.local/lib/python3.12/site-packages/airflow/example_dags/example_short_circuit_operator.py
[2024-05-24T17:50:45.877+0000] {processor.py:830} INFO - Processing file /home/airflow/.local/lib/python3.12/site-packages/airflow/example_dags/example_short_circuit_operator.py for tasks to queue
[2024-05-24T17:50:45.878+0000] {logging_mixin.py:188} INFO - [2024-05-24T17:50:45.878+0000] {dagbag.py:545} INFO - Filling up the DagBag from /home/airflow/.local/lib/python3.12/site-packages/airflow/example_dags/example_short_circuit_operator.py
[2024-05-24T17:50:45.888+0000] {processor.py:840} INFO - DAG(s) 'example_short_circuit_operator' retrieved from /home/airflow/.local/lib/python3.12/site-packages/airflow/example_dags/example_short_circuit_operator.py
[2024-05-24T17:50:45.915+0000] {logging_mixin.py:188} INFO - [2024-05-24T17:50:45.915+0000] {dag.py:3096} INFO - Sync 1 DAGs
[2024-05-24T17:50:45.944+0000] {logging_mixin.py:188} INFO - [2024-05-24T17:50:45.944+0000] {dag.py:3954} INFO - Setting next_dagrun for example_short_circuit_operator to 2024-05-23 00:00:00+00:00, run_after=2024-05-24 00:00:00+00:00
[2024-05-24T17:50:45.963+0000] {processor.py:183} INFO - Processing /home/airflow/.local/lib/python3.12/site-packages/airflow/example_dags/example_short_circuit_operator.py took 0.094 seconds
[2024-05-24T18:53:40.707+0000] {processor.py:161} INFO - Started process (PID=88621) to work on /home/airflow/.local/lib/python3.12/site-packages/airflow/example_dags/example_short_circuit_operator.py
[2024-05-24T18:53:40.710+0000] {processor.py:830} INFO - Processing file /home/airflow/.local/lib/python3.12/site-packages/airflow/example_dags/example_short_circuit_operator.py for tasks to queue
[2024-05-24T18:53:40.712+0000] {logging_mixin.py:188} INFO - [2024-05-24T18:53:40.711+0000] {dagbag.py:545} INFO - Filling up the DagBag from /home/airflow/.local/lib/python3.12/site-packages/airflow/example_dags/example_short_circuit_operator.py
[2024-05-24T18:53:40.723+0000] {processor.py:840} INFO - DAG(s) 'example_short_circuit_operator' retrieved from /home/airflow/.local/lib/python3.12/site-packages/airflow/example_dags/example_short_circuit_operator.py
[2024-05-24T18:53:40.763+0000] {logging_mixin.py:188} INFO - [2024-05-24T18:53:40.763+0000] {dag.py:3096} INFO - Sync 1 DAGs
[2024-05-24T18:53:40.792+0000] {logging_mixin.py:188} INFO - [2024-05-24T18:53:40.792+0000] {dag.py:3954} INFO - Setting next_dagrun for example_short_circuit_operator to 2024-05-23 00:00:00+00:00, run_after=2024-05-24 00:00:00+00:00
[2024-05-24T18:53:40.812+0000] {processor.py:183} INFO - Processing /home/airflow/.local/lib/python3.12/site-packages/airflow/example_dags/example_short_circuit_operator.py took 0.113 seconds
[2024-05-24T19:53:33.704+0000] {processor.py:161} INFO - Started process (PID=88674) to work on /home/airflow/.local/lib/python3.12/site-packages/airflow/example_dags/example_short_circuit_operator.py
[2024-05-24T19:53:33.706+0000] {processor.py:830} INFO - Processing file /home/airflow/.local/lib/python3.12/site-packages/airflow/example_dags/example_short_circuit_operator.py for tasks to queue
[2024-05-24T19:53:33.707+0000] {logging_mixin.py:188} INFO - [2024-05-24T19:53:33.706+0000] {dagbag.py:545} INFO - Filling up the DagBag from /home/airflow/.local/lib/python3.12/site-packages/airflow/example_dags/example_short_circuit_operator.py
[2024-05-24T19:53:33.717+0000] {processor.py:840} INFO - DAG(s) 'example_short_circuit_operator' retrieved from /home/airflow/.local/lib/python3.12/site-packages/airflow/example_dags/example_short_circuit_operator.py
[2024-05-24T19:53:33.743+0000] {logging_mixin.py:188} INFO - [2024-05-24T19:53:33.743+0000] {dag.py:3096} INFO - Sync 1 DAGs
[2024-05-24T19:53:33.771+0000] {logging_mixin.py:188} INFO - [2024-05-24T19:53:33.771+0000] {dag.py:3954} INFO - Setting next_dagrun for example_short_circuit_operator to 2024-05-23 00:00:00+00:00, run_after=2024-05-24 00:00:00+00:00
[2024-05-24T19:53:33.793+0000] {processor.py:183} INFO - Processing /home/airflow/.local/lib/python3.12/site-packages/airflow/example_dags/example_short_circuit_operator.py took 0.097 seconds
[2024-05-24T20:54:50.341+0000] {processor.py:161} INFO - Started process (PID=88739) to work on /home/airflow/.local/lib/python3.12/site-packages/airflow/example_dags/example_short_circuit_operator.py
[2024-05-24T20:54:50.344+0000] {processor.py:830} INFO - Processing file /home/airflow/.local/lib/python3.12/site-packages/airflow/example_dags/example_short_circuit_operator.py for tasks to queue
[2024-05-24T20:54:50.345+0000] {logging_mixin.py:188} INFO - [2024-05-24T20:54:50.345+0000] {dagbag.py:545} INFO - Filling up the DagBag from /home/airflow/.local/lib/python3.12/site-packages/airflow/example_dags/example_short_circuit_operator.py
[2024-05-24T20:54:50.355+0000] {processor.py:840} INFO - DAG(s) 'example_short_circuit_operator' retrieved from /home/airflow/.local/lib/python3.12/site-packages/airflow/example_dags/example_short_circuit_operator.py
[2024-05-24T20:54:50.383+0000] {logging_mixin.py:188} INFO - [2024-05-24T20:54:50.383+0000] {dag.py:3096} INFO - Sync 1 DAGs
[2024-05-24T20:54:50.414+0000] {logging_mixin.py:188} INFO - [2024-05-24T20:54:50.414+0000] {dag.py:3954} INFO - Setting next_dagrun for example_short_circuit_operator to 2024-05-23 00:00:00+00:00, run_after=2024-05-24 00:00:00+00:00
[2024-05-24T20:54:50.433+0000] {processor.py:183} INFO - Processing /home/airflow/.local/lib/python3.12/site-packages/airflow/example_dags/example_short_circuit_operator.py took 0.100 seconds
[2024-05-24T21:55:57.481+0000] {processor.py:161} INFO - Started process (PID=88798) to work on /home/airflow/.local/lib/python3.12/site-packages/airflow/example_dags/example_short_circuit_operator.py
[2024-05-24T21:55:57.485+0000] {processor.py:830} INFO - Processing file /home/airflow/.local/lib/python3.12/site-packages/airflow/example_dags/example_short_circuit_operator.py for tasks to queue
[2024-05-24T21:55:57.487+0000] {logging_mixin.py:188} INFO - [2024-05-24T21:55:57.486+0000] {dagbag.py:545} INFO - Filling up the DagBag from /home/airflow/.local/lib/python3.12/site-packages/airflow/example_dags/example_short_circuit_operator.py
[2024-05-24T21:55:57.516+0000] {processor.py:840} INFO - DAG(s) 'example_short_circuit_operator' retrieved from /home/airflow/.local/lib/python3.12/site-packages/airflow/example_dags/example_short_circuit_operator.py
[2024-05-24T21:55:57.674+0000] {logging_mixin.py:188} INFO - [2024-05-24T21:55:57.674+0000] {dag.py:3096} INFO - Sync 1 DAGs
[2024-05-24T21:55:57.807+0000] {logging_mixin.py:188} INFO - [2024-05-24T21:55:57.807+0000] {dag.py:3954} INFO - Setting next_dagrun for example_short_circuit_operator to 2024-05-23 00:00:00+00:00, run_after=2024-05-24 00:00:00+00:00
[2024-05-24T21:55:57.904+0000] {processor.py:183} INFO - Processing /home/airflow/.local/lib/python3.12/site-packages/airflow/example_dags/example_short_circuit_operator.py took 0.452 seconds
[2024-05-24T22:57:00.559+0000] {processor.py:161} INFO - Started process (PID=88851) to work on /home/airflow/.local/lib/python3.12/site-packages/airflow/example_dags/example_short_circuit_operator.py
[2024-05-24T22:57:00.561+0000] {processor.py:830} INFO - Processing file /home/airflow/.local/lib/python3.12/site-packages/airflow/example_dags/example_short_circuit_operator.py for tasks to queue
[2024-05-24T22:57:00.562+0000] {logging_mixin.py:188} INFO - [2024-05-24T22:57:00.561+0000] {dagbag.py:545} INFO - Filling up the DagBag from /home/airflow/.local/lib/python3.12/site-packages/airflow/example_dags/example_short_circuit_operator.py
[2024-05-24T22:57:00.572+0000] {processor.py:840} INFO - DAG(s) 'example_short_circuit_operator' retrieved from /home/airflow/.local/lib/python3.12/site-packages/airflow/example_dags/example_short_circuit_operator.py
[2024-05-24T22:57:00.601+0000] {logging_mixin.py:188} INFO - [2024-05-24T22:57:00.600+0000] {dag.py:3096} INFO - Sync 1 DAGs
[2024-05-24T22:57:00.628+0000] {logging_mixin.py:188} INFO - [2024-05-24T22:57:00.627+0000] {dag.py:3954} INFO - Setting next_dagrun for example_short_circuit_operator to 2024-05-23 00:00:00+00:00, run_after=2024-05-24 00:00:00+00:00
[2024-05-24T22:57:00.648+0000] {processor.py:183} INFO - Processing /home/airflow/.local/lib/python3.12/site-packages/airflow/example_dags/example_short_circuit_operator.py took 0.096 seconds
