[2024-05-24T00:10:41.711+0000] {processor.py:161} INFO - Started process (PID=87413) to work on /home/airflow/.local/lib/python3.12/site-packages/airflow/example_dags/example_bash_operator.py
[2024-05-24T00:10:41.714+0000] {processor.py:830} INFO - Processing file /home/airflow/.local/lib/python3.12/site-packages/airflow/example_dags/example_bash_operator.py for tasks to queue
[2024-05-24T00:10:41.715+0000] {logging_mixin.py:188} INFO - [2024-05-24T00:10:41.714+0000] {dagbag.py:545} INFO - Filling up the DagBag from /home/airflow/.local/lib/python3.12/site-packages/airflow/example_dags/example_bash_operator.py
[2024-05-24T00:10:41.728+0000] {processor.py:840} INFO - DAG(s) 'example_bash_operator' retrieved from /home/airflow/.local/lib/python3.12/site-packages/airflow/example_dags/example_bash_operator.py
[2024-05-24T00:10:41.763+0000] {logging_mixin.py:188} INFO - [2024-05-24T00:10:41.762+0000] {dag.py:3096} INFO - Sync 1 DAGs
[2024-05-24T00:10:41.790+0000] {logging_mixin.py:188} INFO - [2024-05-24T00:10:41.790+0000] {dag.py:3954} INFO - Setting next_dagrun for example_bash_operator to 2024-05-23 00:00:00+00:00, run_after=2024-05-24 00:00:00+00:00
[2024-05-24T00:10:41.810+0000] {processor.py:183} INFO - Processing /home/airflow/.local/lib/python3.12/site-packages/airflow/example_dags/example_bash_operator.py took 0.107 seconds
[2024-05-24T03:15:02.245+0000] {processor.py:161} INFO - Started process (PID=87472) to work on /home/airflow/.local/lib/python3.12/site-packages/airflow/example_dags/example_bash_operator.py
[2024-05-24T03:15:02.254+0000] {processor.py:830} INFO - Processing file /home/airflow/.local/lib/python3.12/site-packages/airflow/example_dags/example_bash_operator.py for tasks to queue
[2024-05-24T03:15:02.257+0000] {logging_mixin.py:188} INFO - [2024-05-24T03:15:02.257+0000] {dagbag.py:545} INFO - Filling up the DagBag from /home/airflow/.local/lib/python3.12/site-packages/airflow/example_dags/example_bash_operator.py
[2024-05-24T03:15:02.302+0000] {processor.py:840} INFO - DAG(s) 'example_bash_operator' retrieved from /home/airflow/.local/lib/python3.12/site-packages/airflow/example_dags/example_bash_operator.py
[2024-05-24T03:15:02.435+0000] {logging_mixin.py:188} INFO - [2024-05-24T03:15:02.435+0000] {dag.py:3096} INFO - Sync 1 DAGs
[2024-05-24T03:15:02.498+0000] {logging_mixin.py:188} INFO - [2024-05-24T03:15:02.498+0000] {dag.py:3954} INFO - Setting next_dagrun for example_bash_operator to 2024-05-23 00:00:00+00:00, run_after=2024-05-24 00:00:00+00:00
[2024-05-24T03:15:02.562+0000] {processor.py:183} INFO - Processing /home/airflow/.local/lib/python3.12/site-packages/airflow/example_dags/example_bash_operator.py took 0.339 seconds
[2024-05-24T05:04:12.447+0000] {processor.py:161} INFO - Started process (PID=87531) to work on /home/airflow/.local/lib/python3.12/site-packages/airflow/example_dags/example_bash_operator.py
[2024-05-24T05:04:12.448+0000] {processor.py:830} INFO - Processing file /home/airflow/.local/lib/python3.12/site-packages/airflow/example_dags/example_bash_operator.py for tasks to queue
[2024-05-24T05:04:12.450+0000] {logging_mixin.py:188} INFO - [2024-05-24T05:04:12.449+0000] {dagbag.py:545} INFO - Filling up the DagBag from /home/airflow/.local/lib/python3.12/site-packages/airflow/example_dags/example_bash_operator.py
[2024-05-24T05:04:12.465+0000] {processor.py:840} INFO - DAG(s) 'example_bash_operator' retrieved from /home/airflow/.local/lib/python3.12/site-packages/airflow/example_dags/example_bash_operator.py
[2024-05-24T05:04:12.503+0000] {logging_mixin.py:188} INFO - [2024-05-24T05:04:12.502+0000] {dag.py:3096} INFO - Sync 1 DAGs
[2024-05-24T05:04:12.532+0000] {logging_mixin.py:188} INFO - [2024-05-24T05:04:12.532+0000] {dag.py:3954} INFO - Setting next_dagrun for example_bash_operator to 2024-05-23 00:00:00+00:00, run_after=2024-05-24 00:00:00+00:00
[2024-05-24T05:04:12.551+0000] {processor.py:183} INFO - Processing /home/airflow/.local/lib/python3.12/site-packages/airflow/example_dags/example_bash_operator.py took 0.116 seconds
[2024-05-24T05:06:18.557+0000] {processor.py:161} INFO - Started process (PID=87590) to work on /home/airflow/.local/lib/python3.12/site-packages/airflow/example_dags/example_bash_operator.py
[2024-05-24T05:06:18.559+0000] {processor.py:830} INFO - Processing file /home/airflow/.local/lib/python3.12/site-packages/airflow/example_dags/example_bash_operator.py for tasks to queue
[2024-05-24T05:06:18.560+0000] {logging_mixin.py:188} INFO - [2024-05-24T05:06:18.560+0000] {dagbag.py:545} INFO - Filling up the DagBag from /home/airflow/.local/lib/python3.12/site-packages/airflow/example_dags/example_bash_operator.py
[2024-05-24T05:06:18.577+0000] {processor.py:840} INFO - DAG(s) 'example_bash_operator' retrieved from /home/airflow/.local/lib/python3.12/site-packages/airflow/example_dags/example_bash_operator.py
[2024-05-24T05:06:18.613+0000] {logging_mixin.py:188} INFO - [2024-05-24T05:06:18.612+0000] {dag.py:3096} INFO - Sync 1 DAGs
[2024-05-24T05:06:18.641+0000] {logging_mixin.py:188} INFO - [2024-05-24T05:06:18.641+0000] {dag.py:3954} INFO - Setting next_dagrun for example_bash_operator to 2024-05-23 00:00:00+00:00, run_after=2024-05-24 00:00:00+00:00
[2024-05-24T05:06:18.660+0000] {processor.py:183} INFO - Processing /home/airflow/.local/lib/python3.12/site-packages/airflow/example_dags/example_bash_operator.py took 0.110 seconds
[2024-05-24T05:40:29.810+0000] {processor.py:161} INFO - Started process (PID=87649) to work on /home/airflow/.local/lib/python3.12/site-packages/airflow/example_dags/example_bash_operator.py
[2024-05-24T05:40:29.811+0000] {processor.py:830} INFO - Processing file /home/airflow/.local/lib/python3.12/site-packages/airflow/example_dags/example_bash_operator.py for tasks to queue
[2024-05-24T05:40:29.812+0000] {logging_mixin.py:188} INFO - [2024-05-24T05:40:29.812+0000] {dagbag.py:545} INFO - Filling up the DagBag from /home/airflow/.local/lib/python3.12/site-packages/airflow/example_dags/example_bash_operator.py
[2024-05-24T05:40:29.826+0000] {processor.py:840} INFO - DAG(s) 'example_bash_operator' retrieved from /home/airflow/.local/lib/python3.12/site-packages/airflow/example_dags/example_bash_operator.py
[2024-05-24T05:40:29.860+0000] {logging_mixin.py:188} INFO - [2024-05-24T05:40:29.860+0000] {dag.py:3096} INFO - Sync 1 DAGs
[2024-05-24T05:40:29.889+0000] {logging_mixin.py:188} INFO - [2024-05-24T05:40:29.888+0000] {dag.py:3954} INFO - Setting next_dagrun for example_bash_operator to 2024-05-23 00:00:00+00:00, run_after=2024-05-24 00:00:00+00:00
[2024-05-24T05:40:29.908+0000] {processor.py:183} INFO - Processing /home/airflow/.local/lib/python3.12/site-packages/airflow/example_dags/example_bash_operator.py took 0.106 seconds
[2024-05-24T06:36:58.262+0000] {processor.py:161} INFO - Started process (PID=87714) to work on /home/airflow/.local/lib/python3.12/site-packages/airflow/example_dags/example_bash_operator.py
[2024-05-24T06:36:58.269+0000] {processor.py:830} INFO - Processing file /home/airflow/.local/lib/python3.12/site-packages/airflow/example_dags/example_bash_operator.py for tasks to queue
[2024-05-24T06:36:58.275+0000] {logging_mixin.py:188} INFO - [2024-05-24T06:36:58.274+0000] {dagbag.py:545} INFO - Filling up the DagBag from /home/airflow/.local/lib/python3.12/site-packages/airflow/example_dags/example_bash_operator.py
[2024-05-24T06:36:58.311+0000] {processor.py:840} INFO - DAG(s) 'example_bash_operator' retrieved from /home/airflow/.local/lib/python3.12/site-packages/airflow/example_dags/example_bash_operator.py
[2024-05-24T06:36:58.490+0000] {logging_mixin.py:188} INFO - [2024-05-24T06:36:58.487+0000] {dag.py:3096} INFO - Sync 1 DAGs
[2024-05-24T06:36:58.783+0000] {logging_mixin.py:188} INFO - [2024-05-24T06:36:58.782+0000] {dag.py:3954} INFO - Setting next_dagrun for example_bash_operator to 2024-05-23 00:00:00+00:00, run_after=2024-05-24 00:00:00+00:00
[2024-05-24T06:36:58.896+0000] {processor.py:183} INFO - Processing /home/airflow/.local/lib/python3.12/site-packages/airflow/example_dags/example_bash_operator.py took 0.717 seconds
[2024-05-24T07:35:42.945+0000] {processor.py:161} INFO - Started process (PID=87782) to work on /home/airflow/.local/lib/python3.12/site-packages/airflow/example_dags/example_bash_operator.py
[2024-05-24T07:35:42.947+0000] {processor.py:830} INFO - Processing file /home/airflow/.local/lib/python3.12/site-packages/airflow/example_dags/example_bash_operator.py for tasks to queue
[2024-05-24T07:35:42.948+0000] {logging_mixin.py:188} INFO - [2024-05-24T07:35:42.948+0000] {dagbag.py:545} INFO - Filling up the DagBag from /home/airflow/.local/lib/python3.12/site-packages/airflow/example_dags/example_bash_operator.py
[2024-05-24T07:35:42.964+0000] {processor.py:840} INFO - DAG(s) 'example_bash_operator' retrieved from /home/airflow/.local/lib/python3.12/site-packages/airflow/example_dags/example_bash_operator.py
[2024-05-24T07:35:42.997+0000] {logging_mixin.py:188} INFO - [2024-05-24T07:35:42.997+0000] {dag.py:3096} INFO - Sync 1 DAGs
[2024-05-24T07:35:43.025+0000] {logging_mixin.py:188} INFO - [2024-05-24T07:35:43.025+0000] {dag.py:3954} INFO - Setting next_dagrun for example_bash_operator to 2024-05-23 00:00:00+00:00, run_after=2024-05-24 00:00:00+00:00
[2024-05-24T07:35:43.045+0000] {processor.py:183} INFO - Processing /home/airflow/.local/lib/python3.12/site-packages/airflow/example_dags/example_bash_operator.py took 0.108 seconds
[2024-05-24T07:41:38.012+0000] {processor.py:161} INFO - Started process (PID=87835) to work on /home/airflow/.local/lib/python3.12/site-packages/airflow/example_dags/example_bash_operator.py
[2024-05-24T07:41:38.017+0000] {processor.py:830} INFO - Processing file /home/airflow/.local/lib/python3.12/site-packages/airflow/example_dags/example_bash_operator.py for tasks to queue
[2024-05-24T07:41:38.020+0000] {logging_mixin.py:188} INFO - [2024-05-24T07:41:38.018+0000] {dagbag.py:545} INFO - Filling up the DagBag from /home/airflow/.local/lib/python3.12/site-packages/airflow/example_dags/example_bash_operator.py
[2024-05-24T07:41:38.045+0000] {processor.py:840} INFO - DAG(s) 'example_bash_operator' retrieved from /home/airflow/.local/lib/python3.12/site-packages/airflow/example_dags/example_bash_operator.py
[2024-05-24T07:41:38.100+0000] {logging_mixin.py:188} INFO - [2024-05-24T07:41:38.100+0000] {dag.py:3096} INFO - Sync 1 DAGs
[2024-05-24T07:41:38.187+0000] {logging_mixin.py:188} INFO - [2024-05-24T07:41:38.187+0000] {dag.py:3954} INFO - Setting next_dagrun for example_bash_operator to 2024-05-23 00:00:00+00:00, run_after=2024-05-24 00:00:00+00:00
[2024-05-24T07:41:38.259+0000] {processor.py:183} INFO - Processing /home/airflow/.local/lib/python3.12/site-packages/airflow/example_dags/example_bash_operator.py took 0.258 seconds
[2024-05-24T08:42:34.389+0000] {processor.py:161} INFO - Started process (PID=87900) to work on /home/airflow/.local/lib/python3.12/site-packages/airflow/example_dags/example_bash_operator.py
[2024-05-24T08:42:34.391+0000] {processor.py:830} INFO - Processing file /home/airflow/.local/lib/python3.12/site-packages/airflow/example_dags/example_bash_operator.py for tasks to queue
[2024-05-24T08:42:34.392+0000] {logging_mixin.py:188} INFO - [2024-05-24T08:42:34.391+0000] {dagbag.py:545} INFO - Filling up the DagBag from /home/airflow/.local/lib/python3.12/site-packages/airflow/example_dags/example_bash_operator.py
[2024-05-24T08:42:34.406+0000] {processor.py:840} INFO - DAG(s) 'example_bash_operator' retrieved from /home/airflow/.local/lib/python3.12/site-packages/airflow/example_dags/example_bash_operator.py
[2024-05-24T08:42:34.441+0000] {logging_mixin.py:188} INFO - [2024-05-24T08:42:34.440+0000] {dag.py:3096} INFO - Sync 1 DAGs
[2024-05-24T08:42:34.468+0000] {logging_mixin.py:188} INFO - [2024-05-24T08:42:34.468+0000] {dag.py:3954} INFO - Setting next_dagrun for example_bash_operator to 2024-05-23 00:00:00+00:00, run_after=2024-05-24 00:00:00+00:00
[2024-05-24T08:42:34.494+0000] {processor.py:183} INFO - Processing /home/airflow/.local/lib/python3.12/site-packages/airflow/example_dags/example_bash_operator.py took 0.112 seconds
[2024-05-24T09:43:46.493+0000] {processor.py:161} INFO - Started process (PID=87958) to work on /home/airflow/.local/lib/python3.12/site-packages/airflow/example_dags/example_bash_operator.py
[2024-05-24T09:43:46.497+0000] {processor.py:830} INFO - Processing file /home/airflow/.local/lib/python3.12/site-packages/airflow/example_dags/example_bash_operator.py for tasks to queue
[2024-05-24T09:43:46.498+0000] {logging_mixin.py:188} INFO - [2024-05-24T09:43:46.498+0000] {dagbag.py:545} INFO - Filling up the DagBag from /home/airflow/.local/lib/python3.12/site-packages/airflow/example_dags/example_bash_operator.py
[2024-05-24T09:43:46.515+0000] {processor.py:840} INFO - DAG(s) 'example_bash_operator' retrieved from /home/airflow/.local/lib/python3.12/site-packages/airflow/example_dags/example_bash_operator.py
[2024-05-24T09:43:46.568+0000] {logging_mixin.py:188} INFO - [2024-05-24T09:43:46.567+0000] {dag.py:3096} INFO - Sync 1 DAGs
[2024-05-24T09:43:46.633+0000] {logging_mixin.py:188} INFO - [2024-05-24T09:43:46.630+0000] {dag.py:3954} INFO - Setting next_dagrun for example_bash_operator to 2024-05-23 00:00:00+00:00, run_after=2024-05-24 00:00:00+00:00
[2024-05-24T09:43:46.657+0000] {processor.py:183} INFO - Processing /home/airflow/.local/lib/python3.12/site-packages/airflow/example_dags/example_bash_operator.py took 0.178 seconds
[2024-05-24T10:44:55.569+0000] {processor.py:161} INFO - Started process (PID=88017) to work on /home/airflow/.local/lib/python3.12/site-packages/airflow/example_dags/example_bash_operator.py
[2024-05-24T10:44:55.571+0000] {processor.py:830} INFO - Processing file /home/airflow/.local/lib/python3.12/site-packages/airflow/example_dags/example_bash_operator.py for tasks to queue
[2024-05-24T10:44:55.573+0000] {logging_mixin.py:188} INFO - [2024-05-24T10:44:55.573+0000] {dagbag.py:545} INFO - Filling up the DagBag from /home/airflow/.local/lib/python3.12/site-packages/airflow/example_dags/example_bash_operator.py
[2024-05-24T10:44:55.600+0000] {processor.py:840} INFO - DAG(s) 'example_bash_operator' retrieved from /home/airflow/.local/lib/python3.12/site-packages/airflow/example_dags/example_bash_operator.py
[2024-05-24T10:44:55.633+0000] {logging_mixin.py:188} INFO - [2024-05-24T10:44:55.633+0000] {dag.py:3096} INFO - Sync 1 DAGs
[2024-05-24T10:44:55.665+0000] {logging_mixin.py:188} INFO - [2024-05-24T10:44:55.665+0000] {dag.py:3954} INFO - Setting next_dagrun for example_bash_operator to 2024-05-23 00:00:00+00:00, run_after=2024-05-24 00:00:00+00:00
[2024-05-24T10:44:55.686+0000] {processor.py:183} INFO - Processing /home/airflow/.local/lib/python3.12/site-packages/airflow/example_dags/example_bash_operator.py took 0.136 seconds
[2024-05-24T11:46:01.758+0000] {processor.py:161} INFO - Started process (PID=88076) to work on /home/airflow/.local/lib/python3.12/site-packages/airflow/example_dags/example_bash_operator.py
[2024-05-24T11:46:01.770+0000] {processor.py:830} INFO - Processing file /home/airflow/.local/lib/python3.12/site-packages/airflow/example_dags/example_bash_operator.py for tasks to queue
[2024-05-24T11:46:01.772+0000] {logging_mixin.py:188} INFO - [2024-05-24T11:46:01.772+0000] {dagbag.py:545} INFO - Filling up the DagBag from /home/airflow/.local/lib/python3.12/site-packages/airflow/example_dags/example_bash_operator.py
[2024-05-24T11:46:01.837+0000] {processor.py:840} INFO - DAG(s) 'example_bash_operator' retrieved from /home/airflow/.local/lib/python3.12/site-packages/airflow/example_dags/example_bash_operator.py
[2024-05-24T11:46:01.892+0000] {logging_mixin.py:188} INFO - [2024-05-24T11:46:01.891+0000] {dag.py:3096} INFO - Sync 1 DAGs
[2024-05-24T11:46:01.973+0000] {logging_mixin.py:188} INFO - [2024-05-24T11:46:01.973+0000] {dag.py:3954} INFO - Setting next_dagrun for example_bash_operator to 2024-05-23 00:00:00+00:00, run_after=2024-05-24 00:00:00+00:00
[2024-05-24T11:46:02.074+0000] {processor.py:183} INFO - Processing /home/airflow/.local/lib/python3.12/site-packages/airflow/example_dags/example_bash_operator.py took 0.352 seconds
[2024-05-24T12:47:07.524+0000] {processor.py:161} INFO - Started process (PID=88129) to work on /home/airflow/.local/lib/python3.12/site-packages/airflow/example_dags/example_bash_operator.py
[2024-05-24T12:47:07.527+0000] {processor.py:830} INFO - Processing file /home/airflow/.local/lib/python3.12/site-packages/airflow/example_dags/example_bash_operator.py for tasks to queue
[2024-05-24T12:47:07.528+0000] {logging_mixin.py:188} INFO - [2024-05-24T12:47:07.528+0000] {dagbag.py:545} INFO - Filling up the DagBag from /home/airflow/.local/lib/python3.12/site-packages/airflow/example_dags/example_bash_operator.py
[2024-05-24T12:47:07.546+0000] {processor.py:840} INFO - DAG(s) 'example_bash_operator' retrieved from /home/airflow/.local/lib/python3.12/site-packages/airflow/example_dags/example_bash_operator.py
[2024-05-24T12:47:07.581+0000] {logging_mixin.py:188} INFO - [2024-05-24T12:47:07.581+0000] {dag.py:3096} INFO - Sync 1 DAGs
[2024-05-24T12:47:07.613+0000] {logging_mixin.py:188} INFO - [2024-05-24T12:47:07.613+0000] {dag.py:3954} INFO - Setting next_dagrun for example_bash_operator to 2024-05-23 00:00:00+00:00, run_after=2024-05-24 00:00:00+00:00
[2024-05-24T12:47:07.635+0000] {processor.py:183} INFO - Processing /home/airflow/.local/lib/python3.12/site-packages/airflow/example_dags/example_bash_operator.py took 0.121 seconds
[2024-05-24T13:48:16.477+0000] {processor.py:161} INFO - Started process (PID=88188) to work on /home/airflow/.local/lib/python3.12/site-packages/airflow/example_dags/example_bash_operator.py
[2024-05-24T13:48:16.479+0000] {processor.py:830} INFO - Processing file /home/airflow/.local/lib/python3.12/site-packages/airflow/example_dags/example_bash_operator.py for tasks to queue
[2024-05-24T13:48:16.480+0000] {logging_mixin.py:188} INFO - [2024-05-24T13:48:16.479+0000] {dagbag.py:545} INFO - Filling up the DagBag from /home/airflow/.local/lib/python3.12/site-packages/airflow/example_dags/example_bash_operator.py
[2024-05-24T13:48:16.495+0000] {processor.py:840} INFO - DAG(s) 'example_bash_operator' retrieved from /home/airflow/.local/lib/python3.12/site-packages/airflow/example_dags/example_bash_operator.py
[2024-05-24T13:48:16.530+0000] {logging_mixin.py:188} INFO - [2024-05-24T13:48:16.529+0000] {dag.py:3096} INFO - Sync 1 DAGs
[2024-05-24T13:48:16.557+0000] {logging_mixin.py:188} INFO - [2024-05-24T13:48:16.557+0000] {dag.py:3954} INFO - Setting next_dagrun for example_bash_operator to 2024-05-23 00:00:00+00:00, run_after=2024-05-24 00:00:00+00:00
[2024-05-24T13:48:16.580+0000] {processor.py:183} INFO - Processing /home/airflow/.local/lib/python3.12/site-packages/airflow/example_dags/example_bash_operator.py took 0.115 seconds
[2024-05-24T14:49:26.547+0000] {processor.py:161} INFO - Started process (PID=88247) to work on /home/airflow/.local/lib/python3.12/site-packages/airflow/example_dags/example_bash_operator.py
[2024-05-24T14:49:26.549+0000] {processor.py:830} INFO - Processing file /home/airflow/.local/lib/python3.12/site-packages/airflow/example_dags/example_bash_operator.py for tasks to queue
[2024-05-24T14:49:26.550+0000] {logging_mixin.py:188} INFO - [2024-05-24T14:49:26.550+0000] {dagbag.py:545} INFO - Filling up the DagBag from /home/airflow/.local/lib/python3.12/site-packages/airflow/example_dags/example_bash_operator.py
[2024-05-24T14:49:26.566+0000] {processor.py:840} INFO - DAG(s) 'example_bash_operator' retrieved from /home/airflow/.local/lib/python3.12/site-packages/airflow/example_dags/example_bash_operator.py
[2024-05-24T14:49:26.599+0000] {logging_mixin.py:188} INFO - [2024-05-24T14:49:26.598+0000] {dag.py:3096} INFO - Sync 1 DAGs
[2024-05-24T14:49:26.628+0000] {logging_mixin.py:188} INFO - [2024-05-24T14:49:26.628+0000] {dag.py:3954} INFO - Setting next_dagrun for example_bash_operator to 2024-05-23 00:00:00+00:00, run_after=2024-05-24 00:00:00+00:00
[2024-05-24T14:49:26.647+0000] {processor.py:183} INFO - Processing /home/airflow/.local/lib/python3.12/site-packages/airflow/example_dags/example_bash_operator.py took 0.110 seconds
[2024-05-24T15:48:52.011+0000] {processor.py:161} INFO - Started process (PID=88306) to work on /home/airflow/.local/lib/python3.12/site-packages/airflow/example_dags/example_bash_operator.py
[2024-05-24T15:48:52.013+0000] {processor.py:830} INFO - Processing file /home/airflow/.local/lib/python3.12/site-packages/airflow/example_dags/example_bash_operator.py for tasks to queue
[2024-05-24T15:48:52.015+0000] {logging_mixin.py:188} INFO - [2024-05-24T15:48:52.014+0000] {dagbag.py:545} INFO - Filling up the DagBag from /home/airflow/.local/lib/python3.12/site-packages/airflow/example_dags/example_bash_operator.py
[2024-05-24T15:48:52.032+0000] {processor.py:840} INFO - DAG(s) 'example_bash_operator' retrieved from /home/airflow/.local/lib/python3.12/site-packages/airflow/example_dags/example_bash_operator.py
[2024-05-24T15:48:52.066+0000] {logging_mixin.py:188} INFO - [2024-05-24T15:48:52.066+0000] {dag.py:3096} INFO - Sync 1 DAGs
[2024-05-24T15:48:52.099+0000] {logging_mixin.py:188} INFO - [2024-05-24T15:48:52.099+0000] {dag.py:3954} INFO - Setting next_dagrun for example_bash_operator to 2024-05-23 00:00:00+00:00, run_after=2024-05-24 00:00:00+00:00
[2024-05-24T15:48:52.119+0000] {processor.py:183} INFO - Processing /home/airflow/.local/lib/python3.12/site-packages/airflow/example_dags/example_bash_operator.py took 0.115 seconds
[2024-05-24T15:50:35.158+0000] {processor.py:161} INFO - Started process (PID=88371) to work on /home/airflow/.local/lib/python3.12/site-packages/airflow/example_dags/example_bash_operator.py
[2024-05-24T15:50:35.159+0000] {processor.py:830} INFO - Processing file /home/airflow/.local/lib/python3.12/site-packages/airflow/example_dags/example_bash_operator.py for tasks to queue
[2024-05-24T15:50:35.160+0000] {logging_mixin.py:188} INFO - [2024-05-24T15:50:35.160+0000] {dagbag.py:545} INFO - Filling up the DagBag from /home/airflow/.local/lib/python3.12/site-packages/airflow/example_dags/example_bash_operator.py
[2024-05-24T15:50:35.175+0000] {processor.py:840} INFO - DAG(s) 'example_bash_operator' retrieved from /home/airflow/.local/lib/python3.12/site-packages/airflow/example_dags/example_bash_operator.py
[2024-05-24T15:50:35.211+0000] {logging_mixin.py:188} INFO - [2024-05-24T15:50:35.210+0000] {dag.py:3096} INFO - Sync 1 DAGs
[2024-05-24T15:50:35.240+0000] {logging_mixin.py:188} INFO - [2024-05-24T15:50:35.239+0000] {dag.py:3954} INFO - Setting next_dagrun for example_bash_operator to 2024-05-23 00:00:00+00:00, run_after=2024-05-24 00:00:00+00:00
[2024-05-24T15:50:35.257+0000] {processor.py:183} INFO - Processing /home/airflow/.local/lib/python3.12/site-packages/airflow/example_dags/example_bash_operator.py took 0.107 seconds
[2024-05-24T16:51:42.874+0000] {processor.py:161} INFO - Started process (PID=88424) to work on /home/airflow/.local/lib/python3.12/site-packages/airflow/example_dags/example_bash_operator.py
[2024-05-24T16:51:42.877+0000] {processor.py:830} INFO - Processing file /home/airflow/.local/lib/python3.12/site-packages/airflow/example_dags/example_bash_operator.py for tasks to queue
[2024-05-24T16:51:42.881+0000] {logging_mixin.py:188} INFO - [2024-05-24T16:51:42.880+0000] {dagbag.py:545} INFO - Filling up the DagBag from /home/airflow/.local/lib/python3.12/site-packages/airflow/example_dags/example_bash_operator.py
[2024-05-24T16:51:42.933+0000] {processor.py:840} INFO - DAG(s) 'example_bash_operator' retrieved from /home/airflow/.local/lib/python3.12/site-packages/airflow/example_dags/example_bash_operator.py
[2024-05-24T16:51:43.060+0000] {logging_mixin.py:188} INFO - [2024-05-24T16:51:43.060+0000] {dag.py:3096} INFO - Sync 1 DAGs
[2024-05-24T16:51:43.094+0000] {logging_mixin.py:188} INFO - [2024-05-24T16:51:43.094+0000] {dag.py:3954} INFO - Setting next_dagrun for example_bash_operator to 2024-05-23 00:00:00+00:00, run_after=2024-05-24 00:00:00+00:00
[2024-05-24T16:51:43.148+0000] {processor.py:183} INFO - Processing /home/airflow/.local/lib/python3.12/site-packages/airflow/example_dags/example_bash_operator.py took 0.299 seconds
[2024-05-24T17:50:14.283+0000] {processor.py:161} INFO - Started process (PID=88482) to work on /home/airflow/.local/lib/python3.12/site-packages/airflow/example_dags/example_bash_operator.py
[2024-05-24T17:50:14.285+0000] {processor.py:830} INFO - Processing file /home/airflow/.local/lib/python3.12/site-packages/airflow/example_dags/example_bash_operator.py for tasks to queue
[2024-05-24T17:50:14.286+0000] {logging_mixin.py:188} INFO - [2024-05-24T17:50:14.286+0000] {dagbag.py:545} INFO - Filling up the DagBag from /home/airflow/.local/lib/python3.12/site-packages/airflow/example_dags/example_bash_operator.py
[2024-05-24T17:50:14.301+0000] {processor.py:840} INFO - DAG(s) 'example_bash_operator' retrieved from /home/airflow/.local/lib/python3.12/site-packages/airflow/example_dags/example_bash_operator.py
[2024-05-24T17:50:14.339+0000] {logging_mixin.py:188} INFO - [2024-05-24T17:50:14.338+0000] {dag.py:3096} INFO - Sync 1 DAGs
[2024-05-24T17:50:14.366+0000] {logging_mixin.py:188} INFO - [2024-05-24T17:50:14.366+0000] {dag.py:3954} INFO - Setting next_dagrun for example_bash_operator to 2024-05-23 00:00:00+00:00, run_after=2024-05-24 00:00:00+00:00
[2024-05-24T17:50:14.384+0000] {processor.py:183} INFO - Processing /home/airflow/.local/lib/python3.12/site-packages/airflow/example_dags/example_bash_operator.py took 0.108 seconds
[2024-05-24T17:50:44.911+0000] {processor.py:161} INFO - Started process (PID=88541) to work on /home/airflow/.local/lib/python3.12/site-packages/airflow/example_dags/example_bash_operator.py
[2024-05-24T17:50:44.912+0000] {processor.py:830} INFO - Processing file /home/airflow/.local/lib/python3.12/site-packages/airflow/example_dags/example_bash_operator.py for tasks to queue
[2024-05-24T17:50:44.913+0000] {logging_mixin.py:188} INFO - [2024-05-24T17:50:44.913+0000] {dagbag.py:545} INFO - Filling up the DagBag from /home/airflow/.local/lib/python3.12/site-packages/airflow/example_dags/example_bash_operator.py
[2024-05-24T17:50:44.927+0000] {processor.py:840} INFO - DAG(s) 'example_bash_operator' retrieved from /home/airflow/.local/lib/python3.12/site-packages/airflow/example_dags/example_bash_operator.py
[2024-05-24T17:50:44.961+0000] {logging_mixin.py:188} INFO - [2024-05-24T17:50:44.960+0000] {dag.py:3096} INFO - Sync 1 DAGs
[2024-05-24T17:50:44.998+0000] {logging_mixin.py:188} INFO - [2024-05-24T17:50:44.997+0000] {dag.py:3954} INFO - Setting next_dagrun for example_bash_operator to 2024-05-23 00:00:00+00:00, run_after=2024-05-24 00:00:00+00:00
[2024-05-24T17:50:45.015+0000] {processor.py:183} INFO - Processing /home/airflow/.local/lib/python3.12/site-packages/airflow/example_dags/example_bash_operator.py took 0.111 seconds
[2024-05-24T18:53:39.072+0000] {processor.py:161} INFO - Started process (PID=88600) to work on /home/airflow/.local/lib/python3.12/site-packages/airflow/example_dags/example_bash_operator.py
[2024-05-24T18:53:39.075+0000] {processor.py:830} INFO - Processing file /home/airflow/.local/lib/python3.12/site-packages/airflow/example_dags/example_bash_operator.py for tasks to queue
[2024-05-24T18:53:39.077+0000] {logging_mixin.py:188} INFO - [2024-05-24T18:53:39.076+0000] {dagbag.py:545} INFO - Filling up the DagBag from /home/airflow/.local/lib/python3.12/site-packages/airflow/example_dags/example_bash_operator.py
[2024-05-24T18:53:39.092+0000] {processor.py:840} INFO - DAG(s) 'example_bash_operator' retrieved from /home/airflow/.local/lib/python3.12/site-packages/airflow/example_dags/example_bash_operator.py
[2024-05-24T18:53:39.128+0000] {logging_mixin.py:188} INFO - [2024-05-24T18:53:39.128+0000] {dag.py:3096} INFO - Sync 1 DAGs
[2024-05-24T18:53:39.157+0000] {logging_mixin.py:188} INFO - [2024-05-24T18:53:39.156+0000] {dag.py:3954} INFO - Setting next_dagrun for example_bash_operator to 2024-05-23 00:00:00+00:00, run_after=2024-05-24 00:00:00+00:00
[2024-05-24T18:53:39.179+0000] {processor.py:183} INFO - Processing /home/airflow/.local/lib/python3.12/site-packages/airflow/example_dags/example_bash_operator.py took 0.114 seconds
[2024-05-24T19:53:32.638+0000] {processor.py:161} INFO - Started process (PID=88659) to work on /home/airflow/.local/lib/python3.12/site-packages/airflow/example_dags/example_bash_operator.py
[2024-05-24T19:53:32.640+0000] {processor.py:830} INFO - Processing file /home/airflow/.local/lib/python3.12/site-packages/airflow/example_dags/example_bash_operator.py for tasks to queue
[2024-05-24T19:53:32.642+0000] {logging_mixin.py:188} INFO - [2024-05-24T19:53:32.641+0000] {dagbag.py:545} INFO - Filling up the DagBag from /home/airflow/.local/lib/python3.12/site-packages/airflow/example_dags/example_bash_operator.py
[2024-05-24T19:53:32.656+0000] {processor.py:840} INFO - DAG(s) 'example_bash_operator' retrieved from /home/airflow/.local/lib/python3.12/site-packages/airflow/example_dags/example_bash_operator.py
[2024-05-24T19:53:32.689+0000] {logging_mixin.py:188} INFO - [2024-05-24T19:53:32.689+0000] {dag.py:3096} INFO - Sync 1 DAGs
[2024-05-24T19:53:32.715+0000] {logging_mixin.py:188} INFO - [2024-05-24T19:53:32.715+0000] {dag.py:3954} INFO - Setting next_dagrun for example_bash_operator to 2024-05-23 00:00:00+00:00, run_after=2024-05-24 00:00:00+00:00
[2024-05-24T19:53:32.732+0000] {processor.py:183} INFO - Processing /home/airflow/.local/lib/python3.12/site-packages/airflow/example_dags/example_bash_operator.py took 0.100 seconds
[2024-05-24T20:54:49.164+0000] {processor.py:161} INFO - Started process (PID=88724) to work on /home/airflow/.local/lib/python3.12/site-packages/airflow/example_dags/example_bash_operator.py
[2024-05-24T20:54:49.166+0000] {processor.py:830} INFO - Processing file /home/airflow/.local/lib/python3.12/site-packages/airflow/example_dags/example_bash_operator.py for tasks to queue
[2024-05-24T20:54:49.167+0000] {logging_mixin.py:188} INFO - [2024-05-24T20:54:49.167+0000] {dagbag.py:545} INFO - Filling up the DagBag from /home/airflow/.local/lib/python3.12/site-packages/airflow/example_dags/example_bash_operator.py
[2024-05-24T20:54:49.184+0000] {processor.py:840} INFO - DAG(s) 'example_bash_operator' retrieved from /home/airflow/.local/lib/python3.12/site-packages/airflow/example_dags/example_bash_operator.py
[2024-05-24T20:54:49.231+0000] {logging_mixin.py:188} INFO - [2024-05-24T20:54:49.231+0000] {dag.py:3096} INFO - Sync 1 DAGs
[2024-05-24T20:54:49.264+0000] {logging_mixin.py:188} INFO - [2024-05-24T20:54:49.263+0000] {dag.py:3954} INFO - Setting next_dagrun for example_bash_operator to 2024-05-23 00:00:00+00:00, run_after=2024-05-24 00:00:00+00:00
[2024-05-24T20:54:49.286+0000] {processor.py:183} INFO - Processing /home/airflow/.local/lib/python3.12/site-packages/airflow/example_dags/example_bash_operator.py took 0.130 seconds
[2024-05-24T21:55:53.253+0000] {processor.py:161} INFO - Started process (PID=88777) to work on /home/airflow/.local/lib/python3.12/site-packages/airflow/example_dags/example_bash_operator.py
[2024-05-24T21:55:53.254+0000] {processor.py:830} INFO - Processing file /home/airflow/.local/lib/python3.12/site-packages/airflow/example_dags/example_bash_operator.py for tasks to queue
[2024-05-24T21:55:53.257+0000] {logging_mixin.py:188} INFO - [2024-05-24T21:55:53.257+0000] {dagbag.py:545} INFO - Filling up the DagBag from /home/airflow/.local/lib/python3.12/site-packages/airflow/example_dags/example_bash_operator.py
[2024-05-24T21:55:53.303+0000] {processor.py:840} INFO - DAG(s) 'example_bash_operator' retrieved from /home/airflow/.local/lib/python3.12/site-packages/airflow/example_dags/example_bash_operator.py
[2024-05-24T21:55:53.437+0000] {logging_mixin.py:188} INFO - [2024-05-24T21:55:53.437+0000] {dag.py:3096} INFO - Sync 1 DAGs
[2024-05-24T21:55:53.540+0000] {logging_mixin.py:188} INFO - [2024-05-24T21:55:53.540+0000] {dag.py:3954} INFO - Setting next_dagrun for example_bash_operator to 2024-05-23 00:00:00+00:00, run_after=2024-05-24 00:00:00+00:00
[2024-05-24T21:55:53.627+0000] {processor.py:183} INFO - Processing /home/airflow/.local/lib/python3.12/site-packages/airflow/example_dags/example_bash_operator.py took 0.394 seconds
[2024-05-24T22:56:59.453+0000] {processor.py:161} INFO - Started process (PID=88836) to work on /home/airflow/.local/lib/python3.12/site-packages/airflow/example_dags/example_bash_operator.py
[2024-05-24T22:56:59.455+0000] {processor.py:830} INFO - Processing file /home/airflow/.local/lib/python3.12/site-packages/airflow/example_dags/example_bash_operator.py for tasks to queue
[2024-05-24T22:56:59.456+0000] {logging_mixin.py:188} INFO - [2024-05-24T22:56:59.456+0000] {dagbag.py:545} INFO - Filling up the DagBag from /home/airflow/.local/lib/python3.12/site-packages/airflow/example_dags/example_bash_operator.py
[2024-05-24T22:56:59.472+0000] {processor.py:840} INFO - DAG(s) 'example_bash_operator' retrieved from /home/airflow/.local/lib/python3.12/site-packages/airflow/example_dags/example_bash_operator.py
[2024-05-24T22:56:59.508+0000] {logging_mixin.py:188} INFO - [2024-05-24T22:56:59.508+0000] {dag.py:3096} INFO - Sync 1 DAGs
[2024-05-24T22:56:59.540+0000] {logging_mixin.py:188} INFO - [2024-05-24T22:56:59.540+0000] {dag.py:3954} INFO - Setting next_dagrun for example_bash_operator to 2024-05-23 00:00:00+00:00, run_after=2024-05-24 00:00:00+00:00
[2024-05-24T22:56:59.558+0000] {processor.py:183} INFO - Processing /home/airflow/.local/lib/python3.12/site-packages/airflow/example_dags/example_bash_operator.py took 0.113 seconds
