[2024-05-24T00:10:46.969+0000] {processor.py:161} INFO - Started process (PID=87437) to work on /home/airflow/.local/lib/python3.12/site-packages/airflow/example_dags/example_python_decorator.py
[2024-05-24T00:10:46.971+0000] {processor.py:830} INFO - Processing file /home/airflow/.local/lib/python3.12/site-packages/airflow/example_dags/example_python_decorator.py for tasks to queue
[2024-05-24T00:10:46.973+0000] {logging_mixin.py:188} INFO - [2024-05-24T00:10:46.973+0000] {dagbag.py:545} INFO - Filling up the DagBag from /home/airflow/.local/lib/python3.12/site-packages/airflow/example_dags/example_python_decorator.py
[2024-05-24T00:10:46.998+0000] {processor.py:840} INFO - DAG(s) 'example_python_decorator' retrieved from /home/airflow/.local/lib/python3.12/site-packages/airflow/example_dags/example_python_decorator.py
[2024-05-24T00:10:47.052+0000] {logging_mixin.py:188} INFO - [2024-05-24T00:10:47.051+0000] {dag.py:3096} INFO - Sync 1 DAGs
[2024-05-24T00:10:47.082+0000] {logging_mixin.py:188} INFO - [2024-05-24T00:10:47.081+0000] {dag.py:3954} INFO - Setting next_dagrun for example_python_decorator to None, run_after=None
[2024-05-24T00:10:47.119+0000] {processor.py:183} INFO - Processing /home/airflow/.local/lib/python3.12/site-packages/airflow/example_dags/example_python_decorator.py took 0.161 seconds
[2024-05-24T03:15:04.577+0000] {processor.py:161} INFO - Started process (PID=87496) to work on /home/airflow/.local/lib/python3.12/site-packages/airflow/example_dags/example_python_decorator.py
[2024-05-24T03:15:04.578+0000] {processor.py:830} INFO - Processing file /home/airflow/.local/lib/python3.12/site-packages/airflow/example_dags/example_python_decorator.py for tasks to queue
[2024-05-24T03:15:04.580+0000] {logging_mixin.py:188} INFO - [2024-05-24T03:15:04.579+0000] {dagbag.py:545} INFO - Filling up the DagBag from /home/airflow/.local/lib/python3.12/site-packages/airflow/example_dags/example_python_decorator.py
[2024-05-24T03:15:04.603+0000] {processor.py:840} INFO - DAG(s) 'example_python_decorator' retrieved from /home/airflow/.local/lib/python3.12/site-packages/airflow/example_dags/example_python_decorator.py
[2024-05-24T03:15:04.630+0000] {logging_mixin.py:188} INFO - [2024-05-24T03:15:04.629+0000] {dag.py:3096} INFO - Sync 1 DAGs
[2024-05-24T03:15:04.646+0000] {logging_mixin.py:188} INFO - [2024-05-24T03:15:04.645+0000] {dag.py:3954} INFO - Setting next_dagrun for example_python_decorator to None, run_after=None
[2024-05-24T03:15:04.666+0000] {processor.py:183} INFO - Processing /home/airflow/.local/lib/python3.12/site-packages/airflow/example_dags/example_python_decorator.py took 0.097 seconds
[2024-05-24T05:04:14.058+0000] {processor.py:161} INFO - Started process (PID=87555) to work on /home/airflow/.local/lib/python3.12/site-packages/airflow/example_dags/example_python_decorator.py
[2024-05-24T05:04:14.060+0000] {processor.py:830} INFO - Processing file /home/airflow/.local/lib/python3.12/site-packages/airflow/example_dags/example_python_decorator.py for tasks to queue
[2024-05-24T05:04:14.062+0000] {logging_mixin.py:188} INFO - [2024-05-24T05:04:14.061+0000] {dagbag.py:545} INFO - Filling up the DagBag from /home/airflow/.local/lib/python3.12/site-packages/airflow/example_dags/example_python_decorator.py
[2024-05-24T05:04:14.078+0000] {processor.py:840} INFO - DAG(s) 'example_python_decorator' retrieved from /home/airflow/.local/lib/python3.12/site-packages/airflow/example_dags/example_python_decorator.py
[2024-05-24T05:04:14.107+0000] {logging_mixin.py:188} INFO - [2024-05-24T05:04:14.106+0000] {dag.py:3096} INFO - Sync 1 DAGs
[2024-05-24T05:04:14.122+0000] {logging_mixin.py:188} INFO - [2024-05-24T05:04:14.122+0000] {dag.py:3954} INFO - Setting next_dagrun for example_python_decorator to None, run_after=None
[2024-05-24T05:04:14.147+0000] {processor.py:183} INFO - Processing /home/airflow/.local/lib/python3.12/site-packages/airflow/example_dags/example_python_decorator.py took 0.096 seconds
[2024-05-24T05:06:20.130+0000] {processor.py:161} INFO - Started process (PID=87614) to work on /home/airflow/.local/lib/python3.12/site-packages/airflow/example_dags/example_python_decorator.py
[2024-05-24T05:06:20.132+0000] {processor.py:830} INFO - Processing file /home/airflow/.local/lib/python3.12/site-packages/airflow/example_dags/example_python_decorator.py for tasks to queue
[2024-05-24T05:06:20.133+0000] {logging_mixin.py:188} INFO - [2024-05-24T05:06:20.132+0000] {dagbag.py:545} INFO - Filling up the DagBag from /home/airflow/.local/lib/python3.12/site-packages/airflow/example_dags/example_python_decorator.py
[2024-05-24T05:06:20.149+0000] {processor.py:840} INFO - DAG(s) 'example_python_decorator' retrieved from /home/airflow/.local/lib/python3.12/site-packages/airflow/example_dags/example_python_decorator.py
[2024-05-24T05:06:20.175+0000] {logging_mixin.py:188} INFO - [2024-05-24T05:06:20.175+0000] {dag.py:3096} INFO - Sync 1 DAGs
[2024-05-24T05:06:20.192+0000] {logging_mixin.py:188} INFO - [2024-05-24T05:06:20.191+0000] {dag.py:3954} INFO - Setting next_dagrun for example_python_decorator to None, run_after=None
[2024-05-24T05:06:20.214+0000] {processor.py:183} INFO - Processing /home/airflow/.local/lib/python3.12/site-packages/airflow/example_dags/example_python_decorator.py took 0.090 seconds
[2024-05-24T05:40:31.442+0000] {processor.py:161} INFO - Started process (PID=87673) to work on /home/airflow/.local/lib/python3.12/site-packages/airflow/example_dags/example_python_decorator.py
[2024-05-24T05:40:31.443+0000] {processor.py:830} INFO - Processing file /home/airflow/.local/lib/python3.12/site-packages/airflow/example_dags/example_python_decorator.py for tasks to queue
[2024-05-24T05:40:31.445+0000] {logging_mixin.py:188} INFO - [2024-05-24T05:40:31.444+0000] {dagbag.py:545} INFO - Filling up the DagBag from /home/airflow/.local/lib/python3.12/site-packages/airflow/example_dags/example_python_decorator.py
[2024-05-24T05:40:31.463+0000] {processor.py:840} INFO - DAG(s) 'example_python_decorator' retrieved from /home/airflow/.local/lib/python3.12/site-packages/airflow/example_dags/example_python_decorator.py
[2024-05-24T05:40:31.491+0000] {logging_mixin.py:188} INFO - [2024-05-24T05:40:31.491+0000] {dag.py:3096} INFO - Sync 1 DAGs
[2024-05-24T05:40:31.511+0000] {logging_mixin.py:188} INFO - [2024-05-24T05:40:31.511+0000] {dag.py:3954} INFO - Setting next_dagrun for example_python_decorator to None, run_after=None
[2024-05-24T05:40:31.533+0000] {processor.py:183} INFO - Processing /home/airflow/.local/lib/python3.12/site-packages/airflow/example_dags/example_python_decorator.py took 0.098 seconds
[2024-05-24T06:37:02.806+0000] {processor.py:161} INFO - Started process (PID=87738) to work on /home/airflow/.local/lib/python3.12/site-packages/airflow/example_dags/example_python_decorator.py
[2024-05-24T06:37:02.810+0000] {processor.py:830} INFO - Processing file /home/airflow/.local/lib/python3.12/site-packages/airflow/example_dags/example_python_decorator.py for tasks to queue
[2024-05-24T06:37:02.811+0000] {logging_mixin.py:188} INFO - [2024-05-24T06:37:02.811+0000] {dagbag.py:545} INFO - Filling up the DagBag from /home/airflow/.local/lib/python3.12/site-packages/airflow/example_dags/example_python_decorator.py
[2024-05-24T06:37:02.829+0000] {processor.py:840} INFO - DAG(s) 'example_python_decorator' retrieved from /home/airflow/.local/lib/python3.12/site-packages/airflow/example_dags/example_python_decorator.py
[2024-05-24T06:37:02.858+0000] {logging_mixin.py:188} INFO - [2024-05-24T06:37:02.857+0000] {dag.py:3096} INFO - Sync 1 DAGs
[2024-05-24T06:37:02.880+0000] {logging_mixin.py:188} INFO - [2024-05-24T06:37:02.879+0000] {dag.py:3954} INFO - Setting next_dagrun for example_python_decorator to None, run_after=None
[2024-05-24T06:37:02.902+0000] {processor.py:183} INFO - Processing /home/airflow/.local/lib/python3.12/site-packages/airflow/example_dags/example_python_decorator.py took 0.103 seconds
[2024-05-24T07:35:44.559+0000] {processor.py:161} INFO - Started process (PID=87806) to work on /home/airflow/.local/lib/python3.12/site-packages/airflow/example_dags/example_python_decorator.py
[2024-05-24T07:35:44.560+0000] {processor.py:830} INFO - Processing file /home/airflow/.local/lib/python3.12/site-packages/airflow/example_dags/example_python_decorator.py for tasks to queue
[2024-05-24T07:35:44.562+0000] {logging_mixin.py:188} INFO - [2024-05-24T07:35:44.561+0000] {dagbag.py:545} INFO - Filling up the DagBag from /home/airflow/.local/lib/python3.12/site-packages/airflow/example_dags/example_python_decorator.py
[2024-05-24T07:35:44.579+0000] {processor.py:840} INFO - DAG(s) 'example_python_decorator' retrieved from /home/airflow/.local/lib/python3.12/site-packages/airflow/example_dags/example_python_decorator.py
[2024-05-24T07:35:44.612+0000] {logging_mixin.py:188} INFO - [2024-05-24T07:35:44.612+0000] {dag.py:3096} INFO - Sync 1 DAGs
[2024-05-24T07:35:44.628+0000] {logging_mixin.py:188} INFO - [2024-05-24T07:35:44.628+0000] {dag.py:3954} INFO - Setting next_dagrun for example_python_decorator to None, run_after=None
[2024-05-24T07:35:44.655+0000] {processor.py:183} INFO - Processing /home/airflow/.local/lib/python3.12/site-packages/airflow/example_dags/example_python_decorator.py took 0.104 seconds
[2024-05-24T07:41:39.758+0000] {processor.py:161} INFO - Started process (PID=87865) to work on /home/airflow/.local/lib/python3.12/site-packages/airflow/example_dags/example_python_decorator.py
[2024-05-24T07:41:39.761+0000] {processor.py:830} INFO - Processing file /home/airflow/.local/lib/python3.12/site-packages/airflow/example_dags/example_python_decorator.py for tasks to queue
[2024-05-24T07:41:39.762+0000] {logging_mixin.py:188} INFO - [2024-05-24T07:41:39.762+0000] {dagbag.py:545} INFO - Filling up the DagBag from /home/airflow/.local/lib/python3.12/site-packages/airflow/example_dags/example_python_decorator.py
[2024-05-24T07:41:39.778+0000] {processor.py:840} INFO - DAG(s) 'example_python_decorator' retrieved from /home/airflow/.local/lib/python3.12/site-packages/airflow/example_dags/example_python_decorator.py
[2024-05-24T07:41:39.808+0000] {logging_mixin.py:188} INFO - [2024-05-24T07:41:39.807+0000] {dag.py:3096} INFO - Sync 1 DAGs
[2024-05-24T07:41:39.825+0000] {logging_mixin.py:188} INFO - [2024-05-24T07:41:39.825+0000] {dag.py:3954} INFO - Setting next_dagrun for example_python_decorator to None, run_after=None
[2024-05-24T07:41:39.847+0000] {processor.py:183} INFO - Processing /home/airflow/.local/lib/python3.12/site-packages/airflow/example_dags/example_python_decorator.py took 0.096 seconds
[2024-05-24T08:42:36.187+0000] {processor.py:161} INFO - Started process (PID=87924) to work on /home/airflow/.local/lib/python3.12/site-packages/airflow/example_dags/example_python_decorator.py
[2024-05-24T08:42:36.189+0000] {processor.py:830} INFO - Processing file /home/airflow/.local/lib/python3.12/site-packages/airflow/example_dags/example_python_decorator.py for tasks to queue
[2024-05-24T08:42:36.190+0000] {logging_mixin.py:188} INFO - [2024-05-24T08:42:36.189+0000] {dagbag.py:545} INFO - Filling up the DagBag from /home/airflow/.local/lib/python3.12/site-packages/airflow/example_dags/example_python_decorator.py
[2024-05-24T08:42:36.206+0000] {processor.py:840} INFO - DAG(s) 'example_python_decorator' retrieved from /home/airflow/.local/lib/python3.12/site-packages/airflow/example_dags/example_python_decorator.py
[2024-05-24T08:42:36.232+0000] {logging_mixin.py:188} INFO - [2024-05-24T08:42:36.232+0000] {dag.py:3096} INFO - Sync 1 DAGs
[2024-05-24T08:42:36.248+0000] {logging_mixin.py:188} INFO - [2024-05-24T08:42:36.247+0000] {dag.py:3954} INFO - Setting next_dagrun for example_python_decorator to None, run_after=None
[2024-05-24T08:42:36.269+0000] {processor.py:183} INFO - Processing /home/airflow/.local/lib/python3.12/site-packages/airflow/example_dags/example_python_decorator.py took 0.089 seconds
[2024-05-24T09:43:48.442+0000] {processor.py:161} INFO - Started process (PID=87982) to work on /home/airflow/.local/lib/python3.12/site-packages/airflow/example_dags/example_python_decorator.py
[2024-05-24T09:43:48.444+0000] {processor.py:830} INFO - Processing file /home/airflow/.local/lib/python3.12/site-packages/airflow/example_dags/example_python_decorator.py for tasks to queue
[2024-05-24T09:43:48.445+0000] {logging_mixin.py:188} INFO - [2024-05-24T09:43:48.444+0000] {dagbag.py:545} INFO - Filling up the DagBag from /home/airflow/.local/lib/python3.12/site-packages/airflow/example_dags/example_python_decorator.py
[2024-05-24T09:43:48.461+0000] {processor.py:840} INFO - DAG(s) 'example_python_decorator' retrieved from /home/airflow/.local/lib/python3.12/site-packages/airflow/example_dags/example_python_decorator.py
[2024-05-24T09:43:48.487+0000] {logging_mixin.py:188} INFO - [2024-05-24T09:43:48.487+0000] {dag.py:3096} INFO - Sync 1 DAGs
[2024-05-24T09:43:48.502+0000] {logging_mixin.py:188} INFO - [2024-05-24T09:43:48.502+0000] {dag.py:3954} INFO - Setting next_dagrun for example_python_decorator to None, run_after=None
[2024-05-24T09:43:48.521+0000] {processor.py:183} INFO - Processing /home/airflow/.local/lib/python3.12/site-packages/airflow/example_dags/example_python_decorator.py took 0.086 seconds
[2024-05-24T10:44:57.248+0000] {processor.py:161} INFO - Started process (PID=88041) to work on /home/airflow/.local/lib/python3.12/site-packages/airflow/example_dags/example_python_decorator.py
[2024-05-24T10:44:57.250+0000] {processor.py:830} INFO - Processing file /home/airflow/.local/lib/python3.12/site-packages/airflow/example_dags/example_python_decorator.py for tasks to queue
[2024-05-24T10:44:57.253+0000] {logging_mixin.py:188} INFO - [2024-05-24T10:44:57.253+0000] {dagbag.py:545} INFO - Filling up the DagBag from /home/airflow/.local/lib/python3.12/site-packages/airflow/example_dags/example_python_decorator.py
[2024-05-24T10:44:57.276+0000] {processor.py:840} INFO - DAG(s) 'example_python_decorator' retrieved from /home/airflow/.local/lib/python3.12/site-packages/airflow/example_dags/example_python_decorator.py
[2024-05-24T10:44:57.305+0000] {logging_mixin.py:188} INFO - [2024-05-24T10:44:57.305+0000] {dag.py:3096} INFO - Sync 1 DAGs
[2024-05-24T10:44:57.322+0000] {logging_mixin.py:188} INFO - [2024-05-24T10:44:57.322+0000] {dag.py:3954} INFO - Setting next_dagrun for example_python_decorator to None, run_after=None
[2024-05-24T10:44:57.341+0000] {processor.py:183} INFO - Processing /home/airflow/.local/lib/python3.12/site-packages/airflow/example_dags/example_python_decorator.py took 0.108 seconds
[2024-05-24T11:46:07.806+0000] {processor.py:161} INFO - Started process (PID=88100) to work on /home/airflow/.local/lib/python3.12/site-packages/airflow/example_dags/example_python_decorator.py
[2024-05-24T11:46:07.808+0000] {processor.py:830} INFO - Processing file /home/airflow/.local/lib/python3.12/site-packages/airflow/example_dags/example_python_decorator.py for tasks to queue
[2024-05-24T11:46:07.812+0000] {logging_mixin.py:188} INFO - [2024-05-24T11:46:07.811+0000] {dagbag.py:545} INFO - Filling up the DagBag from /home/airflow/.local/lib/python3.12/site-packages/airflow/example_dags/example_python_decorator.py
[2024-05-24T11:46:07.844+0000] {processor.py:840} INFO - DAG(s) 'example_python_decorator' retrieved from /home/airflow/.local/lib/python3.12/site-packages/airflow/example_dags/example_python_decorator.py
[2024-05-24T11:46:07.895+0000] {logging_mixin.py:188} INFO - [2024-05-24T11:46:07.894+0000] {dag.py:3096} INFO - Sync 1 DAGs
[2024-05-24T11:46:07.911+0000] {logging_mixin.py:188} INFO - [2024-05-24T11:46:07.911+0000] {dag.py:3954} INFO - Setting next_dagrun for example_python_decorator to None, run_after=None
[2024-05-24T11:46:07.933+0000] {processor.py:183} INFO - Processing /home/airflow/.local/lib/python3.12/site-packages/airflow/example_dags/example_python_decorator.py took 0.143 seconds
[2024-05-24T12:47:09.477+0000] {processor.py:161} INFO - Started process (PID=88159) to work on /home/airflow/.local/lib/python3.12/site-packages/airflow/example_dags/example_python_decorator.py
[2024-05-24T12:47:09.479+0000] {processor.py:830} INFO - Processing file /home/airflow/.local/lib/python3.12/site-packages/airflow/example_dags/example_python_decorator.py for tasks to queue
[2024-05-24T12:47:09.480+0000] {logging_mixin.py:188} INFO - [2024-05-24T12:47:09.480+0000] {dagbag.py:545} INFO - Filling up the DagBag from /home/airflow/.local/lib/python3.12/site-packages/airflow/example_dags/example_python_decorator.py
[2024-05-24T12:47:09.502+0000] {processor.py:840} INFO - DAG(s) 'example_python_decorator' retrieved from /home/airflow/.local/lib/python3.12/site-packages/airflow/example_dags/example_python_decorator.py
[2024-05-24T12:47:09.541+0000] {logging_mixin.py:188} INFO - [2024-05-24T12:47:09.541+0000] {dag.py:3096} INFO - Sync 1 DAGs
[2024-05-24T12:47:09.567+0000] {logging_mixin.py:188} INFO - [2024-05-24T12:47:09.566+0000] {dag.py:3954} INFO - Setting next_dagrun for example_python_decorator to None, run_after=None
[2024-05-24T12:47:09.622+0000] {processor.py:183} INFO - Processing /home/airflow/.local/lib/python3.12/site-packages/airflow/example_dags/example_python_decorator.py took 0.154 seconds
[2024-05-24T13:48:18.090+0000] {processor.py:161} INFO - Started process (PID=88218) to work on /home/airflow/.local/lib/python3.12/site-packages/airflow/example_dags/example_python_decorator.py
[2024-05-24T13:48:18.094+0000] {processor.py:830} INFO - Processing file /home/airflow/.local/lib/python3.12/site-packages/airflow/example_dags/example_python_decorator.py for tasks to queue
[2024-05-24T13:48:18.095+0000] {logging_mixin.py:188} INFO - [2024-05-24T13:48:18.095+0000] {dagbag.py:545} INFO - Filling up the DagBag from /home/airflow/.local/lib/python3.12/site-packages/airflow/example_dags/example_python_decorator.py
[2024-05-24T13:48:18.108+0000] {processor.py:840} INFO - DAG(s) 'example_python_decorator' retrieved from /home/airflow/.local/lib/python3.12/site-packages/airflow/example_dags/example_python_decorator.py
[2024-05-24T13:48:18.131+0000] {logging_mixin.py:188} INFO - [2024-05-24T13:48:18.131+0000] {dag.py:3096} INFO - Sync 1 DAGs
[2024-05-24T13:48:18.145+0000] {logging_mixin.py:188} INFO - [2024-05-24T13:48:18.144+0000] {dag.py:3954} INFO - Setting next_dagrun for example_python_decorator to None, run_after=None
[2024-05-24T13:48:18.162+0000] {processor.py:183} INFO - Processing /home/airflow/.local/lib/python3.12/site-packages/airflow/example_dags/example_python_decorator.py took 0.081 seconds
[2024-05-24T14:49:28.247+0000] {processor.py:161} INFO - Started process (PID=88277) to work on /home/airflow/.local/lib/python3.12/site-packages/airflow/example_dags/example_python_decorator.py
[2024-05-24T14:49:28.249+0000] {processor.py:830} INFO - Processing file /home/airflow/.local/lib/python3.12/site-packages/airflow/example_dags/example_python_decorator.py for tasks to queue
[2024-05-24T14:49:28.251+0000] {logging_mixin.py:188} INFO - [2024-05-24T14:49:28.250+0000] {dagbag.py:545} INFO - Filling up the DagBag from /home/airflow/.local/lib/python3.12/site-packages/airflow/example_dags/example_python_decorator.py
[2024-05-24T14:49:28.267+0000] {processor.py:840} INFO - DAG(s) 'example_python_decorator' retrieved from /home/airflow/.local/lib/python3.12/site-packages/airflow/example_dags/example_python_decorator.py
[2024-05-24T14:49:28.296+0000] {logging_mixin.py:188} INFO - [2024-05-24T14:49:28.295+0000] {dag.py:3096} INFO - Sync 1 DAGs
[2024-05-24T14:49:28.312+0000] {logging_mixin.py:188} INFO - [2024-05-24T14:49:28.312+0000] {dag.py:3954} INFO - Setting next_dagrun for example_python_decorator to None, run_after=None
[2024-05-24T14:49:28.345+0000] {processor.py:183} INFO - Processing /home/airflow/.local/lib/python3.12/site-packages/airflow/example_dags/example_python_decorator.py took 0.106 seconds
[2024-05-24T15:48:53.682+0000] {processor.py:161} INFO - Started process (PID=88336) to work on /home/airflow/.local/lib/python3.12/site-packages/airflow/example_dags/example_python_decorator.py
[2024-05-24T15:48:53.686+0000] {processor.py:830} INFO - Processing file /home/airflow/.local/lib/python3.12/site-packages/airflow/example_dags/example_python_decorator.py for tasks to queue
[2024-05-24T15:48:53.687+0000] {logging_mixin.py:188} INFO - [2024-05-24T15:48:53.687+0000] {dagbag.py:545} INFO - Filling up the DagBag from /home/airflow/.local/lib/python3.12/site-packages/airflow/example_dags/example_python_decorator.py
[2024-05-24T15:48:53.704+0000] {processor.py:840} INFO - DAG(s) 'example_python_decorator' retrieved from /home/airflow/.local/lib/python3.12/site-packages/airflow/example_dags/example_python_decorator.py
[2024-05-24T15:48:53.732+0000] {logging_mixin.py:188} INFO - [2024-05-24T15:48:53.731+0000] {dag.py:3096} INFO - Sync 1 DAGs
[2024-05-24T15:48:53.750+0000] {logging_mixin.py:188} INFO - [2024-05-24T15:48:53.749+0000] {dag.py:3954} INFO - Setting next_dagrun for example_python_decorator to None, run_after=None
[2024-05-24T15:48:53.768+0000] {processor.py:183} INFO - Processing /home/airflow/.local/lib/python3.12/site-packages/airflow/example_dags/example_python_decorator.py took 0.094 seconds
[2024-05-24T15:50:36.841+0000] {processor.py:161} INFO - Started process (PID=88395) to work on /home/airflow/.local/lib/python3.12/site-packages/airflow/example_dags/example_python_decorator.py
[2024-05-24T15:50:36.843+0000] {processor.py:830} INFO - Processing file /home/airflow/.local/lib/python3.12/site-packages/airflow/example_dags/example_python_decorator.py for tasks to queue
[2024-05-24T15:50:36.844+0000] {logging_mixin.py:188} INFO - [2024-05-24T15:50:36.844+0000] {dagbag.py:545} INFO - Filling up the DagBag from /home/airflow/.local/lib/python3.12/site-packages/airflow/example_dags/example_python_decorator.py
[2024-05-24T15:50:36.871+0000] {processor.py:840} INFO - DAG(s) 'example_python_decorator' retrieved from /home/airflow/.local/lib/python3.12/site-packages/airflow/example_dags/example_python_decorator.py
[2024-05-24T15:50:36.912+0000] {logging_mixin.py:188} INFO - [2024-05-24T15:50:36.912+0000] {dag.py:3096} INFO - Sync 1 DAGs
[2024-05-24T15:50:36.928+0000] {logging_mixin.py:188} INFO - [2024-05-24T15:50:36.927+0000] {dag.py:3954} INFO - Setting next_dagrun for example_python_decorator to None, run_after=None
[2024-05-24T15:50:36.981+0000] {processor.py:183} INFO - Processing /home/airflow/.local/lib/python3.12/site-packages/airflow/example_dags/example_python_decorator.py took 0.147 seconds
[2024-05-24T16:51:48.343+0000] {processor.py:161} INFO - Started process (PID=88453) to work on /home/airflow/.local/lib/python3.12/site-packages/airflow/example_dags/example_python_decorator.py
[2024-05-24T16:51:48.345+0000] {processor.py:830} INFO - Processing file /home/airflow/.local/lib/python3.12/site-packages/airflow/example_dags/example_python_decorator.py for tasks to queue
[2024-05-24T16:51:48.346+0000] {logging_mixin.py:188} INFO - [2024-05-24T16:51:48.346+0000] {dagbag.py:545} INFO - Filling up the DagBag from /home/airflow/.local/lib/python3.12/site-packages/airflow/example_dags/example_python_decorator.py
[2024-05-24T16:51:48.379+0000] {processor.py:840} INFO - DAG(s) 'example_python_decorator' retrieved from /home/airflow/.local/lib/python3.12/site-packages/airflow/example_dags/example_python_decorator.py
[2024-05-24T16:51:48.433+0000] {logging_mixin.py:188} INFO - [2024-05-24T16:51:48.430+0000] {dag.py:3096} INFO - Sync 1 DAGs
[2024-05-24T16:51:48.459+0000] {logging_mixin.py:188} INFO - [2024-05-24T16:51:48.459+0000] {dag.py:3954} INFO - Setting next_dagrun for example_python_decorator to None, run_after=None
[2024-05-24T16:51:48.497+0000] {processor.py:183} INFO - Processing /home/airflow/.local/lib/python3.12/site-packages/airflow/example_dags/example_python_decorator.py took 0.162 seconds
[2024-05-24T17:50:15.941+0000] {processor.py:161} INFO - Started process (PID=88506) to work on /home/airflow/.local/lib/python3.12/site-packages/airflow/example_dags/example_python_decorator.py
[2024-05-24T17:50:15.942+0000] {processor.py:830} INFO - Processing file /home/airflow/.local/lib/python3.12/site-packages/airflow/example_dags/example_python_decorator.py for tasks to queue
[2024-05-24T17:50:15.943+0000] {logging_mixin.py:188} INFO - [2024-05-24T17:50:15.943+0000] {dagbag.py:545} INFO - Filling up the DagBag from /home/airflow/.local/lib/python3.12/site-packages/airflow/example_dags/example_python_decorator.py
[2024-05-24T17:50:15.959+0000] {processor.py:840} INFO - DAG(s) 'example_python_decorator' retrieved from /home/airflow/.local/lib/python3.12/site-packages/airflow/example_dags/example_python_decorator.py
[2024-05-24T17:50:16.024+0000] {logging_mixin.py:188} INFO - [2024-05-24T17:50:16.024+0000] {dag.py:3096} INFO - Sync 1 DAGs
[2024-05-24T17:50:16.043+0000] {logging_mixin.py:188} INFO - [2024-05-24T17:50:16.043+0000] {dag.py:3954} INFO - Setting next_dagrun for example_python_decorator to None, run_after=None
[2024-05-24T17:50:16.062+0000] {processor.py:183} INFO - Processing /home/airflow/.local/lib/python3.12/site-packages/airflow/example_dags/example_python_decorator.py took 0.129 seconds
[2024-05-24T17:50:46.544+0000] {processor.py:161} INFO - Started process (PID=88571) to work on /home/airflow/.local/lib/python3.12/site-packages/airflow/example_dags/example_python_decorator.py
[2024-05-24T17:50:46.545+0000] {processor.py:830} INFO - Processing file /home/airflow/.local/lib/python3.12/site-packages/airflow/example_dags/example_python_decorator.py for tasks to queue
[2024-05-24T17:50:46.547+0000] {logging_mixin.py:188} INFO - [2024-05-24T17:50:46.546+0000] {dagbag.py:545} INFO - Filling up the DagBag from /home/airflow/.local/lib/python3.12/site-packages/airflow/example_dags/example_python_decorator.py
[2024-05-24T17:50:46.563+0000] {processor.py:840} INFO - DAG(s) 'example_python_decorator' retrieved from /home/airflow/.local/lib/python3.12/site-packages/airflow/example_dags/example_python_decorator.py
[2024-05-24T17:50:46.590+0000] {logging_mixin.py:188} INFO - [2024-05-24T17:50:46.590+0000] {dag.py:3096} INFO - Sync 1 DAGs
[2024-05-24T17:50:46.604+0000] {logging_mixin.py:188} INFO - [2024-05-24T17:50:46.604+0000] {dag.py:3954} INFO - Setting next_dagrun for example_python_decorator to None, run_after=None
[2024-05-24T17:50:46.626+0000] {processor.py:183} INFO - Processing /home/airflow/.local/lib/python3.12/site-packages/airflow/example_dags/example_python_decorator.py took 0.090 seconds
[2024-05-24T18:53:41.348+0000] {processor.py:161} INFO - Started process (PID=88630) to work on /home/airflow/.local/lib/python3.12/site-packages/airflow/example_dags/example_python_decorator.py
[2024-05-24T18:53:41.349+0000] {processor.py:830} INFO - Processing file /home/airflow/.local/lib/python3.12/site-packages/airflow/example_dags/example_python_decorator.py for tasks to queue
[2024-05-24T18:53:41.351+0000] {logging_mixin.py:188} INFO - [2024-05-24T18:53:41.350+0000] {dagbag.py:545} INFO - Filling up the DagBag from /home/airflow/.local/lib/python3.12/site-packages/airflow/example_dags/example_python_decorator.py
[2024-05-24T18:53:41.367+0000] {processor.py:840} INFO - DAG(s) 'example_python_decorator' retrieved from /home/airflow/.local/lib/python3.12/site-packages/airflow/example_dags/example_python_decorator.py
[2024-05-24T18:53:41.394+0000] {logging_mixin.py:188} INFO - [2024-05-24T18:53:41.394+0000] {dag.py:3096} INFO - Sync 1 DAGs
[2024-05-24T18:53:41.409+0000] {logging_mixin.py:188} INFO - [2024-05-24T18:53:41.409+0000] {dag.py:3954} INFO - Setting next_dagrun for example_python_decorator to None, run_after=None
[2024-05-24T18:53:41.430+0000] {processor.py:183} INFO - Processing /home/airflow/.local/lib/python3.12/site-packages/airflow/example_dags/example_python_decorator.py took 0.089 seconds
[2024-05-24T19:53:34.459+0000] {processor.py:161} INFO - Started process (PID=88689) to work on /home/airflow/.local/lib/python3.12/site-packages/airflow/example_dags/example_python_decorator.py
[2024-05-24T19:53:34.460+0000] {processor.py:830} INFO - Processing file /home/airflow/.local/lib/python3.12/site-packages/airflow/example_dags/example_python_decorator.py for tasks to queue
[2024-05-24T19:53:34.461+0000] {logging_mixin.py:188} INFO - [2024-05-24T19:53:34.461+0000] {dagbag.py:545} INFO - Filling up the DagBag from /home/airflow/.local/lib/python3.12/site-packages/airflow/example_dags/example_python_decorator.py
[2024-05-24T19:53:34.489+0000] {processor.py:840} INFO - DAG(s) 'example_python_decorator' retrieved from /home/airflow/.local/lib/python3.12/site-packages/airflow/example_dags/example_python_decorator.py
[2024-05-24T19:53:34.521+0000] {logging_mixin.py:188} INFO - [2024-05-24T19:53:34.521+0000] {dag.py:3096} INFO - Sync 1 DAGs
[2024-05-24T19:53:34.536+0000] {logging_mixin.py:188} INFO - [2024-05-24T19:53:34.536+0000] {dag.py:3954} INFO - Setting next_dagrun for example_python_decorator to None, run_after=None
[2024-05-24T19:53:34.556+0000] {processor.py:183} INFO - Processing /home/airflow/.local/lib/python3.12/site-packages/airflow/example_dags/example_python_decorator.py took 0.109 seconds
[2024-05-24T20:54:51.062+0000] {processor.py:161} INFO - Started process (PID=88748) to work on /home/airflow/.local/lib/python3.12/site-packages/airflow/example_dags/example_python_decorator.py
[2024-05-24T20:54:51.064+0000] {processor.py:830} INFO - Processing file /home/airflow/.local/lib/python3.12/site-packages/airflow/example_dags/example_python_decorator.py for tasks to queue
[2024-05-24T20:54:51.065+0000] {logging_mixin.py:188} INFO - [2024-05-24T20:54:51.065+0000] {dagbag.py:545} INFO - Filling up the DagBag from /home/airflow/.local/lib/python3.12/site-packages/airflow/example_dags/example_python_decorator.py
[2024-05-24T20:54:51.081+0000] {processor.py:840} INFO - DAG(s) 'example_python_decorator' retrieved from /home/airflow/.local/lib/python3.12/site-packages/airflow/example_dags/example_python_decorator.py
[2024-05-24T20:54:51.111+0000] {logging_mixin.py:188} INFO - [2024-05-24T20:54:51.111+0000] {dag.py:3096} INFO - Sync 1 DAGs
[2024-05-24T20:54:51.130+0000] {logging_mixin.py:188} INFO - [2024-05-24T20:54:51.130+0000] {dag.py:3954} INFO - Setting next_dagrun for example_python_decorator to None, run_after=None
[2024-05-24T20:54:51.151+0000] {processor.py:183} INFO - Processing /home/airflow/.local/lib/python3.12/site-packages/airflow/example_dags/example_python_decorator.py took 0.096 seconds
[2024-05-24T21:55:59.076+0000] {processor.py:161} INFO - Started process (PID=88807) to work on /home/airflow/.local/lib/python3.12/site-packages/airflow/example_dags/example_python_decorator.py
[2024-05-24T21:55:59.078+0000] {processor.py:830} INFO - Processing file /home/airflow/.local/lib/python3.12/site-packages/airflow/example_dags/example_python_decorator.py for tasks to queue
[2024-05-24T21:55:59.079+0000] {logging_mixin.py:188} INFO - [2024-05-24T21:55:59.078+0000] {dagbag.py:545} INFO - Filling up the DagBag from /home/airflow/.local/lib/python3.12/site-packages/airflow/example_dags/example_python_decorator.py
[2024-05-24T21:55:59.095+0000] {processor.py:840} INFO - DAG(s) 'example_python_decorator' retrieved from /home/airflow/.local/lib/python3.12/site-packages/airflow/example_dags/example_python_decorator.py
[2024-05-24T21:55:59.121+0000] {logging_mixin.py:188} INFO - [2024-05-24T21:55:59.120+0000] {dag.py:3096} INFO - Sync 1 DAGs
[2024-05-24T21:55:59.139+0000] {logging_mixin.py:188} INFO - [2024-05-24T21:55:59.139+0000] {dag.py:3954} INFO - Setting next_dagrun for example_python_decorator to None, run_after=None
[2024-05-24T21:55:59.158+0000] {processor.py:183} INFO - Processing /home/airflow/.local/lib/python3.12/site-packages/airflow/example_dags/example_python_decorator.py took 0.093 seconds
[2024-05-24T22:57:01.169+0000] {processor.py:161} INFO - Started process (PID=88860) to work on /home/airflow/.local/lib/python3.12/site-packages/airflow/example_dags/example_python_decorator.py
[2024-05-24T22:57:01.171+0000] {processor.py:830} INFO - Processing file /home/airflow/.local/lib/python3.12/site-packages/airflow/example_dags/example_python_decorator.py for tasks to queue
[2024-05-24T22:57:01.172+0000] {logging_mixin.py:188} INFO - [2024-05-24T22:57:01.172+0000] {dagbag.py:545} INFO - Filling up the DagBag from /home/airflow/.local/lib/python3.12/site-packages/airflow/example_dags/example_python_decorator.py
[2024-05-24T22:57:01.189+0000] {processor.py:840} INFO - DAG(s) 'example_python_decorator' retrieved from /home/airflow/.local/lib/python3.12/site-packages/airflow/example_dags/example_python_decorator.py
[2024-05-24T22:57:01.217+0000] {logging_mixin.py:188} INFO - [2024-05-24T22:57:01.217+0000] {dag.py:3096} INFO - Sync 1 DAGs
[2024-05-24T22:57:01.233+0000] {logging_mixin.py:188} INFO - [2024-05-24T22:57:01.233+0000] {dag.py:3954} INFO - Setting next_dagrun for example_python_decorator to None, run_after=None
[2024-05-24T22:57:01.259+0000] {processor.py:183} INFO - Processing /home/airflow/.local/lib/python3.12/site-packages/airflow/example_dags/example_python_decorator.py took 0.100 seconds
