[2024-05-24T00:10:41.512+0000] {processor.py:161} INFO - Started process (PID=87411) to work on /home/airflow/.local/lib/python3.12/site-packages/airflow/example_dags/example_sensors.py
[2024-05-24T00:10:41.513+0000] {processor.py:830} INFO - Processing file /home/airflow/.local/lib/python3.12/site-packages/airflow/example_dags/example_sensors.py for tasks to queue
[2024-05-24T00:10:41.514+0000] {logging_mixin.py:188} INFO - [2024-05-24T00:10:41.514+0000] {dagbag.py:545} INFO - Filling up the DagBag from /home/airflow/.local/lib/python3.12/site-packages/airflow/example_dags/example_sensors.py
[2024-05-24T00:10:41.527+0000] {processor.py:840} INFO - DAG(s) 'example_sensors' retrieved from /home/airflow/.local/lib/python3.12/site-packages/airflow/example_dags/example_sensors.py
[2024-05-24T00:10:41.556+0000] {logging_mixin.py:188} INFO - [2024-05-24T00:10:41.556+0000] {dag.py:3096} INFO - Sync 1 DAGs
[2024-05-24T00:10:41.571+0000] {logging_mixin.py:188} INFO - [2024-05-24T00:10:41.571+0000] {dag.py:3954} INFO - Setting next_dagrun for example_sensors to None, run_after=None
[2024-05-24T00:10:41.590+0000] {processor.py:183} INFO - Processing /home/airflow/.local/lib/python3.12/site-packages/airflow/example_dags/example_sensors.py took 0.086 seconds
[2024-05-24T03:15:01.889+0000] {processor.py:161} INFO - Started process (PID=87470) to work on /home/airflow/.local/lib/python3.12/site-packages/airflow/example_dags/example_sensors.py
[2024-05-24T03:15:01.891+0000] {processor.py:830} INFO - Processing file /home/airflow/.local/lib/python3.12/site-packages/airflow/example_dags/example_sensors.py for tasks to queue
[2024-05-24T03:15:01.894+0000] {logging_mixin.py:188} INFO - [2024-05-24T03:15:01.894+0000] {dagbag.py:545} INFO - Filling up the DagBag from /home/airflow/.local/lib/python3.12/site-packages/airflow/example_dags/example_sensors.py
[2024-05-24T03:15:01.928+0000] {processor.py:840} INFO - DAG(s) 'example_sensors' retrieved from /home/airflow/.local/lib/python3.12/site-packages/airflow/example_dags/example_sensors.py
[2024-05-24T03:15:02.023+0000] {logging_mixin.py:188} INFO - [2024-05-24T03:15:02.023+0000] {dag.py:3096} INFO - Sync 1 DAGs
[2024-05-24T03:15:02.092+0000] {logging_mixin.py:188} INFO - [2024-05-24T03:15:02.086+0000] {dag.py:3954} INFO - Setting next_dagrun for example_sensors to None, run_after=None
[2024-05-24T03:15:02.158+0000] {processor.py:183} INFO - Processing /home/airflow/.local/lib/python3.12/site-packages/airflow/example_dags/example_sensors.py took 0.290 seconds
[2024-05-24T05:04:12.317+0000] {processor.py:161} INFO - Started process (PID=87529) to work on /home/airflow/.local/lib/python3.12/site-packages/airflow/example_dags/example_sensors.py
[2024-05-24T05:04:12.318+0000] {processor.py:830} INFO - Processing file /home/airflow/.local/lib/python3.12/site-packages/airflow/example_dags/example_sensors.py for tasks to queue
[2024-05-24T05:04:12.320+0000] {logging_mixin.py:188} INFO - [2024-05-24T05:04:12.319+0000] {dagbag.py:545} INFO - Filling up the DagBag from /home/airflow/.local/lib/python3.12/site-packages/airflow/example_dags/example_sensors.py
[2024-05-24T05:04:12.334+0000] {processor.py:840} INFO - DAG(s) 'example_sensors' retrieved from /home/airflow/.local/lib/python3.12/site-packages/airflow/example_dags/example_sensors.py
[2024-05-24T05:04:12.374+0000] {logging_mixin.py:188} INFO - [2024-05-24T05:04:12.374+0000] {dag.py:3096} INFO - Sync 1 DAGs
[2024-05-24T05:04:12.393+0000] {logging_mixin.py:188} INFO - [2024-05-24T05:04:12.393+0000] {dag.py:3954} INFO - Setting next_dagrun for example_sensors to None, run_after=None
[2024-05-24T05:04:12.413+0000] {processor.py:183} INFO - Processing /home/airflow/.local/lib/python3.12/site-packages/airflow/example_dags/example_sensors.py took 0.106 seconds
[2024-05-24T05:06:18.439+0000] {processor.py:161} INFO - Started process (PID=87588) to work on /home/airflow/.local/lib/python3.12/site-packages/airflow/example_dags/example_sensors.py
[2024-05-24T05:06:18.440+0000] {processor.py:830} INFO - Processing file /home/airflow/.local/lib/python3.12/site-packages/airflow/example_dags/example_sensors.py for tasks to queue
[2024-05-24T05:06:18.442+0000] {logging_mixin.py:188} INFO - [2024-05-24T05:06:18.441+0000] {dagbag.py:545} INFO - Filling up the DagBag from /home/airflow/.local/lib/python3.12/site-packages/airflow/example_dags/example_sensors.py
[2024-05-24T05:06:18.454+0000] {processor.py:840} INFO - DAG(s) 'example_sensors' retrieved from /home/airflow/.local/lib/python3.12/site-packages/airflow/example_dags/example_sensors.py
[2024-05-24T05:06:18.487+0000] {logging_mixin.py:188} INFO - [2024-05-24T05:06:18.487+0000] {dag.py:3096} INFO - Sync 1 DAGs
[2024-05-24T05:06:18.505+0000] {logging_mixin.py:188} INFO - [2024-05-24T05:06:18.505+0000] {dag.py:3954} INFO - Setting next_dagrun for example_sensors to None, run_after=None
[2024-05-24T05:06:18.526+0000] {processor.py:183} INFO - Processing /home/airflow/.local/lib/python3.12/site-packages/airflow/example_dags/example_sensors.py took 0.096 seconds
[2024-05-24T05:40:29.556+0000] {processor.py:161} INFO - Started process (PID=87647) to work on /home/airflow/.local/lib/python3.12/site-packages/airflow/example_dags/example_sensors.py
[2024-05-24T05:40:29.560+0000] {processor.py:830} INFO - Processing file /home/airflow/.local/lib/python3.12/site-packages/airflow/example_dags/example_sensors.py for tasks to queue
[2024-05-24T05:40:29.562+0000] {logging_mixin.py:188} INFO - [2024-05-24T05:40:29.561+0000] {dagbag.py:545} INFO - Filling up the DagBag from /home/airflow/.local/lib/python3.12/site-packages/airflow/example_dags/example_sensors.py
[2024-05-24T05:40:29.586+0000] {processor.py:840} INFO - DAG(s) 'example_sensors' retrieved from /home/airflow/.local/lib/python3.12/site-packages/airflow/example_dags/example_sensors.py
[2024-05-24T05:40:29.638+0000] {logging_mixin.py:188} INFO - [2024-05-24T05:40:29.638+0000] {dag.py:3096} INFO - Sync 1 DAGs
[2024-05-24T05:40:29.660+0000] {logging_mixin.py:188} INFO - [2024-05-24T05:40:29.659+0000] {dag.py:3954} INFO - Setting next_dagrun for example_sensors to None, run_after=None
[2024-05-24T05:40:29.681+0000] {processor.py:183} INFO - Processing /home/airflow/.local/lib/python3.12/site-packages/airflow/example_dags/example_sensors.py took 0.253 seconds
[2024-05-24T06:36:57.551+0000] {processor.py:161} INFO - Started process (PID=87712) to work on /home/airflow/.local/lib/python3.12/site-packages/airflow/example_dags/example_sensors.py
[2024-05-24T06:36:57.555+0000] {processor.py:830} INFO - Processing file /home/airflow/.local/lib/python3.12/site-packages/airflow/example_dags/example_sensors.py for tasks to queue
[2024-05-24T06:36:57.556+0000] {logging_mixin.py:188} INFO - [2024-05-24T06:36:57.556+0000] {dagbag.py:545} INFO - Filling up the DagBag from /home/airflow/.local/lib/python3.12/site-packages/airflow/example_dags/example_sensors.py
[2024-05-24T06:36:57.611+0000] {processor.py:840} INFO - DAG(s) 'example_sensors' retrieved from /home/airflow/.local/lib/python3.12/site-packages/airflow/example_dags/example_sensors.py
[2024-05-24T06:36:57.699+0000] {logging_mixin.py:188} INFO - [2024-05-24T06:36:57.699+0000] {dag.py:3096} INFO - Sync 1 DAGs
[2024-05-24T06:36:57.798+0000] {logging_mixin.py:188} INFO - [2024-05-24T06:36:57.797+0000] {dag.py:3954} INFO - Setting next_dagrun for example_sensors to None, run_after=None
[2024-05-24T06:36:57.917+0000] {processor.py:183} INFO - Processing /home/airflow/.local/lib/python3.12/site-packages/airflow/example_dags/example_sensors.py took 0.397 seconds
[2024-05-24T07:35:42.823+0000] {processor.py:161} INFO - Started process (PID=87780) to work on /home/airflow/.local/lib/python3.12/site-packages/airflow/example_dags/example_sensors.py
[2024-05-24T07:35:42.826+0000] {processor.py:830} INFO - Processing file /home/airflow/.local/lib/python3.12/site-packages/airflow/example_dags/example_sensors.py for tasks to queue
[2024-05-24T07:35:42.828+0000] {logging_mixin.py:188} INFO - [2024-05-24T07:35:42.828+0000] {dagbag.py:545} INFO - Filling up the DagBag from /home/airflow/.local/lib/python3.12/site-packages/airflow/example_dags/example_sensors.py
[2024-05-24T07:35:42.842+0000] {processor.py:840} INFO - DAG(s) 'example_sensors' retrieved from /home/airflow/.local/lib/python3.12/site-packages/airflow/example_dags/example_sensors.py
[2024-05-24T07:35:42.874+0000] {logging_mixin.py:188} INFO - [2024-05-24T07:35:42.874+0000] {dag.py:3096} INFO - Sync 1 DAGs
[2024-05-24T07:35:42.889+0000] {logging_mixin.py:188} INFO - [2024-05-24T07:35:42.889+0000] {dag.py:3954} INFO - Setting next_dagrun for example_sensors to None, run_after=None
[2024-05-24T07:35:42.913+0000] {processor.py:183} INFO - Processing /home/airflow/.local/lib/python3.12/site-packages/airflow/example_dags/example_sensors.py took 0.098 seconds
[2024-05-24T07:41:37.860+0000] {processor.py:161} INFO - Started process (PID=87833) to work on /home/airflow/.local/lib/python3.12/site-packages/airflow/example_dags/example_sensors.py
[2024-05-24T07:41:37.864+0000] {processor.py:830} INFO - Processing file /home/airflow/.local/lib/python3.12/site-packages/airflow/example_dags/example_sensors.py for tasks to queue
[2024-05-24T07:41:37.865+0000] {logging_mixin.py:188} INFO - [2024-05-24T07:41:37.865+0000] {dagbag.py:545} INFO - Filling up the DagBag from /home/airflow/.local/lib/python3.12/site-packages/airflow/example_dags/example_sensors.py
[2024-05-24T07:41:37.877+0000] {processor.py:840} INFO - DAG(s) 'example_sensors' retrieved from /home/airflow/.local/lib/python3.12/site-packages/airflow/example_dags/example_sensors.py
[2024-05-24T07:41:37.907+0000] {logging_mixin.py:188} INFO - [2024-05-24T07:41:37.907+0000] {dag.py:3096} INFO - Sync 1 DAGs
[2024-05-24T07:41:37.925+0000] {logging_mixin.py:188} INFO - [2024-05-24T07:41:37.925+0000] {dag.py:3954} INFO - Setting next_dagrun for example_sensors to None, run_after=None
[2024-05-24T07:41:37.944+0000] {processor.py:183} INFO - Processing /home/airflow/.local/lib/python3.12/site-packages/airflow/example_dags/example_sensors.py took 0.091 seconds
[2024-05-24T08:42:34.252+0000] {processor.py:161} INFO - Started process (PID=87898) to work on /home/airflow/.local/lib/python3.12/site-packages/airflow/example_dags/example_sensors.py
[2024-05-24T08:42:34.253+0000] {processor.py:830} INFO - Processing file /home/airflow/.local/lib/python3.12/site-packages/airflow/example_dags/example_sensors.py for tasks to queue
[2024-05-24T08:42:34.255+0000] {logging_mixin.py:188} INFO - [2024-05-24T08:42:34.254+0000] {dagbag.py:545} INFO - Filling up the DagBag from /home/airflow/.local/lib/python3.12/site-packages/airflow/example_dags/example_sensors.py
[2024-05-24T08:42:34.277+0000] {processor.py:840} INFO - DAG(s) 'example_sensors' retrieved from /home/airflow/.local/lib/python3.12/site-packages/airflow/example_dags/example_sensors.py
[2024-05-24T08:42:34.318+0000] {logging_mixin.py:188} INFO - [2024-05-24T08:42:34.318+0000] {dag.py:3096} INFO - Sync 1 DAGs
[2024-05-24T08:42:34.337+0000] {logging_mixin.py:188} INFO - [2024-05-24T08:42:34.337+0000] {dag.py:3954} INFO - Setting next_dagrun for example_sensors to None, run_after=None
[2024-05-24T08:42:34.361+0000] {processor.py:183} INFO - Processing /home/airflow/.local/lib/python3.12/site-packages/airflow/example_dags/example_sensors.py took 0.117 seconds
[2024-05-24T09:43:46.346+0000] {processor.py:161} INFO - Started process (PID=87956) to work on /home/airflow/.local/lib/python3.12/site-packages/airflow/example_dags/example_sensors.py
[2024-05-24T09:43:46.348+0000] {processor.py:830} INFO - Processing file /home/airflow/.local/lib/python3.12/site-packages/airflow/example_dags/example_sensors.py for tasks to queue
[2024-05-24T09:43:46.349+0000] {logging_mixin.py:188} INFO - [2024-05-24T09:43:46.349+0000] {dagbag.py:545} INFO - Filling up the DagBag from /home/airflow/.local/lib/python3.12/site-packages/airflow/example_dags/example_sensors.py
[2024-05-24T09:43:46.362+0000] {processor.py:840} INFO - DAG(s) 'example_sensors' retrieved from /home/airflow/.local/lib/python3.12/site-packages/airflow/example_dags/example_sensors.py
[2024-05-24T09:43:46.399+0000] {logging_mixin.py:188} INFO - [2024-05-24T09:43:46.398+0000] {dag.py:3096} INFO - Sync 1 DAGs
[2024-05-24T09:43:46.424+0000] {logging_mixin.py:188} INFO - [2024-05-24T09:43:46.424+0000] {dag.py:3954} INFO - Setting next_dagrun for example_sensors to None, run_after=None
[2024-05-24T09:43:46.452+0000] {processor.py:183} INFO - Processing /home/airflow/.local/lib/python3.12/site-packages/airflow/example_dags/example_sensors.py took 0.113 seconds
[2024-05-24T10:44:55.444+0000] {processor.py:161} INFO - Started process (PID=88015) to work on /home/airflow/.local/lib/python3.12/site-packages/airflow/example_dags/example_sensors.py
[2024-05-24T10:44:55.446+0000] {processor.py:830} INFO - Processing file /home/airflow/.local/lib/python3.12/site-packages/airflow/example_dags/example_sensors.py for tasks to queue
[2024-05-24T10:44:55.447+0000] {logging_mixin.py:188} INFO - [2024-05-24T10:44:55.446+0000] {dagbag.py:545} INFO - Filling up the DagBag from /home/airflow/.local/lib/python3.12/site-packages/airflow/example_dags/example_sensors.py
[2024-05-24T10:44:55.459+0000] {processor.py:840} INFO - DAG(s) 'example_sensors' retrieved from /home/airflow/.local/lib/python3.12/site-packages/airflow/example_dags/example_sensors.py
[2024-05-24T10:44:55.488+0000] {logging_mixin.py:188} INFO - [2024-05-24T10:44:55.487+0000] {dag.py:3096} INFO - Sync 1 DAGs
[2024-05-24T10:44:55.502+0000] {logging_mixin.py:188} INFO - [2024-05-24T10:44:55.502+0000] {dag.py:3954} INFO - Setting next_dagrun for example_sensors to None, run_after=None
[2024-05-24T10:44:55.522+0000] {processor.py:183} INFO - Processing /home/airflow/.local/lib/python3.12/site-packages/airflow/example_dags/example_sensors.py took 0.085 seconds
[2024-05-24T11:46:01.473+0000] {processor.py:161} INFO - Started process (PID=88074) to work on /home/airflow/.local/lib/python3.12/site-packages/airflow/example_dags/example_sensors.py
[2024-05-24T11:46:01.475+0000] {processor.py:830} INFO - Processing file /home/airflow/.local/lib/python3.12/site-packages/airflow/example_dags/example_sensors.py for tasks to queue
[2024-05-24T11:46:01.477+0000] {logging_mixin.py:188} INFO - [2024-05-24T11:46:01.476+0000] {dagbag.py:545} INFO - Filling up the DagBag from /home/airflow/.local/lib/python3.12/site-packages/airflow/example_dags/example_sensors.py
[2024-05-24T11:46:01.490+0000] {processor.py:840} INFO - DAG(s) 'example_sensors' retrieved from /home/airflow/.local/lib/python3.12/site-packages/airflow/example_dags/example_sensors.py
[2024-05-24T11:46:01.531+0000] {logging_mixin.py:188} INFO - [2024-05-24T11:46:01.531+0000] {dag.py:3096} INFO - Sync 1 DAGs
[2024-05-24T11:46:01.572+0000] {logging_mixin.py:188} INFO - [2024-05-24T11:46:01.572+0000] {dag.py:3954} INFO - Setting next_dagrun for example_sensors to None, run_after=None
[2024-05-24T11:46:01.613+0000] {processor.py:183} INFO - Processing /home/airflow/.local/lib/python3.12/site-packages/airflow/example_dags/example_sensors.py took 0.148 seconds
[2024-05-24T12:47:07.399+0000] {processor.py:161} INFO - Started process (PID=88127) to work on /home/airflow/.local/lib/python3.12/site-packages/airflow/example_dags/example_sensors.py
[2024-05-24T12:47:07.402+0000] {processor.py:830} INFO - Processing file /home/airflow/.local/lib/python3.12/site-packages/airflow/example_dags/example_sensors.py for tasks to queue
[2024-05-24T12:47:07.403+0000] {logging_mixin.py:188} INFO - [2024-05-24T12:47:07.403+0000] {dagbag.py:545} INFO - Filling up the DagBag from /home/airflow/.local/lib/python3.12/site-packages/airflow/example_dags/example_sensors.py
[2024-05-24T12:47:07.416+0000] {processor.py:840} INFO - DAG(s) 'example_sensors' retrieved from /home/airflow/.local/lib/python3.12/site-packages/airflow/example_dags/example_sensors.py
[2024-05-24T12:47:07.447+0000] {logging_mixin.py:188} INFO - [2024-05-24T12:47:07.447+0000] {dag.py:3096} INFO - Sync 1 DAGs
[2024-05-24T12:47:07.463+0000] {logging_mixin.py:188} INFO - [2024-05-24T12:47:07.462+0000] {dag.py:3954} INFO - Setting next_dagrun for example_sensors to None, run_after=None
[2024-05-24T12:47:07.482+0000] {processor.py:183} INFO - Processing /home/airflow/.local/lib/python3.12/site-packages/airflow/example_dags/example_sensors.py took 0.091 seconds
[2024-05-24T13:48:16.326+0000] {processor.py:161} INFO - Started process (PID=88186) to work on /home/airflow/.local/lib/python3.12/site-packages/airflow/example_dags/example_sensors.py
[2024-05-24T13:48:16.328+0000] {processor.py:830} INFO - Processing file /home/airflow/.local/lib/python3.12/site-packages/airflow/example_dags/example_sensors.py for tasks to queue
[2024-05-24T13:48:16.329+0000] {logging_mixin.py:188} INFO - [2024-05-24T13:48:16.329+0000] {dagbag.py:545} INFO - Filling up the DagBag from /home/airflow/.local/lib/python3.12/site-packages/airflow/example_dags/example_sensors.py
[2024-05-24T13:48:16.341+0000] {processor.py:840} INFO - DAG(s) 'example_sensors' retrieved from /home/airflow/.local/lib/python3.12/site-packages/airflow/example_dags/example_sensors.py
[2024-05-24T13:48:16.372+0000] {logging_mixin.py:188} INFO - [2024-05-24T13:48:16.372+0000] {dag.py:3096} INFO - Sync 1 DAGs
[2024-05-24T13:48:16.397+0000] {logging_mixin.py:188} INFO - [2024-05-24T13:48:16.397+0000] {dag.py:3954} INFO - Setting next_dagrun for example_sensors to None, run_after=None
[2024-05-24T13:48:16.438+0000] {processor.py:183} INFO - Processing /home/airflow/.local/lib/python3.12/site-packages/airflow/example_dags/example_sensors.py took 0.118 seconds
[2024-05-24T14:49:26.429+0000] {processor.py:161} INFO - Started process (PID=88245) to work on /home/airflow/.local/lib/python3.12/site-packages/airflow/example_dags/example_sensors.py
[2024-05-24T14:49:26.433+0000] {processor.py:830} INFO - Processing file /home/airflow/.local/lib/python3.12/site-packages/airflow/example_dags/example_sensors.py for tasks to queue
[2024-05-24T14:49:26.434+0000] {logging_mixin.py:188} INFO - [2024-05-24T14:49:26.434+0000] {dagbag.py:545} INFO - Filling up the DagBag from /home/airflow/.local/lib/python3.12/site-packages/airflow/example_dags/example_sensors.py
[2024-05-24T14:49:26.448+0000] {processor.py:840} INFO - DAG(s) 'example_sensors' retrieved from /home/airflow/.local/lib/python3.12/site-packages/airflow/example_dags/example_sensors.py
[2024-05-24T14:49:26.481+0000] {logging_mixin.py:188} INFO - [2024-05-24T14:49:26.481+0000] {dag.py:3096} INFO - Sync 1 DAGs
[2024-05-24T14:49:26.497+0000] {logging_mixin.py:188} INFO - [2024-05-24T14:49:26.496+0000] {dag.py:3954} INFO - Setting next_dagrun for example_sensors to None, run_after=None
[2024-05-24T14:49:26.515+0000] {processor.py:183} INFO - Processing /home/airflow/.local/lib/python3.12/site-packages/airflow/example_dags/example_sensors.py took 0.095 seconds
[2024-05-24T15:48:51.881+0000] {processor.py:161} INFO - Started process (PID=88304) to work on /home/airflow/.local/lib/python3.12/site-packages/airflow/example_dags/example_sensors.py
[2024-05-24T15:48:51.885+0000] {processor.py:830} INFO - Processing file /home/airflow/.local/lib/python3.12/site-packages/airflow/example_dags/example_sensors.py for tasks to queue
[2024-05-24T15:48:51.886+0000] {logging_mixin.py:188} INFO - [2024-05-24T15:48:51.886+0000] {dagbag.py:545} INFO - Filling up the DagBag from /home/airflow/.local/lib/python3.12/site-packages/airflow/example_dags/example_sensors.py
[2024-05-24T15:48:51.905+0000] {processor.py:840} INFO - DAG(s) 'example_sensors' retrieved from /home/airflow/.local/lib/python3.12/site-packages/airflow/example_dags/example_sensors.py
[2024-05-24T15:48:51.939+0000] {logging_mixin.py:188} INFO - [2024-05-24T15:48:51.939+0000] {dag.py:3096} INFO - Sync 1 DAGs
[2024-05-24T15:48:51.956+0000] {logging_mixin.py:188} INFO - [2024-05-24T15:48:51.956+0000] {dag.py:3954} INFO - Setting next_dagrun for example_sensors to None, run_after=None
[2024-05-24T15:48:51.975+0000] {processor.py:183} INFO - Processing /home/airflow/.local/lib/python3.12/site-packages/airflow/example_dags/example_sensors.py took 0.105 seconds
[2024-05-24T15:50:35.052+0000] {processor.py:161} INFO - Started process (PID=88369) to work on /home/airflow/.local/lib/python3.12/site-packages/airflow/example_dags/example_sensors.py
[2024-05-24T15:50:35.055+0000] {processor.py:830} INFO - Processing file /home/airflow/.local/lib/python3.12/site-packages/airflow/example_dags/example_sensors.py for tasks to queue
[2024-05-24T15:50:35.056+0000] {logging_mixin.py:188} INFO - [2024-05-24T15:50:35.056+0000] {dagbag.py:545} INFO - Filling up the DagBag from /home/airflow/.local/lib/python3.12/site-packages/airflow/example_dags/example_sensors.py
[2024-05-24T15:50:35.069+0000] {processor.py:840} INFO - DAG(s) 'example_sensors' retrieved from /home/airflow/.local/lib/python3.12/site-packages/airflow/example_dags/example_sensors.py
[2024-05-24T15:50:35.105+0000] {logging_mixin.py:188} INFO - [2024-05-24T15:50:35.105+0000] {dag.py:3096} INFO - Sync 1 DAGs
[2024-05-24T15:50:35.121+0000] {logging_mixin.py:188} INFO - [2024-05-24T15:50:35.121+0000] {dag.py:3954} INFO - Setting next_dagrun for example_sensors to None, run_after=None
[2024-05-24T15:50:35.145+0000] {processor.py:183} INFO - Processing /home/airflow/.local/lib/python3.12/site-packages/airflow/example_dags/example_sensors.py took 0.102 seconds
[2024-05-24T16:51:42.635+0000] {processor.py:161} INFO - Started process (PID=88422) to work on /home/airflow/.local/lib/python3.12/site-packages/airflow/example_dags/example_sensors.py
[2024-05-24T16:51:42.638+0000] {processor.py:830} INFO - Processing file /home/airflow/.local/lib/python3.12/site-packages/airflow/example_dags/example_sensors.py for tasks to queue
[2024-05-24T16:51:42.640+0000] {logging_mixin.py:188} INFO - [2024-05-24T16:51:42.639+0000] {dagbag.py:545} INFO - Filling up the DagBag from /home/airflow/.local/lib/python3.12/site-packages/airflow/example_dags/example_sensors.py
[2024-05-24T16:51:42.667+0000] {processor.py:840} INFO - DAG(s) 'example_sensors' retrieved from /home/airflow/.local/lib/python3.12/site-packages/airflow/example_dags/example_sensors.py
[2024-05-24T16:51:42.735+0000] {logging_mixin.py:188} INFO - [2024-05-24T16:51:42.734+0000] {dag.py:3096} INFO - Sync 1 DAGs
[2024-05-24T16:51:42.768+0000] {logging_mixin.py:188} INFO - [2024-05-24T16:51:42.768+0000] {dag.py:3954} INFO - Setting next_dagrun for example_sensors to None, run_after=None
[2024-05-24T16:51:42.810+0000] {processor.py:183} INFO - Processing /home/airflow/.local/lib/python3.12/site-packages/airflow/example_dags/example_sensors.py took 0.190 seconds
[2024-05-24T17:50:14.164+0000] {processor.py:161} INFO - Started process (PID=88480) to work on /home/airflow/.local/lib/python3.12/site-packages/airflow/example_dags/example_sensors.py
[2024-05-24T17:50:14.167+0000] {processor.py:830} INFO - Processing file /home/airflow/.local/lib/python3.12/site-packages/airflow/example_dags/example_sensors.py for tasks to queue
[2024-05-24T17:50:14.168+0000] {logging_mixin.py:188} INFO - [2024-05-24T17:50:14.168+0000] {dagbag.py:545} INFO - Filling up the DagBag from /home/airflow/.local/lib/python3.12/site-packages/airflow/example_dags/example_sensors.py
[2024-05-24T17:50:14.180+0000] {processor.py:840} INFO - DAG(s) 'example_sensors' retrieved from /home/airflow/.local/lib/python3.12/site-packages/airflow/example_dags/example_sensors.py
[2024-05-24T17:50:14.212+0000] {logging_mixin.py:188} INFO - [2024-05-24T17:50:14.211+0000] {dag.py:3096} INFO - Sync 1 DAGs
[2024-05-24T17:50:14.227+0000] {logging_mixin.py:188} INFO - [2024-05-24T17:50:14.227+0000] {dag.py:3954} INFO - Setting next_dagrun for example_sensors to None, run_after=None
[2024-05-24T17:50:14.256+0000] {processor.py:183} INFO - Processing /home/airflow/.local/lib/python3.12/site-packages/airflow/example_dags/example_sensors.py took 0.099 seconds
[2024-05-24T17:50:44.797+0000] {processor.py:161} INFO - Started process (PID=88539) to work on /home/airflow/.local/lib/python3.12/site-packages/airflow/example_dags/example_sensors.py
[2024-05-24T17:50:44.799+0000] {processor.py:830} INFO - Processing file /home/airflow/.local/lib/python3.12/site-packages/airflow/example_dags/example_sensors.py for tasks to queue
[2024-05-24T17:50:44.800+0000] {logging_mixin.py:188} INFO - [2024-05-24T17:50:44.800+0000] {dagbag.py:545} INFO - Filling up the DagBag from /home/airflow/.local/lib/python3.12/site-packages/airflow/example_dags/example_sensors.py
[2024-05-24T17:50:44.813+0000] {processor.py:840} INFO - DAG(s) 'example_sensors' retrieved from /home/airflow/.local/lib/python3.12/site-packages/airflow/example_dags/example_sensors.py
[2024-05-24T17:50:44.843+0000] {logging_mixin.py:188} INFO - [2024-05-24T17:50:44.842+0000] {dag.py:3096} INFO - Sync 1 DAGs
[2024-05-24T17:50:44.860+0000] {logging_mixin.py:188} INFO - [2024-05-24T17:50:44.860+0000] {dag.py:3954} INFO - Setting next_dagrun for example_sensors to None, run_after=None
[2024-05-24T17:50:44.881+0000] {processor.py:183} INFO - Processing /home/airflow/.local/lib/python3.12/site-packages/airflow/example_dags/example_sensors.py took 0.095 seconds
[2024-05-24T18:53:38.962+0000] {processor.py:161} INFO - Started process (PID=88598) to work on /home/airflow/.local/lib/python3.12/site-packages/airflow/example_dags/example_sensors.py
[2024-05-24T18:53:38.963+0000] {processor.py:830} INFO - Processing file /home/airflow/.local/lib/python3.12/site-packages/airflow/example_dags/example_sensors.py for tasks to queue
[2024-05-24T18:53:38.965+0000] {logging_mixin.py:188} INFO - [2024-05-24T18:53:38.964+0000] {dagbag.py:545} INFO - Filling up the DagBag from /home/airflow/.local/lib/python3.12/site-packages/airflow/example_dags/example_sensors.py
[2024-05-24T18:53:38.981+0000] {processor.py:840} INFO - DAG(s) 'example_sensors' retrieved from /home/airflow/.local/lib/python3.12/site-packages/airflow/example_dags/example_sensors.py
[2024-05-24T18:53:39.009+0000] {logging_mixin.py:188} INFO - [2024-05-24T18:53:39.008+0000] {dag.py:3096} INFO - Sync 1 DAGs
[2024-05-24T18:53:39.023+0000] {logging_mixin.py:188} INFO - [2024-05-24T18:53:39.023+0000] {dag.py:3954} INFO - Setting next_dagrun for example_sensors to None, run_after=None
[2024-05-24T18:53:39.041+0000] {processor.py:183} INFO - Processing /home/airflow/.local/lib/python3.12/site-packages/airflow/example_dags/example_sensors.py took 0.092 seconds
[2024-05-24T19:53:32.532+0000] {processor.py:161} INFO - Started process (PID=88657) to work on /home/airflow/.local/lib/python3.12/site-packages/airflow/example_dags/example_sensors.py
[2024-05-24T19:53:32.534+0000] {processor.py:830} INFO - Processing file /home/airflow/.local/lib/python3.12/site-packages/airflow/example_dags/example_sensors.py for tasks to queue
[2024-05-24T19:53:32.535+0000] {logging_mixin.py:188} INFO - [2024-05-24T19:53:32.535+0000] {dagbag.py:545} INFO - Filling up the DagBag from /home/airflow/.local/lib/python3.12/site-packages/airflow/example_dags/example_sensors.py
[2024-05-24T19:53:32.547+0000] {processor.py:840} INFO - DAG(s) 'example_sensors' retrieved from /home/airflow/.local/lib/python3.12/site-packages/airflow/example_dags/example_sensors.py
[2024-05-24T19:53:32.576+0000] {logging_mixin.py:188} INFO - [2024-05-24T19:53:32.575+0000] {dag.py:3096} INFO - Sync 1 DAGs
[2024-05-24T19:53:32.591+0000] {logging_mixin.py:188} INFO - [2024-05-24T19:53:32.591+0000] {dag.py:3954} INFO - Setting next_dagrun for example_sensors to None, run_after=None
[2024-05-24T19:53:32.609+0000] {processor.py:183} INFO - Processing /home/airflow/.local/lib/python3.12/site-packages/airflow/example_dags/example_sensors.py took 0.084 seconds
[2024-05-24T20:54:48.991+0000] {processor.py:161} INFO - Started process (PID=88722) to work on /home/airflow/.local/lib/python3.12/site-packages/airflow/example_dags/example_sensors.py
[2024-05-24T20:54:48.994+0000] {processor.py:830} INFO - Processing file /home/airflow/.local/lib/python3.12/site-packages/airflow/example_dags/example_sensors.py for tasks to queue
[2024-05-24T20:54:48.997+0000] {logging_mixin.py:188} INFO - [2024-05-24T20:54:48.997+0000] {dagbag.py:545} INFO - Filling up the DagBag from /home/airflow/.local/lib/python3.12/site-packages/airflow/example_dags/example_sensors.py
[2024-05-24T20:54:49.028+0000] {processor.py:840} INFO - DAG(s) 'example_sensors' retrieved from /home/airflow/.local/lib/python3.12/site-packages/airflow/example_dags/example_sensors.py
[2024-05-24T20:54:49.084+0000] {logging_mixin.py:188} INFO - [2024-05-24T20:54:49.083+0000] {dag.py:3096} INFO - Sync 1 DAGs
[2024-05-24T20:54:49.108+0000] {logging_mixin.py:188} INFO - [2024-05-24T20:54:49.107+0000] {dag.py:3954} INFO - Setting next_dagrun for example_sensors to None, run_after=None
[2024-05-24T20:54:49.132+0000] {processor.py:183} INFO - Processing /home/airflow/.local/lib/python3.12/site-packages/airflow/example_dags/example_sensors.py took 0.160 seconds
[2024-05-24T21:55:52.901+0000] {processor.py:161} INFO - Started process (PID=88775) to work on /home/airflow/.local/lib/python3.12/site-packages/airflow/example_dags/example_sensors.py
[2024-05-24T21:55:52.905+0000] {processor.py:830} INFO - Processing file /home/airflow/.local/lib/python3.12/site-packages/airflow/example_dags/example_sensors.py for tasks to queue
[2024-05-24T21:55:52.906+0000] {logging_mixin.py:188} INFO - [2024-05-24T21:55:52.906+0000] {dagbag.py:545} INFO - Filling up the DagBag from /home/airflow/.local/lib/python3.12/site-packages/airflow/example_dags/example_sensors.py
[2024-05-24T21:55:52.927+0000] {processor.py:840} INFO - DAG(s) 'example_sensors' retrieved from /home/airflow/.local/lib/python3.12/site-packages/airflow/example_dags/example_sensors.py
[2024-05-24T21:55:53.064+0000] {logging_mixin.py:188} INFO - [2024-05-24T21:55:53.062+0000] {dag.py:3096} INFO - Sync 1 DAGs
[2024-05-24T21:55:53.115+0000] {logging_mixin.py:188} INFO - [2024-05-24T21:55:53.110+0000] {dag.py:3954} INFO - Setting next_dagrun for example_sensors to None, run_after=None
[2024-05-24T21:55:53.175+0000] {processor.py:183} INFO - Processing /home/airflow/.local/lib/python3.12/site-packages/airflow/example_dags/example_sensors.py took 0.286 seconds
[2024-05-24T22:56:59.325+0000] {processor.py:161} INFO - Started process (PID=88834) to work on /home/airflow/.local/lib/python3.12/site-packages/airflow/example_dags/example_sensors.py
[2024-05-24T22:56:59.329+0000] {processor.py:830} INFO - Processing file /home/airflow/.local/lib/python3.12/site-packages/airflow/example_dags/example_sensors.py for tasks to queue
[2024-05-24T22:56:59.330+0000] {logging_mixin.py:188} INFO - [2024-05-24T22:56:59.329+0000] {dagbag.py:545} INFO - Filling up the DagBag from /home/airflow/.local/lib/python3.12/site-packages/airflow/example_dags/example_sensors.py
[2024-05-24T22:56:59.342+0000] {processor.py:840} INFO - DAG(s) 'example_sensors' retrieved from /home/airflow/.local/lib/python3.12/site-packages/airflow/example_dags/example_sensors.py
[2024-05-24T22:56:59.374+0000] {logging_mixin.py:188} INFO - [2024-05-24T22:56:59.374+0000] {dag.py:3096} INFO - Sync 1 DAGs
[2024-05-24T22:56:59.395+0000] {logging_mixin.py:188} INFO - [2024-05-24T22:56:59.394+0000] {dag.py:3954} INFO - Setting next_dagrun for example_sensors to None, run_after=None
[2024-05-24T22:56:59.419+0000] {processor.py:183} INFO - Processing /home/airflow/.local/lib/python3.12/site-packages/airflow/example_dags/example_sensors.py took 0.101 seconds
