[2024-05-24T00:10:41.502+0000] {processor.py:161} INFO - Started process (PID=87410) to work on /home/airflow/.local/lib/python3.12/site-packages/airflow/example_dags/example_latest_only_with_trigger.py
[2024-05-24T00:10:41.503+0000] {processor.py:830} INFO - Processing file /home/airflow/.local/lib/python3.12/site-packages/airflow/example_dags/example_latest_only_with_trigger.py for tasks to queue
[2024-05-24T00:10:41.505+0000] {logging_mixin.py:188} INFO - [2024-05-24T00:10:41.505+0000] {dagbag.py:545} INFO - Filling up the DagBag from /home/airflow/.local/lib/python3.12/site-packages/airflow/example_dags/example_latest_only_with_trigger.py
[2024-05-24T00:10:41.513+0000] {processor.py:840} INFO - DAG(s) 'latest_only_with_trigger' retrieved from /home/airflow/.local/lib/python3.12/site-packages/airflow/example_dags/example_latest_only_with_trigger.py
[2024-05-24T00:10:41.536+0000] {logging_mixin.py:188} INFO - [2024-05-24T00:10:41.536+0000] {dag.py:3096} INFO - Sync 1 DAGs
[2024-05-24T00:10:41.562+0000] {logging_mixin.py:188} INFO - [2024-05-24T00:10:41.561+0000] {dag.py:3954} INFO - Setting next_dagrun for latest_only_with_trigger to 2024-05-23 20:00:00+00:00, run_after=2024-05-24 00:00:00+00:00
[2024-05-24T00:10:41.581+0000] {processor.py:183} INFO - Processing /home/airflow/.local/lib/python3.12/site-packages/airflow/example_dags/example_latest_only_with_trigger.py took 0.086 seconds
[2024-05-24T03:15:01.745+0000] {processor.py:161} INFO - Started process (PID=87469) to work on /home/airflow/.local/lib/python3.12/site-packages/airflow/example_dags/example_latest_only_with_trigger.py
[2024-05-24T03:15:01.750+0000] {processor.py:830} INFO - Processing file /home/airflow/.local/lib/python3.12/site-packages/airflow/example_dags/example_latest_only_with_trigger.py for tasks to queue
[2024-05-24T03:15:01.754+0000] {logging_mixin.py:188} INFO - [2024-05-24T03:15:01.754+0000] {dagbag.py:545} INFO - Filling up the DagBag from /home/airflow/.local/lib/python3.12/site-packages/airflow/example_dags/example_latest_only_with_trigger.py
[2024-05-24T03:15:01.780+0000] {processor.py:840} INFO - DAG(s) 'latest_only_with_trigger' retrieved from /home/airflow/.local/lib/python3.12/site-packages/airflow/example_dags/example_latest_only_with_trigger.py
[2024-05-24T03:15:01.844+0000] {logging_mixin.py:188} INFO - [2024-05-24T03:15:01.844+0000] {dag.py:3096} INFO - Sync 1 DAGs
[2024-05-24T03:15:01.933+0000] {logging_mixin.py:188} INFO - [2024-05-24T03:15:01.933+0000] {dag.py:3954} INFO - Setting next_dagrun for latest_only_with_trigger to 2024-05-23 20:00:00+00:00, run_after=2024-05-24 00:00:00+00:00
[2024-05-24T03:15:01.993+0000] {processor.py:183} INFO - Processing /home/airflow/.local/lib/python3.12/site-packages/airflow/example_dags/example_latest_only_with_trigger.py took 0.270 seconds
[2024-05-24T05:04:12.215+0000] {processor.py:161} INFO - Started process (PID=87528) to work on /home/airflow/.local/lib/python3.12/site-packages/airflow/example_dags/example_latest_only_with_trigger.py
[2024-05-24T05:04:12.216+0000] {processor.py:830} INFO - Processing file /home/airflow/.local/lib/python3.12/site-packages/airflow/example_dags/example_latest_only_with_trigger.py for tasks to queue
[2024-05-24T05:04:12.217+0000] {logging_mixin.py:188} INFO - [2024-05-24T05:04:12.217+0000] {dagbag.py:545} INFO - Filling up the DagBag from /home/airflow/.local/lib/python3.12/site-packages/airflow/example_dags/example_latest_only_with_trigger.py
[2024-05-24T05:04:12.225+0000] {processor.py:840} INFO - DAG(s) 'latest_only_with_trigger' retrieved from /home/airflow/.local/lib/python3.12/site-packages/airflow/example_dags/example_latest_only_with_trigger.py
[2024-05-24T05:04:12.249+0000] {logging_mixin.py:188} INFO - [2024-05-24T05:04:12.249+0000] {dag.py:3096} INFO - Sync 1 DAGs
[2024-05-24T05:04:12.279+0000] {logging_mixin.py:188} INFO - [2024-05-24T05:04:12.278+0000] {dag.py:3954} INFO - Setting next_dagrun for latest_only_with_trigger to 2024-05-24 00:00:00+00:00, run_after=2024-05-24 04:00:00+00:00
[2024-05-24T05:04:12.325+0000] {processor.py:183} INFO - Processing /home/airflow/.local/lib/python3.12/site-packages/airflow/example_dags/example_latest_only_with_trigger.py took 0.117 seconds
[2024-05-24T05:06:18.372+0000] {processor.py:161} INFO - Started process (PID=87587) to work on /home/airflow/.local/lib/python3.12/site-packages/airflow/example_dags/example_latest_only_with_trigger.py
[2024-05-24T05:06:18.373+0000] {processor.py:830} INFO - Processing file /home/airflow/.local/lib/python3.12/site-packages/airflow/example_dags/example_latest_only_with_trigger.py for tasks to queue
[2024-05-24T05:06:18.374+0000] {logging_mixin.py:188} INFO - [2024-05-24T05:06:18.374+0000] {dagbag.py:545} INFO - Filling up the DagBag from /home/airflow/.local/lib/python3.12/site-packages/airflow/example_dags/example_latest_only_with_trigger.py
[2024-05-24T05:06:18.382+0000] {processor.py:840} INFO - DAG(s) 'latest_only_with_trigger' retrieved from /home/airflow/.local/lib/python3.12/site-packages/airflow/example_dags/example_latest_only_with_trigger.py
[2024-05-24T05:06:18.407+0000] {logging_mixin.py:188} INFO - [2024-05-24T05:06:18.406+0000] {dag.py:3096} INFO - Sync 1 DAGs
[2024-05-24T05:06:18.443+0000] {logging_mixin.py:188} INFO - [2024-05-24T05:06:18.443+0000] {dag.py:3954} INFO - Setting next_dagrun for latest_only_with_trigger to 2024-05-24 00:00:00+00:00, run_after=2024-05-24 04:00:00+00:00
[2024-05-24T05:06:18.463+0000] {processor.py:183} INFO - Processing /home/airflow/.local/lib/python3.12/site-packages/airflow/example_dags/example_latest_only_with_trigger.py took 0.099 seconds
[2024-05-24T05:40:29.217+0000] {processor.py:161} INFO - Started process (PID=87646) to work on /home/airflow/.local/lib/python3.12/site-packages/airflow/example_dags/example_latest_only_with_trigger.py
[2024-05-24T05:40:29.274+0000] {processor.py:830} INFO - Processing file /home/airflow/.local/lib/python3.12/site-packages/airflow/example_dags/example_latest_only_with_trigger.py for tasks to queue
[2024-05-24T05:40:29.289+0000] {logging_mixin.py:188} INFO - [2024-05-24T05:40:29.287+0000] {dagbag.py:545} INFO - Filling up the DagBag from /home/airflow/.local/lib/python3.12/site-packages/airflow/example_dags/example_latest_only_with_trigger.py
[2024-05-24T05:40:29.489+0000] {processor.py:840} INFO - DAG(s) 'latest_only_with_trigger' retrieved from /home/airflow/.local/lib/python3.12/site-packages/airflow/example_dags/example_latest_only_with_trigger.py
[2024-05-24T05:40:29.623+0000] {logging_mixin.py:188} INFO - [2024-05-24T05:40:29.623+0000] {dag.py:3096} INFO - Sync 1 DAGs
[2024-05-24T05:40:29.661+0000] {logging_mixin.py:188} INFO - [2024-05-24T05:40:29.661+0000] {dag.py:3954} INFO - Setting next_dagrun for latest_only_with_trigger to 2024-05-24 00:00:00+00:00, run_after=2024-05-24 04:00:00+00:00
[2024-05-24T05:40:29.681+0000] {processor.py:183} INFO - Processing /home/airflow/.local/lib/python3.12/site-packages/airflow/example_dags/example_latest_only_with_trigger.py took 1.866 seconds
[2024-05-24T06:36:57.039+0000] {processor.py:161} INFO - Started process (PID=87711) to work on /home/airflow/.local/lib/python3.12/site-packages/airflow/example_dags/example_latest_only_with_trigger.py
[2024-05-24T06:36:57.051+0000] {processor.py:830} INFO - Processing file /home/airflow/.local/lib/python3.12/site-packages/airflow/example_dags/example_latest_only_with_trigger.py for tasks to queue
[2024-05-24T06:36:57.059+0000] {logging_mixin.py:188} INFO - [2024-05-24T06:36:57.053+0000] {dagbag.py:545} INFO - Filling up the DagBag from /home/airflow/.local/lib/python3.12/site-packages/airflow/example_dags/example_latest_only_with_trigger.py
[2024-05-24T06:36:57.161+0000] {processor.py:840} INFO - DAG(s) 'latest_only_with_trigger' retrieved from /home/airflow/.local/lib/python3.12/site-packages/airflow/example_dags/example_latest_only_with_trigger.py
[2024-05-24T06:36:57.308+0000] {logging_mixin.py:188} INFO - [2024-05-24T06:36:57.308+0000] {dag.py:3096} INFO - Sync 1 DAGs
[2024-05-24T06:36:57.434+0000] {logging_mixin.py:188} INFO - [2024-05-24T06:36:57.433+0000] {dag.py:3954} INFO - Setting next_dagrun for latest_only_with_trigger to 2024-05-24 00:00:00+00:00, run_after=2024-05-24 04:00:00+00:00
[2024-05-24T06:36:57.514+0000] {processor.py:183} INFO - Processing /home/airflow/.local/lib/python3.12/site-packages/airflow/example_dags/example_latest_only_with_trigger.py took 0.498 seconds
[2024-05-24T07:35:42.814+0000] {processor.py:161} INFO - Started process (PID=87779) to work on /home/airflow/.local/lib/python3.12/site-packages/airflow/example_dags/example_latest_only_with_trigger.py
[2024-05-24T07:35:42.815+0000] {processor.py:830} INFO - Processing file /home/airflow/.local/lib/python3.12/site-packages/airflow/example_dags/example_latest_only_with_trigger.py for tasks to queue
[2024-05-24T07:35:42.817+0000] {logging_mixin.py:188} INFO - [2024-05-24T07:35:42.816+0000] {dagbag.py:545} INFO - Filling up the DagBag from /home/airflow/.local/lib/python3.12/site-packages/airflow/example_dags/example_latest_only_with_trigger.py
[2024-05-24T07:35:42.824+0000] {processor.py:840} INFO - DAG(s) 'latest_only_with_trigger' retrieved from /home/airflow/.local/lib/python3.12/site-packages/airflow/example_dags/example_latest_only_with_trigger.py
[2024-05-24T07:35:42.849+0000] {logging_mixin.py:188} INFO - [2024-05-24T07:35:42.849+0000] {dag.py:3096} INFO - Sync 1 DAGs
[2024-05-24T07:35:42.878+0000] {logging_mixin.py:188} INFO - [2024-05-24T07:35:42.878+0000] {dag.py:3954} INFO - Setting next_dagrun for latest_only_with_trigger to 2024-05-24 00:00:00+00:00, run_after=2024-05-24 04:00:00+00:00
[2024-05-24T07:35:42.903+0000] {processor.py:183} INFO - Processing /home/airflow/.local/lib/python3.12/site-packages/airflow/example_dags/example_latest_only_with_trigger.py took 0.098 seconds
[2024-05-24T07:41:37.819+0000] {processor.py:161} INFO - Started process (PID=87832) to work on /home/airflow/.local/lib/python3.12/site-packages/airflow/example_dags/example_latest_only_with_trigger.py
[2024-05-24T07:41:37.821+0000] {processor.py:830} INFO - Processing file /home/airflow/.local/lib/python3.12/site-packages/airflow/example_dags/example_latest_only_with_trigger.py for tasks to queue
[2024-05-24T07:41:37.822+0000] {logging_mixin.py:188} INFO - [2024-05-24T07:41:37.822+0000] {dagbag.py:545} INFO - Filling up the DagBag from /home/airflow/.local/lib/python3.12/site-packages/airflow/example_dags/example_latest_only_with_trigger.py
[2024-05-24T07:41:37.830+0000] {processor.py:840} INFO - DAG(s) 'latest_only_with_trigger' retrieved from /home/airflow/.local/lib/python3.12/site-packages/airflow/example_dags/example_latest_only_with_trigger.py
[2024-05-24T07:41:37.857+0000] {logging_mixin.py:188} INFO - [2024-05-24T07:41:37.857+0000] {dag.py:3096} INFO - Sync 1 DAGs
[2024-05-24T07:41:37.884+0000] {logging_mixin.py:188} INFO - [2024-05-24T07:41:37.884+0000] {dag.py:3954} INFO - Setting next_dagrun for latest_only_with_trigger to 2024-05-24 00:00:00+00:00, run_after=2024-05-24 04:00:00+00:00
[2024-05-24T07:41:37.902+0000] {processor.py:183} INFO - Processing /home/airflow/.local/lib/python3.12/site-packages/airflow/example_dags/example_latest_only_with_trigger.py took 0.090 seconds
[2024-05-24T08:42:34.154+0000] {processor.py:161} INFO - Started process (PID=87897) to work on /home/airflow/.local/lib/python3.12/site-packages/airflow/example_dags/example_latest_only_with_trigger.py
[2024-05-24T08:42:34.157+0000] {processor.py:830} INFO - Processing file /home/airflow/.local/lib/python3.12/site-packages/airflow/example_dags/example_latest_only_with_trigger.py for tasks to queue
[2024-05-24T08:42:34.158+0000] {logging_mixin.py:188} INFO - [2024-05-24T08:42:34.158+0000] {dagbag.py:545} INFO - Filling up the DagBag from /home/airflow/.local/lib/python3.12/site-packages/airflow/example_dags/example_latest_only_with_trigger.py
[2024-05-24T08:42:34.167+0000] {processor.py:840} INFO - DAG(s) 'latest_only_with_trigger' retrieved from /home/airflow/.local/lib/python3.12/site-packages/airflow/example_dags/example_latest_only_with_trigger.py
[2024-05-24T08:42:34.195+0000] {logging_mixin.py:188} INFO - [2024-05-24T08:42:34.195+0000] {dag.py:3096} INFO - Sync 1 DAGs
[2024-05-24T08:42:34.234+0000] {logging_mixin.py:188} INFO - [2024-05-24T08:42:34.233+0000] {dag.py:3954} INFO - Setting next_dagrun for latest_only_with_trigger to 2024-05-24 04:00:00+00:00, run_after=2024-05-24 08:00:00+00:00
[2024-05-24T08:42:34.264+0000] {processor.py:183} INFO - Processing /home/airflow/.local/lib/python3.12/site-packages/airflow/example_dags/example_latest_only_with_trigger.py took 0.117 seconds
[2024-05-24T09:43:46.179+0000] {processor.py:161} INFO - Started process (PID=87955) to work on /home/airflow/.local/lib/python3.12/site-packages/airflow/example_dags/example_latest_only_with_trigger.py
[2024-05-24T09:43:46.181+0000] {processor.py:830} INFO - Processing file /home/airflow/.local/lib/python3.12/site-packages/airflow/example_dags/example_latest_only_with_trigger.py for tasks to queue
[2024-05-24T09:43:46.183+0000] {logging_mixin.py:188} INFO - [2024-05-24T09:43:46.182+0000] {dagbag.py:545} INFO - Filling up the DagBag from /home/airflow/.local/lib/python3.12/site-packages/airflow/example_dags/example_latest_only_with_trigger.py
[2024-05-24T09:43:46.196+0000] {processor.py:840} INFO - DAG(s) 'latest_only_with_trigger' retrieved from /home/airflow/.local/lib/python3.12/site-packages/airflow/example_dags/example_latest_only_with_trigger.py
[2024-05-24T09:43:46.259+0000] {logging_mixin.py:188} INFO - [2024-05-24T09:43:46.259+0000] {dag.py:3096} INFO - Sync 1 DAGs
[2024-05-24T09:43:46.303+0000] {logging_mixin.py:188} INFO - [2024-05-24T09:43:46.303+0000] {dag.py:3954} INFO - Setting next_dagrun for latest_only_with_trigger to 2024-05-24 04:00:00+00:00, run_after=2024-05-24 08:00:00+00:00
[2024-05-24T09:43:46.322+0000] {processor.py:183} INFO - Processing /home/airflow/.local/lib/python3.12/site-packages/airflow/example_dags/example_latest_only_with_trigger.py took 0.152 seconds
[2024-05-24T10:44:55.413+0000] {processor.py:161} INFO - Started process (PID=88014) to work on /home/airflow/.local/lib/python3.12/site-packages/airflow/example_dags/example_latest_only_with_trigger.py
[2024-05-24T10:44:55.416+0000] {processor.py:830} INFO - Processing file /home/airflow/.local/lib/python3.12/site-packages/airflow/example_dags/example_latest_only_with_trigger.py for tasks to queue
[2024-05-24T10:44:55.419+0000] {logging_mixin.py:188} INFO - [2024-05-24T10:44:55.419+0000] {dagbag.py:545} INFO - Filling up the DagBag from /home/airflow/.local/lib/python3.12/site-packages/airflow/example_dags/example_latest_only_with_trigger.py
[2024-05-24T10:44:55.431+0000] {processor.py:840} INFO - DAG(s) 'latest_only_with_trigger' retrieved from /home/airflow/.local/lib/python3.12/site-packages/airflow/example_dags/example_latest_only_with_trigger.py
[2024-05-24T10:44:55.455+0000] {logging_mixin.py:188} INFO - [2024-05-24T10:44:55.454+0000] {dag.py:3096} INFO - Sync 1 DAGs
[2024-05-24T10:44:55.483+0000] {logging_mixin.py:188} INFO - [2024-05-24T10:44:55.483+0000] {dag.py:3954} INFO - Setting next_dagrun for latest_only_with_trigger to 2024-05-24 04:00:00+00:00, run_after=2024-05-24 08:00:00+00:00
[2024-05-24T10:44:55.502+0000] {processor.py:183} INFO - Processing /home/airflow/.local/lib/python3.12/site-packages/airflow/example_dags/example_latest_only_with_trigger.py took 0.096 seconds
[2024-05-24T11:46:01.423+0000] {processor.py:161} INFO - Started process (PID=88073) to work on /home/airflow/.local/lib/python3.12/site-packages/airflow/example_dags/example_latest_only_with_trigger.py
[2024-05-24T11:46:01.424+0000] {processor.py:830} INFO - Processing file /home/airflow/.local/lib/python3.12/site-packages/airflow/example_dags/example_latest_only_with_trigger.py for tasks to queue
[2024-05-24T11:46:01.425+0000] {logging_mixin.py:188} INFO - [2024-05-24T11:46:01.425+0000] {dagbag.py:545} INFO - Filling up the DagBag from /home/airflow/.local/lib/python3.12/site-packages/airflow/example_dags/example_latest_only_with_trigger.py
[2024-05-24T11:46:01.441+0000] {processor.py:840} INFO - DAG(s) 'latest_only_with_trigger' retrieved from /home/airflow/.local/lib/python3.12/site-packages/airflow/example_dags/example_latest_only_with_trigger.py
[2024-05-24T11:46:01.466+0000] {logging_mixin.py:188} INFO - [2024-05-24T11:46:01.466+0000] {dag.py:3096} INFO - Sync 1 DAGs
[2024-05-24T11:46:01.495+0000] {logging_mixin.py:188} INFO - [2024-05-24T11:46:01.495+0000] {dag.py:3954} INFO - Setting next_dagrun for latest_only_with_trigger to 2024-05-24 04:00:00+00:00, run_after=2024-05-24 08:00:00+00:00
[2024-05-24T11:46:01.533+0000] {processor.py:183} INFO - Processing /home/airflow/.local/lib/python3.12/site-packages/airflow/example_dags/example_latest_only_with_trigger.py took 0.116 seconds
[2024-05-24T12:47:07.375+0000] {processor.py:161} INFO - Started process (PID=88126) to work on /home/airflow/.local/lib/python3.12/site-packages/airflow/example_dags/example_latest_only_with_trigger.py
[2024-05-24T12:47:07.378+0000] {processor.py:830} INFO - Processing file /home/airflow/.local/lib/python3.12/site-packages/airflow/example_dags/example_latest_only_with_trigger.py for tasks to queue
[2024-05-24T12:47:07.379+0000] {logging_mixin.py:188} INFO - [2024-05-24T12:47:07.379+0000] {dagbag.py:545} INFO - Filling up the DagBag from /home/airflow/.local/lib/python3.12/site-packages/airflow/example_dags/example_latest_only_with_trigger.py
[2024-05-24T12:47:07.387+0000] {processor.py:840} INFO - DAG(s) 'latest_only_with_trigger' retrieved from /home/airflow/.local/lib/python3.12/site-packages/airflow/example_dags/example_latest_only_with_trigger.py
[2024-05-24T12:47:07.412+0000] {logging_mixin.py:188} INFO - [2024-05-24T12:47:07.412+0000] {dag.py:3096} INFO - Sync 1 DAGs
[2024-05-24T12:47:07.441+0000] {logging_mixin.py:188} INFO - [2024-05-24T12:47:07.440+0000] {dag.py:3954} INFO - Setting next_dagrun for latest_only_with_trigger to 2024-05-24 08:00:00+00:00, run_after=2024-05-24 12:00:00+00:00
[2024-05-24T12:47:07.461+0000] {processor.py:183} INFO - Processing /home/airflow/.local/lib/python3.12/site-packages/airflow/example_dags/example_latest_only_with_trigger.py took 0.098 seconds
[2024-05-24T13:48:16.270+0000] {processor.py:161} INFO - Started process (PID=88185) to work on /home/airflow/.local/lib/python3.12/site-packages/airflow/example_dags/example_latest_only_with_trigger.py
[2024-05-24T13:48:16.271+0000] {processor.py:830} INFO - Processing file /home/airflow/.local/lib/python3.12/site-packages/airflow/example_dags/example_latest_only_with_trigger.py for tasks to queue
[2024-05-24T13:48:16.272+0000] {logging_mixin.py:188} INFO - [2024-05-24T13:48:16.272+0000] {dagbag.py:545} INFO - Filling up the DagBag from /home/airflow/.local/lib/python3.12/site-packages/airflow/example_dags/example_latest_only_with_trigger.py
[2024-05-24T13:48:16.279+0000] {processor.py:840} INFO - DAG(s) 'latest_only_with_trigger' retrieved from /home/airflow/.local/lib/python3.12/site-packages/airflow/example_dags/example_latest_only_with_trigger.py
[2024-05-24T13:48:16.299+0000] {logging_mixin.py:188} INFO - [2024-05-24T13:48:16.298+0000] {dag.py:3096} INFO - Sync 1 DAGs
[2024-05-24T13:48:16.325+0000] {logging_mixin.py:188} INFO - [2024-05-24T13:48:16.324+0000] {dag.py:3954} INFO - Setting next_dagrun for latest_only_with_trigger to 2024-05-24 08:00:00+00:00, run_after=2024-05-24 12:00:00+00:00
[2024-05-24T13:48:16.343+0000] {processor.py:183} INFO - Processing /home/airflow/.local/lib/python3.12/site-packages/airflow/example_dags/example_latest_only_with_trigger.py took 0.079 seconds
[2024-05-24T14:49:26.327+0000] {processor.py:161} INFO - Started process (PID=88244) to work on /home/airflow/.local/lib/python3.12/site-packages/airflow/example_dags/example_latest_only_with_trigger.py
[2024-05-24T14:49:26.329+0000] {processor.py:830} INFO - Processing file /home/airflow/.local/lib/python3.12/site-packages/airflow/example_dags/example_latest_only_with_trigger.py for tasks to queue
[2024-05-24T14:49:26.330+0000] {logging_mixin.py:188} INFO - [2024-05-24T14:49:26.330+0000] {dagbag.py:545} INFO - Filling up the DagBag from /home/airflow/.local/lib/python3.12/site-packages/airflow/example_dags/example_latest_only_with_trigger.py
[2024-05-24T14:49:26.338+0000] {processor.py:840} INFO - DAG(s) 'latest_only_with_trigger' retrieved from /home/airflow/.local/lib/python3.12/site-packages/airflow/example_dags/example_latest_only_with_trigger.py
[2024-05-24T14:49:26.370+0000] {logging_mixin.py:188} INFO - [2024-05-24T14:49:26.370+0000] {dag.py:3096} INFO - Sync 1 DAGs
[2024-05-24T14:49:26.399+0000] {logging_mixin.py:188} INFO - [2024-05-24T14:49:26.398+0000] {dag.py:3954} INFO - Setting next_dagrun for latest_only_with_trigger to 2024-05-24 08:00:00+00:00, run_after=2024-05-24 12:00:00+00:00
[2024-05-24T14:49:26.424+0000] {processor.py:183} INFO - Processing /home/airflow/.local/lib/python3.12/site-packages/airflow/example_dags/example_latest_only_with_trigger.py took 0.104 seconds
[2024-05-24T15:48:51.797+0000] {processor.py:161} INFO - Started process (PID=88303) to work on /home/airflow/.local/lib/python3.12/site-packages/airflow/example_dags/example_latest_only_with_trigger.py
[2024-05-24T15:48:51.799+0000] {processor.py:830} INFO - Processing file /home/airflow/.local/lib/python3.12/site-packages/airflow/example_dags/example_latest_only_with_trigger.py for tasks to queue
[2024-05-24T15:48:51.800+0000] {logging_mixin.py:188} INFO - [2024-05-24T15:48:51.799+0000] {dagbag.py:545} INFO - Filling up the DagBag from /home/airflow/.local/lib/python3.12/site-packages/airflow/example_dags/example_latest_only_with_trigger.py
[2024-05-24T15:48:51.808+0000] {processor.py:840} INFO - DAG(s) 'latest_only_with_trigger' retrieved from /home/airflow/.local/lib/python3.12/site-packages/airflow/example_dags/example_latest_only_with_trigger.py
[2024-05-24T15:48:51.836+0000] {logging_mixin.py:188} INFO - [2024-05-24T15:48:51.836+0000] {dag.py:3096} INFO - Sync 1 DAGs
[2024-05-24T15:48:51.875+0000] {logging_mixin.py:188} INFO - [2024-05-24T15:48:51.874+0000] {dag.py:3954} INFO - Setting next_dagrun for latest_only_with_trigger to 2024-05-24 08:00:00+00:00, run_after=2024-05-24 12:00:00+00:00
[2024-05-24T15:48:51.902+0000] {processor.py:183} INFO - Processing /home/airflow/.local/lib/python3.12/site-packages/airflow/example_dags/example_latest_only_with_trigger.py took 0.112 seconds
[2024-05-24T15:50:34.921+0000] {processor.py:161} INFO - Started process (PID=88362) to work on /home/airflow/.local/lib/python3.12/site-packages/airflow/example_dags/example_latest_only_with_trigger.py
[2024-05-24T15:50:34.923+0000] {processor.py:830} INFO - Processing file /home/airflow/.local/lib/python3.12/site-packages/airflow/example_dags/example_latest_only_with_trigger.py for tasks to queue
[2024-05-24T15:50:34.924+0000] {logging_mixin.py:188} INFO - [2024-05-24T15:50:34.924+0000] {dagbag.py:545} INFO - Filling up the DagBag from /home/airflow/.local/lib/python3.12/site-packages/airflow/example_dags/example_latest_only_with_trigger.py
[2024-05-24T15:50:34.935+0000] {processor.py:840} INFO - DAG(s) 'latest_only_with_trigger' retrieved from /home/airflow/.local/lib/python3.12/site-packages/airflow/example_dags/example_latest_only_with_trigger.py
[2024-05-24T15:50:34.967+0000] {logging_mixin.py:188} INFO - [2024-05-24T15:50:34.967+0000] {dag.py:3096} INFO - Sync 1 DAGs
[2024-05-24T15:50:34.994+0000] {logging_mixin.py:188} INFO - [2024-05-24T15:50:34.993+0000] {dag.py:3954} INFO - Setting next_dagrun for latest_only_with_trigger to 2024-05-24 08:00:00+00:00, run_after=2024-05-24 12:00:00+00:00
[2024-05-24T15:50:35.022+0000] {processor.py:183} INFO - Processing /home/airflow/.local/lib/python3.12/site-packages/airflow/example_dags/example_latest_only_with_trigger.py took 0.112 seconds
[2024-05-24T16:51:42.559+0000] {processor.py:161} INFO - Started process (PID=88421) to work on /home/airflow/.local/lib/python3.12/site-packages/airflow/example_dags/example_latest_only_with_trigger.py
[2024-05-24T16:51:42.561+0000] {processor.py:830} INFO - Processing file /home/airflow/.local/lib/python3.12/site-packages/airflow/example_dags/example_latest_only_with_trigger.py for tasks to queue
[2024-05-24T16:51:42.563+0000] {logging_mixin.py:188} INFO - [2024-05-24T16:51:42.563+0000] {dagbag.py:545} INFO - Filling up the DagBag from /home/airflow/.local/lib/python3.12/site-packages/airflow/example_dags/example_latest_only_with_trigger.py
[2024-05-24T16:51:42.587+0000] {processor.py:840} INFO - DAG(s) 'latest_only_with_trigger' retrieved from /home/airflow/.local/lib/python3.12/site-packages/airflow/example_dags/example_latest_only_with_trigger.py
[2024-05-24T16:51:42.638+0000] {logging_mixin.py:188} INFO - [2024-05-24T16:51:42.638+0000] {dag.py:3096} INFO - Sync 1 DAGs
[2024-05-24T16:51:42.687+0000] {logging_mixin.py:188} INFO - [2024-05-24T16:51:42.687+0000] {dag.py:3954} INFO - Setting next_dagrun for latest_only_with_trigger to 2024-05-24 12:00:00+00:00, run_after=2024-05-24 16:00:00+00:00
[2024-05-24T16:51:42.724+0000] {processor.py:183} INFO - Processing /home/airflow/.local/lib/python3.12/site-packages/airflow/example_dags/example_latest_only_with_trigger.py took 0.178 seconds
[2024-05-24T17:50:14.116+0000] {processor.py:161} INFO - Started process (PID=88479) to work on /home/airflow/.local/lib/python3.12/site-packages/airflow/example_dags/example_latest_only_with_trigger.py
[2024-05-24T17:50:14.117+0000] {processor.py:830} INFO - Processing file /home/airflow/.local/lib/python3.12/site-packages/airflow/example_dags/example_latest_only_with_trigger.py for tasks to queue
[2024-05-24T17:50:14.119+0000] {logging_mixin.py:188} INFO - [2024-05-24T17:50:14.118+0000] {dagbag.py:545} INFO - Filling up the DagBag from /home/airflow/.local/lib/python3.12/site-packages/airflow/example_dags/example_latest_only_with_trigger.py
[2024-05-24T17:50:14.127+0000] {processor.py:840} INFO - DAG(s) 'latest_only_with_trigger' retrieved from /home/airflow/.local/lib/python3.12/site-packages/airflow/example_dags/example_latest_only_with_trigger.py
[2024-05-24T17:50:14.151+0000] {logging_mixin.py:188} INFO - [2024-05-24T17:50:14.151+0000] {dag.py:3096} INFO - Sync 1 DAGs
[2024-05-24T17:50:14.181+0000] {logging_mixin.py:188} INFO - [2024-05-24T17:50:14.181+0000] {dag.py:3954} INFO - Setting next_dagrun for latest_only_with_trigger to 2024-05-24 12:00:00+00:00, run_after=2024-05-24 16:00:00+00:00
[2024-05-24T17:50:14.201+0000] {processor.py:183} INFO - Processing /home/airflow/.local/lib/python3.12/site-packages/airflow/example_dags/example_latest_only_with_trigger.py took 0.092 seconds
[2024-05-24T17:50:44.705+0000] {processor.py:161} INFO - Started process (PID=88538) to work on /home/airflow/.local/lib/python3.12/site-packages/airflow/example_dags/example_latest_only_with_trigger.py
[2024-05-24T17:50:44.707+0000] {processor.py:830} INFO - Processing file /home/airflow/.local/lib/python3.12/site-packages/airflow/example_dags/example_latest_only_with_trigger.py for tasks to queue
[2024-05-24T17:50:44.708+0000] {logging_mixin.py:188} INFO - [2024-05-24T17:50:44.707+0000] {dagbag.py:545} INFO - Filling up the DagBag from /home/airflow/.local/lib/python3.12/site-packages/airflow/example_dags/example_latest_only_with_trigger.py
[2024-05-24T17:50:44.716+0000] {processor.py:840} INFO - DAG(s) 'latest_only_with_trigger' retrieved from /home/airflow/.local/lib/python3.12/site-packages/airflow/example_dags/example_latest_only_with_trigger.py
[2024-05-24T17:50:44.739+0000] {logging_mixin.py:188} INFO - [2024-05-24T17:50:44.739+0000] {dag.py:3096} INFO - Sync 1 DAGs
[2024-05-24T17:50:44.767+0000] {logging_mixin.py:188} INFO - [2024-05-24T17:50:44.767+0000] {dag.py:3954} INFO - Setting next_dagrun for latest_only_with_trigger to 2024-05-24 12:00:00+00:00, run_after=2024-05-24 16:00:00+00:00
[2024-05-24T17:50:44.793+0000] {processor.py:183} INFO - Processing /home/airflow/.local/lib/python3.12/site-packages/airflow/example_dags/example_latest_only_with_trigger.py took 0.096 seconds
[2024-05-24T18:53:38.918+0000] {processor.py:161} INFO - Started process (PID=88597) to work on /home/airflow/.local/lib/python3.12/site-packages/airflow/example_dags/example_latest_only_with_trigger.py
[2024-05-24T18:53:38.919+0000] {processor.py:830} INFO - Processing file /home/airflow/.local/lib/python3.12/site-packages/airflow/example_dags/example_latest_only_with_trigger.py for tasks to queue
[2024-05-24T18:53:38.921+0000] {logging_mixin.py:188} INFO - [2024-05-24T18:53:38.920+0000] {dagbag.py:545} INFO - Filling up the DagBag from /home/airflow/.local/lib/python3.12/site-packages/airflow/example_dags/example_latest_only_with_trigger.py
[2024-05-24T18:53:38.928+0000] {processor.py:840} INFO - DAG(s) 'latest_only_with_trigger' retrieved from /home/airflow/.local/lib/python3.12/site-packages/airflow/example_dags/example_latest_only_with_trigger.py
[2024-05-24T18:53:38.950+0000] {logging_mixin.py:188} INFO - [2024-05-24T18:53:38.950+0000] {dag.py:3096} INFO - Sync 1 DAGs
[2024-05-24T18:53:38.977+0000] {logging_mixin.py:188} INFO - [2024-05-24T18:53:38.976+0000] {dag.py:3954} INFO - Setting next_dagrun for latest_only_with_trigger to 2024-05-24 12:00:00+00:00, run_after=2024-05-24 16:00:00+00:00
[2024-05-24T18:53:39.003+0000] {processor.py:183} INFO - Processing /home/airflow/.local/lib/python3.12/site-packages/airflow/example_dags/example_latest_only_with_trigger.py took 0.092 seconds
[2024-05-24T19:53:32.486+0000] {processor.py:161} INFO - Started process (PID=88656) to work on /home/airflow/.local/lib/python3.12/site-packages/airflow/example_dags/example_latest_only_with_trigger.py
[2024-05-24T19:53:32.488+0000] {processor.py:830} INFO - Processing file /home/airflow/.local/lib/python3.12/site-packages/airflow/example_dags/example_latest_only_with_trigger.py for tasks to queue
[2024-05-24T19:53:32.489+0000] {logging_mixin.py:188} INFO - [2024-05-24T19:53:32.489+0000] {dagbag.py:545} INFO - Filling up the DagBag from /home/airflow/.local/lib/python3.12/site-packages/airflow/example_dags/example_latest_only_with_trigger.py
[2024-05-24T19:53:32.496+0000] {processor.py:840} INFO - DAG(s) 'latest_only_with_trigger' retrieved from /home/airflow/.local/lib/python3.12/site-packages/airflow/example_dags/example_latest_only_with_trigger.py
[2024-05-24T19:53:32.519+0000] {logging_mixin.py:188} INFO - [2024-05-24T19:53:32.519+0000] {dag.py:3096} INFO - Sync 1 DAGs
[2024-05-24T19:53:32.546+0000] {logging_mixin.py:188} INFO - [2024-05-24T19:53:32.546+0000] {dag.py:3954} INFO - Setting next_dagrun for latest_only_with_trigger to 2024-05-24 12:00:00+00:00, run_after=2024-05-24 16:00:00+00:00
[2024-05-24T19:53:32.565+0000] {processor.py:183} INFO - Processing /home/airflow/.local/lib/python3.12/site-packages/airflow/example_dags/example_latest_only_with_trigger.py took 0.085 seconds
[2024-05-24T20:54:48.894+0000] {processor.py:161} INFO - Started process (PID=88721) to work on /home/airflow/.local/lib/python3.12/site-packages/airflow/example_dags/example_latest_only_with_trigger.py
[2024-05-24T20:54:48.903+0000] {processor.py:830} INFO - Processing file /home/airflow/.local/lib/python3.12/site-packages/airflow/example_dags/example_latest_only_with_trigger.py for tasks to queue
[2024-05-24T20:54:48.904+0000] {logging_mixin.py:188} INFO - [2024-05-24T20:54:48.904+0000] {dagbag.py:545} INFO - Filling up the DagBag from /home/airflow/.local/lib/python3.12/site-packages/airflow/example_dags/example_latest_only_with_trigger.py
[2024-05-24T20:54:48.939+0000] {processor.py:840} INFO - DAG(s) 'latest_only_with_trigger' retrieved from /home/airflow/.local/lib/python3.12/site-packages/airflow/example_dags/example_latest_only_with_trigger.py
[2024-05-24T20:54:48.985+0000] {logging_mixin.py:188} INFO - [2024-05-24T20:54:48.985+0000] {dag.py:3096} INFO - Sync 1 DAGs
[2024-05-24T20:54:49.047+0000] {logging_mixin.py:188} INFO - [2024-05-24T20:54:49.047+0000] {dag.py:3954} INFO - Setting next_dagrun for latest_only_with_trigger to 2024-05-24 16:00:00+00:00, run_after=2024-05-24 20:00:00+00:00
[2024-05-24T20:54:49.080+0000] {processor.py:183} INFO - Processing /home/airflow/.local/lib/python3.12/site-packages/airflow/example_dags/example_latest_only_with_trigger.py took 0.216 seconds
[2024-05-24T21:55:52.813+0000] {processor.py:161} INFO - Started process (PID=88774) to work on /home/airflow/.local/lib/python3.12/site-packages/airflow/example_dags/example_latest_only_with_trigger.py
[2024-05-24T21:55:52.818+0000] {processor.py:830} INFO - Processing file /home/airflow/.local/lib/python3.12/site-packages/airflow/example_dags/example_latest_only_with_trigger.py for tasks to queue
[2024-05-24T21:55:52.819+0000] {logging_mixin.py:188} INFO - [2024-05-24T21:55:52.818+0000] {dagbag.py:545} INFO - Filling up the DagBag from /home/airflow/.local/lib/python3.12/site-packages/airflow/example_dags/example_latest_only_with_trigger.py
[2024-05-24T21:55:52.833+0000] {processor.py:840} INFO - DAG(s) 'latest_only_with_trigger' retrieved from /home/airflow/.local/lib/python3.12/site-packages/airflow/example_dags/example_latest_only_with_trigger.py
[2024-05-24T21:55:52.892+0000] {logging_mixin.py:188} INFO - [2024-05-24T21:55:52.892+0000] {dag.py:3096} INFO - Sync 1 DAGs
[2024-05-24T21:55:52.938+0000] {logging_mixin.py:188} INFO - [2024-05-24T21:55:52.938+0000] {dag.py:3954} INFO - Setting next_dagrun for latest_only_with_trigger to 2024-05-24 16:00:00+00:00, run_after=2024-05-24 20:00:00+00:00
[2024-05-24T21:55:52.985+0000] {processor.py:183} INFO - Processing /home/airflow/.local/lib/python3.12/site-packages/airflow/example_dags/example_latest_only_with_trigger.py took 0.186 seconds
[2024-05-24T22:56:59.284+0000] {processor.py:161} INFO - Started process (PID=88833) to work on /home/airflow/.local/lib/python3.12/site-packages/airflow/example_dags/example_latest_only_with_trigger.py
[2024-05-24T22:56:59.287+0000] {processor.py:830} INFO - Processing file /home/airflow/.local/lib/python3.12/site-packages/airflow/example_dags/example_latest_only_with_trigger.py for tasks to queue
[2024-05-24T22:56:59.288+0000] {logging_mixin.py:188} INFO - [2024-05-24T22:56:59.287+0000] {dagbag.py:545} INFO - Filling up the DagBag from /home/airflow/.local/lib/python3.12/site-packages/airflow/example_dags/example_latest_only_with_trigger.py
[2024-05-24T22:56:59.296+0000] {processor.py:840} INFO - DAG(s) 'latest_only_with_trigger' retrieved from /home/airflow/.local/lib/python3.12/site-packages/airflow/example_dags/example_latest_only_with_trigger.py
[2024-05-24T22:56:59.322+0000] {logging_mixin.py:188} INFO - [2024-05-24T22:56:59.321+0000] {dag.py:3096} INFO - Sync 1 DAGs
[2024-05-24T22:56:59.350+0000] {logging_mixin.py:188} INFO - [2024-05-24T22:56:59.350+0000] {dag.py:3954} INFO - Setting next_dagrun for latest_only_with_trigger to 2024-05-24 16:00:00+00:00, run_after=2024-05-24 20:00:00+00:00
[2024-05-24T22:56:59.369+0000] {processor.py:183} INFO - Processing /home/airflow/.local/lib/python3.12/site-packages/airflow/example_dags/example_latest_only_with_trigger.py took 0.092 seconds
