[2024-05-24T00:10:42.142+0000] {processor.py:161} INFO - Started process (PID=87418) to work on /home/airflow/.local/lib/python3.12/site-packages/airflow/example_dags/example_datasets.py
[2024-05-24T00:10:42.143+0000] {processor.py:830} INFO - Processing file /home/airflow/.local/lib/python3.12/site-packages/airflow/example_dags/example_datasets.py for tasks to queue
[2024-05-24T00:10:42.145+0000] {logging_mixin.py:188} INFO - [2024-05-24T00:10:42.144+0000] {dagbag.py:545} INFO - Filling up the DagBag from /home/airflow/.local/lib/python3.12/site-packages/airflow/example_dags/example_datasets.py
[2024-05-24T00:10:42.167+0000] {processor.py:840} INFO - DAG(s) 'dataset_produces_2', 'consume_1_and_2_with_dataset_expressions', 'dataset_consumes_1_and_2', 'consume_1_or_2_with_dataset_expressions', 'dataset_consumes_1', 'conditional_dataset_and_time_based_timetable', 'dataset_consumes_unknown_never_scheduled', 'consume_1_or_both_2_and_3_with_dataset_expressions', 'dataset_produces_1', 'dataset_consumes_1_never_scheduled' retrieved from /home/airflow/.local/lib/python3.12/site-packages/airflow/example_dags/example_datasets.py
[2024-05-24T00:10:42.267+0000] {logging_mixin.py:188} INFO - [2024-05-24T00:10:42.266+0000] {dag.py:3096} INFO - Sync 10 DAGs
[2024-05-24T00:10:42.367+0000] {logging_mixin.py:188} INFO - [2024-05-24T00:10:42.367+0000] {dag.py:3954} INFO - Setting next_dagrun for conditional_dataset_and_time_based_timetable to 2024-05-22 01:00:00+00:00, run_after=2024-05-22 01:00:00+00:00
[2024-05-24T00:10:42.375+0000] {logging_mixin.py:188} INFO - [2024-05-24T00:10:42.374+0000] {dag.py:3954} INFO - Setting next_dagrun for consume_1_and_2_with_dataset_expressions to None, run_after=None
[2024-05-24T00:10:42.389+0000] {logging_mixin.py:188} INFO - [2024-05-24T00:10:42.386+0000] {dag.py:3954} INFO - Setting next_dagrun for consume_1_or_2_with_dataset_expressions to None, run_after=None
[2024-05-24T00:10:42.399+0000] {logging_mixin.py:188} INFO - [2024-05-24T00:10:42.399+0000] {dag.py:3954} INFO - Setting next_dagrun for consume_1_or_both_2_and_3_with_dataset_expressions to None, run_after=None
[2024-05-24T00:10:42.404+0000] {logging_mixin.py:188} INFO - [2024-05-24T00:10:42.403+0000] {dag.py:3954} INFO - Setting next_dagrun for dataset_consumes_1 to None, run_after=None
[2024-05-24T00:10:42.415+0000] {logging_mixin.py:188} INFO - [2024-05-24T00:10:42.410+0000] {dag.py:3954} INFO - Setting next_dagrun for dataset_consumes_1_and_2 to None, run_after=None
[2024-05-24T00:10:42.427+0000] {logging_mixin.py:188} INFO - [2024-05-24T00:10:42.426+0000] {dag.py:3954} INFO - Setting next_dagrun for dataset_consumes_1_never_scheduled to None, run_after=None
[2024-05-24T00:10:42.433+0000] {logging_mixin.py:188} INFO - [2024-05-24T00:10:42.432+0000] {dag.py:3954} INFO - Setting next_dagrun for dataset_consumes_unknown_never_scheduled to None, run_after=None
[2024-05-24T00:10:42.455+0000] {logging_mixin.py:188} INFO - [2024-05-24T00:10:42.454+0000] {dag.py:3954} INFO - Setting next_dagrun for dataset_produces_1 to 2024-05-23 00:00:00+00:00, run_after=2024-05-24 00:00:00+00:00
[2024-05-24T00:10:42.462+0000] {logging_mixin.py:188} INFO - [2024-05-24T00:10:42.461+0000] {dag.py:3954} INFO - Setting next_dagrun for dataset_produces_2 to None, run_after=None
[2024-05-24T00:10:42.529+0000] {processor.py:183} INFO - Processing /home/airflow/.local/lib/python3.12/site-packages/airflow/example_dags/example_datasets.py took 0.397 seconds
[2024-05-24T03:15:03.334+0000] {processor.py:161} INFO - Started process (PID=87477) to work on /home/airflow/.local/lib/python3.12/site-packages/airflow/example_dags/example_datasets.py
[2024-05-24T03:15:03.337+0000] {processor.py:830} INFO - Processing file /home/airflow/.local/lib/python3.12/site-packages/airflow/example_dags/example_datasets.py for tasks to queue
[2024-05-24T03:15:03.339+0000] {logging_mixin.py:188} INFO - [2024-05-24T03:15:03.339+0000] {dagbag.py:545} INFO - Filling up the DagBag from /home/airflow/.local/lib/python3.12/site-packages/airflow/example_dags/example_datasets.py
[2024-05-24T03:15:03.361+0000] {processor.py:840} INFO - DAG(s) 'dataset_produces_2', 'dataset_consumes_1_and_2', 'consume_1_and_2_with_dataset_expressions', 'conditional_dataset_and_time_based_timetable', 'dataset_consumes_1', 'consume_1_or_2_with_dataset_expressions', 'dataset_consumes_1_never_scheduled', 'dataset_produces_1', 'consume_1_or_both_2_and_3_with_dataset_expressions', 'dataset_consumes_unknown_never_scheduled' retrieved from /home/airflow/.local/lib/python3.12/site-packages/airflow/example_dags/example_datasets.py
[2024-05-24T03:15:03.424+0000] {logging_mixin.py:188} INFO - [2024-05-24T03:15:03.424+0000] {dag.py:3096} INFO - Sync 10 DAGs
[2024-05-24T03:15:03.454+0000] {logging_mixin.py:188} INFO - [2024-05-24T03:15:03.453+0000] {dag.py:3954} INFO - Setting next_dagrun for conditional_dataset_and_time_based_timetable to 2024-05-22 01:00:00+00:00, run_after=2024-05-22 01:00:00+00:00
[2024-05-24T03:15:03.458+0000] {logging_mixin.py:188} INFO - [2024-05-24T03:15:03.457+0000] {dag.py:3954} INFO - Setting next_dagrun for consume_1_and_2_with_dataset_expressions to None, run_after=None
[2024-05-24T03:15:03.459+0000] {logging_mixin.py:188} INFO - [2024-05-24T03:15:03.459+0000] {dag.py:3954} INFO - Setting next_dagrun for consume_1_or_2_with_dataset_expressions to None, run_after=None
[2024-05-24T03:15:03.460+0000] {logging_mixin.py:188} INFO - [2024-05-24T03:15:03.460+0000] {dag.py:3954} INFO - Setting next_dagrun for consume_1_or_both_2_and_3_with_dataset_expressions to None, run_after=None
[2024-05-24T03:15:03.462+0000] {logging_mixin.py:188} INFO - [2024-05-24T03:15:03.462+0000] {dag.py:3954} INFO - Setting next_dagrun for dataset_consumes_1 to None, run_after=None
[2024-05-24T03:15:03.463+0000] {logging_mixin.py:188} INFO - [2024-05-24T03:15:03.463+0000] {dag.py:3954} INFO - Setting next_dagrun for dataset_consumes_1_and_2 to None, run_after=None
[2024-05-24T03:15:03.465+0000] {logging_mixin.py:188} INFO - [2024-05-24T03:15:03.464+0000] {dag.py:3954} INFO - Setting next_dagrun for dataset_consumes_1_never_scheduled to None, run_after=None
[2024-05-24T03:15:03.466+0000] {logging_mixin.py:188} INFO - [2024-05-24T03:15:03.466+0000] {dag.py:3954} INFO - Setting next_dagrun for dataset_consumes_unknown_never_scheduled to None, run_after=None
[2024-05-24T03:15:03.469+0000] {logging_mixin.py:188} INFO - [2024-05-24T03:15:03.468+0000] {dag.py:3954} INFO - Setting next_dagrun for dataset_produces_1 to 2024-05-23 00:00:00+00:00, run_after=2024-05-24 00:00:00+00:00
[2024-05-24T03:15:03.470+0000] {logging_mixin.py:188} INFO - [2024-05-24T03:15:03.470+0000] {dag.py:3954} INFO - Setting next_dagrun for dataset_produces_2 to None, run_after=None
[2024-05-24T03:15:03.503+0000] {processor.py:183} INFO - Processing /home/airflow/.local/lib/python3.12/site-packages/airflow/example_dags/example_datasets.py took 0.189 seconds
[2024-05-24T05:04:12.770+0000] {processor.py:161} INFO - Started process (PID=87536) to work on /home/airflow/.local/lib/python3.12/site-packages/airflow/example_dags/example_datasets.py
[2024-05-24T05:04:12.772+0000] {processor.py:830} INFO - Processing file /home/airflow/.local/lib/python3.12/site-packages/airflow/example_dags/example_datasets.py for tasks to queue
[2024-05-24T05:04:12.773+0000] {logging_mixin.py:188} INFO - [2024-05-24T05:04:12.773+0000] {dagbag.py:545} INFO - Filling up the DagBag from /home/airflow/.local/lib/python3.12/site-packages/airflow/example_dags/example_datasets.py
[2024-05-24T05:04:12.793+0000] {processor.py:840} INFO - DAG(s) 'dataset_consumes_1_never_scheduled', 'dataset_produces_2', 'dataset_produces_1', 'dataset_consumes_1', 'consume_1_and_2_with_dataset_expressions', 'consume_1_or_both_2_and_3_with_dataset_expressions', 'consume_1_or_2_with_dataset_expressions', 'dataset_consumes_unknown_never_scheduled', 'dataset_consumes_1_and_2', 'conditional_dataset_and_time_based_timetable' retrieved from /home/airflow/.local/lib/python3.12/site-packages/airflow/example_dags/example_datasets.py
[2024-05-24T05:04:12.850+0000] {logging_mixin.py:188} INFO - [2024-05-24T05:04:12.850+0000] {dag.py:3096} INFO - Sync 10 DAGs
[2024-05-24T05:04:12.885+0000] {logging_mixin.py:188} INFO - [2024-05-24T05:04:12.885+0000] {dag.py:3954} INFO - Setting next_dagrun for conditional_dataset_and_time_based_timetable to 2024-05-22 01:00:00+00:00, run_after=2024-05-22 01:00:00+00:00
[2024-05-24T05:04:12.890+0000] {logging_mixin.py:188} INFO - [2024-05-24T05:04:12.890+0000] {dag.py:3954} INFO - Setting next_dagrun for consume_1_and_2_with_dataset_expressions to None, run_after=None
[2024-05-24T05:04:12.892+0000] {logging_mixin.py:188} INFO - [2024-05-24T05:04:12.892+0000] {dag.py:3954} INFO - Setting next_dagrun for consume_1_or_2_with_dataset_expressions to None, run_after=None
[2024-05-24T05:04:12.896+0000] {logging_mixin.py:188} INFO - [2024-05-24T05:04:12.895+0000] {dag.py:3954} INFO - Setting next_dagrun for consume_1_or_both_2_and_3_with_dataset_expressions to None, run_after=None
[2024-05-24T05:04:12.897+0000] {logging_mixin.py:188} INFO - [2024-05-24T05:04:12.897+0000] {dag.py:3954} INFO - Setting next_dagrun for dataset_consumes_1 to None, run_after=None
[2024-05-24T05:04:12.899+0000] {logging_mixin.py:188} INFO - [2024-05-24T05:04:12.899+0000] {dag.py:3954} INFO - Setting next_dagrun for dataset_consumes_1_and_2 to None, run_after=None
[2024-05-24T05:04:12.901+0000] {logging_mixin.py:188} INFO - [2024-05-24T05:04:12.901+0000] {dag.py:3954} INFO - Setting next_dagrun for dataset_consumes_1_never_scheduled to None, run_after=None
[2024-05-24T05:04:12.902+0000] {logging_mixin.py:188} INFO - [2024-05-24T05:04:12.902+0000] {dag.py:3954} INFO - Setting next_dagrun for dataset_consumes_unknown_never_scheduled to None, run_after=None
[2024-05-24T05:04:12.905+0000] {logging_mixin.py:188} INFO - [2024-05-24T05:04:12.905+0000] {dag.py:3954} INFO - Setting next_dagrun for dataset_produces_1 to 2024-05-23 00:00:00+00:00, run_after=2024-05-24 00:00:00+00:00
[2024-05-24T05:04:12.907+0000] {logging_mixin.py:188} INFO - [2024-05-24T05:04:12.907+0000] {dag.py:3954} INFO - Setting next_dagrun for dataset_produces_2 to None, run_after=None
[2024-05-24T05:04:12.941+0000] {processor.py:183} INFO - Processing /home/airflow/.local/lib/python3.12/site-packages/airflow/example_dags/example_datasets.py took 0.180 seconds
[2024-05-24T05:06:18.872+0000] {processor.py:161} INFO - Started process (PID=87595) to work on /home/airflow/.local/lib/python3.12/site-packages/airflow/example_dags/example_datasets.py
[2024-05-24T05:06:18.873+0000] {processor.py:830} INFO - Processing file /home/airflow/.local/lib/python3.12/site-packages/airflow/example_dags/example_datasets.py for tasks to queue
[2024-05-24T05:06:18.875+0000] {logging_mixin.py:188} INFO - [2024-05-24T05:06:18.874+0000] {dagbag.py:545} INFO - Filling up the DagBag from /home/airflow/.local/lib/python3.12/site-packages/airflow/example_dags/example_datasets.py
[2024-05-24T05:06:18.892+0000] {processor.py:840} INFO - DAG(s) 'consume_1_or_2_with_dataset_expressions', 'consume_1_and_2_with_dataset_expressions', 'conditional_dataset_and_time_based_timetable', 'dataset_produces_1', 'dataset_consumes_1', 'dataset_consumes_1_never_scheduled', 'dataset_produces_2', 'dataset_consumes_1_and_2', 'dataset_consumes_unknown_never_scheduled', 'consume_1_or_both_2_and_3_with_dataset_expressions' retrieved from /home/airflow/.local/lib/python3.12/site-packages/airflow/example_dags/example_datasets.py
[2024-05-24T05:06:18.949+0000] {logging_mixin.py:188} INFO - [2024-05-24T05:06:18.949+0000] {dag.py:3096} INFO - Sync 10 DAGs
[2024-05-24T05:06:18.980+0000] {logging_mixin.py:188} INFO - [2024-05-24T05:06:18.980+0000] {dag.py:3954} INFO - Setting next_dagrun for conditional_dataset_and_time_based_timetable to 2024-05-22 01:00:00+00:00, run_after=2024-05-22 01:00:00+00:00
[2024-05-24T05:06:18.986+0000] {logging_mixin.py:188} INFO - [2024-05-24T05:06:18.986+0000] {dag.py:3954} INFO - Setting next_dagrun for consume_1_and_2_with_dataset_expressions to None, run_after=None
[2024-05-24T05:06:18.988+0000] {logging_mixin.py:188} INFO - [2024-05-24T05:06:18.988+0000] {dag.py:3954} INFO - Setting next_dagrun for consume_1_or_2_with_dataset_expressions to None, run_after=None
[2024-05-24T05:06:18.989+0000] {logging_mixin.py:188} INFO - [2024-05-24T05:06:18.989+0000] {dag.py:3954} INFO - Setting next_dagrun for consume_1_or_both_2_and_3_with_dataset_expressions to None, run_after=None
[2024-05-24T05:06:18.991+0000] {logging_mixin.py:188} INFO - [2024-05-24T05:06:18.991+0000] {dag.py:3954} INFO - Setting next_dagrun for dataset_consumes_1 to None, run_after=None
[2024-05-24T05:06:18.992+0000] {logging_mixin.py:188} INFO - [2024-05-24T05:06:18.992+0000] {dag.py:3954} INFO - Setting next_dagrun for dataset_consumes_1_and_2 to None, run_after=None
[2024-05-24T05:06:18.994+0000] {logging_mixin.py:188} INFO - [2024-05-24T05:06:18.993+0000] {dag.py:3954} INFO - Setting next_dagrun for dataset_consumes_1_never_scheduled to None, run_after=None
[2024-05-24T05:06:18.995+0000] {logging_mixin.py:188} INFO - [2024-05-24T05:06:18.995+0000] {dag.py:3954} INFO - Setting next_dagrun for dataset_consumes_unknown_never_scheduled to None, run_after=None
[2024-05-24T05:06:18.998+0000] {logging_mixin.py:188} INFO - [2024-05-24T05:06:18.998+0000] {dag.py:3954} INFO - Setting next_dagrun for dataset_produces_1 to 2024-05-23 00:00:00+00:00, run_after=2024-05-24 00:00:00+00:00
[2024-05-24T05:06:18.999+0000] {logging_mixin.py:188} INFO - [2024-05-24T05:06:18.999+0000] {dag.py:3954} INFO - Setting next_dagrun for dataset_produces_2 to None, run_after=None
[2024-05-24T05:06:19.034+0000] {processor.py:183} INFO - Processing /home/airflow/.local/lib/python3.12/site-packages/airflow/example_dags/example_datasets.py took 0.169 seconds
[2024-05-24T05:40:30.097+0000] {processor.py:161} INFO - Started process (PID=87654) to work on /home/airflow/.local/lib/python3.12/site-packages/airflow/example_dags/example_datasets.py
[2024-05-24T05:40:30.098+0000] {processor.py:830} INFO - Processing file /home/airflow/.local/lib/python3.12/site-packages/airflow/example_dags/example_datasets.py for tasks to queue
[2024-05-24T05:40:30.099+0000] {logging_mixin.py:188} INFO - [2024-05-24T05:40:30.099+0000] {dagbag.py:545} INFO - Filling up the DagBag from /home/airflow/.local/lib/python3.12/site-packages/airflow/example_dags/example_datasets.py
[2024-05-24T05:40:30.117+0000] {processor.py:840} INFO - DAG(s) 'dataset_produces_2', 'consume_1_and_2_with_dataset_expressions', 'consume_1_or_2_with_dataset_expressions', 'dataset_produces_1', 'dataset_consumes_1', 'dataset_consumes_1_never_scheduled', 'dataset_consumes_unknown_never_scheduled', 'dataset_consumes_1_and_2', 'consume_1_or_both_2_and_3_with_dataset_expressions', 'conditional_dataset_and_time_based_timetable' retrieved from /home/airflow/.local/lib/python3.12/site-packages/airflow/example_dags/example_datasets.py
[2024-05-24T05:40:30.166+0000] {logging_mixin.py:188} INFO - [2024-05-24T05:40:30.166+0000] {dag.py:3096} INFO - Sync 10 DAGs
[2024-05-24T05:40:30.204+0000] {logging_mixin.py:188} INFO - [2024-05-24T05:40:30.204+0000] {dag.py:3954} INFO - Setting next_dagrun for conditional_dataset_and_time_based_timetable to 2024-05-22 01:00:00+00:00, run_after=2024-05-22 01:00:00+00:00
[2024-05-24T05:40:30.209+0000] {logging_mixin.py:188} INFO - [2024-05-24T05:40:30.209+0000] {dag.py:3954} INFO - Setting next_dagrun for consume_1_and_2_with_dataset_expressions to None, run_after=None
[2024-05-24T05:40:30.210+0000] {logging_mixin.py:188} INFO - [2024-05-24T05:40:30.210+0000] {dag.py:3954} INFO - Setting next_dagrun for consume_1_or_2_with_dataset_expressions to None, run_after=None
[2024-05-24T05:40:30.212+0000] {logging_mixin.py:188} INFO - [2024-05-24T05:40:30.212+0000] {dag.py:3954} INFO - Setting next_dagrun for consume_1_or_both_2_and_3_with_dataset_expressions to None, run_after=None
[2024-05-24T05:40:30.213+0000] {logging_mixin.py:188} INFO - [2024-05-24T05:40:30.213+0000] {dag.py:3954} INFO - Setting next_dagrun for dataset_consumes_1 to None, run_after=None
[2024-05-24T05:40:30.215+0000] {logging_mixin.py:188} INFO - [2024-05-24T05:40:30.214+0000] {dag.py:3954} INFO - Setting next_dagrun for dataset_consumes_1_and_2 to None, run_after=None
[2024-05-24T05:40:30.216+0000] {logging_mixin.py:188} INFO - [2024-05-24T05:40:30.216+0000] {dag.py:3954} INFO - Setting next_dagrun for dataset_consumes_1_never_scheduled to None, run_after=None
[2024-05-24T05:40:30.217+0000] {logging_mixin.py:188} INFO - [2024-05-24T05:40:30.217+0000] {dag.py:3954} INFO - Setting next_dagrun for dataset_consumes_unknown_never_scheduled to None, run_after=None
[2024-05-24T05:40:30.221+0000] {logging_mixin.py:188} INFO - [2024-05-24T05:40:30.221+0000] {dag.py:3954} INFO - Setting next_dagrun for dataset_produces_1 to 2024-05-23 00:00:00+00:00, run_after=2024-05-24 00:00:00+00:00
[2024-05-24T05:40:30.223+0000] {logging_mixin.py:188} INFO - [2024-05-24T05:40:30.223+0000] {dag.py:3954} INFO - Setting next_dagrun for dataset_produces_2 to None, run_after=None
[2024-05-24T05:40:30.260+0000] {processor.py:183} INFO - Processing /home/airflow/.local/lib/python3.12/site-packages/airflow/example_dags/example_datasets.py took 0.170 seconds
[2024-05-24T06:36:59.820+0000] {processor.py:161} INFO - Started process (PID=87719) to work on /home/airflow/.local/lib/python3.12/site-packages/airflow/example_dags/example_datasets.py
[2024-05-24T06:36:59.823+0000] {processor.py:830} INFO - Processing file /home/airflow/.local/lib/python3.12/site-packages/airflow/example_dags/example_datasets.py for tasks to queue
[2024-05-24T06:36:59.825+0000] {logging_mixin.py:188} INFO - [2024-05-24T06:36:59.825+0000] {dagbag.py:545} INFO - Filling up the DagBag from /home/airflow/.local/lib/python3.12/site-packages/airflow/example_dags/example_datasets.py
[2024-05-24T06:36:59.903+0000] {processor.py:840} INFO - DAG(s) 'dataset_consumes_1', 'dataset_produces_1', 'dataset_consumes_1_and_2', 'consume_1_and_2_with_dataset_expressions', 'dataset_consumes_unknown_never_scheduled', 'dataset_produces_2', 'consume_1_or_2_with_dataset_expressions', 'dataset_consumes_1_never_scheduled', 'consume_1_or_both_2_and_3_with_dataset_expressions', 'conditional_dataset_and_time_based_timetable' retrieved from /home/airflow/.local/lib/python3.12/site-packages/airflow/example_dags/example_datasets.py
[2024-05-24T06:37:00.121+0000] {logging_mixin.py:188} INFO - [2024-05-24T06:37:00.121+0000] {dag.py:3096} INFO - Sync 10 DAGs
[2024-05-24T06:37:00.320+0000] {logging_mixin.py:188} INFO - [2024-05-24T06:37:00.320+0000] {dag.py:3954} INFO - Setting next_dagrun for conditional_dataset_and_time_based_timetable to 2024-05-22 01:00:00+00:00, run_after=2024-05-22 01:00:00+00:00
[2024-05-24T06:37:00.345+0000] {logging_mixin.py:188} INFO - [2024-05-24T06:37:00.345+0000] {dag.py:3954} INFO - Setting next_dagrun for consume_1_and_2_with_dataset_expressions to None, run_after=None
[2024-05-24T06:37:00.351+0000] {logging_mixin.py:188} INFO - [2024-05-24T06:37:00.351+0000] {dag.py:3954} INFO - Setting next_dagrun for consume_1_or_2_with_dataset_expressions to None, run_after=None
[2024-05-24T06:37:00.356+0000] {logging_mixin.py:188} INFO - [2024-05-24T06:37:00.355+0000] {dag.py:3954} INFO - Setting next_dagrun for consume_1_or_both_2_and_3_with_dataset_expressions to None, run_after=None
[2024-05-24T06:37:00.366+0000] {logging_mixin.py:188} INFO - [2024-05-24T06:37:00.366+0000] {dag.py:3954} INFO - Setting next_dagrun for dataset_consumes_1 to None, run_after=None
[2024-05-24T06:37:00.374+0000] {logging_mixin.py:188} INFO - [2024-05-24T06:37:00.374+0000] {dag.py:3954} INFO - Setting next_dagrun for dataset_consumes_1_and_2 to None, run_after=None
[2024-05-24T06:37:00.379+0000] {logging_mixin.py:188} INFO - [2024-05-24T06:37:00.378+0000] {dag.py:3954} INFO - Setting next_dagrun for dataset_consumes_1_never_scheduled to None, run_after=None
[2024-05-24T06:37:00.386+0000] {logging_mixin.py:188} INFO - [2024-05-24T06:37:00.383+0000] {dag.py:3954} INFO - Setting next_dagrun for dataset_consumes_unknown_never_scheduled to None, run_after=None
[2024-05-24T06:37:00.402+0000] {logging_mixin.py:188} INFO - [2024-05-24T06:37:00.402+0000] {dag.py:3954} INFO - Setting next_dagrun for dataset_produces_1 to 2024-05-23 00:00:00+00:00, run_after=2024-05-24 00:00:00+00:00
[2024-05-24T06:37:00.411+0000] {logging_mixin.py:188} INFO - [2024-05-24T06:37:00.411+0000] {dag.py:3954} INFO - Setting next_dagrun for dataset_produces_2 to None, run_after=None
[2024-05-24T06:37:00.604+0000] {processor.py:183} INFO - Processing /home/airflow/.local/lib/python3.12/site-packages/airflow/example_dags/example_datasets.py took 0.805 seconds
[2024-05-24T07:35:43.312+0000] {processor.py:161} INFO - Started process (PID=87787) to work on /home/airflow/.local/lib/python3.12/site-packages/airflow/example_dags/example_datasets.py
[2024-05-24T07:35:43.313+0000] {processor.py:830} INFO - Processing file /home/airflow/.local/lib/python3.12/site-packages/airflow/example_dags/example_datasets.py for tasks to queue
[2024-05-24T07:35:43.314+0000] {logging_mixin.py:188} INFO - [2024-05-24T07:35:43.314+0000] {dagbag.py:545} INFO - Filling up the DagBag from /home/airflow/.local/lib/python3.12/site-packages/airflow/example_dags/example_datasets.py
[2024-05-24T07:35:43.336+0000] {processor.py:840} INFO - DAG(s) 'conditional_dataset_and_time_based_timetable', 'dataset_consumes_1_never_scheduled', 'consume_1_or_2_with_dataset_expressions', 'consume_1_or_both_2_and_3_with_dataset_expressions', 'dataset_consumes_unknown_never_scheduled', 'consume_1_and_2_with_dataset_expressions', 'dataset_consumes_1', 'dataset_produces_1', 'dataset_produces_2', 'dataset_consumes_1_and_2' retrieved from /home/airflow/.local/lib/python3.12/site-packages/airflow/example_dags/example_datasets.py
[2024-05-24T07:35:43.387+0000] {logging_mixin.py:188} INFO - [2024-05-24T07:35:43.387+0000] {dag.py:3096} INFO - Sync 10 DAGs
[2024-05-24T07:35:43.416+0000] {logging_mixin.py:188} INFO - [2024-05-24T07:35:43.416+0000] {dag.py:3954} INFO - Setting next_dagrun for conditional_dataset_and_time_based_timetable to 2024-05-22 01:00:00+00:00, run_after=2024-05-22 01:00:00+00:00
[2024-05-24T07:35:43.421+0000] {logging_mixin.py:188} INFO - [2024-05-24T07:35:43.421+0000] {dag.py:3954} INFO - Setting next_dagrun for consume_1_and_2_with_dataset_expressions to None, run_after=None
[2024-05-24T07:35:43.422+0000] {logging_mixin.py:188} INFO - [2024-05-24T07:35:43.422+0000] {dag.py:3954} INFO - Setting next_dagrun for consume_1_or_2_with_dataset_expressions to None, run_after=None
[2024-05-24T07:35:43.424+0000] {logging_mixin.py:188} INFO - [2024-05-24T07:35:43.423+0000] {dag.py:3954} INFO - Setting next_dagrun for consume_1_or_both_2_and_3_with_dataset_expressions to None, run_after=None
[2024-05-24T07:35:43.425+0000] {logging_mixin.py:188} INFO - [2024-05-24T07:35:43.425+0000] {dag.py:3954} INFO - Setting next_dagrun for dataset_consumes_1 to None, run_after=None
[2024-05-24T07:35:43.427+0000] {logging_mixin.py:188} INFO - [2024-05-24T07:35:43.427+0000] {dag.py:3954} INFO - Setting next_dagrun for dataset_consumes_1_and_2 to None, run_after=None
[2024-05-24T07:35:43.429+0000] {logging_mixin.py:188} INFO - [2024-05-24T07:35:43.429+0000] {dag.py:3954} INFO - Setting next_dagrun for dataset_consumes_1_never_scheduled to None, run_after=None
[2024-05-24T07:35:43.431+0000] {logging_mixin.py:188} INFO - [2024-05-24T07:35:43.431+0000] {dag.py:3954} INFO - Setting next_dagrun for dataset_consumes_unknown_never_scheduled to None, run_after=None
[2024-05-24T07:35:43.434+0000] {logging_mixin.py:188} INFO - [2024-05-24T07:35:43.434+0000] {dag.py:3954} INFO - Setting next_dagrun for dataset_produces_1 to 2024-05-23 00:00:00+00:00, run_after=2024-05-24 00:00:00+00:00
[2024-05-24T07:35:43.435+0000] {logging_mixin.py:188} INFO - [2024-05-24T07:35:43.435+0000] {dag.py:3954} INFO - Setting next_dagrun for dataset_produces_2 to None, run_after=None
[2024-05-24T07:35:43.471+0000] {processor.py:183} INFO - Processing /home/airflow/.local/lib/python3.12/site-packages/airflow/example_dags/example_datasets.py took 0.167 seconds
[2024-05-24T07:41:38.542+0000] {processor.py:161} INFO - Started process (PID=87846) to work on /home/airflow/.local/lib/python3.12/site-packages/airflow/example_dags/example_datasets.py
[2024-05-24T07:41:38.544+0000] {processor.py:830} INFO - Processing file /home/airflow/.local/lib/python3.12/site-packages/airflow/example_dags/example_datasets.py for tasks to queue
[2024-05-24T07:41:38.545+0000] {logging_mixin.py:188} INFO - [2024-05-24T07:41:38.545+0000] {dagbag.py:545} INFO - Filling up the DagBag from /home/airflow/.local/lib/python3.12/site-packages/airflow/example_dags/example_datasets.py
[2024-05-24T07:41:38.566+0000] {processor.py:840} INFO - DAG(s) 'dataset_consumes_1', 'dataset_consumes_1_never_scheduled', 'dataset_consumes_1_and_2', 'consume_1_and_2_with_dataset_expressions', 'conditional_dataset_and_time_based_timetable', 'dataset_produces_2', 'dataset_produces_1', 'consume_1_or_both_2_and_3_with_dataset_expressions', 'dataset_consumes_unknown_never_scheduled', 'consume_1_or_2_with_dataset_expressions' retrieved from /home/airflow/.local/lib/python3.12/site-packages/airflow/example_dags/example_datasets.py
[2024-05-24T07:41:38.617+0000] {logging_mixin.py:188} INFO - [2024-05-24T07:41:38.616+0000] {dag.py:3096} INFO - Sync 10 DAGs
[2024-05-24T07:41:38.647+0000] {logging_mixin.py:188} INFO - [2024-05-24T07:41:38.647+0000] {dag.py:3954} INFO - Setting next_dagrun for conditional_dataset_and_time_based_timetable to 2024-05-22 01:00:00+00:00, run_after=2024-05-22 01:00:00+00:00
[2024-05-24T07:41:38.652+0000] {logging_mixin.py:188} INFO - [2024-05-24T07:41:38.652+0000] {dag.py:3954} INFO - Setting next_dagrun for consume_1_and_2_with_dataset_expressions to None, run_after=None
[2024-05-24T07:41:38.653+0000] {logging_mixin.py:188} INFO - [2024-05-24T07:41:38.653+0000] {dag.py:3954} INFO - Setting next_dagrun for consume_1_or_2_with_dataset_expressions to None, run_after=None
[2024-05-24T07:41:38.655+0000] {logging_mixin.py:188} INFO - [2024-05-24T07:41:38.655+0000] {dag.py:3954} INFO - Setting next_dagrun for consume_1_or_both_2_and_3_with_dataset_expressions to None, run_after=None
[2024-05-24T07:41:38.656+0000] {logging_mixin.py:188} INFO - [2024-05-24T07:41:38.656+0000] {dag.py:3954} INFO - Setting next_dagrun for dataset_consumes_1 to None, run_after=None
[2024-05-24T07:41:38.658+0000] {logging_mixin.py:188} INFO - [2024-05-24T07:41:38.658+0000] {dag.py:3954} INFO - Setting next_dagrun for dataset_consumes_1_and_2 to None, run_after=None
[2024-05-24T07:41:38.659+0000] {logging_mixin.py:188} INFO - [2024-05-24T07:41:38.659+0000] {dag.py:3954} INFO - Setting next_dagrun for dataset_consumes_1_never_scheduled to None, run_after=None
[2024-05-24T07:41:38.663+0000] {logging_mixin.py:188} INFO - [2024-05-24T07:41:38.662+0000] {dag.py:3954} INFO - Setting next_dagrun for dataset_consumes_unknown_never_scheduled to None, run_after=None
[2024-05-24T07:41:38.665+0000] {logging_mixin.py:188} INFO - [2024-05-24T07:41:38.665+0000] {dag.py:3954} INFO - Setting next_dagrun for dataset_produces_1 to 2024-05-23 00:00:00+00:00, run_after=2024-05-24 00:00:00+00:00
[2024-05-24T07:41:38.667+0000] {logging_mixin.py:188} INFO - [2024-05-24T07:41:38.667+0000] {dag.py:3954} INFO - Setting next_dagrun for dataset_produces_2 to None, run_after=None
[2024-05-24T07:41:38.704+0000] {processor.py:183} INFO - Processing /home/airflow/.local/lib/python3.12/site-packages/airflow/example_dags/example_datasets.py took 0.173 seconds
[2024-05-24T08:42:34.743+0000] {processor.py:161} INFO - Started process (PID=87905) to work on /home/airflow/.local/lib/python3.12/site-packages/airflow/example_dags/example_datasets.py
[2024-05-24T08:42:34.745+0000] {processor.py:830} INFO - Processing file /home/airflow/.local/lib/python3.12/site-packages/airflow/example_dags/example_datasets.py for tasks to queue
[2024-05-24T08:42:34.747+0000] {logging_mixin.py:188} INFO - [2024-05-24T08:42:34.747+0000] {dagbag.py:545} INFO - Filling up the DagBag from /home/airflow/.local/lib/python3.12/site-packages/airflow/example_dags/example_datasets.py
[2024-05-24T08:42:34.769+0000] {processor.py:840} INFO - DAG(s) 'dataset_consumes_1_never_scheduled', 'conditional_dataset_and_time_based_timetable', 'consume_1_and_2_with_dataset_expressions', 'dataset_consumes_1', 'consume_1_or_both_2_and_3_with_dataset_expressions', 'dataset_consumes_unknown_never_scheduled', 'dataset_produces_2', 'dataset_produces_1', 'consume_1_or_2_with_dataset_expressions', 'dataset_consumes_1_and_2' retrieved from /home/airflow/.local/lib/python3.12/site-packages/airflow/example_dags/example_datasets.py
[2024-05-24T08:42:34.830+0000] {logging_mixin.py:188} INFO - [2024-05-24T08:42:34.829+0000] {dag.py:3096} INFO - Sync 10 DAGs
[2024-05-24T08:42:34.864+0000] {logging_mixin.py:188} INFO - [2024-05-24T08:42:34.863+0000] {dag.py:3954} INFO - Setting next_dagrun for conditional_dataset_and_time_based_timetable to 2024-05-22 01:00:00+00:00, run_after=2024-05-22 01:00:00+00:00
[2024-05-24T08:42:34.868+0000] {logging_mixin.py:188} INFO - [2024-05-24T08:42:34.868+0000] {dag.py:3954} INFO - Setting next_dagrun for consume_1_and_2_with_dataset_expressions to None, run_after=None
[2024-05-24T08:42:34.870+0000] {logging_mixin.py:188} INFO - [2024-05-24T08:42:34.870+0000] {dag.py:3954} INFO - Setting next_dagrun for consume_1_or_2_with_dataset_expressions to None, run_after=None
[2024-05-24T08:42:34.871+0000] {logging_mixin.py:188} INFO - [2024-05-24T08:42:34.871+0000] {dag.py:3954} INFO - Setting next_dagrun for consume_1_or_both_2_and_3_with_dataset_expressions to None, run_after=None
[2024-05-24T08:42:34.873+0000] {logging_mixin.py:188} INFO - [2024-05-24T08:42:34.873+0000] {dag.py:3954} INFO - Setting next_dagrun for dataset_consumes_1 to None, run_after=None
[2024-05-24T08:42:34.874+0000] {logging_mixin.py:188} INFO - [2024-05-24T08:42:34.874+0000] {dag.py:3954} INFO - Setting next_dagrun for dataset_consumes_1_and_2 to None, run_after=None
[2024-05-24T08:42:34.876+0000] {logging_mixin.py:188} INFO - [2024-05-24T08:42:34.876+0000] {dag.py:3954} INFO - Setting next_dagrun for dataset_consumes_1_never_scheduled to None, run_after=None
[2024-05-24T08:42:34.877+0000] {logging_mixin.py:188} INFO - [2024-05-24T08:42:34.877+0000] {dag.py:3954} INFO - Setting next_dagrun for dataset_consumes_unknown_never_scheduled to None, run_after=None
[2024-05-24T08:42:34.880+0000] {logging_mixin.py:188} INFO - [2024-05-24T08:42:34.880+0000] {dag.py:3954} INFO - Setting next_dagrun for dataset_produces_1 to 2024-05-23 00:00:00+00:00, run_after=2024-05-24 00:00:00+00:00
[2024-05-24T08:42:34.882+0000] {logging_mixin.py:188} INFO - [2024-05-24T08:42:34.882+0000] {dag.py:3954} INFO - Setting next_dagrun for dataset_produces_2 to None, run_after=None
[2024-05-24T08:42:34.918+0000] {processor.py:183} INFO - Processing /home/airflow/.local/lib/python3.12/site-packages/airflow/example_dags/example_datasets.py took 0.182 seconds
[2024-05-24T09:43:46.906+0000] {processor.py:161} INFO - Started process (PID=87963) to work on /home/airflow/.local/lib/python3.12/site-packages/airflow/example_dags/example_datasets.py
[2024-05-24T09:43:46.908+0000] {processor.py:830} INFO - Processing file /home/airflow/.local/lib/python3.12/site-packages/airflow/example_dags/example_datasets.py for tasks to queue
[2024-05-24T09:43:46.909+0000] {logging_mixin.py:188} INFO - [2024-05-24T09:43:46.909+0000] {dagbag.py:545} INFO - Filling up the DagBag from /home/airflow/.local/lib/python3.12/site-packages/airflow/example_dags/example_datasets.py
[2024-05-24T09:43:46.927+0000] {processor.py:840} INFO - DAG(s) 'dataset_produces_2', 'conditional_dataset_and_time_based_timetable', 'dataset_produces_1', 'dataset_consumes_unknown_never_scheduled', 'consume_1_and_2_with_dataset_expressions', 'dataset_consumes_1', 'dataset_consumes_1_and_2', 'consume_1_or_both_2_and_3_with_dataset_expressions', 'dataset_consumes_1_never_scheduled', 'consume_1_or_2_with_dataset_expressions' retrieved from /home/airflow/.local/lib/python3.12/site-packages/airflow/example_dags/example_datasets.py
[2024-05-24T09:43:46.974+0000] {logging_mixin.py:188} INFO - [2024-05-24T09:43:46.973+0000] {dag.py:3096} INFO - Sync 10 DAGs
[2024-05-24T09:43:47.008+0000] {logging_mixin.py:188} INFO - [2024-05-24T09:43:47.007+0000] {dag.py:3954} INFO - Setting next_dagrun for conditional_dataset_and_time_based_timetable to 2024-05-22 01:00:00+00:00, run_after=2024-05-22 01:00:00+00:00
[2024-05-24T09:43:47.013+0000] {logging_mixin.py:188} INFO - [2024-05-24T09:43:47.012+0000] {dag.py:3954} INFO - Setting next_dagrun for consume_1_and_2_with_dataset_expressions to None, run_after=None
[2024-05-24T09:43:47.016+0000] {logging_mixin.py:188} INFO - [2024-05-24T09:43:47.015+0000] {dag.py:3954} INFO - Setting next_dagrun for consume_1_or_2_with_dataset_expressions to None, run_after=None
[2024-05-24T09:43:47.019+0000] {logging_mixin.py:188} INFO - [2024-05-24T09:43:47.018+0000] {dag.py:3954} INFO - Setting next_dagrun for consume_1_or_both_2_and_3_with_dataset_expressions to None, run_after=None
[2024-05-24T09:43:47.020+0000] {logging_mixin.py:188} INFO - [2024-05-24T09:43:47.020+0000] {dag.py:3954} INFO - Setting next_dagrun for dataset_consumes_1 to None, run_after=None
[2024-05-24T09:43:47.022+0000] {logging_mixin.py:188} INFO - [2024-05-24T09:43:47.022+0000] {dag.py:3954} INFO - Setting next_dagrun for dataset_consumes_1_and_2 to None, run_after=None
[2024-05-24T09:43:47.023+0000] {logging_mixin.py:188} INFO - [2024-05-24T09:43:47.023+0000] {dag.py:3954} INFO - Setting next_dagrun for dataset_consumes_1_never_scheduled to None, run_after=None
[2024-05-24T09:43:47.025+0000] {logging_mixin.py:188} INFO - [2024-05-24T09:43:47.025+0000] {dag.py:3954} INFO - Setting next_dagrun for dataset_consumes_unknown_never_scheduled to None, run_after=None
[2024-05-24T09:43:47.028+0000] {logging_mixin.py:188} INFO - [2024-05-24T09:43:47.028+0000] {dag.py:3954} INFO - Setting next_dagrun for dataset_produces_1 to 2024-05-23 00:00:00+00:00, run_after=2024-05-24 00:00:00+00:00
[2024-05-24T09:43:47.029+0000] {logging_mixin.py:188} INFO - [2024-05-24T09:43:47.029+0000] {dag.py:3954} INFO - Setting next_dagrun for dataset_produces_2 to None, run_after=None
[2024-05-24T09:43:47.065+0000] {processor.py:183} INFO - Processing /home/airflow/.local/lib/python3.12/site-packages/airflow/example_dags/example_datasets.py took 0.165 seconds
[2024-05-24T10:44:56.011+0000] {processor.py:161} INFO - Started process (PID=88022) to work on /home/airflow/.local/lib/python3.12/site-packages/airflow/example_dags/example_datasets.py
[2024-05-24T10:44:56.013+0000] {processor.py:830} INFO - Processing file /home/airflow/.local/lib/python3.12/site-packages/airflow/example_dags/example_datasets.py for tasks to queue
[2024-05-24T10:44:56.014+0000] {logging_mixin.py:188} INFO - [2024-05-24T10:44:56.014+0000] {dagbag.py:545} INFO - Filling up the DagBag from /home/airflow/.local/lib/python3.12/site-packages/airflow/example_dags/example_datasets.py
[2024-05-24T10:44:56.038+0000] {processor.py:840} INFO - DAG(s) 'dataset_consumes_unknown_never_scheduled', 'dataset_consumes_1_and_2', 'dataset_consumes_1', 'consume_1_or_2_with_dataset_expressions', 'conditional_dataset_and_time_based_timetable', 'consume_1_and_2_with_dataset_expressions', 'dataset_consumes_1_never_scheduled', 'dataset_produces_2', 'dataset_produces_1', 'consume_1_or_both_2_and_3_with_dataset_expressions' retrieved from /home/airflow/.local/lib/python3.12/site-packages/airflow/example_dags/example_datasets.py
[2024-05-24T10:44:56.093+0000] {logging_mixin.py:188} INFO - [2024-05-24T10:44:56.092+0000] {dag.py:3096} INFO - Sync 10 DAGs
[2024-05-24T10:44:56.123+0000] {logging_mixin.py:188} INFO - [2024-05-24T10:44:56.122+0000] {dag.py:3954} INFO - Setting next_dagrun for conditional_dataset_and_time_based_timetable to 2024-05-22 01:00:00+00:00, run_after=2024-05-22 01:00:00+00:00
[2024-05-24T10:44:56.127+0000] {logging_mixin.py:188} INFO - [2024-05-24T10:44:56.127+0000] {dag.py:3954} INFO - Setting next_dagrun for consume_1_and_2_with_dataset_expressions to None, run_after=None
[2024-05-24T10:44:56.129+0000] {logging_mixin.py:188} INFO - [2024-05-24T10:44:56.129+0000] {dag.py:3954} INFO - Setting next_dagrun for consume_1_or_2_with_dataset_expressions to None, run_after=None
[2024-05-24T10:44:56.130+0000] {logging_mixin.py:188} INFO - [2024-05-24T10:44:56.130+0000] {dag.py:3954} INFO - Setting next_dagrun for consume_1_or_both_2_and_3_with_dataset_expressions to None, run_after=None
[2024-05-24T10:44:56.132+0000] {logging_mixin.py:188} INFO - [2024-05-24T10:44:56.132+0000] {dag.py:3954} INFO - Setting next_dagrun for dataset_consumes_1 to None, run_after=None
[2024-05-24T10:44:56.134+0000] {logging_mixin.py:188} INFO - [2024-05-24T10:44:56.134+0000] {dag.py:3954} INFO - Setting next_dagrun for dataset_consumes_1_and_2 to None, run_after=None
[2024-05-24T10:44:56.135+0000] {logging_mixin.py:188} INFO - [2024-05-24T10:44:56.135+0000] {dag.py:3954} INFO - Setting next_dagrun for dataset_consumes_1_never_scheduled to None, run_after=None
[2024-05-24T10:44:56.137+0000] {logging_mixin.py:188} INFO - [2024-05-24T10:44:56.137+0000] {dag.py:3954} INFO - Setting next_dagrun for dataset_consumes_unknown_never_scheduled to None, run_after=None
[2024-05-24T10:44:56.141+0000] {logging_mixin.py:188} INFO - [2024-05-24T10:44:56.141+0000] {dag.py:3954} INFO - Setting next_dagrun for dataset_produces_1 to 2024-05-23 00:00:00+00:00, run_after=2024-05-24 00:00:00+00:00
[2024-05-24T10:44:56.143+0000] {logging_mixin.py:188} INFO - [2024-05-24T10:44:56.143+0000] {dag.py:3954} INFO - Setting next_dagrun for dataset_produces_2 to None, run_after=None
[2024-05-24T10:44:56.195+0000] {processor.py:183} INFO - Processing /home/airflow/.local/lib/python3.12/site-packages/airflow/example_dags/example_datasets.py took 0.193 seconds
[2024-05-24T11:46:02.837+0000] {processor.py:161} INFO - Started process (PID=88081) to work on /home/airflow/.local/lib/python3.12/site-packages/airflow/example_dags/example_datasets.py
[2024-05-24T11:46:02.843+0000] {processor.py:830} INFO - Processing file /home/airflow/.local/lib/python3.12/site-packages/airflow/example_dags/example_datasets.py for tasks to queue
[2024-05-24T11:46:02.848+0000] {logging_mixin.py:188} INFO - [2024-05-24T11:46:02.848+0000] {dagbag.py:545} INFO - Filling up the DagBag from /home/airflow/.local/lib/python3.12/site-packages/airflow/example_dags/example_datasets.py
[2024-05-24T11:46:02.937+0000] {processor.py:840} INFO - DAG(s) 'dataset_consumes_1', 'consume_1_or_2_with_dataset_expressions', 'dataset_consumes_unknown_never_scheduled', 'dataset_produces_2', 'dataset_consumes_1_never_scheduled', 'dataset_consumes_1_and_2', 'dataset_produces_1', 'conditional_dataset_and_time_based_timetable', 'consume_1_and_2_with_dataset_expressions', 'consume_1_or_both_2_and_3_with_dataset_expressions' retrieved from /home/airflow/.local/lib/python3.12/site-packages/airflow/example_dags/example_datasets.py
[2024-05-24T11:46:03.111+0000] {logging_mixin.py:188} INFO - [2024-05-24T11:46:03.111+0000] {dag.py:3096} INFO - Sync 10 DAGs
[2024-05-24T11:46:03.205+0000] {logging_mixin.py:188} INFO - [2024-05-24T11:46:03.205+0000] {dag.py:3954} INFO - Setting next_dagrun for conditional_dataset_and_time_based_timetable to 2024-05-22 01:00:00+00:00, run_after=2024-05-22 01:00:00+00:00
[2024-05-24T11:46:03.221+0000] {logging_mixin.py:188} INFO - [2024-05-24T11:46:03.220+0000] {dag.py:3954} INFO - Setting next_dagrun for consume_1_and_2_with_dataset_expressions to None, run_after=None
[2024-05-24T11:46:03.228+0000] {logging_mixin.py:188} INFO - [2024-05-24T11:46:03.227+0000] {dag.py:3954} INFO - Setting next_dagrun for consume_1_or_2_with_dataset_expressions to None, run_after=None
[2024-05-24T11:46:03.233+0000] {logging_mixin.py:188} INFO - [2024-05-24T11:46:03.233+0000] {dag.py:3954} INFO - Setting next_dagrun for consume_1_or_both_2_and_3_with_dataset_expressions to None, run_after=None
[2024-05-24T11:46:03.238+0000] {logging_mixin.py:188} INFO - [2024-05-24T11:46:03.238+0000] {dag.py:3954} INFO - Setting next_dagrun for dataset_consumes_1 to None, run_after=None
[2024-05-24T11:46:03.242+0000] {logging_mixin.py:188} INFO - [2024-05-24T11:46:03.242+0000] {dag.py:3954} INFO - Setting next_dagrun for dataset_consumes_1_and_2 to None, run_after=None
[2024-05-24T11:46:03.246+0000] {logging_mixin.py:188} INFO - [2024-05-24T11:46:03.245+0000] {dag.py:3954} INFO - Setting next_dagrun for dataset_consumes_1_never_scheduled to None, run_after=None
[2024-05-24T11:46:03.251+0000] {logging_mixin.py:188} INFO - [2024-05-24T11:46:03.251+0000] {dag.py:3954} INFO - Setting next_dagrun for dataset_consumes_unknown_never_scheduled to None, run_after=None
[2024-05-24T11:46:03.269+0000] {logging_mixin.py:188} INFO - [2024-05-24T11:46:03.269+0000] {dag.py:3954} INFO - Setting next_dagrun for dataset_produces_1 to 2024-05-23 00:00:00+00:00, run_after=2024-05-24 00:00:00+00:00
[2024-05-24T11:46:03.273+0000] {logging_mixin.py:188} INFO - [2024-05-24T11:46:03.273+0000] {dag.py:3954} INFO - Setting next_dagrun for dataset_produces_2 to None, run_after=None
[2024-05-24T11:46:03.488+0000] {processor.py:183} INFO - Processing /home/airflow/.local/lib/python3.12/site-packages/airflow/example_dags/example_datasets.py took 0.737 seconds
[2024-05-24T12:47:07.973+0000] {processor.py:161} INFO - Started process (PID=88140) to work on /home/airflow/.local/lib/python3.12/site-packages/airflow/example_dags/example_datasets.py
[2024-05-24T12:47:07.976+0000] {processor.py:830} INFO - Processing file /home/airflow/.local/lib/python3.12/site-packages/airflow/example_dags/example_datasets.py for tasks to queue
[2024-05-24T12:47:07.978+0000] {logging_mixin.py:188} INFO - [2024-05-24T12:47:07.977+0000] {dagbag.py:545} INFO - Filling up the DagBag from /home/airflow/.local/lib/python3.12/site-packages/airflow/example_dags/example_datasets.py
[2024-05-24T12:47:08.021+0000] {processor.py:840} INFO - DAG(s) 'dataset_consumes_unknown_never_scheduled', 'dataset_produces_2', 'dataset_consumes_1', 'consume_1_or_both_2_and_3_with_dataset_expressions', 'consume_1_and_2_with_dataset_expressions', 'consume_1_or_2_with_dataset_expressions', 'conditional_dataset_and_time_based_timetable', 'dataset_consumes_1_never_scheduled', 'dataset_produces_1', 'dataset_consumes_1_and_2' retrieved from /home/airflow/.local/lib/python3.12/site-packages/airflow/example_dags/example_datasets.py
[2024-05-24T12:47:08.094+0000] {logging_mixin.py:188} INFO - [2024-05-24T12:47:08.093+0000] {dag.py:3096} INFO - Sync 10 DAGs
[2024-05-24T12:47:08.129+0000] {logging_mixin.py:188} INFO - [2024-05-24T12:47:08.129+0000] {dag.py:3954} INFO - Setting next_dagrun for conditional_dataset_and_time_based_timetable to 2024-05-22 01:00:00+00:00, run_after=2024-05-22 01:00:00+00:00
[2024-05-24T12:47:08.134+0000] {logging_mixin.py:188} INFO - [2024-05-24T12:47:08.133+0000] {dag.py:3954} INFO - Setting next_dagrun for consume_1_and_2_with_dataset_expressions to None, run_after=None
[2024-05-24T12:47:08.135+0000] {logging_mixin.py:188} INFO - [2024-05-24T12:47:08.135+0000] {dag.py:3954} INFO - Setting next_dagrun for consume_1_or_2_with_dataset_expressions to None, run_after=None
[2024-05-24T12:47:08.137+0000] {logging_mixin.py:188} INFO - [2024-05-24T12:47:08.137+0000] {dag.py:3954} INFO - Setting next_dagrun for consume_1_or_both_2_and_3_with_dataset_expressions to None, run_after=None
[2024-05-24T12:47:08.138+0000] {logging_mixin.py:188} INFO - [2024-05-24T12:47:08.138+0000] {dag.py:3954} INFO - Setting next_dagrun for dataset_consumes_1 to None, run_after=None
[2024-05-24T12:47:08.141+0000] {logging_mixin.py:188} INFO - [2024-05-24T12:47:08.141+0000] {dag.py:3954} INFO - Setting next_dagrun for dataset_consumes_1_and_2 to None, run_after=None
[2024-05-24T12:47:08.142+0000] {logging_mixin.py:188} INFO - [2024-05-24T12:47:08.142+0000] {dag.py:3954} INFO - Setting next_dagrun for dataset_consumes_1_never_scheduled to None, run_after=None
[2024-05-24T12:47:08.144+0000] {logging_mixin.py:188} INFO - [2024-05-24T12:47:08.144+0000] {dag.py:3954} INFO - Setting next_dagrun for dataset_consumes_unknown_never_scheduled to None, run_after=None
[2024-05-24T12:47:08.147+0000] {logging_mixin.py:188} INFO - [2024-05-24T12:47:08.147+0000] {dag.py:3954} INFO - Setting next_dagrun for dataset_produces_1 to 2024-05-23 00:00:00+00:00, run_after=2024-05-24 00:00:00+00:00
[2024-05-24T12:47:08.150+0000] {logging_mixin.py:188} INFO - [2024-05-24T12:47:08.150+0000] {dag.py:3954} INFO - Setting next_dagrun for dataset_produces_2 to None, run_after=None
[2024-05-24T12:47:08.194+0000] {processor.py:183} INFO - Processing /home/airflow/.local/lib/python3.12/site-packages/airflow/example_dags/example_datasets.py took 0.236 seconds
[2024-05-24T13:48:16.800+0000] {processor.py:161} INFO - Started process (PID=88193) to work on /home/airflow/.local/lib/python3.12/site-packages/airflow/example_dags/example_datasets.py
[2024-05-24T13:48:16.801+0000] {processor.py:830} INFO - Processing file /home/airflow/.local/lib/python3.12/site-packages/airflow/example_dags/example_datasets.py for tasks to queue
[2024-05-24T13:48:16.803+0000] {logging_mixin.py:188} INFO - [2024-05-24T13:48:16.802+0000] {dagbag.py:545} INFO - Filling up the DagBag from /home/airflow/.local/lib/python3.12/site-packages/airflow/example_dags/example_datasets.py
[2024-05-24T13:48:16.826+0000] {processor.py:840} INFO - DAG(s) 'consume_1_or_2_with_dataset_expressions', 'dataset_produces_2', 'dataset_consumes_1_and_2', 'dataset_produces_1', 'conditional_dataset_and_time_based_timetable', 'consume_1_and_2_with_dataset_expressions', 'dataset_consumes_1', 'consume_1_or_both_2_and_3_with_dataset_expressions', 'dataset_consumes_unknown_never_scheduled', 'dataset_consumes_1_never_scheduled' retrieved from /home/airflow/.local/lib/python3.12/site-packages/airflow/example_dags/example_datasets.py
[2024-05-24T13:48:16.876+0000] {logging_mixin.py:188} INFO - [2024-05-24T13:48:16.876+0000] {dag.py:3096} INFO - Sync 10 DAGs
[2024-05-24T13:48:16.921+0000] {logging_mixin.py:188} INFO - [2024-05-24T13:48:16.921+0000] {dag.py:3954} INFO - Setting next_dagrun for conditional_dataset_and_time_based_timetable to 2024-05-22 01:00:00+00:00, run_after=2024-05-22 01:00:00+00:00
[2024-05-24T13:48:16.926+0000] {logging_mixin.py:188} INFO - [2024-05-24T13:48:16.926+0000] {dag.py:3954} INFO - Setting next_dagrun for consume_1_and_2_with_dataset_expressions to None, run_after=None
[2024-05-24T13:48:16.928+0000] {logging_mixin.py:188} INFO - [2024-05-24T13:48:16.927+0000] {dag.py:3954} INFO - Setting next_dagrun for consume_1_or_2_with_dataset_expressions to None, run_after=None
[2024-05-24T13:48:16.931+0000] {logging_mixin.py:188} INFO - [2024-05-24T13:48:16.930+0000] {dag.py:3954} INFO - Setting next_dagrun for consume_1_or_both_2_and_3_with_dataset_expressions to None, run_after=None
[2024-05-24T13:48:16.932+0000] {logging_mixin.py:188} INFO - [2024-05-24T13:48:16.932+0000] {dag.py:3954} INFO - Setting next_dagrun for dataset_consumes_1 to None, run_after=None
[2024-05-24T13:48:16.934+0000] {logging_mixin.py:188} INFO - [2024-05-24T13:48:16.934+0000] {dag.py:3954} INFO - Setting next_dagrun for dataset_consumes_1_and_2 to None, run_after=None
[2024-05-24T13:48:16.935+0000] {logging_mixin.py:188} INFO - [2024-05-24T13:48:16.935+0000] {dag.py:3954} INFO - Setting next_dagrun for dataset_consumes_1_never_scheduled to None, run_after=None
[2024-05-24T13:48:16.937+0000] {logging_mixin.py:188} INFO - [2024-05-24T13:48:16.937+0000] {dag.py:3954} INFO - Setting next_dagrun for dataset_consumes_unknown_never_scheduled to None, run_after=None
[2024-05-24T13:48:16.940+0000] {logging_mixin.py:188} INFO - [2024-05-24T13:48:16.939+0000] {dag.py:3954} INFO - Setting next_dagrun for dataset_produces_1 to 2024-05-23 00:00:00+00:00, run_after=2024-05-24 00:00:00+00:00
[2024-05-24T13:48:16.941+0000] {logging_mixin.py:188} INFO - [2024-05-24T13:48:16.941+0000] {dag.py:3954} INFO - Setting next_dagrun for dataset_produces_2 to None, run_after=None
[2024-05-24T13:48:16.984+0000] {processor.py:183} INFO - Processing /home/airflow/.local/lib/python3.12/site-packages/airflow/example_dags/example_datasets.py took 0.191 seconds
[2024-05-24T14:49:26.865+0000] {processor.py:161} INFO - Started process (PID=88252) to work on /home/airflow/.local/lib/python3.12/site-packages/airflow/example_dags/example_datasets.py
[2024-05-24T14:49:26.872+0000] {processor.py:830} INFO - Processing file /home/airflow/.local/lib/python3.12/site-packages/airflow/example_dags/example_datasets.py for tasks to queue
[2024-05-24T14:49:26.873+0000] {logging_mixin.py:188} INFO - [2024-05-24T14:49:26.873+0000] {dagbag.py:545} INFO - Filling up the DagBag from /home/airflow/.local/lib/python3.12/site-packages/airflow/example_dags/example_datasets.py
[2024-05-24T14:49:26.894+0000] {processor.py:840} INFO - DAG(s) 'dataset_produces_2', 'dataset_consumes_1_never_scheduled', 'conditional_dataset_and_time_based_timetable', 'dataset_consumes_1', 'dataset_produces_1', 'consume_1_and_2_with_dataset_expressions', 'consume_1_or_both_2_and_3_with_dataset_expressions', 'consume_1_or_2_with_dataset_expressions', 'dataset_consumes_unknown_never_scheduled', 'dataset_consumes_1_and_2' retrieved from /home/airflow/.local/lib/python3.12/site-packages/airflow/example_dags/example_datasets.py
[2024-05-24T14:49:26.949+0000] {logging_mixin.py:188} INFO - [2024-05-24T14:49:26.948+0000] {dag.py:3096} INFO - Sync 10 DAGs
[2024-05-24T14:49:26.981+0000] {logging_mixin.py:188} INFO - [2024-05-24T14:49:26.980+0000] {dag.py:3954} INFO - Setting next_dagrun for conditional_dataset_and_time_based_timetable to 2024-05-22 01:00:00+00:00, run_after=2024-05-22 01:00:00+00:00
[2024-05-24T14:49:26.986+0000] {logging_mixin.py:188} INFO - [2024-05-24T14:49:26.985+0000] {dag.py:3954} INFO - Setting next_dagrun for consume_1_and_2_with_dataset_expressions to None, run_after=None
[2024-05-24T14:49:26.987+0000] {logging_mixin.py:188} INFO - [2024-05-24T14:49:26.987+0000] {dag.py:3954} INFO - Setting next_dagrun for consume_1_or_2_with_dataset_expressions to None, run_after=None
[2024-05-24T14:49:26.989+0000] {logging_mixin.py:188} INFO - [2024-05-24T14:49:26.988+0000] {dag.py:3954} INFO - Setting next_dagrun for consume_1_or_both_2_and_3_with_dataset_expressions to None, run_after=None
[2024-05-24T14:49:26.990+0000] {logging_mixin.py:188} INFO - [2024-05-24T14:49:26.990+0000] {dag.py:3954} INFO - Setting next_dagrun for dataset_consumes_1 to None, run_after=None
[2024-05-24T14:49:26.992+0000] {logging_mixin.py:188} INFO - [2024-05-24T14:49:26.992+0000] {dag.py:3954} INFO - Setting next_dagrun for dataset_consumes_1_and_2 to None, run_after=None
[2024-05-24T14:49:26.993+0000] {logging_mixin.py:188} INFO - [2024-05-24T14:49:26.993+0000] {dag.py:3954} INFO - Setting next_dagrun for dataset_consumes_1_never_scheduled to None, run_after=None
[2024-05-24T14:49:26.995+0000] {logging_mixin.py:188} INFO - [2024-05-24T14:49:26.994+0000] {dag.py:3954} INFO - Setting next_dagrun for dataset_consumes_unknown_never_scheduled to None, run_after=None
[2024-05-24T14:49:26.997+0000] {logging_mixin.py:188} INFO - [2024-05-24T14:49:26.997+0000] {dag.py:3954} INFO - Setting next_dagrun for dataset_produces_1 to 2024-05-23 00:00:00+00:00, run_after=2024-05-24 00:00:00+00:00
[2024-05-24T14:49:27.001+0000] {logging_mixin.py:188} INFO - [2024-05-24T14:49:27.000+0000] {dag.py:3954} INFO - Setting next_dagrun for dataset_produces_2 to None, run_after=None
[2024-05-24T14:49:27.032+0000] {processor.py:183} INFO - Processing /home/airflow/.local/lib/python3.12/site-packages/airflow/example_dags/example_datasets.py took 0.181 seconds
[2024-05-24T15:48:52.323+0000] {processor.py:161} INFO - Started process (PID=88311) to work on /home/airflow/.local/lib/python3.12/site-packages/airflow/example_dags/example_datasets.py
[2024-05-24T15:48:52.325+0000] {processor.py:830} INFO - Processing file /home/airflow/.local/lib/python3.12/site-packages/airflow/example_dags/example_datasets.py for tasks to queue
[2024-05-24T15:48:52.326+0000] {logging_mixin.py:188} INFO - [2024-05-24T15:48:52.326+0000] {dagbag.py:545} INFO - Filling up the DagBag from /home/airflow/.local/lib/python3.12/site-packages/airflow/example_dags/example_datasets.py
[2024-05-24T15:48:52.349+0000] {processor.py:840} INFO - DAG(s) 'dataset_consumes_unknown_never_scheduled', 'conditional_dataset_and_time_based_timetable', 'consume_1_or_both_2_and_3_with_dataset_expressions', 'dataset_consumes_1', 'consume_1_and_2_with_dataset_expressions', 'dataset_produces_2', 'dataset_consumes_1_and_2', 'dataset_produces_1', 'dataset_consumes_1_never_scheduled', 'consume_1_or_2_with_dataset_expressions' retrieved from /home/airflow/.local/lib/python3.12/site-packages/airflow/example_dags/example_datasets.py
[2024-05-24T15:48:52.402+0000] {logging_mixin.py:188} INFO - [2024-05-24T15:48:52.402+0000] {dag.py:3096} INFO - Sync 10 DAGs
[2024-05-24T15:48:52.436+0000] {logging_mixin.py:188} INFO - [2024-05-24T15:48:52.436+0000] {dag.py:3954} INFO - Setting next_dagrun for conditional_dataset_and_time_based_timetable to 2024-05-22 01:00:00+00:00, run_after=2024-05-22 01:00:00+00:00
[2024-05-24T15:48:52.441+0000] {logging_mixin.py:188} INFO - [2024-05-24T15:48:52.441+0000] {dag.py:3954} INFO - Setting next_dagrun for consume_1_and_2_with_dataset_expressions to None, run_after=None
[2024-05-24T15:48:52.442+0000] {logging_mixin.py:188} INFO - [2024-05-24T15:48:52.442+0000] {dag.py:3954} INFO - Setting next_dagrun for consume_1_or_2_with_dataset_expressions to None, run_after=None
[2024-05-24T15:48:52.444+0000] {logging_mixin.py:188} INFO - [2024-05-24T15:48:52.444+0000] {dag.py:3954} INFO - Setting next_dagrun for consume_1_or_both_2_and_3_with_dataset_expressions to None, run_after=None
[2024-05-24T15:48:52.446+0000] {logging_mixin.py:188} INFO - [2024-05-24T15:48:52.446+0000] {dag.py:3954} INFO - Setting next_dagrun for dataset_consumes_1 to None, run_after=None
[2024-05-24T15:48:52.447+0000] {logging_mixin.py:188} INFO - [2024-05-24T15:48:52.447+0000] {dag.py:3954} INFO - Setting next_dagrun for dataset_consumes_1_and_2 to None, run_after=None
[2024-05-24T15:48:52.449+0000] {logging_mixin.py:188} INFO - [2024-05-24T15:48:52.449+0000] {dag.py:3954} INFO - Setting next_dagrun for dataset_consumes_1_never_scheduled to None, run_after=None
[2024-05-24T15:48:52.450+0000] {logging_mixin.py:188} INFO - [2024-05-24T15:48:52.450+0000] {dag.py:3954} INFO - Setting next_dagrun for dataset_consumes_unknown_never_scheduled to None, run_after=None
[2024-05-24T15:48:52.453+0000] {logging_mixin.py:188} INFO - [2024-05-24T15:48:52.453+0000] {dag.py:3954} INFO - Setting next_dagrun for dataset_produces_1 to 2024-05-23 00:00:00+00:00, run_after=2024-05-24 00:00:00+00:00
[2024-05-24T15:48:52.454+0000] {logging_mixin.py:188} INFO - [2024-05-24T15:48:52.454+0000] {dag.py:3954} INFO - Setting next_dagrun for dataset_produces_2 to None, run_after=None
[2024-05-24T15:48:52.489+0000] {processor.py:183} INFO - Processing /home/airflow/.local/lib/python3.12/site-packages/airflow/example_dags/example_datasets.py took 0.174 seconds
[2024-05-24T15:50:35.456+0000] {processor.py:161} INFO - Started process (PID=88376) to work on /home/airflow/.local/lib/python3.12/site-packages/airflow/example_dags/example_datasets.py
[2024-05-24T15:50:35.458+0000] {processor.py:830} INFO - Processing file /home/airflow/.local/lib/python3.12/site-packages/airflow/example_dags/example_datasets.py for tasks to queue
[2024-05-24T15:50:35.459+0000] {logging_mixin.py:188} INFO - [2024-05-24T15:50:35.459+0000] {dagbag.py:545} INFO - Filling up the DagBag from /home/airflow/.local/lib/python3.12/site-packages/airflow/example_dags/example_datasets.py
[2024-05-24T15:50:35.480+0000] {processor.py:840} INFO - DAG(s) 'dataset_consumes_1_and_2', 'dataset_produces_2', 'consume_1_and_2_with_dataset_expressions', 'consume_1_or_both_2_and_3_with_dataset_expressions', 'dataset_consumes_unknown_never_scheduled', 'dataset_produces_1', 'conditional_dataset_and_time_based_timetable', 'consume_1_or_2_with_dataset_expressions', 'dataset_consumes_1_never_scheduled', 'dataset_consumes_1' retrieved from /home/airflow/.local/lib/python3.12/site-packages/airflow/example_dags/example_datasets.py
[2024-05-24T15:50:35.532+0000] {logging_mixin.py:188} INFO - [2024-05-24T15:50:35.532+0000] {dag.py:3096} INFO - Sync 10 DAGs
[2024-05-24T15:50:35.567+0000] {logging_mixin.py:188} INFO - [2024-05-24T15:50:35.566+0000] {dag.py:3954} INFO - Setting next_dagrun for conditional_dataset_and_time_based_timetable to 2024-05-22 01:00:00+00:00, run_after=2024-05-22 01:00:00+00:00
[2024-05-24T15:50:35.574+0000] {logging_mixin.py:188} INFO - [2024-05-24T15:50:35.573+0000] {dag.py:3954} INFO - Setting next_dagrun for consume_1_and_2_with_dataset_expressions to None, run_after=None
[2024-05-24T15:50:35.575+0000] {logging_mixin.py:188} INFO - [2024-05-24T15:50:35.575+0000] {dag.py:3954} INFO - Setting next_dagrun for consume_1_or_2_with_dataset_expressions to None, run_after=None
[2024-05-24T15:50:35.577+0000] {logging_mixin.py:188} INFO - [2024-05-24T15:50:35.577+0000] {dag.py:3954} INFO - Setting next_dagrun for consume_1_or_both_2_and_3_with_dataset_expressions to None, run_after=None
[2024-05-24T15:50:35.579+0000] {logging_mixin.py:188} INFO - [2024-05-24T15:50:35.579+0000] {dag.py:3954} INFO - Setting next_dagrun for dataset_consumes_1 to None, run_after=None
[2024-05-24T15:50:35.581+0000] {logging_mixin.py:188} INFO - [2024-05-24T15:50:35.580+0000] {dag.py:3954} INFO - Setting next_dagrun for dataset_consumes_1_and_2 to None, run_after=None
[2024-05-24T15:50:35.582+0000] {logging_mixin.py:188} INFO - [2024-05-24T15:50:35.582+0000] {dag.py:3954} INFO - Setting next_dagrun for dataset_consumes_1_never_scheduled to None, run_after=None
[2024-05-24T15:50:35.584+0000] {logging_mixin.py:188} INFO - [2024-05-24T15:50:35.584+0000] {dag.py:3954} INFO - Setting next_dagrun for dataset_consumes_unknown_never_scheduled to None, run_after=None
[2024-05-24T15:50:35.587+0000] {logging_mixin.py:188} INFO - [2024-05-24T15:50:35.587+0000] {dag.py:3954} INFO - Setting next_dagrun for dataset_produces_1 to 2024-05-23 00:00:00+00:00, run_after=2024-05-24 00:00:00+00:00
[2024-05-24T15:50:35.588+0000] {logging_mixin.py:188} INFO - [2024-05-24T15:50:35.588+0000] {dag.py:3954} INFO - Setting next_dagrun for dataset_produces_2 to None, run_after=None
[2024-05-24T15:50:35.622+0000] {processor.py:183} INFO - Processing /home/airflow/.local/lib/python3.12/site-packages/airflow/example_dags/example_datasets.py took 0.173 seconds
[2024-05-24T16:51:44.246+0000] {processor.py:161} INFO - Started process (PID=88434) to work on /home/airflow/.local/lib/python3.12/site-packages/airflow/example_dags/example_datasets.py
[2024-05-24T16:51:44.249+0000] {processor.py:830} INFO - Processing file /home/airflow/.local/lib/python3.12/site-packages/airflow/example_dags/example_datasets.py for tasks to queue
[2024-05-24T16:51:44.253+0000] {logging_mixin.py:188} INFO - [2024-05-24T16:51:44.252+0000] {dagbag.py:545} INFO - Filling up the DagBag from /home/airflow/.local/lib/python3.12/site-packages/airflow/example_dags/example_datasets.py
[2024-05-24T16:51:44.313+0000] {processor.py:840} INFO - DAG(s) 'dataset_produces_1', 'dataset_produces_2', 'dataset_consumes_1', 'dataset_consumes_1_and_2', 'consume_1_or_2_with_dataset_expressions', 'consume_1_and_2_with_dataset_expressions', 'consume_1_or_both_2_and_3_with_dataset_expressions', 'dataset_consumes_1_never_scheduled', 'conditional_dataset_and_time_based_timetable', 'dataset_consumes_unknown_never_scheduled' retrieved from /home/airflow/.local/lib/python3.12/site-packages/airflow/example_dags/example_datasets.py
[2024-05-24T16:51:44.462+0000] {logging_mixin.py:188} INFO - [2024-05-24T16:51:44.462+0000] {dag.py:3096} INFO - Sync 10 DAGs
[2024-05-24T16:51:44.607+0000] {logging_mixin.py:188} INFO - [2024-05-24T16:51:44.607+0000] {dag.py:3954} INFO - Setting next_dagrun for conditional_dataset_and_time_based_timetable to 2024-05-22 01:00:00+00:00, run_after=2024-05-22 01:00:00+00:00
[2024-05-24T16:51:44.623+0000] {logging_mixin.py:188} INFO - [2024-05-24T16:51:44.623+0000] {dag.py:3954} INFO - Setting next_dagrun for consume_1_and_2_with_dataset_expressions to None, run_after=None
[2024-05-24T16:51:44.628+0000] {logging_mixin.py:188} INFO - [2024-05-24T16:51:44.628+0000] {dag.py:3954} INFO - Setting next_dagrun for consume_1_or_2_with_dataset_expressions to None, run_after=None
[2024-05-24T16:51:44.632+0000] {logging_mixin.py:188} INFO - [2024-05-24T16:51:44.632+0000] {dag.py:3954} INFO - Setting next_dagrun for consume_1_or_both_2_and_3_with_dataset_expressions to None, run_after=None
[2024-05-24T16:51:44.636+0000] {logging_mixin.py:188} INFO - [2024-05-24T16:51:44.636+0000] {dag.py:3954} INFO - Setting next_dagrun for dataset_consumes_1 to None, run_after=None
[2024-05-24T16:51:44.643+0000] {logging_mixin.py:188} INFO - [2024-05-24T16:51:44.643+0000] {dag.py:3954} INFO - Setting next_dagrun for dataset_consumes_1_and_2 to None, run_after=None
[2024-05-24T16:51:44.651+0000] {logging_mixin.py:188} INFO - [2024-05-24T16:51:44.651+0000] {dag.py:3954} INFO - Setting next_dagrun for dataset_consumes_1_never_scheduled to None, run_after=None
[2024-05-24T16:51:44.658+0000] {logging_mixin.py:188} INFO - [2024-05-24T16:51:44.658+0000] {dag.py:3954} INFO - Setting next_dagrun for dataset_consumes_unknown_never_scheduled to None, run_after=None
[2024-05-24T16:51:44.669+0000] {logging_mixin.py:188} INFO - [2024-05-24T16:51:44.665+0000] {dag.py:3954} INFO - Setting next_dagrun for dataset_produces_1 to 2024-05-23 00:00:00+00:00, run_after=2024-05-24 00:00:00+00:00
[2024-05-24T16:51:44.672+0000] {logging_mixin.py:188} INFO - [2024-05-24T16:51:44.672+0000] {dag.py:3954} INFO - Setting next_dagrun for dataset_produces_2 to None, run_after=None
[2024-05-24T16:51:44.838+0000] {processor.py:183} INFO - Processing /home/airflow/.local/lib/python3.12/site-packages/airflow/example_dags/example_datasets.py took 0.643 seconds
[2024-05-24T17:50:14.617+0000] {processor.py:161} INFO - Started process (PID=88487) to work on /home/airflow/.local/lib/python3.12/site-packages/airflow/example_dags/example_datasets.py
[2024-05-24T17:50:14.620+0000] {processor.py:830} INFO - Processing file /home/airflow/.local/lib/python3.12/site-packages/airflow/example_dags/example_datasets.py for tasks to queue
[2024-05-24T17:50:14.621+0000] {logging_mixin.py:188} INFO - [2024-05-24T17:50:14.620+0000] {dagbag.py:545} INFO - Filling up the DagBag from /home/airflow/.local/lib/python3.12/site-packages/airflow/example_dags/example_datasets.py
[2024-05-24T17:50:14.641+0000] {processor.py:840} INFO - DAG(s) 'consume_1_and_2_with_dataset_expressions', 'consume_1_or_both_2_and_3_with_dataset_expressions', 'dataset_produces_2', 'consume_1_or_2_with_dataset_expressions', 'dataset_consumes_1', 'dataset_consumes_1_never_scheduled', 'dataset_consumes_1_and_2', 'dataset_consumes_unknown_never_scheduled', 'dataset_produces_1', 'conditional_dataset_and_time_based_timetable' retrieved from /home/airflow/.local/lib/python3.12/site-packages/airflow/example_dags/example_datasets.py
[2024-05-24T17:50:14.696+0000] {logging_mixin.py:188} INFO - [2024-05-24T17:50:14.696+0000] {dag.py:3096} INFO - Sync 10 DAGs
[2024-05-24T17:50:14.734+0000] {logging_mixin.py:188} INFO - [2024-05-24T17:50:14.734+0000] {dag.py:3954} INFO - Setting next_dagrun for conditional_dataset_and_time_based_timetable to 2024-05-22 01:00:00+00:00, run_after=2024-05-22 01:00:00+00:00
[2024-05-24T17:50:14.739+0000] {logging_mixin.py:188} INFO - [2024-05-24T17:50:14.738+0000] {dag.py:3954} INFO - Setting next_dagrun for consume_1_and_2_with_dataset_expressions to None, run_after=None
[2024-05-24T17:50:14.740+0000] {logging_mixin.py:188} INFO - [2024-05-24T17:50:14.740+0000] {dag.py:3954} INFO - Setting next_dagrun for consume_1_or_2_with_dataset_expressions to None, run_after=None
[2024-05-24T17:50:14.741+0000] {logging_mixin.py:188} INFO - [2024-05-24T17:50:14.741+0000] {dag.py:3954} INFO - Setting next_dagrun for consume_1_or_both_2_and_3_with_dataset_expressions to None, run_after=None
[2024-05-24T17:50:14.743+0000] {logging_mixin.py:188} INFO - [2024-05-24T17:50:14.743+0000] {dag.py:3954} INFO - Setting next_dagrun for dataset_consumes_1 to None, run_after=None
[2024-05-24T17:50:14.744+0000] {logging_mixin.py:188} INFO - [2024-05-24T17:50:14.744+0000] {dag.py:3954} INFO - Setting next_dagrun for dataset_consumes_1_and_2 to None, run_after=None
[2024-05-24T17:50:14.746+0000] {logging_mixin.py:188} INFO - [2024-05-24T17:50:14.746+0000] {dag.py:3954} INFO - Setting next_dagrun for dataset_consumes_1_never_scheduled to None, run_after=None
[2024-05-24T17:50:14.747+0000] {logging_mixin.py:188} INFO - [2024-05-24T17:50:14.747+0000] {dag.py:3954} INFO - Setting next_dagrun for dataset_consumes_unknown_never_scheduled to None, run_after=None
[2024-05-24T17:50:14.750+0000] {logging_mixin.py:188} INFO - [2024-05-24T17:50:14.750+0000] {dag.py:3954} INFO - Setting next_dagrun for dataset_produces_1 to 2024-05-23 00:00:00+00:00, run_after=2024-05-24 00:00:00+00:00
[2024-05-24T17:50:14.753+0000] {logging_mixin.py:188} INFO - [2024-05-24T17:50:14.753+0000] {dag.py:3954} INFO - Setting next_dagrun for dataset_produces_2 to None, run_after=None
[2024-05-24T17:50:14.799+0000] {processor.py:183} INFO - Processing /home/airflow/.local/lib/python3.12/site-packages/airflow/example_dags/example_datasets.py took 0.189 seconds
[2024-05-24T17:50:45.221+0000] {processor.py:161} INFO - Started process (PID=88546) to work on /home/airflow/.local/lib/python3.12/site-packages/airflow/example_dags/example_datasets.py
[2024-05-24T17:50:45.224+0000] {processor.py:830} INFO - Processing file /home/airflow/.local/lib/python3.12/site-packages/airflow/example_dags/example_datasets.py for tasks to queue
[2024-05-24T17:50:45.225+0000] {logging_mixin.py:188} INFO - [2024-05-24T17:50:45.225+0000] {dagbag.py:545} INFO - Filling up the DagBag from /home/airflow/.local/lib/python3.12/site-packages/airflow/example_dags/example_datasets.py
[2024-05-24T17:50:45.243+0000] {processor.py:840} INFO - DAG(s) 'dataset_consumes_unknown_never_scheduled', 'consume_1_or_both_2_and_3_with_dataset_expressions', 'conditional_dataset_and_time_based_timetable', 'dataset_consumes_1', 'consume_1_or_2_with_dataset_expressions', 'consume_1_and_2_with_dataset_expressions', 'dataset_produces_1', 'dataset_consumes_1_never_scheduled', 'dataset_consumes_1_and_2', 'dataset_produces_2' retrieved from /home/airflow/.local/lib/python3.12/site-packages/airflow/example_dags/example_datasets.py
[2024-05-24T17:50:45.298+0000] {logging_mixin.py:188} INFO - [2024-05-24T17:50:45.298+0000] {dag.py:3096} INFO - Sync 10 DAGs
[2024-05-24T17:50:45.329+0000] {logging_mixin.py:188} INFO - [2024-05-24T17:50:45.328+0000] {dag.py:3954} INFO - Setting next_dagrun for conditional_dataset_and_time_based_timetable to 2024-05-22 01:00:00+00:00, run_after=2024-05-22 01:00:00+00:00
[2024-05-24T17:50:45.334+0000] {logging_mixin.py:188} INFO - [2024-05-24T17:50:45.334+0000] {dag.py:3954} INFO - Setting next_dagrun for consume_1_and_2_with_dataset_expressions to None, run_after=None
[2024-05-24T17:50:45.337+0000] {logging_mixin.py:188} INFO - [2024-05-24T17:50:45.337+0000] {dag.py:3954} INFO - Setting next_dagrun for consume_1_or_2_with_dataset_expressions to None, run_after=None
[2024-05-24T17:50:45.340+0000] {logging_mixin.py:188} INFO - [2024-05-24T17:50:45.340+0000] {dag.py:3954} INFO - Setting next_dagrun for consume_1_or_both_2_and_3_with_dataset_expressions to None, run_after=None
[2024-05-24T17:50:45.341+0000] {logging_mixin.py:188} INFO - [2024-05-24T17:50:45.341+0000] {dag.py:3954} INFO - Setting next_dagrun for dataset_consumes_1 to None, run_after=None
[2024-05-24T17:50:45.343+0000] {logging_mixin.py:188} INFO - [2024-05-24T17:50:45.343+0000] {dag.py:3954} INFO - Setting next_dagrun for dataset_consumes_1_and_2 to None, run_after=None
[2024-05-24T17:50:45.344+0000] {logging_mixin.py:188} INFO - [2024-05-24T17:50:45.344+0000] {dag.py:3954} INFO - Setting next_dagrun for dataset_consumes_1_never_scheduled to None, run_after=None
[2024-05-24T17:50:45.346+0000] {logging_mixin.py:188} INFO - [2024-05-24T17:50:45.346+0000] {dag.py:3954} INFO - Setting next_dagrun for dataset_consumes_unknown_never_scheduled to None, run_after=None
[2024-05-24T17:50:45.349+0000] {logging_mixin.py:188} INFO - [2024-05-24T17:50:45.349+0000] {dag.py:3954} INFO - Setting next_dagrun for dataset_produces_1 to 2024-05-23 00:00:00+00:00, run_after=2024-05-24 00:00:00+00:00
[2024-05-24T17:50:45.350+0000] {logging_mixin.py:188} INFO - [2024-05-24T17:50:45.350+0000] {dag.py:3954} INFO - Setting next_dagrun for dataset_produces_2 to None, run_after=None
[2024-05-24T17:50:45.382+0000] {processor.py:183} INFO - Processing /home/airflow/.local/lib/python3.12/site-packages/airflow/example_dags/example_datasets.py took 0.175 seconds
[2024-05-24T18:53:39.413+0000] {processor.py:161} INFO - Started process (PID=88605) to work on /home/airflow/.local/lib/python3.12/site-packages/airflow/example_dags/example_datasets.py
[2024-05-24T18:53:39.414+0000] {processor.py:830} INFO - Processing file /home/airflow/.local/lib/python3.12/site-packages/airflow/example_dags/example_datasets.py for tasks to queue
[2024-05-24T18:53:39.415+0000] {logging_mixin.py:188} INFO - [2024-05-24T18:53:39.415+0000] {dagbag.py:545} INFO - Filling up the DagBag from /home/airflow/.local/lib/python3.12/site-packages/airflow/example_dags/example_datasets.py
[2024-05-24T18:53:39.439+0000] {processor.py:840} INFO - DAG(s) 'consume_1_or_2_with_dataset_expressions', 'consume_1_or_both_2_and_3_with_dataset_expressions', 'consume_1_and_2_with_dataset_expressions', 'dataset_consumes_unknown_never_scheduled', 'dataset_consumes_1_and_2', 'dataset_produces_2', 'dataset_consumes_1_never_scheduled', 'conditional_dataset_and_time_based_timetable', 'dataset_consumes_1', 'dataset_produces_1' retrieved from /home/airflow/.local/lib/python3.12/site-packages/airflow/example_dags/example_datasets.py
[2024-05-24T18:53:39.592+0000] {logging_mixin.py:188} INFO - [2024-05-24T18:53:39.592+0000] {dag.py:3096} INFO - Sync 10 DAGs
[2024-05-24T18:53:39.626+0000] {logging_mixin.py:188} INFO - [2024-05-24T18:53:39.625+0000] {dag.py:3954} INFO - Setting next_dagrun for conditional_dataset_and_time_based_timetable to 2024-05-22 01:00:00+00:00, run_after=2024-05-22 01:00:00+00:00
[2024-05-24T18:53:39.631+0000] {logging_mixin.py:188} INFO - [2024-05-24T18:53:39.631+0000] {dag.py:3954} INFO - Setting next_dagrun for consume_1_and_2_with_dataset_expressions to None, run_after=None
[2024-05-24T18:53:39.635+0000] {logging_mixin.py:188} INFO - [2024-05-24T18:53:39.635+0000] {dag.py:3954} INFO - Setting next_dagrun for consume_1_or_2_with_dataset_expressions to None, run_after=None
[2024-05-24T18:53:39.636+0000] {logging_mixin.py:188} INFO - [2024-05-24T18:53:39.636+0000] {dag.py:3954} INFO - Setting next_dagrun for consume_1_or_both_2_and_3_with_dataset_expressions to None, run_after=None
[2024-05-24T18:53:39.638+0000] {logging_mixin.py:188} INFO - [2024-05-24T18:53:39.638+0000] {dag.py:3954} INFO - Setting next_dagrun for dataset_consumes_1 to None, run_after=None
[2024-05-24T18:53:39.639+0000] {logging_mixin.py:188} INFO - [2024-05-24T18:53:39.639+0000] {dag.py:3954} INFO - Setting next_dagrun for dataset_consumes_1_and_2 to None, run_after=None
[2024-05-24T18:53:39.641+0000] {logging_mixin.py:188} INFO - [2024-05-24T18:53:39.641+0000] {dag.py:3954} INFO - Setting next_dagrun for dataset_consumes_1_never_scheduled to None, run_after=None
[2024-05-24T18:53:39.642+0000] {logging_mixin.py:188} INFO - [2024-05-24T18:53:39.642+0000] {dag.py:3954} INFO - Setting next_dagrun for dataset_consumes_unknown_never_scheduled to None, run_after=None
[2024-05-24T18:53:39.645+0000] {logging_mixin.py:188} INFO - [2024-05-24T18:53:39.645+0000] {dag.py:3954} INFO - Setting next_dagrun for dataset_produces_1 to 2024-05-23 00:00:00+00:00, run_after=2024-05-24 00:00:00+00:00
[2024-05-24T18:53:39.647+0000] {logging_mixin.py:188} INFO - [2024-05-24T18:53:39.647+0000] {dag.py:3954} INFO - Setting next_dagrun for dataset_produces_2 to None, run_after=None
[2024-05-24T18:53:39.692+0000] {processor.py:183} INFO - Processing /home/airflow/.local/lib/python3.12/site-packages/airflow/example_dags/example_datasets.py took 0.288 seconds
[2024-05-24T19:53:32.978+0000] {processor.py:161} INFO - Started process (PID=88664) to work on /home/airflow/.local/lib/python3.12/site-packages/airflow/example_dags/example_datasets.py
[2024-05-24T19:53:32.980+0000] {processor.py:830} INFO - Processing file /home/airflow/.local/lib/python3.12/site-packages/airflow/example_dags/example_datasets.py for tasks to queue
[2024-05-24T19:53:32.981+0000] {logging_mixin.py:188} INFO - [2024-05-24T19:53:32.981+0000] {dagbag.py:545} INFO - Filling up the DagBag from /home/airflow/.local/lib/python3.12/site-packages/airflow/example_dags/example_datasets.py
[2024-05-24T19:53:33.002+0000] {processor.py:840} INFO - DAG(s) 'dataset_consumes_1_and_2', 'conditional_dataset_and_time_based_timetable', 'dataset_consumes_unknown_never_scheduled', 'dataset_produces_1', 'dataset_consumes_1', 'consume_1_or_2_with_dataset_expressions', 'dataset_consumes_1_never_scheduled', 'dataset_produces_2', 'consume_1_or_both_2_and_3_with_dataset_expressions', 'consume_1_and_2_with_dataset_expressions' retrieved from /home/airflow/.local/lib/python3.12/site-packages/airflow/example_dags/example_datasets.py
[2024-05-24T19:53:33.054+0000] {logging_mixin.py:188} INFO - [2024-05-24T19:53:33.053+0000] {dag.py:3096} INFO - Sync 10 DAGs
[2024-05-24T19:53:33.084+0000] {logging_mixin.py:188} INFO - [2024-05-24T19:53:33.083+0000] {dag.py:3954} INFO - Setting next_dagrun for conditional_dataset_and_time_based_timetable to 2024-05-22 01:00:00+00:00, run_after=2024-05-22 01:00:00+00:00
[2024-05-24T19:53:33.088+0000] {logging_mixin.py:188} INFO - [2024-05-24T19:53:33.088+0000] {dag.py:3954} INFO - Setting next_dagrun for consume_1_and_2_with_dataset_expressions to None, run_after=None
[2024-05-24T19:53:33.089+0000] {logging_mixin.py:188} INFO - [2024-05-24T19:53:33.089+0000] {dag.py:3954} INFO - Setting next_dagrun for consume_1_or_2_with_dataset_expressions to None, run_after=None
[2024-05-24T19:53:33.091+0000] {logging_mixin.py:188} INFO - [2024-05-24T19:53:33.090+0000] {dag.py:3954} INFO - Setting next_dagrun for consume_1_or_both_2_and_3_with_dataset_expressions to None, run_after=None
[2024-05-24T19:53:33.092+0000] {logging_mixin.py:188} INFO - [2024-05-24T19:53:33.092+0000] {dag.py:3954} INFO - Setting next_dagrun for dataset_consumes_1 to None, run_after=None
[2024-05-24T19:53:33.094+0000] {logging_mixin.py:188} INFO - [2024-05-24T19:53:33.093+0000] {dag.py:3954} INFO - Setting next_dagrun for dataset_consumes_1_and_2 to None, run_after=None
[2024-05-24T19:53:33.096+0000] {logging_mixin.py:188} INFO - [2024-05-24T19:53:33.095+0000] {dag.py:3954} INFO - Setting next_dagrun for dataset_consumes_1_never_scheduled to None, run_after=None
[2024-05-24T19:53:33.097+0000] {logging_mixin.py:188} INFO - [2024-05-24T19:53:33.097+0000] {dag.py:3954} INFO - Setting next_dagrun for dataset_consumes_unknown_never_scheduled to None, run_after=None
[2024-05-24T19:53:33.100+0000] {logging_mixin.py:188} INFO - [2024-05-24T19:53:33.099+0000] {dag.py:3954} INFO - Setting next_dagrun for dataset_produces_1 to 2024-05-23 00:00:00+00:00, run_after=2024-05-24 00:00:00+00:00
[2024-05-24T19:53:33.101+0000] {logging_mixin.py:188} INFO - [2024-05-24T19:53:33.101+0000] {dag.py:3954} INFO - Setting next_dagrun for dataset_produces_2 to None, run_after=None
[2024-05-24T19:53:33.134+0000] {processor.py:183} INFO - Processing /home/airflow/.local/lib/python3.12/site-packages/airflow/example_dags/example_datasets.py took 0.163 seconds
[2024-05-24T20:54:49.505+0000] {processor.py:161} INFO - Started process (PID=88729) to work on /home/airflow/.local/lib/python3.12/site-packages/airflow/example_dags/example_datasets.py
[2024-05-24T20:54:49.508+0000] {processor.py:830} INFO - Processing file /home/airflow/.local/lib/python3.12/site-packages/airflow/example_dags/example_datasets.py for tasks to queue
[2024-05-24T20:54:49.510+0000] {logging_mixin.py:188} INFO - [2024-05-24T20:54:49.510+0000] {dagbag.py:545} INFO - Filling up the DagBag from /home/airflow/.local/lib/python3.12/site-packages/airflow/example_dags/example_datasets.py
[2024-05-24T20:54:49.531+0000] {processor.py:840} INFO - DAG(s) 'dataset_produces_1', 'conditional_dataset_and_time_based_timetable', 'dataset_consumes_unknown_never_scheduled', 'consume_1_and_2_with_dataset_expressions', 'dataset_consumes_1_and_2', 'dataset_consumes_1', 'dataset_consumes_1_never_scheduled', 'consume_1_or_both_2_and_3_with_dataset_expressions', 'consume_1_or_2_with_dataset_expressions', 'dataset_produces_2' retrieved from /home/airflow/.local/lib/python3.12/site-packages/airflow/example_dags/example_datasets.py
[2024-05-24T20:54:49.592+0000] {logging_mixin.py:188} INFO - [2024-05-24T20:54:49.592+0000] {dag.py:3096} INFO - Sync 10 DAGs
[2024-05-24T20:54:49.640+0000] {logging_mixin.py:188} INFO - [2024-05-24T20:54:49.639+0000] {dag.py:3954} INFO - Setting next_dagrun for conditional_dataset_and_time_based_timetable to 2024-05-22 01:00:00+00:00, run_after=2024-05-22 01:00:00+00:00
[2024-05-24T20:54:49.670+0000] {logging_mixin.py:188} INFO - [2024-05-24T20:54:49.670+0000] {dag.py:3954} INFO - Setting next_dagrun for consume_1_and_2_with_dataset_expressions to None, run_after=None
[2024-05-24T20:54:49.672+0000] {logging_mixin.py:188} INFO - [2024-05-24T20:54:49.672+0000] {dag.py:3954} INFO - Setting next_dagrun for consume_1_or_2_with_dataset_expressions to None, run_after=None
[2024-05-24T20:54:49.674+0000] {logging_mixin.py:188} INFO - [2024-05-24T20:54:49.674+0000] {dag.py:3954} INFO - Setting next_dagrun for consume_1_or_both_2_and_3_with_dataset_expressions to None, run_after=None
[2024-05-24T20:54:49.679+0000] {logging_mixin.py:188} INFO - [2024-05-24T20:54:49.678+0000] {dag.py:3954} INFO - Setting next_dagrun for dataset_consumes_1 to None, run_after=None
[2024-05-24T20:54:49.681+0000] {logging_mixin.py:188} INFO - [2024-05-24T20:54:49.681+0000] {dag.py:3954} INFO - Setting next_dagrun for dataset_consumes_1_and_2 to None, run_after=None
[2024-05-24T20:54:49.685+0000] {logging_mixin.py:188} INFO - [2024-05-24T20:54:49.685+0000] {dag.py:3954} INFO - Setting next_dagrun for dataset_consumes_1_never_scheduled to None, run_after=None
[2024-05-24T20:54:49.687+0000] {logging_mixin.py:188} INFO - [2024-05-24T20:54:49.687+0000] {dag.py:3954} INFO - Setting next_dagrun for dataset_consumes_unknown_never_scheduled to None, run_after=None
[2024-05-24T20:54:49.690+0000] {logging_mixin.py:188} INFO - [2024-05-24T20:54:49.690+0000] {dag.py:3954} INFO - Setting next_dagrun for dataset_produces_1 to 2024-05-23 00:00:00+00:00, run_after=2024-05-24 00:00:00+00:00
[2024-05-24T20:54:49.692+0000] {logging_mixin.py:188} INFO - [2024-05-24T20:54:49.692+0000] {dag.py:3954} INFO - Setting next_dagrun for dataset_produces_2 to None, run_after=None
[2024-05-24T20:54:49.728+0000] {processor.py:183} INFO - Processing /home/airflow/.local/lib/python3.12/site-packages/airflow/example_dags/example_datasets.py took 0.231 seconds
[2024-05-24T21:55:54.637+0000] {processor.py:161} INFO - Started process (PID=88782) to work on /home/airflow/.local/lib/python3.12/site-packages/airflow/example_dags/example_datasets.py
[2024-05-24T21:55:54.648+0000] {processor.py:830} INFO - Processing file /home/airflow/.local/lib/python3.12/site-packages/airflow/example_dags/example_datasets.py for tasks to queue
[2024-05-24T21:55:54.652+0000] {logging_mixin.py:188} INFO - [2024-05-24T21:55:54.652+0000] {dagbag.py:545} INFO - Filling up the DagBag from /home/airflow/.local/lib/python3.12/site-packages/airflow/example_dags/example_datasets.py
[2024-05-24T21:55:54.762+0000] {processor.py:840} INFO - DAG(s) 'consume_1_and_2_with_dataset_expressions', 'dataset_produces_1', 'dataset_consumes_1_and_2', 'conditional_dataset_and_time_based_timetable', 'dataset_consumes_1_never_scheduled', 'consume_1_or_2_with_dataset_expressions', 'consume_1_or_both_2_and_3_with_dataset_expressions', 'dataset_consumes_unknown_never_scheduled', 'dataset_consumes_1', 'dataset_produces_2' retrieved from /home/airflow/.local/lib/python3.12/site-packages/airflow/example_dags/example_datasets.py
[2024-05-24T21:55:55.108+0000] {logging_mixin.py:188} INFO - [2024-05-24T21:55:55.107+0000] {dag.py:3096} INFO - Sync 10 DAGs
[2024-05-24T21:55:55.394+0000] {logging_mixin.py:188} INFO - [2024-05-24T21:55:55.394+0000] {dag.py:3954} INFO - Setting next_dagrun for conditional_dataset_and_time_based_timetable to 2024-05-22 01:00:00+00:00, run_after=2024-05-22 01:00:00+00:00
[2024-05-24T21:55:55.439+0000] {logging_mixin.py:188} INFO - [2024-05-24T21:55:55.438+0000] {dag.py:3954} INFO - Setting next_dagrun for consume_1_and_2_with_dataset_expressions to None, run_after=None
[2024-05-24T21:55:55.446+0000] {logging_mixin.py:188} INFO - [2024-05-24T21:55:55.445+0000] {dag.py:3954} INFO - Setting next_dagrun for consume_1_or_2_with_dataset_expressions to None, run_after=None
[2024-05-24T21:55:55.453+0000] {logging_mixin.py:188} INFO - [2024-05-24T21:55:55.453+0000] {dag.py:3954} INFO - Setting next_dagrun for consume_1_or_both_2_and_3_with_dataset_expressions to None, run_after=None
[2024-05-24T21:55:55.461+0000] {logging_mixin.py:188} INFO - [2024-05-24T21:55:55.461+0000] {dag.py:3954} INFO - Setting next_dagrun for dataset_consumes_1 to None, run_after=None
[2024-05-24T21:55:55.469+0000] {logging_mixin.py:188} INFO - [2024-05-24T21:55:55.469+0000] {dag.py:3954} INFO - Setting next_dagrun for dataset_consumes_1_and_2 to None, run_after=None
[2024-05-24T21:55:55.482+0000] {logging_mixin.py:188} INFO - [2024-05-24T21:55:55.482+0000] {dag.py:3954} INFO - Setting next_dagrun for dataset_consumes_1_never_scheduled to None, run_after=None
[2024-05-24T21:55:55.500+0000] {logging_mixin.py:188} INFO - [2024-05-24T21:55:55.499+0000] {dag.py:3954} INFO - Setting next_dagrun for dataset_consumes_unknown_never_scheduled to None, run_after=None
[2024-05-24T21:55:55.527+0000] {logging_mixin.py:188} INFO - [2024-05-24T21:55:55.527+0000] {dag.py:3954} INFO - Setting next_dagrun for dataset_produces_1 to 2024-05-23 00:00:00+00:00, run_after=2024-05-24 00:00:00+00:00
[2024-05-24T21:55:55.543+0000] {logging_mixin.py:188} INFO - [2024-05-24T21:55:55.543+0000] {dag.py:3954} INFO - Setting next_dagrun for dataset_produces_2 to None, run_after=None
[2024-05-24T21:55:55.761+0000] {processor.py:183} INFO - Processing /home/airflow/.local/lib/python3.12/site-packages/airflow/example_dags/example_datasets.py took 1.166 seconds
[2024-05-24T22:56:59.878+0000] {processor.py:161} INFO - Started process (PID=88841) to work on /home/airflow/.local/lib/python3.12/site-packages/airflow/example_dags/example_datasets.py
[2024-05-24T22:56:59.882+0000] {processor.py:830} INFO - Processing file /home/airflow/.local/lib/python3.12/site-packages/airflow/example_dags/example_datasets.py for tasks to queue
[2024-05-24T22:56:59.883+0000] {logging_mixin.py:188} INFO - [2024-05-24T22:56:59.883+0000] {dagbag.py:545} INFO - Filling up the DagBag from /home/airflow/.local/lib/python3.12/site-packages/airflow/example_dags/example_datasets.py
[2024-05-24T22:56:59.908+0000] {processor.py:840} INFO - DAG(s) 'consume_1_or_2_with_dataset_expressions', 'consume_1_and_2_with_dataset_expressions', 'consume_1_or_both_2_and_3_with_dataset_expressions', 'dataset_consumes_1_never_scheduled', 'dataset_consumes_unknown_never_scheduled', 'dataset_consumes_1', 'dataset_produces_2', 'dataset_consumes_1_and_2', 'dataset_produces_1', 'conditional_dataset_and_time_based_timetable' retrieved from /home/airflow/.local/lib/python3.12/site-packages/airflow/example_dags/example_datasets.py
[2024-05-24T22:56:59.963+0000] {logging_mixin.py:188} INFO - [2024-05-24T22:56:59.963+0000] {dag.py:3096} INFO - Sync 10 DAGs
[2024-05-24T22:56:59.992+0000] {logging_mixin.py:188} INFO - [2024-05-24T22:56:59.992+0000] {dag.py:3954} INFO - Setting next_dagrun for conditional_dataset_and_time_based_timetable to 2024-05-22 01:00:00+00:00, run_after=2024-05-22 01:00:00+00:00
[2024-05-24T22:56:59.998+0000] {logging_mixin.py:188} INFO - [2024-05-24T22:56:59.997+0000] {dag.py:3954} INFO - Setting next_dagrun for consume_1_and_2_with_dataset_expressions to None, run_after=None
[2024-05-24T22:56:59.999+0000] {logging_mixin.py:188} INFO - [2024-05-24T22:56:59.999+0000] {dag.py:3954} INFO - Setting next_dagrun for consume_1_or_2_with_dataset_expressions to None, run_after=None
[2024-05-24T22:57:00.001+0000] {logging_mixin.py:188} INFO - [2024-05-24T22:57:00.000+0000] {dag.py:3954} INFO - Setting next_dagrun for consume_1_or_both_2_and_3_with_dataset_expressions to None, run_after=None
[2024-05-24T22:57:00.002+0000] {logging_mixin.py:188} INFO - [2024-05-24T22:57:00.002+0000] {dag.py:3954} INFO - Setting next_dagrun for dataset_consumes_1 to None, run_after=None
[2024-05-24T22:57:00.004+0000] {logging_mixin.py:188} INFO - [2024-05-24T22:57:00.004+0000] {dag.py:3954} INFO - Setting next_dagrun for dataset_consumes_1_and_2 to None, run_after=None
[2024-05-24T22:57:00.006+0000] {logging_mixin.py:188} INFO - [2024-05-24T22:57:00.006+0000] {dag.py:3954} INFO - Setting next_dagrun for dataset_consumes_1_never_scheduled to None, run_after=None
[2024-05-24T22:57:00.007+0000] {logging_mixin.py:188} INFO - [2024-05-24T22:57:00.007+0000] {dag.py:3954} INFO - Setting next_dagrun for dataset_consumes_unknown_never_scheduled to None, run_after=None
[2024-05-24T22:57:00.010+0000] {logging_mixin.py:188} INFO - [2024-05-24T22:57:00.010+0000] {dag.py:3954} INFO - Setting next_dagrun for dataset_produces_1 to 2024-05-23 00:00:00+00:00, run_after=2024-05-24 00:00:00+00:00
[2024-05-24T22:57:00.012+0000] {logging_mixin.py:188} INFO - [2024-05-24T22:57:00.011+0000] {dag.py:3954} INFO - Setting next_dagrun for dataset_produces_2 to None, run_after=None
[2024-05-24T22:57:00.049+0000] {processor.py:183} INFO - Processing /home/airflow/.local/lib/python3.12/site-packages/airflow/example_dags/example_datasets.py took 0.179 seconds
