[2024-05-24T00:10:43.104+0000] {processor.py:161} INFO - Started process (PID=87423) to work on /home/airflow/.local/lib/python3.12/site-packages/airflow/example_dags/tutorial_objectstorage.py
[2024-05-24T00:10:43.111+0000] {processor.py:830} INFO - Processing file /home/airflow/.local/lib/python3.12/site-packages/airflow/example_dags/tutorial_objectstorage.py for tasks to queue
[2024-05-24T00:10:43.117+0000] {logging_mixin.py:188} INFO - [2024-05-24T00:10:43.115+0000] {dagbag.py:545} INFO - Filling up the DagBag from /home/airflow/.local/lib/python3.12/site-packages/airflow/example_dags/tutorial_objectstorage.py
[2024-05-24T00:10:43.202+0000] {processor.py:840} INFO - DAG(s) 'tutorial_objectstorage' retrieved from /home/airflow/.local/lib/python3.12/site-packages/airflow/example_dags/tutorial_objectstorage.py
[2024-05-24T00:10:43.647+0000] {logging_mixin.py:188} INFO - [2024-05-24T00:10:43.639+0000] {dag.py:3096} INFO - Sync 1 DAGs
[2024-05-24T00:10:43.907+0000] {logging_mixin.py:188} INFO - [2024-05-24T00:10:43.905+0000] {dag.py:3954} INFO - Setting next_dagrun for tutorial_objectstorage to None, run_after=None
[2024-05-24T00:10:44.015+0000] {processor.py:183} INFO - Processing /home/airflow/.local/lib/python3.12/site-packages/airflow/example_dags/tutorial_objectstorage.py took 0.955 seconds
[2024-05-24T03:15:03.750+0000] {processor.py:161} INFO - Started process (PID=87482) to work on /home/airflow/.local/lib/python3.12/site-packages/airflow/example_dags/tutorial_objectstorage.py
[2024-05-24T03:15:03.752+0000] {processor.py:830} INFO - Processing file /home/airflow/.local/lib/python3.12/site-packages/airflow/example_dags/tutorial_objectstorage.py for tasks to queue
[2024-05-24T03:15:03.755+0000] {logging_mixin.py:188} INFO - [2024-05-24T03:15:03.754+0000] {dagbag.py:545} INFO - Filling up the DagBag from /home/airflow/.local/lib/python3.12/site-packages/airflow/example_dags/tutorial_objectstorage.py
[2024-05-24T03:15:03.764+0000] {processor.py:840} INFO - DAG(s) 'tutorial_objectstorage' retrieved from /home/airflow/.local/lib/python3.12/site-packages/airflow/example_dags/tutorial_objectstorage.py
[2024-05-24T03:15:03.789+0000] {logging_mixin.py:188} INFO - [2024-05-24T03:15:03.789+0000] {dag.py:3096} INFO - Sync 1 DAGs
[2024-05-24T03:15:03.806+0000] {logging_mixin.py:188} INFO - [2024-05-24T03:15:03.805+0000] {dag.py:3954} INFO - Setting next_dagrun for tutorial_objectstorage to None, run_after=None
[2024-05-24T03:15:03.825+0000] {processor.py:183} INFO - Processing /home/airflow/.local/lib/python3.12/site-packages/airflow/example_dags/tutorial_objectstorage.py took 0.082 seconds
[2024-05-24T05:04:13.134+0000] {processor.py:161} INFO - Started process (PID=87541) to work on /home/airflow/.local/lib/python3.12/site-packages/airflow/example_dags/tutorial_objectstorage.py
[2024-05-24T05:04:13.135+0000] {processor.py:830} INFO - Processing file /home/airflow/.local/lib/python3.12/site-packages/airflow/example_dags/tutorial_objectstorage.py for tasks to queue
[2024-05-24T05:04:13.136+0000] {logging_mixin.py:188} INFO - [2024-05-24T05:04:13.136+0000] {dagbag.py:545} INFO - Filling up the DagBag from /home/airflow/.local/lib/python3.12/site-packages/airflow/example_dags/tutorial_objectstorage.py
[2024-05-24T05:04:13.146+0000] {processor.py:840} INFO - DAG(s) 'tutorial_objectstorage' retrieved from /home/airflow/.local/lib/python3.12/site-packages/airflow/example_dags/tutorial_objectstorage.py
[2024-05-24T05:04:13.176+0000] {logging_mixin.py:188} INFO - [2024-05-24T05:04:13.176+0000] {dag.py:3096} INFO - Sync 1 DAGs
[2024-05-24T05:04:13.192+0000] {logging_mixin.py:188} INFO - [2024-05-24T05:04:13.191+0000] {dag.py:3954} INFO - Setting next_dagrun for tutorial_objectstorage to None, run_after=None
[2024-05-24T05:04:13.210+0000] {processor.py:183} INFO - Processing /home/airflow/.local/lib/python3.12/site-packages/airflow/example_dags/tutorial_objectstorage.py took 0.085 seconds
[2024-05-24T05:06:19.225+0000] {processor.py:161} INFO - Started process (PID=87600) to work on /home/airflow/.local/lib/python3.12/site-packages/airflow/example_dags/tutorial_objectstorage.py
[2024-05-24T05:06:19.232+0000] {processor.py:830} INFO - Processing file /home/airflow/.local/lib/python3.12/site-packages/airflow/example_dags/tutorial_objectstorage.py for tasks to queue
[2024-05-24T05:06:19.242+0000] {logging_mixin.py:188} INFO - [2024-05-24T05:06:19.240+0000] {dagbag.py:545} INFO - Filling up the DagBag from /home/airflow/.local/lib/python3.12/site-packages/airflow/example_dags/tutorial_objectstorage.py
[2024-05-24T05:06:19.269+0000] {processor.py:840} INFO - DAG(s) 'tutorial_objectstorage' retrieved from /home/airflow/.local/lib/python3.12/site-packages/airflow/example_dags/tutorial_objectstorage.py
[2024-05-24T05:06:19.305+0000] {logging_mixin.py:188} INFO - [2024-05-24T05:06:19.304+0000] {dag.py:3096} INFO - Sync 1 DAGs
[2024-05-24T05:06:19.320+0000] {logging_mixin.py:188} INFO - [2024-05-24T05:06:19.320+0000] {dag.py:3954} INFO - Setting next_dagrun for tutorial_objectstorage to None, run_after=None
[2024-05-24T05:06:19.339+0000] {processor.py:183} INFO - Processing /home/airflow/.local/lib/python3.12/site-packages/airflow/example_dags/tutorial_objectstorage.py took 0.123 seconds
[2024-05-24T05:40:30.519+0000] {processor.py:161} INFO - Started process (PID=87659) to work on /home/airflow/.local/lib/python3.12/site-packages/airflow/example_dags/tutorial_objectstorage.py
[2024-05-24T05:40:30.520+0000] {processor.py:830} INFO - Processing file /home/airflow/.local/lib/python3.12/site-packages/airflow/example_dags/tutorial_objectstorage.py for tasks to queue
[2024-05-24T05:40:30.521+0000] {logging_mixin.py:188} INFO - [2024-05-24T05:40:30.521+0000] {dagbag.py:545} INFO - Filling up the DagBag from /home/airflow/.local/lib/python3.12/site-packages/airflow/example_dags/tutorial_objectstorage.py
[2024-05-24T05:40:30.534+0000] {processor.py:840} INFO - DAG(s) 'tutorial_objectstorage' retrieved from /home/airflow/.local/lib/python3.12/site-packages/airflow/example_dags/tutorial_objectstorage.py
[2024-05-24T05:40:30.567+0000] {logging_mixin.py:188} INFO - [2024-05-24T05:40:30.566+0000] {dag.py:3096} INFO - Sync 1 DAGs
[2024-05-24T05:40:30.583+0000] {logging_mixin.py:188} INFO - [2024-05-24T05:40:30.583+0000] {dag.py:3954} INFO - Setting next_dagrun for tutorial_objectstorage to None, run_after=None
[2024-05-24T05:40:30.605+0000] {processor.py:183} INFO - Processing /home/airflow/.local/lib/python3.12/site-packages/airflow/example_dags/tutorial_objectstorage.py took 0.094 seconds
[2024-05-24T06:37:01.347+0000] {processor.py:161} INFO - Started process (PID=87724) to work on /home/airflow/.local/lib/python3.12/site-packages/airflow/example_dags/tutorial_objectstorage.py
[2024-05-24T06:37:01.351+0000] {processor.py:830} INFO - Processing file /home/airflow/.local/lib/python3.12/site-packages/airflow/example_dags/tutorial_objectstorage.py for tasks to queue
[2024-05-24T06:37:01.355+0000] {logging_mixin.py:188} INFO - [2024-05-24T06:37:01.355+0000] {dagbag.py:545} INFO - Filling up the DagBag from /home/airflow/.local/lib/python3.12/site-packages/airflow/example_dags/tutorial_objectstorage.py
[2024-05-24T06:37:01.385+0000] {processor.py:840} INFO - DAG(s) 'tutorial_objectstorage' retrieved from /home/airflow/.local/lib/python3.12/site-packages/airflow/example_dags/tutorial_objectstorage.py
[2024-05-24T06:37:01.445+0000] {logging_mixin.py:188} INFO - [2024-05-24T06:37:01.445+0000] {dag.py:3096} INFO - Sync 1 DAGs
[2024-05-24T06:37:01.496+0000] {logging_mixin.py:188} INFO - [2024-05-24T06:37:01.490+0000] {dag.py:3954} INFO - Setting next_dagrun for tutorial_objectstorage to None, run_after=None
[2024-05-24T06:37:01.579+0000] {processor.py:183} INFO - Processing /home/airflow/.local/lib/python3.12/site-packages/airflow/example_dags/tutorial_objectstorage.py took 0.256 seconds
[2024-05-24T07:35:43.686+0000] {processor.py:161} INFO - Started process (PID=87792) to work on /home/airflow/.local/lib/python3.12/site-packages/airflow/example_dags/tutorial_objectstorage.py
[2024-05-24T07:35:43.688+0000] {processor.py:830} INFO - Processing file /home/airflow/.local/lib/python3.12/site-packages/airflow/example_dags/tutorial_objectstorage.py for tasks to queue
[2024-05-24T07:35:43.690+0000] {logging_mixin.py:188} INFO - [2024-05-24T07:35:43.689+0000] {dagbag.py:545} INFO - Filling up the DagBag from /home/airflow/.local/lib/python3.12/site-packages/airflow/example_dags/tutorial_objectstorage.py
[2024-05-24T07:35:43.699+0000] {processor.py:840} INFO - DAG(s) 'tutorial_objectstorage' retrieved from /home/airflow/.local/lib/python3.12/site-packages/airflow/example_dags/tutorial_objectstorage.py
[2024-05-24T07:35:43.720+0000] {logging_mixin.py:188} INFO - [2024-05-24T07:35:43.720+0000] {dag.py:3096} INFO - Sync 1 DAGs
[2024-05-24T07:35:43.736+0000] {logging_mixin.py:188} INFO - [2024-05-24T07:35:43.736+0000] {dag.py:3954} INFO - Setting next_dagrun for tutorial_objectstorage to None, run_after=None
[2024-05-24T07:35:43.757+0000] {processor.py:183} INFO - Processing /home/airflow/.local/lib/python3.12/site-packages/airflow/example_dags/tutorial_objectstorage.py took 0.078 seconds
[2024-05-24T07:41:38.852+0000] {processor.py:161} INFO - Started process (PID=87851) to work on /home/airflow/.local/lib/python3.12/site-packages/airflow/example_dags/tutorial_objectstorage.py
[2024-05-24T07:41:38.854+0000] {processor.py:830} INFO - Processing file /home/airflow/.local/lib/python3.12/site-packages/airflow/example_dags/tutorial_objectstorage.py for tasks to queue
[2024-05-24T07:41:38.855+0000] {logging_mixin.py:188} INFO - [2024-05-24T07:41:38.855+0000] {dagbag.py:545} INFO - Filling up the DagBag from /home/airflow/.local/lib/python3.12/site-packages/airflow/example_dags/tutorial_objectstorage.py
[2024-05-24T07:41:38.865+0000] {processor.py:840} INFO - DAG(s) 'tutorial_objectstorage' retrieved from /home/airflow/.local/lib/python3.12/site-packages/airflow/example_dags/tutorial_objectstorage.py
[2024-05-24T07:41:38.886+0000] {logging_mixin.py:188} INFO - [2024-05-24T07:41:38.886+0000] {dag.py:3096} INFO - Sync 1 DAGs
[2024-05-24T07:41:38.901+0000] {logging_mixin.py:188} INFO - [2024-05-24T07:41:38.901+0000] {dag.py:3954} INFO - Setting next_dagrun for tutorial_objectstorage to None, run_after=None
[2024-05-24T07:41:38.919+0000] {processor.py:183} INFO - Processing /home/airflow/.local/lib/python3.12/site-packages/airflow/example_dags/tutorial_objectstorage.py took 0.076 seconds
[2024-05-24T08:42:35.277+0000] {processor.py:161} INFO - Started process (PID=87910) to work on /home/airflow/.local/lib/python3.12/site-packages/airflow/example_dags/tutorial_objectstorage.py
[2024-05-24T08:42:35.278+0000] {processor.py:830} INFO - Processing file /home/airflow/.local/lib/python3.12/site-packages/airflow/example_dags/tutorial_objectstorage.py for tasks to queue
[2024-05-24T08:42:35.279+0000] {logging_mixin.py:188} INFO - [2024-05-24T08:42:35.279+0000] {dagbag.py:545} INFO - Filling up the DagBag from /home/airflow/.local/lib/python3.12/site-packages/airflow/example_dags/tutorial_objectstorage.py
[2024-05-24T08:42:35.290+0000] {processor.py:840} INFO - DAG(s) 'tutorial_objectstorage' retrieved from /home/airflow/.local/lib/python3.12/site-packages/airflow/example_dags/tutorial_objectstorage.py
[2024-05-24T08:42:35.312+0000] {logging_mixin.py:188} INFO - [2024-05-24T08:42:35.312+0000] {dag.py:3096} INFO - Sync 1 DAGs
[2024-05-24T08:42:35.328+0000] {logging_mixin.py:188} INFO - [2024-05-24T08:42:35.328+0000] {dag.py:3954} INFO - Setting next_dagrun for tutorial_objectstorage to None, run_after=None
[2024-05-24T08:42:35.354+0000] {processor.py:183} INFO - Processing /home/airflow/.local/lib/python3.12/site-packages/airflow/example_dags/tutorial_objectstorage.py took 0.086 seconds
[2024-05-24T09:43:47.288+0000] {processor.py:161} INFO - Started process (PID=87968) to work on /home/airflow/.local/lib/python3.12/site-packages/airflow/example_dags/tutorial_objectstorage.py
[2024-05-24T09:43:47.289+0000] {processor.py:830} INFO - Processing file /home/airflow/.local/lib/python3.12/site-packages/airflow/example_dags/tutorial_objectstorage.py for tasks to queue
[2024-05-24T09:43:47.290+0000] {logging_mixin.py:188} INFO - [2024-05-24T09:43:47.290+0000] {dagbag.py:545} INFO - Filling up the DagBag from /home/airflow/.local/lib/python3.12/site-packages/airflow/example_dags/tutorial_objectstorage.py
[2024-05-24T09:43:47.300+0000] {processor.py:840} INFO - DAG(s) 'tutorial_objectstorage' retrieved from /home/airflow/.local/lib/python3.12/site-packages/airflow/example_dags/tutorial_objectstorage.py
[2024-05-24T09:43:47.321+0000] {logging_mixin.py:188} INFO - [2024-05-24T09:43:47.321+0000] {dag.py:3096} INFO - Sync 1 DAGs
[2024-05-24T09:43:47.336+0000] {logging_mixin.py:188} INFO - [2024-05-24T09:43:47.336+0000] {dag.py:3954} INFO - Setting next_dagrun for tutorial_objectstorage to None, run_after=None
[2024-05-24T09:43:47.355+0000] {processor.py:183} INFO - Processing /home/airflow/.local/lib/python3.12/site-packages/airflow/example_dags/tutorial_objectstorage.py took 0.076 seconds
[2024-05-24T10:44:56.356+0000] {processor.py:161} INFO - Started process (PID=88027) to work on /home/airflow/.local/lib/python3.12/site-packages/airflow/example_dags/tutorial_objectstorage.py
[2024-05-24T10:44:56.357+0000] {processor.py:830} INFO - Processing file /home/airflow/.local/lib/python3.12/site-packages/airflow/example_dags/tutorial_objectstorage.py for tasks to queue
[2024-05-24T10:44:56.358+0000] {logging_mixin.py:188} INFO - [2024-05-24T10:44:56.358+0000] {dagbag.py:545} INFO - Filling up the DagBag from /home/airflow/.local/lib/python3.12/site-packages/airflow/example_dags/tutorial_objectstorage.py
[2024-05-24T10:44:56.369+0000] {processor.py:840} INFO - DAG(s) 'tutorial_objectstorage' retrieved from /home/airflow/.local/lib/python3.12/site-packages/airflow/example_dags/tutorial_objectstorage.py
[2024-05-24T10:44:56.389+0000] {logging_mixin.py:188} INFO - [2024-05-24T10:44:56.389+0000] {dag.py:3096} INFO - Sync 1 DAGs
[2024-05-24T10:44:56.404+0000] {logging_mixin.py:188} INFO - [2024-05-24T10:44:56.404+0000] {dag.py:3954} INFO - Setting next_dagrun for tutorial_objectstorage to None, run_after=None
[2024-05-24T10:44:56.423+0000] {processor.py:183} INFO - Processing /home/airflow/.local/lib/python3.12/site-packages/airflow/example_dags/tutorial_objectstorage.py took 0.074 seconds
[2024-05-24T11:46:04.121+0000] {processor.py:161} INFO - Started process (PID=88086) to work on /home/airflow/.local/lib/python3.12/site-packages/airflow/example_dags/tutorial_objectstorage.py
[2024-05-24T11:46:04.127+0000] {processor.py:830} INFO - Processing file /home/airflow/.local/lib/python3.12/site-packages/airflow/example_dags/tutorial_objectstorage.py for tasks to queue
[2024-05-24T11:46:04.128+0000] {logging_mixin.py:188} INFO - [2024-05-24T11:46:04.128+0000] {dagbag.py:545} INFO - Filling up the DagBag from /home/airflow/.local/lib/python3.12/site-packages/airflow/example_dags/tutorial_objectstorage.py
[2024-05-24T11:46:04.165+0000] {processor.py:840} INFO - DAG(s) 'tutorial_objectstorage' retrieved from /home/airflow/.local/lib/python3.12/site-packages/airflow/example_dags/tutorial_objectstorage.py
[2024-05-24T11:46:04.347+0000] {logging_mixin.py:188} INFO - [2024-05-24T11:46:04.341+0000] {dag.py:3096} INFO - Sync 1 DAGs
[2024-05-24T11:46:04.433+0000] {logging_mixin.py:188} INFO - [2024-05-24T11:46:04.433+0000] {dag.py:3954} INFO - Setting next_dagrun for tutorial_objectstorage to None, run_after=None
[2024-05-24T11:46:04.539+0000] {processor.py:183} INFO - Processing /home/airflow/.local/lib/python3.12/site-packages/airflow/example_dags/tutorial_objectstorage.py took 0.435 seconds
[2024-05-24T12:47:08.496+0000] {processor.py:161} INFO - Started process (PID=88145) to work on /home/airflow/.local/lib/python3.12/site-packages/airflow/example_dags/tutorial_objectstorage.py
[2024-05-24T12:47:08.497+0000] {processor.py:830} INFO - Processing file /home/airflow/.local/lib/python3.12/site-packages/airflow/example_dags/tutorial_objectstorage.py for tasks to queue
[2024-05-24T12:47:08.498+0000] {logging_mixin.py:188} INFO - [2024-05-24T12:47:08.498+0000] {dagbag.py:545} INFO - Filling up the DagBag from /home/airflow/.local/lib/python3.12/site-packages/airflow/example_dags/tutorial_objectstorage.py
[2024-05-24T12:47:08.511+0000] {processor.py:840} INFO - DAG(s) 'tutorial_objectstorage' retrieved from /home/airflow/.local/lib/python3.12/site-packages/airflow/example_dags/tutorial_objectstorage.py
[2024-05-24T12:47:08.533+0000] {logging_mixin.py:188} INFO - [2024-05-24T12:47:08.533+0000] {dag.py:3096} INFO - Sync 1 DAGs
[2024-05-24T12:47:08.549+0000] {logging_mixin.py:188} INFO - [2024-05-24T12:47:08.549+0000] {dag.py:3954} INFO - Setting next_dagrun for tutorial_objectstorage to None, run_after=None
[2024-05-24T12:47:08.569+0000] {processor.py:183} INFO - Processing /home/airflow/.local/lib/python3.12/site-packages/airflow/example_dags/tutorial_objectstorage.py took 0.081 seconds
[2024-05-24T13:48:17.265+0000] {processor.py:161} INFO - Started process (PID=88204) to work on /home/airflow/.local/lib/python3.12/site-packages/airflow/example_dags/tutorial_objectstorage.py
[2024-05-24T13:48:17.266+0000] {processor.py:830} INFO - Processing file /home/airflow/.local/lib/python3.12/site-packages/airflow/example_dags/tutorial_objectstorage.py for tasks to queue
[2024-05-24T13:48:17.268+0000] {logging_mixin.py:188} INFO - [2024-05-24T13:48:17.267+0000] {dagbag.py:545} INFO - Filling up the DagBag from /home/airflow/.local/lib/python3.12/site-packages/airflow/example_dags/tutorial_objectstorage.py
[2024-05-24T13:48:17.280+0000] {processor.py:840} INFO - DAG(s) 'tutorial_objectstorage' retrieved from /home/airflow/.local/lib/python3.12/site-packages/airflow/example_dags/tutorial_objectstorage.py
[2024-05-24T13:48:17.304+0000] {logging_mixin.py:188} INFO - [2024-05-24T13:48:17.304+0000] {dag.py:3096} INFO - Sync 1 DAGs
[2024-05-24T13:48:17.319+0000] {logging_mixin.py:188} INFO - [2024-05-24T13:48:17.319+0000] {dag.py:3954} INFO - Setting next_dagrun for tutorial_objectstorage to None, run_after=None
[2024-05-24T13:48:17.338+0000] {processor.py:183} INFO - Processing /home/airflow/.local/lib/python3.12/site-packages/airflow/example_dags/tutorial_objectstorage.py took 0.081 seconds
[2024-05-24T14:49:27.275+0000] {processor.py:161} INFO - Started process (PID=88257) to work on /home/airflow/.local/lib/python3.12/site-packages/airflow/example_dags/tutorial_objectstorage.py
[2024-05-24T14:49:27.276+0000] {processor.py:830} INFO - Processing file /home/airflow/.local/lib/python3.12/site-packages/airflow/example_dags/tutorial_objectstorage.py for tasks to queue
[2024-05-24T14:49:27.277+0000] {logging_mixin.py:188} INFO - [2024-05-24T14:49:27.277+0000] {dagbag.py:545} INFO - Filling up the DagBag from /home/airflow/.local/lib/python3.12/site-packages/airflow/example_dags/tutorial_objectstorage.py
[2024-05-24T14:49:27.287+0000] {processor.py:840} INFO - DAG(s) 'tutorial_objectstorage' retrieved from /home/airflow/.local/lib/python3.12/site-packages/airflow/example_dags/tutorial_objectstorage.py
[2024-05-24T14:49:27.310+0000] {logging_mixin.py:188} INFO - [2024-05-24T14:49:27.310+0000] {dag.py:3096} INFO - Sync 1 DAGs
[2024-05-24T14:49:27.327+0000] {logging_mixin.py:188} INFO - [2024-05-24T14:49:27.327+0000] {dag.py:3954} INFO - Setting next_dagrun for tutorial_objectstorage to None, run_after=None
[2024-05-24T14:49:27.346+0000] {processor.py:183} INFO - Processing /home/airflow/.local/lib/python3.12/site-packages/airflow/example_dags/tutorial_objectstorage.py took 0.079 seconds
[2024-05-24T15:48:52.675+0000] {processor.py:161} INFO - Started process (PID=88316) to work on /home/airflow/.local/lib/python3.12/site-packages/airflow/example_dags/tutorial_objectstorage.py
[2024-05-24T15:48:52.677+0000] {processor.py:830} INFO - Processing file /home/airflow/.local/lib/python3.12/site-packages/airflow/example_dags/tutorial_objectstorage.py for tasks to queue
[2024-05-24T15:48:52.678+0000] {logging_mixin.py:188} INFO - [2024-05-24T15:48:52.678+0000] {dagbag.py:545} INFO - Filling up the DagBag from /home/airflow/.local/lib/python3.12/site-packages/airflow/example_dags/tutorial_objectstorage.py
[2024-05-24T15:48:52.690+0000] {processor.py:840} INFO - DAG(s) 'tutorial_objectstorage' retrieved from /home/airflow/.local/lib/python3.12/site-packages/airflow/example_dags/tutorial_objectstorage.py
[2024-05-24T15:48:52.711+0000] {logging_mixin.py:188} INFO - [2024-05-24T15:48:52.710+0000] {dag.py:3096} INFO - Sync 1 DAGs
[2024-05-24T15:48:52.725+0000] {logging_mixin.py:188} INFO - [2024-05-24T15:48:52.725+0000] {dag.py:3954} INFO - Setting next_dagrun for tutorial_objectstorage to None, run_after=None
[2024-05-24T15:48:52.743+0000] {processor.py:183} INFO - Processing /home/airflow/.local/lib/python3.12/site-packages/airflow/example_dags/tutorial_objectstorage.py took 0.076 seconds
[2024-05-24T15:50:35.818+0000] {processor.py:161} INFO - Started process (PID=88381) to work on /home/airflow/.local/lib/python3.12/site-packages/airflow/example_dags/tutorial_objectstorage.py
[2024-05-24T15:50:35.820+0000] {processor.py:830} INFO - Processing file /home/airflow/.local/lib/python3.12/site-packages/airflow/example_dags/tutorial_objectstorage.py for tasks to queue
[2024-05-24T15:50:35.821+0000] {logging_mixin.py:188} INFO - [2024-05-24T15:50:35.821+0000] {dagbag.py:545} INFO - Filling up the DagBag from /home/airflow/.local/lib/python3.12/site-packages/airflow/example_dags/tutorial_objectstorage.py
[2024-05-24T15:50:35.832+0000] {processor.py:840} INFO - DAG(s) 'tutorial_objectstorage' retrieved from /home/airflow/.local/lib/python3.12/site-packages/airflow/example_dags/tutorial_objectstorage.py
[2024-05-24T15:50:35.854+0000] {logging_mixin.py:188} INFO - [2024-05-24T15:50:35.854+0000] {dag.py:3096} INFO - Sync 1 DAGs
[2024-05-24T15:50:35.889+0000] {logging_mixin.py:188} INFO - [2024-05-24T15:50:35.889+0000] {dag.py:3954} INFO - Setting next_dagrun for tutorial_objectstorage to None, run_after=None
[2024-05-24T15:50:35.910+0000] {processor.py:183} INFO - Processing /home/airflow/.local/lib/python3.12/site-packages/airflow/example_dags/tutorial_objectstorage.py took 0.107 seconds
[2024-05-24T16:51:45.549+0000] {processor.py:161} INFO - Started process (PID=88439) to work on /home/airflow/.local/lib/python3.12/site-packages/airflow/example_dags/tutorial_objectstorage.py
[2024-05-24T16:51:45.558+0000] {processor.py:830} INFO - Processing file /home/airflow/.local/lib/python3.12/site-packages/airflow/example_dags/tutorial_objectstorage.py for tasks to queue
[2024-05-24T16:51:45.572+0000] {logging_mixin.py:188} INFO - [2024-05-24T16:51:45.565+0000] {dagbag.py:545} INFO - Filling up the DagBag from /home/airflow/.local/lib/python3.12/site-packages/airflow/example_dags/tutorial_objectstorage.py
[2024-05-24T16:51:45.611+0000] {processor.py:840} INFO - DAG(s) 'tutorial_objectstorage' retrieved from /home/airflow/.local/lib/python3.12/site-packages/airflow/example_dags/tutorial_objectstorage.py
[2024-05-24T16:51:45.692+0000] {logging_mixin.py:188} INFO - [2024-05-24T16:51:45.692+0000] {dag.py:3096} INFO - Sync 1 DAGs
[2024-05-24T16:51:45.772+0000] {logging_mixin.py:188} INFO - [2024-05-24T16:51:45.772+0000] {dag.py:3954} INFO - Setting next_dagrun for tutorial_objectstorage to None, run_after=None
[2024-05-24T16:51:45.894+0000] {processor.py:183} INFO - Processing /home/airflow/.local/lib/python3.12/site-packages/airflow/example_dags/tutorial_objectstorage.py took 0.382 seconds
[2024-05-24T17:50:15.047+0000] {processor.py:161} INFO - Started process (PID=88492) to work on /home/airflow/.local/lib/python3.12/site-packages/airflow/example_dags/tutorial_objectstorage.py
[2024-05-24T17:50:15.049+0000] {processor.py:830} INFO - Processing file /home/airflow/.local/lib/python3.12/site-packages/airflow/example_dags/tutorial_objectstorage.py for tasks to queue
[2024-05-24T17:50:15.051+0000] {logging_mixin.py:188} INFO - [2024-05-24T17:50:15.050+0000] {dagbag.py:545} INFO - Filling up the DagBag from /home/airflow/.local/lib/python3.12/site-packages/airflow/example_dags/tutorial_objectstorage.py
[2024-05-24T17:50:15.061+0000] {processor.py:840} INFO - DAG(s) 'tutorial_objectstorage' retrieved from /home/airflow/.local/lib/python3.12/site-packages/airflow/example_dags/tutorial_objectstorage.py
[2024-05-24T17:50:15.081+0000] {logging_mixin.py:188} INFO - [2024-05-24T17:50:15.081+0000] {dag.py:3096} INFO - Sync 1 DAGs
[2024-05-24T17:50:15.098+0000] {logging_mixin.py:188} INFO - [2024-05-24T17:50:15.098+0000] {dag.py:3954} INFO - Setting next_dagrun for tutorial_objectstorage to None, run_after=None
[2024-05-24T17:50:15.118+0000] {processor.py:183} INFO - Processing /home/airflow/.local/lib/python3.12/site-packages/airflow/example_dags/tutorial_objectstorage.py took 0.082 seconds
[2024-05-24T17:50:45.555+0000] {processor.py:161} INFO - Started process (PID=88551) to work on /home/airflow/.local/lib/python3.12/site-packages/airflow/example_dags/tutorial_objectstorage.py
[2024-05-24T17:50:45.557+0000] {processor.py:830} INFO - Processing file /home/airflow/.local/lib/python3.12/site-packages/airflow/example_dags/tutorial_objectstorage.py for tasks to queue
[2024-05-24T17:50:45.558+0000] {logging_mixin.py:188} INFO - [2024-05-24T17:50:45.557+0000] {dagbag.py:545} INFO - Filling up the DagBag from /home/airflow/.local/lib/python3.12/site-packages/airflow/example_dags/tutorial_objectstorage.py
[2024-05-24T17:50:45.567+0000] {processor.py:840} INFO - DAG(s) 'tutorial_objectstorage' retrieved from /home/airflow/.local/lib/python3.12/site-packages/airflow/example_dags/tutorial_objectstorage.py
[2024-05-24T17:50:45.591+0000] {logging_mixin.py:188} INFO - [2024-05-24T17:50:45.590+0000] {dag.py:3096} INFO - Sync 1 DAGs
[2024-05-24T17:50:45.606+0000] {logging_mixin.py:188} INFO - [2024-05-24T17:50:45.605+0000] {dag.py:3954} INFO - Setting next_dagrun for tutorial_objectstorage to None, run_after=None
[2024-05-24T17:50:45.624+0000] {processor.py:183} INFO - Processing /home/airflow/.local/lib/python3.12/site-packages/airflow/example_dags/tutorial_objectstorage.py took 0.077 seconds
[2024-05-24T18:53:40.042+0000] {processor.py:161} INFO - Started process (PID=88610) to work on /home/airflow/.local/lib/python3.12/site-packages/airflow/example_dags/tutorial_objectstorage.py
[2024-05-24T18:53:40.044+0000] {processor.py:830} INFO - Processing file /home/airflow/.local/lib/python3.12/site-packages/airflow/example_dags/tutorial_objectstorage.py for tasks to queue
[2024-05-24T18:53:40.045+0000] {logging_mixin.py:188} INFO - [2024-05-24T18:53:40.045+0000] {dagbag.py:545} INFO - Filling up the DagBag from /home/airflow/.local/lib/python3.12/site-packages/airflow/example_dags/tutorial_objectstorage.py
[2024-05-24T18:53:40.066+0000] {processor.py:840} INFO - DAG(s) 'tutorial_objectstorage' retrieved from /home/airflow/.local/lib/python3.12/site-packages/airflow/example_dags/tutorial_objectstorage.py
[2024-05-24T18:53:40.096+0000] {logging_mixin.py:188} INFO - [2024-05-24T18:53:40.095+0000] {dag.py:3096} INFO - Sync 1 DAGs
[2024-05-24T18:53:40.143+0000] {logging_mixin.py:188} INFO - [2024-05-24T18:53:40.143+0000] {dag.py:3954} INFO - Setting next_dagrun for tutorial_objectstorage to None, run_after=None
[2024-05-24T18:53:40.189+0000] {processor.py:183} INFO - Processing /home/airflow/.local/lib/python3.12/site-packages/airflow/example_dags/tutorial_objectstorage.py took 0.170 seconds
[2024-05-24T19:53:33.379+0000] {processor.py:161} INFO - Started process (PID=88669) to work on /home/airflow/.local/lib/python3.12/site-packages/airflow/example_dags/tutorial_objectstorage.py
[2024-05-24T19:53:33.380+0000] {processor.py:830} INFO - Processing file /home/airflow/.local/lib/python3.12/site-packages/airflow/example_dags/tutorial_objectstorage.py for tasks to queue
[2024-05-24T19:53:33.382+0000] {logging_mixin.py:188} INFO - [2024-05-24T19:53:33.381+0000] {dagbag.py:545} INFO - Filling up the DagBag from /home/airflow/.local/lib/python3.12/site-packages/airflow/example_dags/tutorial_objectstorage.py
[2024-05-24T19:53:33.393+0000] {processor.py:840} INFO - DAG(s) 'tutorial_objectstorage' retrieved from /home/airflow/.local/lib/python3.12/site-packages/airflow/example_dags/tutorial_objectstorage.py
[2024-05-24T19:53:33.417+0000] {logging_mixin.py:188} INFO - [2024-05-24T19:53:33.417+0000] {dag.py:3096} INFO - Sync 1 DAGs
[2024-05-24T19:53:33.434+0000] {logging_mixin.py:188} INFO - [2024-05-24T19:53:33.434+0000] {dag.py:3954} INFO - Setting next_dagrun for tutorial_objectstorage to None, run_after=None
[2024-05-24T19:53:33.457+0000] {processor.py:183} INFO - Processing /home/airflow/.local/lib/python3.12/site-packages/airflow/example_dags/tutorial_objectstorage.py took 0.086 seconds
[2024-05-24T20:54:49.941+0000] {processor.py:161} INFO - Started process (PID=88734) to work on /home/airflow/.local/lib/python3.12/site-packages/airflow/example_dags/tutorial_objectstorage.py
[2024-05-24T20:54:49.944+0000] {processor.py:830} INFO - Processing file /home/airflow/.local/lib/python3.12/site-packages/airflow/example_dags/tutorial_objectstorage.py for tasks to queue
[2024-05-24T20:54:49.946+0000] {logging_mixin.py:188} INFO - [2024-05-24T20:54:49.945+0000] {dagbag.py:545} INFO - Filling up the DagBag from /home/airflow/.local/lib/python3.12/site-packages/airflow/example_dags/tutorial_objectstorage.py
[2024-05-24T20:54:49.960+0000] {processor.py:840} INFO - DAG(s) 'tutorial_objectstorage' retrieved from /home/airflow/.local/lib/python3.12/site-packages/airflow/example_dags/tutorial_objectstorage.py
[2024-05-24T20:54:49.987+0000] {logging_mixin.py:188} INFO - [2024-05-24T20:54:49.987+0000] {dag.py:3096} INFO - Sync 1 DAGs
[2024-05-24T20:54:50.006+0000] {logging_mixin.py:188} INFO - [2024-05-24T20:54:50.005+0000] {dag.py:3954} INFO - Setting next_dagrun for tutorial_objectstorage to None, run_after=None
[2024-05-24T20:54:50.037+0000] {processor.py:183} INFO - Processing /home/airflow/.local/lib/python3.12/site-packages/airflow/example_dags/tutorial_objectstorage.py took 0.107 seconds
[2024-05-24T21:55:56.324+0000] {processor.py:161} INFO - Started process (PID=88793) to work on /home/airflow/.local/lib/python3.12/site-packages/airflow/example_dags/tutorial_objectstorage.py
[2024-05-24T21:55:56.329+0000] {processor.py:830} INFO - Processing file /home/airflow/.local/lib/python3.12/site-packages/airflow/example_dags/tutorial_objectstorage.py for tasks to queue
[2024-05-24T21:55:56.332+0000] {logging_mixin.py:188} INFO - [2024-05-24T21:55:56.332+0000] {dagbag.py:545} INFO - Filling up the DagBag from /home/airflow/.local/lib/python3.12/site-packages/airflow/example_dags/tutorial_objectstorage.py
[2024-05-24T21:55:56.366+0000] {processor.py:840} INFO - DAG(s) 'tutorial_objectstorage' retrieved from /home/airflow/.local/lib/python3.12/site-packages/airflow/example_dags/tutorial_objectstorage.py
[2024-05-24T21:55:56.430+0000] {logging_mixin.py:188} INFO - [2024-05-24T21:55:56.430+0000] {dag.py:3096} INFO - Sync 1 DAGs
[2024-05-24T21:55:56.485+0000] {logging_mixin.py:188} INFO - [2024-05-24T21:55:56.484+0000] {dag.py:3954} INFO - Setting next_dagrun for tutorial_objectstorage to None, run_after=None
[2024-05-24T21:55:56.574+0000] {processor.py:183} INFO - Processing /home/airflow/.local/lib/python3.12/site-packages/airflow/example_dags/tutorial_objectstorage.py took 0.276 seconds
[2024-05-24T22:57:00.213+0000] {processor.py:161} INFO - Started process (PID=88846) to work on /home/airflow/.local/lib/python3.12/site-packages/airflow/example_dags/tutorial_objectstorage.py
[2024-05-24T22:57:00.215+0000] {processor.py:830} INFO - Processing file /home/airflow/.local/lib/python3.12/site-packages/airflow/example_dags/tutorial_objectstorage.py for tasks to queue
[2024-05-24T22:57:00.216+0000] {logging_mixin.py:188} INFO - [2024-05-24T22:57:00.216+0000] {dagbag.py:545} INFO - Filling up the DagBag from /home/airflow/.local/lib/python3.12/site-packages/airflow/example_dags/tutorial_objectstorage.py
[2024-05-24T22:57:00.227+0000] {processor.py:840} INFO - DAG(s) 'tutorial_objectstorage' retrieved from /home/airflow/.local/lib/python3.12/site-packages/airflow/example_dags/tutorial_objectstorage.py
[2024-05-24T22:57:00.251+0000] {logging_mixin.py:188} INFO - [2024-05-24T22:57:00.250+0000] {dag.py:3096} INFO - Sync 1 DAGs
[2024-05-24T22:57:00.266+0000] {logging_mixin.py:188} INFO - [2024-05-24T22:57:00.266+0000] {dag.py:3954} INFO - Setting next_dagrun for tutorial_objectstorage to None, run_after=None
[2024-05-24T22:57:00.284+0000] {processor.py:183} INFO - Processing /home/airflow/.local/lib/python3.12/site-packages/airflow/example_dags/tutorial_objectstorage.py took 0.079 seconds
