[2024-05-24T00:10:46.776+0000] {processor.py:161} INFO - Started process (PID=87435) to work on /home/airflow/.local/lib/python3.12/site-packages/airflow/example_dags/tutorial_dag.py
[2024-05-24T00:10:46.777+0000] {processor.py:830} INFO - Processing file /home/airflow/.local/lib/python3.12/site-packages/airflow/example_dags/tutorial_dag.py for tasks to queue
[2024-05-24T00:10:46.778+0000] {logging_mixin.py:188} INFO - [2024-05-24T00:10:46.778+0000] {dagbag.py:545} INFO - Filling up the DagBag from /home/airflow/.local/lib/python3.12/site-packages/airflow/example_dags/tutorial_dag.py
[2024-05-24T00:10:46.784+0000] {processor.py:840} INFO - DAG(s) 'tutorial_dag' retrieved from /home/airflow/.local/lib/python3.12/site-packages/airflow/example_dags/tutorial_dag.py
[2024-05-24T00:10:46.816+0000] {logging_mixin.py:188} INFO - [2024-05-24T00:10:46.815+0000] {dag.py:3096} INFO - Sync 1 DAGs
[2024-05-24T00:10:46.832+0000] {logging_mixin.py:188} INFO - [2024-05-24T00:10:46.831+0000] {dag.py:3954} INFO - Setting next_dagrun for tutorial_dag to None, run_after=None
[2024-05-24T00:10:46.852+0000] {processor.py:183} INFO - Processing /home/airflow/.local/lib/python3.12/site-packages/airflow/example_dags/tutorial_dag.py took 0.084 seconds
[2024-05-24T03:15:04.481+0000] {processor.py:161} INFO - Started process (PID=87494) to work on /home/airflow/.local/lib/python3.12/site-packages/airflow/example_dags/tutorial_dag.py
[2024-05-24T03:15:04.482+0000] {processor.py:830} INFO - Processing file /home/airflow/.local/lib/python3.12/site-packages/airflow/example_dags/tutorial_dag.py for tasks to queue
[2024-05-24T03:15:04.483+0000] {logging_mixin.py:188} INFO - [2024-05-24T03:15:04.482+0000] {dagbag.py:545} INFO - Filling up the DagBag from /home/airflow/.local/lib/python3.12/site-packages/airflow/example_dags/tutorial_dag.py
[2024-05-24T03:15:04.489+0000] {processor.py:840} INFO - DAG(s) 'tutorial_dag' retrieved from /home/airflow/.local/lib/python3.12/site-packages/airflow/example_dags/tutorial_dag.py
[2024-05-24T03:15:04.512+0000] {logging_mixin.py:188} INFO - [2024-05-24T03:15:04.511+0000] {dag.py:3096} INFO - Sync 1 DAGs
[2024-05-24T03:15:04.528+0000] {logging_mixin.py:188} INFO - [2024-05-24T03:15:04.528+0000] {dag.py:3954} INFO - Setting next_dagrun for tutorial_dag to None, run_after=None
[2024-05-24T03:15:04.547+0000] {processor.py:183} INFO - Processing /home/airflow/.local/lib/python3.12/site-packages/airflow/example_dags/tutorial_dag.py took 0.074 seconds
[2024-05-24T05:04:13.930+0000] {processor.py:161} INFO - Started process (PID=87553) to work on /home/airflow/.local/lib/python3.12/site-packages/airflow/example_dags/tutorial_dag.py
[2024-05-24T05:04:13.932+0000] {processor.py:830} INFO - Processing file /home/airflow/.local/lib/python3.12/site-packages/airflow/example_dags/tutorial_dag.py for tasks to queue
[2024-05-24T05:04:13.933+0000] {logging_mixin.py:188} INFO - [2024-05-24T05:04:13.932+0000] {dagbag.py:545} INFO - Filling up the DagBag from /home/airflow/.local/lib/python3.12/site-packages/airflow/example_dags/tutorial_dag.py
[2024-05-24T05:04:13.939+0000] {processor.py:840} INFO - DAG(s) 'tutorial_dag' retrieved from /home/airflow/.local/lib/python3.12/site-packages/airflow/example_dags/tutorial_dag.py
[2024-05-24T05:04:13.967+0000] {logging_mixin.py:188} INFO - [2024-05-24T05:04:13.966+0000] {dag.py:3096} INFO - Sync 1 DAGs
[2024-05-24T05:04:13.984+0000] {logging_mixin.py:188} INFO - [2024-05-24T05:04:13.983+0000] {dag.py:3954} INFO - Setting next_dagrun for tutorial_dag to None, run_after=None
[2024-05-24T05:04:14.006+0000] {processor.py:183} INFO - Processing /home/airflow/.local/lib/python3.12/site-packages/airflow/example_dags/tutorial_dag.py took 0.083 seconds
[2024-05-24T05:06:20.031+0000] {processor.py:161} INFO - Started process (PID=87612) to work on /home/airflow/.local/lib/python3.12/site-packages/airflow/example_dags/tutorial_dag.py
[2024-05-24T05:06:20.032+0000] {processor.py:830} INFO - Processing file /home/airflow/.local/lib/python3.12/site-packages/airflow/example_dags/tutorial_dag.py for tasks to queue
[2024-05-24T05:06:20.034+0000] {logging_mixin.py:188} INFO - [2024-05-24T05:06:20.033+0000] {dagbag.py:545} INFO - Filling up the DagBag from /home/airflow/.local/lib/python3.12/site-packages/airflow/example_dags/tutorial_dag.py
[2024-05-24T05:06:20.040+0000] {processor.py:840} INFO - DAG(s) 'tutorial_dag' retrieved from /home/airflow/.local/lib/python3.12/site-packages/airflow/example_dags/tutorial_dag.py
[2024-05-24T05:06:20.064+0000] {logging_mixin.py:188} INFO - [2024-05-24T05:06:20.064+0000] {dag.py:3096} INFO - Sync 1 DAGs
[2024-05-24T05:06:20.081+0000] {logging_mixin.py:188} INFO - [2024-05-24T05:06:20.080+0000] {dag.py:3954} INFO - Setting next_dagrun for tutorial_dag to None, run_after=None
[2024-05-24T05:06:20.100+0000] {processor.py:183} INFO - Processing /home/airflow/.local/lib/python3.12/site-packages/airflow/example_dags/tutorial_dag.py took 0.077 seconds
[2024-05-24T05:40:31.338+0000] {processor.py:161} INFO - Started process (PID=87671) to work on /home/airflow/.local/lib/python3.12/site-packages/airflow/example_dags/tutorial_dag.py
[2024-05-24T05:40:31.339+0000] {processor.py:830} INFO - Processing file /home/airflow/.local/lib/python3.12/site-packages/airflow/example_dags/tutorial_dag.py for tasks to queue
[2024-05-24T05:40:31.340+0000] {logging_mixin.py:188} INFO - [2024-05-24T05:40:31.340+0000] {dagbag.py:545} INFO - Filling up the DagBag from /home/airflow/.local/lib/python3.12/site-packages/airflow/example_dags/tutorial_dag.py
[2024-05-24T05:40:31.347+0000] {processor.py:840} INFO - DAG(s) 'tutorial_dag' retrieved from /home/airflow/.local/lib/python3.12/site-packages/airflow/example_dags/tutorial_dag.py
[2024-05-24T05:40:31.373+0000] {logging_mixin.py:188} INFO - [2024-05-24T05:40:31.373+0000] {dag.py:3096} INFO - Sync 1 DAGs
[2024-05-24T05:40:31.389+0000] {logging_mixin.py:188} INFO - [2024-05-24T05:40:31.389+0000] {dag.py:3954} INFO - Setting next_dagrun for tutorial_dag to None, run_after=None
[2024-05-24T05:40:31.411+0000] {processor.py:183} INFO - Processing /home/airflow/.local/lib/python3.12/site-packages/airflow/example_dags/tutorial_dag.py took 0.080 seconds
[2024-05-24T06:37:02.684+0000] {processor.py:161} INFO - Started process (PID=87736) to work on /home/airflow/.local/lib/python3.12/site-packages/airflow/example_dags/tutorial_dag.py
[2024-05-24T06:37:02.686+0000] {processor.py:830} INFO - Processing file /home/airflow/.local/lib/python3.12/site-packages/airflow/example_dags/tutorial_dag.py for tasks to queue
[2024-05-24T06:37:02.687+0000] {logging_mixin.py:188} INFO - [2024-05-24T06:37:02.686+0000] {dagbag.py:545} INFO - Filling up the DagBag from /home/airflow/.local/lib/python3.12/site-packages/airflow/example_dags/tutorial_dag.py
[2024-05-24T06:37:02.693+0000] {processor.py:840} INFO - DAG(s) 'tutorial_dag' retrieved from /home/airflow/.local/lib/python3.12/site-packages/airflow/example_dags/tutorial_dag.py
[2024-05-24T06:37:02.723+0000] {logging_mixin.py:188} INFO - [2024-05-24T06:37:02.722+0000] {dag.py:3096} INFO - Sync 1 DAGs
[2024-05-24T06:37:02.744+0000] {logging_mixin.py:188} INFO - [2024-05-24T06:37:02.743+0000] {dag.py:3954} INFO - Setting next_dagrun for tutorial_dag to None, run_after=None
[2024-05-24T06:37:02.770+0000] {processor.py:183} INFO - Processing /home/airflow/.local/lib/python3.12/site-packages/airflow/example_dags/tutorial_dag.py took 0.094 seconds
[2024-05-24T07:35:44.454+0000] {processor.py:161} INFO - Started process (PID=87804) to work on /home/airflow/.local/lib/python3.12/site-packages/airflow/example_dags/tutorial_dag.py
[2024-05-24T07:35:44.456+0000] {processor.py:830} INFO - Processing file /home/airflow/.local/lib/python3.12/site-packages/airflow/example_dags/tutorial_dag.py for tasks to queue
[2024-05-24T07:35:44.458+0000] {logging_mixin.py:188} INFO - [2024-05-24T07:35:44.457+0000] {dagbag.py:545} INFO - Filling up the DagBag from /home/airflow/.local/lib/python3.12/site-packages/airflow/example_dags/tutorial_dag.py
[2024-05-24T07:35:44.466+0000] {processor.py:840} INFO - DAG(s) 'tutorial_dag' retrieved from /home/airflow/.local/lib/python3.12/site-packages/airflow/example_dags/tutorial_dag.py
[2024-05-24T07:35:44.490+0000] {logging_mixin.py:188} INFO - [2024-05-24T07:35:44.490+0000] {dag.py:3096} INFO - Sync 1 DAGs
[2024-05-24T07:35:44.509+0000] {logging_mixin.py:188} INFO - [2024-05-24T07:35:44.509+0000] {dag.py:3954} INFO - Setting next_dagrun for tutorial_dag to None, run_after=None
[2024-05-24T07:35:44.528+0000] {processor.py:183} INFO - Processing /home/airflow/.local/lib/python3.12/site-packages/airflow/example_dags/tutorial_dag.py took 0.081 seconds
[2024-05-24T07:41:39.650+0000] {processor.py:161} INFO - Started process (PID=87863) to work on /home/airflow/.local/lib/python3.12/site-packages/airflow/example_dags/tutorial_dag.py
[2024-05-24T07:41:39.651+0000] {processor.py:830} INFO - Processing file /home/airflow/.local/lib/python3.12/site-packages/airflow/example_dags/tutorial_dag.py for tasks to queue
[2024-05-24T07:41:39.653+0000] {logging_mixin.py:188} INFO - [2024-05-24T07:41:39.652+0000] {dagbag.py:545} INFO - Filling up the DagBag from /home/airflow/.local/lib/python3.12/site-packages/airflow/example_dags/tutorial_dag.py
[2024-05-24T07:41:39.659+0000] {processor.py:840} INFO - DAG(s) 'tutorial_dag' retrieved from /home/airflow/.local/lib/python3.12/site-packages/airflow/example_dags/tutorial_dag.py
[2024-05-24T07:41:39.683+0000] {logging_mixin.py:188} INFO - [2024-05-24T07:41:39.683+0000] {dag.py:3096} INFO - Sync 1 DAGs
[2024-05-24T07:41:39.701+0000] {logging_mixin.py:188} INFO - [2024-05-24T07:41:39.700+0000] {dag.py:3954} INFO - Setting next_dagrun for tutorial_dag to None, run_after=None
[2024-05-24T07:41:39.721+0000] {processor.py:183} INFO - Processing /home/airflow/.local/lib/python3.12/site-packages/airflow/example_dags/tutorial_dag.py took 0.079 seconds
[2024-05-24T08:42:36.085+0000] {processor.py:161} INFO - Started process (PID=87922) to work on /home/airflow/.local/lib/python3.12/site-packages/airflow/example_dags/tutorial_dag.py
[2024-05-24T08:42:36.086+0000] {processor.py:830} INFO - Processing file /home/airflow/.local/lib/python3.12/site-packages/airflow/example_dags/tutorial_dag.py for tasks to queue
[2024-05-24T08:42:36.087+0000] {logging_mixin.py:188} INFO - [2024-05-24T08:42:36.087+0000] {dagbag.py:545} INFO - Filling up the DagBag from /home/airflow/.local/lib/python3.12/site-packages/airflow/example_dags/tutorial_dag.py
[2024-05-24T08:42:36.093+0000] {processor.py:840} INFO - DAG(s) 'tutorial_dag' retrieved from /home/airflow/.local/lib/python3.12/site-packages/airflow/example_dags/tutorial_dag.py
[2024-05-24T08:42:36.117+0000] {logging_mixin.py:188} INFO - [2024-05-24T08:42:36.117+0000] {dag.py:3096} INFO - Sync 1 DAGs
[2024-05-24T08:42:36.133+0000] {logging_mixin.py:188} INFO - [2024-05-24T08:42:36.132+0000] {dag.py:3954} INFO - Setting next_dagrun for tutorial_dag to None, run_after=None
[2024-05-24T08:42:36.154+0000] {processor.py:183} INFO - Processing /home/airflow/.local/lib/python3.12/site-packages/airflow/example_dags/tutorial_dag.py took 0.077 seconds
[2024-05-24T09:43:48.262+0000] {processor.py:161} INFO - Started process (PID=87980) to work on /home/airflow/.local/lib/python3.12/site-packages/airflow/example_dags/tutorial_dag.py
[2024-05-24T09:43:48.265+0000] {processor.py:830} INFO - Processing file /home/airflow/.local/lib/python3.12/site-packages/airflow/example_dags/tutorial_dag.py for tasks to queue
[2024-05-24T09:43:48.273+0000] {logging_mixin.py:188} INFO - [2024-05-24T09:43:48.271+0000] {dagbag.py:545} INFO - Filling up the DagBag from /home/airflow/.local/lib/python3.12/site-packages/airflow/example_dags/tutorial_dag.py
[2024-05-24T09:43:48.286+0000] {processor.py:840} INFO - DAG(s) 'tutorial_dag' retrieved from /home/airflow/.local/lib/python3.12/site-packages/airflow/example_dags/tutorial_dag.py
[2024-05-24T09:43:48.337+0000] {logging_mixin.py:188} INFO - [2024-05-24T09:43:48.337+0000] {dag.py:3096} INFO - Sync 1 DAGs
[2024-05-24T09:43:48.370+0000] {logging_mixin.py:188} INFO - [2024-05-24T09:43:48.369+0000] {dag.py:3954} INFO - Setting next_dagrun for tutorial_dag to None, run_after=None
[2024-05-24T09:43:48.405+0000] {processor.py:183} INFO - Processing /home/airflow/.local/lib/python3.12/site-packages/airflow/example_dags/tutorial_dag.py took 0.161 seconds
[2024-05-24T10:44:57.120+0000] {processor.py:161} INFO - Started process (PID=88039) to work on /home/airflow/.local/lib/python3.12/site-packages/airflow/example_dags/tutorial_dag.py
[2024-05-24T10:44:57.122+0000] {processor.py:830} INFO - Processing file /home/airflow/.local/lib/python3.12/site-packages/airflow/example_dags/tutorial_dag.py for tasks to queue
[2024-05-24T10:44:57.123+0000] {logging_mixin.py:188} INFO - [2024-05-24T10:44:57.123+0000] {dagbag.py:545} INFO - Filling up the DagBag from /home/airflow/.local/lib/python3.12/site-packages/airflow/example_dags/tutorial_dag.py
[2024-05-24T10:44:57.129+0000] {processor.py:840} INFO - DAG(s) 'tutorial_dag' retrieved from /home/airflow/.local/lib/python3.12/site-packages/airflow/example_dags/tutorial_dag.py
[2024-05-24T10:44:57.156+0000] {logging_mixin.py:188} INFO - [2024-05-24T10:44:57.156+0000] {dag.py:3096} INFO - Sync 1 DAGs
[2024-05-24T10:44:57.183+0000] {logging_mixin.py:188} INFO - [2024-05-24T10:44:57.183+0000] {dag.py:3954} INFO - Setting next_dagrun for tutorial_dag to None, run_after=None
[2024-05-24T10:44:57.202+0000] {processor.py:183} INFO - Processing /home/airflow/.local/lib/python3.12/site-packages/airflow/example_dags/tutorial_dag.py took 0.089 seconds
[2024-05-24T11:46:07.178+0000] {processor.py:161} INFO - Started process (PID=88098) to work on /home/airflow/.local/lib/python3.12/site-packages/airflow/example_dags/tutorial_dag.py
[2024-05-24T11:46:07.183+0000] {processor.py:830} INFO - Processing file /home/airflow/.local/lib/python3.12/site-packages/airflow/example_dags/tutorial_dag.py for tasks to queue
[2024-05-24T11:46:07.186+0000] {logging_mixin.py:188} INFO - [2024-05-24T11:46:07.186+0000] {dagbag.py:545} INFO - Filling up the DagBag from /home/airflow/.local/lib/python3.12/site-packages/airflow/example_dags/tutorial_dag.py
[2024-05-24T11:46:07.214+0000] {processor.py:840} INFO - DAG(s) 'tutorial_dag' retrieved from /home/airflow/.local/lib/python3.12/site-packages/airflow/example_dags/tutorial_dag.py
[2024-05-24T11:46:07.326+0000] {logging_mixin.py:188} INFO - [2024-05-24T11:46:07.326+0000] {dag.py:3096} INFO - Sync 1 DAGs
[2024-05-24T11:46:07.452+0000] {logging_mixin.py:188} INFO - [2024-05-24T11:46:07.452+0000] {dag.py:3954} INFO - Setting next_dagrun for tutorial_dag to None, run_after=None
[2024-05-24T11:46:07.583+0000] {processor.py:183} INFO - Processing /home/airflow/.local/lib/python3.12/site-packages/airflow/example_dags/tutorial_dag.py took 0.438 seconds
[2024-05-24T12:47:09.320+0000] {processor.py:161} INFO - Started process (PID=88157) to work on /home/airflow/.local/lib/python3.12/site-packages/airflow/example_dags/tutorial_dag.py
[2024-05-24T12:47:09.322+0000] {processor.py:830} INFO - Processing file /home/airflow/.local/lib/python3.12/site-packages/airflow/example_dags/tutorial_dag.py for tasks to queue
[2024-05-24T12:47:09.323+0000] {logging_mixin.py:188} INFO - [2024-05-24T12:47:09.323+0000] {dagbag.py:545} INFO - Filling up the DagBag from /home/airflow/.local/lib/python3.12/site-packages/airflow/example_dags/tutorial_dag.py
[2024-05-24T12:47:09.331+0000] {processor.py:840} INFO - DAG(s) 'tutorial_dag' retrieved from /home/airflow/.local/lib/python3.12/site-packages/airflow/example_dags/tutorial_dag.py
[2024-05-24T12:47:09.384+0000] {logging_mixin.py:188} INFO - [2024-05-24T12:47:09.384+0000] {dag.py:3096} INFO - Sync 1 DAGs
[2024-05-24T12:47:09.410+0000] {logging_mixin.py:188} INFO - [2024-05-24T12:47:09.410+0000] {dag.py:3954} INFO - Setting next_dagrun for tutorial_dag to None, run_after=None
[2024-05-24T12:47:09.439+0000] {processor.py:183} INFO - Processing /home/airflow/.local/lib/python3.12/site-packages/airflow/example_dags/tutorial_dag.py took 0.129 seconds
[2024-05-24T13:48:17.992+0000] {processor.py:161} INFO - Started process (PID=88216) to work on /home/airflow/.local/lib/python3.12/site-packages/airflow/example_dags/tutorial_dag.py
[2024-05-24T13:48:17.993+0000] {processor.py:830} INFO - Processing file /home/airflow/.local/lib/python3.12/site-packages/airflow/example_dags/tutorial_dag.py for tasks to queue
[2024-05-24T13:48:17.994+0000] {logging_mixin.py:188} INFO - [2024-05-24T13:48:17.993+0000] {dagbag.py:545} INFO - Filling up the DagBag from /home/airflow/.local/lib/python3.12/site-packages/airflow/example_dags/tutorial_dag.py
[2024-05-24T13:48:17.999+0000] {processor.py:840} INFO - DAG(s) 'tutorial_dag' retrieved from /home/airflow/.local/lib/python3.12/site-packages/airflow/example_dags/tutorial_dag.py
[2024-05-24T13:48:18.021+0000] {logging_mixin.py:188} INFO - [2024-05-24T13:48:18.020+0000] {dag.py:3096} INFO - Sync 1 DAGs
[2024-05-24T13:48:18.036+0000] {logging_mixin.py:188} INFO - [2024-05-24T13:48:18.035+0000] {dag.py:3954} INFO - Setting next_dagrun for tutorial_dag to None, run_after=None
[2024-05-24T13:48:18.060+0000] {processor.py:183} INFO - Processing /home/airflow/.local/lib/python3.12/site-packages/airflow/example_dags/tutorial_dag.py took 0.074 seconds
[2024-05-24T14:49:28.122+0000] {processor.py:161} INFO - Started process (PID=88275) to work on /home/airflow/.local/lib/python3.12/site-packages/airflow/example_dags/tutorial_dag.py
[2024-05-24T14:49:28.124+0000] {processor.py:830} INFO - Processing file /home/airflow/.local/lib/python3.12/site-packages/airflow/example_dags/tutorial_dag.py for tasks to queue
[2024-05-24T14:49:28.125+0000] {logging_mixin.py:188} INFO - [2024-05-24T14:49:28.125+0000] {dagbag.py:545} INFO - Filling up the DagBag from /home/airflow/.local/lib/python3.12/site-packages/airflow/example_dags/tutorial_dag.py
[2024-05-24T14:49:28.132+0000] {processor.py:840} INFO - DAG(s) 'tutorial_dag' retrieved from /home/airflow/.local/lib/python3.12/site-packages/airflow/example_dags/tutorial_dag.py
[2024-05-24T14:49:28.155+0000] {logging_mixin.py:188} INFO - [2024-05-24T14:49:28.155+0000] {dag.py:3096} INFO - Sync 1 DAGs
[2024-05-24T14:49:28.171+0000] {logging_mixin.py:188} INFO - [2024-05-24T14:49:28.171+0000] {dag.py:3954} INFO - Setting next_dagrun for tutorial_dag to None, run_after=None
[2024-05-24T14:49:28.192+0000] {processor.py:183} INFO - Processing /home/airflow/.local/lib/python3.12/site-packages/airflow/example_dags/tutorial_dag.py took 0.077 seconds
[2024-05-24T15:48:53.574+0000] {processor.py:161} INFO - Started process (PID=88334) to work on /home/airflow/.local/lib/python3.12/site-packages/airflow/example_dags/tutorial_dag.py
[2024-05-24T15:48:53.577+0000] {processor.py:830} INFO - Processing file /home/airflow/.local/lib/python3.12/site-packages/airflow/example_dags/tutorial_dag.py for tasks to queue
[2024-05-24T15:48:53.578+0000] {logging_mixin.py:188} INFO - [2024-05-24T15:48:53.578+0000] {dagbag.py:545} INFO - Filling up the DagBag from /home/airflow/.local/lib/python3.12/site-packages/airflow/example_dags/tutorial_dag.py
[2024-05-24T15:48:53.585+0000] {processor.py:840} INFO - DAG(s) 'tutorial_dag' retrieved from /home/airflow/.local/lib/python3.12/site-packages/airflow/example_dags/tutorial_dag.py
[2024-05-24T15:48:53.612+0000] {logging_mixin.py:188} INFO - [2024-05-24T15:48:53.612+0000] {dag.py:3096} INFO - Sync 1 DAGs
[2024-05-24T15:48:53.630+0000] {logging_mixin.py:188} INFO - [2024-05-24T15:48:53.630+0000] {dag.py:3954} INFO - Setting next_dagrun for tutorial_dag to None, run_after=None
[2024-05-24T15:48:53.649+0000] {processor.py:183} INFO - Processing /home/airflow/.local/lib/python3.12/site-packages/airflow/example_dags/tutorial_dag.py took 0.082 seconds
[2024-05-24T15:50:36.738+0000] {processor.py:161} INFO - Started process (PID=88393) to work on /home/airflow/.local/lib/python3.12/site-packages/airflow/example_dags/tutorial_dag.py
[2024-05-24T15:50:36.740+0000] {processor.py:830} INFO - Processing file /home/airflow/.local/lib/python3.12/site-packages/airflow/example_dags/tutorial_dag.py for tasks to queue
[2024-05-24T15:50:36.741+0000] {logging_mixin.py:188} INFO - [2024-05-24T15:50:36.741+0000] {dagbag.py:545} INFO - Filling up the DagBag from /home/airflow/.local/lib/python3.12/site-packages/airflow/example_dags/tutorial_dag.py
[2024-05-24T15:50:36.748+0000] {processor.py:840} INFO - DAG(s) 'tutorial_dag' retrieved from /home/airflow/.local/lib/python3.12/site-packages/airflow/example_dags/tutorial_dag.py
[2024-05-24T15:50:36.774+0000] {logging_mixin.py:188} INFO - [2024-05-24T15:50:36.774+0000] {dag.py:3096} INFO - Sync 1 DAGs
[2024-05-24T15:50:36.791+0000] {logging_mixin.py:188} INFO - [2024-05-24T15:50:36.790+0000] {dag.py:3954} INFO - Setting next_dagrun for tutorial_dag to None, run_after=None
[2024-05-24T15:50:36.809+0000] {processor.py:183} INFO - Processing /home/airflow/.local/lib/python3.12/site-packages/airflow/example_dags/tutorial_dag.py took 0.079 seconds
[2024-05-24T16:51:48.156+0000] {processor.py:161} INFO - Started process (PID=88451) to work on /home/airflow/.local/lib/python3.12/site-packages/airflow/example_dags/tutorial_dag.py
[2024-05-24T16:51:48.159+0000] {processor.py:830} INFO - Processing file /home/airflow/.local/lib/python3.12/site-packages/airflow/example_dags/tutorial_dag.py for tasks to queue
[2024-05-24T16:51:48.160+0000] {logging_mixin.py:188} INFO - [2024-05-24T16:51:48.160+0000] {dagbag.py:545} INFO - Filling up the DagBag from /home/airflow/.local/lib/python3.12/site-packages/airflow/example_dags/tutorial_dag.py
[2024-05-24T16:51:48.172+0000] {processor.py:840} INFO - DAG(s) 'tutorial_dag' retrieved from /home/airflow/.local/lib/python3.12/site-packages/airflow/example_dags/tutorial_dag.py
[2024-05-24T16:51:48.220+0000] {logging_mixin.py:188} INFO - [2024-05-24T16:51:48.217+0000] {dag.py:3096} INFO - Sync 1 DAGs
[2024-05-24T16:51:48.250+0000] {logging_mixin.py:188} INFO - [2024-05-24T16:51:48.250+0000] {dag.py:3954} INFO - Setting next_dagrun for tutorial_dag to None, run_after=None
[2024-05-24T16:51:48.290+0000] {processor.py:183} INFO - Processing /home/airflow/.local/lib/python3.12/site-packages/airflow/example_dags/tutorial_dag.py took 0.147 seconds
[2024-05-24T17:50:15.809+0000] {processor.py:161} INFO - Started process (PID=88504) to work on /home/airflow/.local/lib/python3.12/site-packages/airflow/example_dags/tutorial_dag.py
[2024-05-24T17:50:15.810+0000] {processor.py:830} INFO - Processing file /home/airflow/.local/lib/python3.12/site-packages/airflow/example_dags/tutorial_dag.py for tasks to queue
[2024-05-24T17:50:15.811+0000] {logging_mixin.py:188} INFO - [2024-05-24T17:50:15.811+0000] {dagbag.py:545} INFO - Filling up the DagBag from /home/airflow/.local/lib/python3.12/site-packages/airflow/example_dags/tutorial_dag.py
[2024-05-24T17:50:15.817+0000] {processor.py:840} INFO - DAG(s) 'tutorial_dag' retrieved from /home/airflow/.local/lib/python3.12/site-packages/airflow/example_dags/tutorial_dag.py
[2024-05-24T17:50:15.843+0000] {logging_mixin.py:188} INFO - [2024-05-24T17:50:15.843+0000] {dag.py:3096} INFO - Sync 1 DAGs
[2024-05-24T17:50:15.859+0000] {logging_mixin.py:188} INFO - [2024-05-24T17:50:15.859+0000] {dag.py:3954} INFO - Setting next_dagrun for tutorial_dag to None, run_after=None
[2024-05-24T17:50:15.878+0000] {processor.py:183} INFO - Processing /home/airflow/.local/lib/python3.12/site-packages/airflow/example_dags/tutorial_dag.py took 0.078 seconds
[2024-05-24T17:50:46.322+0000] {processor.py:161} INFO - Started process (PID=88563) to work on /home/airflow/.local/lib/python3.12/site-packages/airflow/example_dags/tutorial_dag.py
[2024-05-24T17:50:46.323+0000] {processor.py:830} INFO - Processing file /home/airflow/.local/lib/python3.12/site-packages/airflow/example_dags/tutorial_dag.py for tasks to queue
[2024-05-24T17:50:46.325+0000] {logging_mixin.py:188} INFO - [2024-05-24T17:50:46.324+0000] {dagbag.py:545} INFO - Filling up the DagBag from /home/airflow/.local/lib/python3.12/site-packages/airflow/example_dags/tutorial_dag.py
[2024-05-24T17:50:46.333+0000] {processor.py:840} INFO - DAG(s) 'tutorial_dag' retrieved from /home/airflow/.local/lib/python3.12/site-packages/airflow/example_dags/tutorial_dag.py
[2024-05-24T17:50:46.356+0000] {logging_mixin.py:188} INFO - [2024-05-24T17:50:46.356+0000] {dag.py:3096} INFO - Sync 1 DAGs
[2024-05-24T17:50:46.373+0000] {logging_mixin.py:188} INFO - [2024-05-24T17:50:46.372+0000] {dag.py:3954} INFO - Setting next_dagrun for tutorial_dag to None, run_after=None
[2024-05-24T17:50:46.391+0000] {processor.py:183} INFO - Processing /home/airflow/.local/lib/python3.12/site-packages/airflow/example_dags/tutorial_dag.py took 0.076 seconds
[2024-05-24T18:53:41.227+0000] {processor.py:161} INFO - Started process (PID=88628) to work on /home/airflow/.local/lib/python3.12/site-packages/airflow/example_dags/tutorial_dag.py
[2024-05-24T18:53:41.230+0000] {processor.py:830} INFO - Processing file /home/airflow/.local/lib/python3.12/site-packages/airflow/example_dags/tutorial_dag.py for tasks to queue
[2024-05-24T18:53:41.232+0000] {logging_mixin.py:188} INFO - [2024-05-24T18:53:41.232+0000] {dagbag.py:545} INFO - Filling up the DagBag from /home/airflow/.local/lib/python3.12/site-packages/airflow/example_dags/tutorial_dag.py
[2024-05-24T18:53:41.243+0000] {processor.py:840} INFO - DAG(s) 'tutorial_dag' retrieved from /home/airflow/.local/lib/python3.12/site-packages/airflow/example_dags/tutorial_dag.py
[2024-05-24T18:53:41.270+0000] {logging_mixin.py:188} INFO - [2024-05-24T18:53:41.270+0000] {dag.py:3096} INFO - Sync 1 DAGs
[2024-05-24T18:53:41.287+0000] {logging_mixin.py:188} INFO - [2024-05-24T18:53:41.287+0000] {dag.py:3954} INFO - Setting next_dagrun for tutorial_dag to None, run_after=None
[2024-05-24T18:53:41.307+0000] {processor.py:183} INFO - Processing /home/airflow/.local/lib/python3.12/site-packages/airflow/example_dags/tutorial_dag.py took 0.090 seconds
[2024-05-24T19:53:34.245+0000] {processor.py:161} INFO - Started process (PID=88681) to work on /home/airflow/.local/lib/python3.12/site-packages/airflow/example_dags/tutorial_dag.py
[2024-05-24T19:53:34.249+0000] {processor.py:830} INFO - Processing file /home/airflow/.local/lib/python3.12/site-packages/airflow/example_dags/tutorial_dag.py for tasks to queue
[2024-05-24T19:53:34.257+0000] {logging_mixin.py:188} INFO - [2024-05-24T19:53:34.257+0000] {dagbag.py:545} INFO - Filling up the DagBag from /home/airflow/.local/lib/python3.12/site-packages/airflow/example_dags/tutorial_dag.py
[2024-05-24T19:53:34.281+0000] {processor.py:840} INFO - DAG(s) 'tutorial_dag' retrieved from /home/airflow/.local/lib/python3.12/site-packages/airflow/example_dags/tutorial_dag.py
[2024-05-24T19:53:34.322+0000] {logging_mixin.py:188} INFO - [2024-05-24T19:53:34.322+0000] {dag.py:3096} INFO - Sync 1 DAGs
[2024-05-24T19:53:34.355+0000] {logging_mixin.py:188} INFO - [2024-05-24T19:53:34.355+0000] {dag.py:3954} INFO - Setting next_dagrun for tutorial_dag to None, run_after=None
[2024-05-24T19:53:34.406+0000] {processor.py:183} INFO - Processing /home/airflow/.local/lib/python3.12/site-packages/airflow/example_dags/tutorial_dag.py took 0.173 seconds
[2024-05-24T20:54:50.910+0000] {processor.py:161} INFO - Started process (PID=88746) to work on /home/airflow/.local/lib/python3.12/site-packages/airflow/example_dags/tutorial_dag.py
[2024-05-24T20:54:50.911+0000] {processor.py:830} INFO - Processing file /home/airflow/.local/lib/python3.12/site-packages/airflow/example_dags/tutorial_dag.py for tasks to queue
[2024-05-24T20:54:50.913+0000] {logging_mixin.py:188} INFO - [2024-05-24T20:54:50.912+0000] {dagbag.py:545} INFO - Filling up the DagBag from /home/airflow/.local/lib/python3.12/site-packages/airflow/example_dags/tutorial_dag.py
[2024-05-24T20:54:50.918+0000] {processor.py:840} INFO - DAG(s) 'tutorial_dag' retrieved from /home/airflow/.local/lib/python3.12/site-packages/airflow/example_dags/tutorial_dag.py
[2024-05-24T20:54:50.945+0000] {logging_mixin.py:188} INFO - [2024-05-24T20:54:50.945+0000] {dag.py:3096} INFO - Sync 1 DAGs
[2024-05-24T20:54:50.962+0000] {logging_mixin.py:188} INFO - [2024-05-24T20:54:50.961+0000] {dag.py:3954} INFO - Setting next_dagrun for tutorial_dag to None, run_after=None
[2024-05-24T20:54:50.990+0000] {processor.py:183} INFO - Processing /home/airflow/.local/lib/python3.12/site-packages/airflow/example_dags/tutorial_dag.py took 0.087 seconds
[2024-05-24T21:55:58.962+0000] {processor.py:161} INFO - Started process (PID=88805) to work on /home/airflow/.local/lib/python3.12/site-packages/airflow/example_dags/tutorial_dag.py
[2024-05-24T21:55:58.964+0000] {processor.py:830} INFO - Processing file /home/airflow/.local/lib/python3.12/site-packages/airflow/example_dags/tutorial_dag.py for tasks to queue
[2024-05-24T21:55:58.965+0000] {logging_mixin.py:188} INFO - [2024-05-24T21:55:58.965+0000] {dagbag.py:545} INFO - Filling up the DagBag from /home/airflow/.local/lib/python3.12/site-packages/airflow/example_dags/tutorial_dag.py
[2024-05-24T21:55:58.972+0000] {processor.py:840} INFO - DAG(s) 'tutorial_dag' retrieved from /home/airflow/.local/lib/python3.12/site-packages/airflow/example_dags/tutorial_dag.py
[2024-05-24T21:55:58.995+0000] {logging_mixin.py:188} INFO - [2024-05-24T21:55:58.995+0000] {dag.py:3096} INFO - Sync 1 DAGs
[2024-05-24T21:55:59.011+0000] {logging_mixin.py:188} INFO - [2024-05-24T21:55:59.011+0000] {dag.py:3954} INFO - Setting next_dagrun for tutorial_dag to None, run_after=None
[2024-05-24T21:55:59.032+0000] {processor.py:183} INFO - Processing /home/airflow/.local/lib/python3.12/site-packages/airflow/example_dags/tutorial_dag.py took 0.078 seconds
[2024-05-24T22:57:01.032+0000] {processor.py:161} INFO - Started process (PID=88858) to work on /home/airflow/.local/lib/python3.12/site-packages/airflow/example_dags/tutorial_dag.py
[2024-05-24T22:57:01.033+0000] {processor.py:830} INFO - Processing file /home/airflow/.local/lib/python3.12/site-packages/airflow/example_dags/tutorial_dag.py for tasks to queue
[2024-05-24T22:57:01.034+0000] {logging_mixin.py:188} INFO - [2024-05-24T22:57:01.034+0000] {dagbag.py:545} INFO - Filling up the DagBag from /home/airflow/.local/lib/python3.12/site-packages/airflow/example_dags/tutorial_dag.py
[2024-05-24T22:57:01.040+0000] {processor.py:840} INFO - DAG(s) 'tutorial_dag' retrieved from /home/airflow/.local/lib/python3.12/site-packages/airflow/example_dags/tutorial_dag.py
[2024-05-24T22:57:01.068+0000] {logging_mixin.py:188} INFO - [2024-05-24T22:57:01.068+0000] {dag.py:3096} INFO - Sync 1 DAGs
[2024-05-24T22:57:01.086+0000] {logging_mixin.py:188} INFO - [2024-05-24T22:57:01.085+0000] {dag.py:3954} INFO - Setting next_dagrun for tutorial_dag to None, run_after=None
[2024-05-24T22:57:01.105+0000] {processor.py:183} INFO - Processing /home/airflow/.local/lib/python3.12/site-packages/airflow/example_dags/tutorial_dag.py took 0.081 seconds
