[2024-05-24T00:10:41.277+0000] {processor.py:161} INFO - Started process (PID=87407) to work on /home/airflow/.local/lib/python3.12/site-packages/airflow/example_dags/tutorial.py
[2024-05-24T00:10:41.278+0000] {processor.py:830} INFO - Processing file /home/airflow/.local/lib/python3.12/site-packages/airflow/example_dags/tutorial.py for tasks to queue
[2024-05-24T00:10:41.279+0000] {logging_mixin.py:188} INFO - [2024-05-24T00:10:41.279+0000] {dagbag.py:545} INFO - Filling up the DagBag from /home/airflow/.local/lib/python3.12/site-packages/airflow/example_dags/tutorial.py
[2024-05-24T00:10:41.288+0000] {processor.py:840} INFO - DAG(s) 'tutorial' retrieved from /home/airflow/.local/lib/python3.12/site-packages/airflow/example_dags/tutorial.py
[2024-05-24T00:10:41.321+0000] {logging_mixin.py:188} INFO - [2024-05-24T00:10:41.321+0000] {dag.py:3096} INFO - Sync 1 DAGs
[2024-05-24T00:10:41.348+0000] {logging_mixin.py:188} INFO - [2024-05-24T00:10:41.348+0000] {dag.py:3954} INFO - Setting next_dagrun for tutorial to 2024-05-23 00:00:00+00:00, run_after=2024-05-24 00:00:00+00:00
[2024-05-24T00:10:41.367+0000] {processor.py:183} INFO - Processing /home/airflow/.local/lib/python3.12/site-packages/airflow/example_dags/tutorial.py took 0.099 seconds
[2024-05-24T03:15:01.353+0000] {processor.py:161} INFO - Started process (PID=87466) to work on /home/airflow/.local/lib/python3.12/site-packages/airflow/example_dags/tutorial.py
[2024-05-24T03:15:01.357+0000] {processor.py:830} INFO - Processing file /home/airflow/.local/lib/python3.12/site-packages/airflow/example_dags/tutorial.py for tasks to queue
[2024-05-24T03:15:01.359+0000] {logging_mixin.py:188} INFO - [2024-05-24T03:15:01.359+0000] {dagbag.py:545} INFO - Filling up the DagBag from /home/airflow/.local/lib/python3.12/site-packages/airflow/example_dags/tutorial.py
[2024-05-24T03:15:01.377+0000] {processor.py:840} INFO - DAG(s) 'tutorial' retrieved from /home/airflow/.local/lib/python3.12/site-packages/airflow/example_dags/tutorial.py
[2024-05-24T03:15:01.423+0000] {logging_mixin.py:188} INFO - [2024-05-24T03:15:01.422+0000] {dag.py:3096} INFO - Sync 1 DAGs
[2024-05-24T03:15:01.480+0000] {logging_mixin.py:188} INFO - [2024-05-24T03:15:01.480+0000] {dag.py:3954} INFO - Setting next_dagrun for tutorial to 2024-05-23 00:00:00+00:00, run_after=2024-05-24 00:00:00+00:00
[2024-05-24T03:15:01.518+0000] {processor.py:183} INFO - Processing /home/airflow/.local/lib/python3.12/site-packages/airflow/example_dags/tutorial.py took 0.178 seconds
[2024-05-24T05:04:12.001+0000] {processor.py:161} INFO - Started process (PID=87525) to work on /home/airflow/.local/lib/python3.12/site-packages/airflow/example_dags/tutorial.py
[2024-05-24T05:04:12.002+0000] {processor.py:830} INFO - Processing file /home/airflow/.local/lib/python3.12/site-packages/airflow/example_dags/tutorial.py for tasks to queue
[2024-05-24T05:04:12.004+0000] {logging_mixin.py:188} INFO - [2024-05-24T05:04:12.003+0000] {dagbag.py:545} INFO - Filling up the DagBag from /home/airflow/.local/lib/python3.12/site-packages/airflow/example_dags/tutorial.py
[2024-05-24T05:04:12.013+0000] {processor.py:840} INFO - DAG(s) 'tutorial' retrieved from /home/airflow/.local/lib/python3.12/site-packages/airflow/example_dags/tutorial.py
[2024-05-24T05:04:12.035+0000] {logging_mixin.py:188} INFO - [2024-05-24T05:04:12.034+0000] {dag.py:3096} INFO - Sync 1 DAGs
[2024-05-24T05:04:12.061+0000] {logging_mixin.py:188} INFO - [2024-05-24T05:04:12.060+0000] {dag.py:3954} INFO - Setting next_dagrun for tutorial to 2024-05-23 00:00:00+00:00, run_after=2024-05-24 00:00:00+00:00
[2024-05-24T05:04:12.080+0000] {processor.py:183} INFO - Processing /home/airflow/.local/lib/python3.12/site-packages/airflow/example_dags/tutorial.py took 0.086 seconds
[2024-05-24T05:06:18.205+0000] {processor.py:161} INFO - Started process (PID=87584) to work on /home/airflow/.local/lib/python3.12/site-packages/airflow/example_dags/tutorial.py
[2024-05-24T05:06:18.206+0000] {processor.py:830} INFO - Processing file /home/airflow/.local/lib/python3.12/site-packages/airflow/example_dags/tutorial.py for tasks to queue
[2024-05-24T05:06:18.208+0000] {logging_mixin.py:188} INFO - [2024-05-24T05:06:18.208+0000] {dagbag.py:545} INFO - Filling up the DagBag from /home/airflow/.local/lib/python3.12/site-packages/airflow/example_dags/tutorial.py
[2024-05-24T05:06:18.218+0000] {processor.py:840} INFO - DAG(s) 'tutorial' retrieved from /home/airflow/.local/lib/python3.12/site-packages/airflow/example_dags/tutorial.py
[2024-05-24T05:06:18.241+0000] {logging_mixin.py:188} INFO - [2024-05-24T05:06:18.241+0000] {dag.py:3096} INFO - Sync 1 DAGs
[2024-05-24T05:06:18.273+0000] {logging_mixin.py:188} INFO - [2024-05-24T05:06:18.272+0000] {dag.py:3954} INFO - Setting next_dagrun for tutorial to 2024-05-23 00:00:00+00:00, run_after=2024-05-24 00:00:00+00:00
[2024-05-24T05:06:18.293+0000] {processor.py:183} INFO - Processing /home/airflow/.local/lib/python3.12/site-packages/airflow/example_dags/tutorial.py took 0.098 seconds
[2024-05-24T05:40:27.627+0000] {processor.py:161} INFO - Started process (PID=87643) to work on /home/airflow/.local/lib/python3.12/site-packages/airflow/example_dags/tutorial.py
[2024-05-24T05:40:27.628+0000] {processor.py:830} INFO - Processing file /home/airflow/.local/lib/python3.12/site-packages/airflow/example_dags/tutorial.py for tasks to queue
[2024-05-24T05:40:27.629+0000] {logging_mixin.py:188} INFO - [2024-05-24T05:40:27.628+0000] {dagbag.py:545} INFO - Filling up the DagBag from /home/airflow/.local/lib/python3.12/site-packages/airflow/example_dags/tutorial.py
[2024-05-24T05:40:27.636+0000] {processor.py:840} INFO - DAG(s) 'tutorial' retrieved from /home/airflow/.local/lib/python3.12/site-packages/airflow/example_dags/tutorial.py
[2024-05-24T05:40:27.658+0000] {logging_mixin.py:188} INFO - [2024-05-24T05:40:27.658+0000] {dag.py:3096} INFO - Sync 1 DAGs
[2024-05-24T05:40:27.687+0000] {logging_mixin.py:188} INFO - [2024-05-24T05:40:27.687+0000] {dag.py:3954} INFO - Setting next_dagrun for tutorial to 2024-05-23 00:00:00+00:00, run_after=2024-05-24 00:00:00+00:00
[2024-05-24T05:40:27.708+0000] {processor.py:183} INFO - Processing /home/airflow/.local/lib/python3.12/site-packages/airflow/example_dags/tutorial.py took 0.089 seconds
[2024-05-24T06:36:56.206+0000] {processor.py:161} INFO - Started process (PID=87708) to work on /home/airflow/.local/lib/python3.12/site-packages/airflow/example_dags/tutorial.py
[2024-05-24T06:36:56.214+0000] {processor.py:830} INFO - Processing file /home/airflow/.local/lib/python3.12/site-packages/airflow/example_dags/tutorial.py for tasks to queue
[2024-05-24T06:36:56.224+0000] {logging_mixin.py:188} INFO - [2024-05-24T06:36:56.217+0000] {dagbag.py:545} INFO - Filling up the DagBag from /home/airflow/.local/lib/python3.12/site-packages/airflow/example_dags/tutorial.py
[2024-05-24T06:36:56.345+0000] {processor.py:840} INFO - DAG(s) 'tutorial' retrieved from /home/airflow/.local/lib/python3.12/site-packages/airflow/example_dags/tutorial.py
[2024-05-24T06:36:56.462+0000] {logging_mixin.py:188} INFO - [2024-05-24T06:36:56.462+0000] {dag.py:3096} INFO - Sync 1 DAGs
[2024-05-24T06:36:56.632+0000] {logging_mixin.py:188} INFO - [2024-05-24T06:36:56.632+0000] {dag.py:3954} INFO - Setting next_dagrun for tutorial to 2024-05-23 00:00:00+00:00, run_after=2024-05-24 00:00:00+00:00
[2024-05-24T06:36:56.734+0000] {processor.py:183} INFO - Processing /home/airflow/.local/lib/python3.12/site-packages/airflow/example_dags/tutorial.py took 0.615 seconds
[2024-05-24T07:35:42.532+0000] {processor.py:161} INFO - Started process (PID=87776) to work on /home/airflow/.local/lib/python3.12/site-packages/airflow/example_dags/tutorial.py
[2024-05-24T07:35:42.536+0000] {processor.py:830} INFO - Processing file /home/airflow/.local/lib/python3.12/site-packages/airflow/example_dags/tutorial.py for tasks to queue
[2024-05-24T07:35:42.537+0000] {logging_mixin.py:188} INFO - [2024-05-24T07:35:42.537+0000] {dagbag.py:545} INFO - Filling up the DagBag from /home/airflow/.local/lib/python3.12/site-packages/airflow/example_dags/tutorial.py
[2024-05-24T07:35:42.565+0000] {processor.py:840} INFO - DAG(s) 'tutorial' retrieved from /home/airflow/.local/lib/python3.12/site-packages/airflow/example_dags/tutorial.py
[2024-05-24T07:35:42.622+0000] {logging_mixin.py:188} INFO - [2024-05-24T07:35:42.621+0000] {dag.py:3096} INFO - Sync 1 DAGs
[2024-05-24T07:35:42.673+0000] {logging_mixin.py:188} INFO - [2024-05-24T07:35:42.672+0000] {dag.py:3954} INFO - Setting next_dagrun for tutorial to 2024-05-23 00:00:00+00:00, run_after=2024-05-24 00:00:00+00:00
[2024-05-24T07:35:42.692+0000] {processor.py:183} INFO - Processing /home/airflow/.local/lib/python3.12/site-packages/airflow/example_dags/tutorial.py took 0.179 seconds
[2024-05-24T07:41:37.645+0000] {processor.py:161} INFO - Started process (PID=87829) to work on /home/airflow/.local/lib/python3.12/site-packages/airflow/example_dags/tutorial.py
[2024-05-24T07:41:37.646+0000] {processor.py:830} INFO - Processing file /home/airflow/.local/lib/python3.12/site-packages/airflow/example_dags/tutorial.py for tasks to queue
[2024-05-24T07:41:37.647+0000] {logging_mixin.py:188} INFO - [2024-05-24T07:41:37.647+0000] {dagbag.py:545} INFO - Filling up the DagBag from /home/airflow/.local/lib/python3.12/site-packages/airflow/example_dags/tutorial.py
[2024-05-24T07:41:37.655+0000] {processor.py:840} INFO - DAG(s) 'tutorial' retrieved from /home/airflow/.local/lib/python3.12/site-packages/airflow/example_dags/tutorial.py
[2024-05-24T07:41:37.677+0000] {logging_mixin.py:188} INFO - [2024-05-24T07:41:37.677+0000] {dag.py:3096} INFO - Sync 1 DAGs
[2024-05-24T07:41:37.706+0000] {logging_mixin.py:188} INFO - [2024-05-24T07:41:37.706+0000] {dag.py:3954} INFO - Setting next_dagrun for tutorial to 2024-05-23 00:00:00+00:00, run_after=2024-05-24 00:00:00+00:00
[2024-05-24T07:41:37.726+0000] {processor.py:183} INFO - Processing /home/airflow/.local/lib/python3.12/site-packages/airflow/example_dags/tutorial.py took 0.089 seconds
[2024-05-24T08:42:33.928+0000] {processor.py:161} INFO - Started process (PID=87894) to work on /home/airflow/.local/lib/python3.12/site-packages/airflow/example_dags/tutorial.py
[2024-05-24T08:42:33.930+0000] {processor.py:830} INFO - Processing file /home/airflow/.local/lib/python3.12/site-packages/airflow/example_dags/tutorial.py for tasks to queue
[2024-05-24T08:42:33.931+0000] {logging_mixin.py:188} INFO - [2024-05-24T08:42:33.931+0000] {dagbag.py:545} INFO - Filling up the DagBag from /home/airflow/.local/lib/python3.12/site-packages/airflow/example_dags/tutorial.py
[2024-05-24T08:42:33.940+0000] {processor.py:840} INFO - DAG(s) 'tutorial' retrieved from /home/airflow/.local/lib/python3.12/site-packages/airflow/example_dags/tutorial.py
[2024-05-24T08:42:33.962+0000] {logging_mixin.py:188} INFO - [2024-05-24T08:42:33.962+0000] {dag.py:3096} INFO - Sync 1 DAGs
[2024-05-24T08:42:33.989+0000] {logging_mixin.py:188} INFO - [2024-05-24T08:42:33.989+0000] {dag.py:3954} INFO - Setting next_dagrun for tutorial to 2024-05-23 00:00:00+00:00, run_after=2024-05-24 00:00:00+00:00
[2024-05-24T08:42:34.020+0000] {processor.py:183} INFO - Processing /home/airflow/.local/lib/python3.12/site-packages/airflow/example_dags/tutorial.py took 0.100 seconds
[2024-05-24T09:43:45.898+0000] {processor.py:161} INFO - Started process (PID=87952) to work on /home/airflow/.local/lib/python3.12/site-packages/airflow/example_dags/tutorial.py
[2024-05-24T09:43:45.899+0000] {processor.py:830} INFO - Processing file /home/airflow/.local/lib/python3.12/site-packages/airflow/example_dags/tutorial.py for tasks to queue
[2024-05-24T09:43:45.900+0000] {logging_mixin.py:188} INFO - [2024-05-24T09:43:45.900+0000] {dagbag.py:545} INFO - Filling up the DagBag from /home/airflow/.local/lib/python3.12/site-packages/airflow/example_dags/tutorial.py
[2024-05-24T09:43:45.909+0000] {processor.py:840} INFO - DAG(s) 'tutorial' retrieved from /home/airflow/.local/lib/python3.12/site-packages/airflow/example_dags/tutorial.py
[2024-05-24T09:43:45.931+0000] {logging_mixin.py:188} INFO - [2024-05-24T09:43:45.930+0000] {dag.py:3096} INFO - Sync 1 DAGs
[2024-05-24T09:43:45.962+0000] {logging_mixin.py:188} INFO - [2024-05-24T09:43:45.962+0000] {dag.py:3954} INFO - Setting next_dagrun for tutorial to 2024-05-23 00:00:00+00:00, run_after=2024-05-24 00:00:00+00:00
[2024-05-24T09:43:45.986+0000] {processor.py:183} INFO - Processing /home/airflow/.local/lib/python3.12/site-packages/airflow/example_dags/tutorial.py took 0.095 seconds
[2024-05-24T10:44:55.211+0000] {processor.py:161} INFO - Started process (PID=88011) to work on /home/airflow/.local/lib/python3.12/site-packages/airflow/example_dags/tutorial.py
[2024-05-24T10:44:55.213+0000] {processor.py:830} INFO - Processing file /home/airflow/.local/lib/python3.12/site-packages/airflow/example_dags/tutorial.py for tasks to queue
[2024-05-24T10:44:55.214+0000] {logging_mixin.py:188} INFO - [2024-05-24T10:44:55.214+0000] {dagbag.py:545} INFO - Filling up the DagBag from /home/airflow/.local/lib/python3.12/site-packages/airflow/example_dags/tutorial.py
[2024-05-24T10:44:55.223+0000] {processor.py:840} INFO - DAG(s) 'tutorial' retrieved from /home/airflow/.local/lib/python3.12/site-packages/airflow/example_dags/tutorial.py
[2024-05-24T10:44:55.260+0000] {logging_mixin.py:188} INFO - [2024-05-24T10:44:55.260+0000] {dag.py:3096} INFO - Sync 1 DAGs
[2024-05-24T10:44:55.288+0000] {logging_mixin.py:188} INFO - [2024-05-24T10:44:55.287+0000] {dag.py:3954} INFO - Setting next_dagrun for tutorial to 2024-05-23 00:00:00+00:00, run_after=2024-05-24 00:00:00+00:00
[2024-05-24T10:44:55.311+0000] {processor.py:183} INFO - Processing /home/airflow/.local/lib/python3.12/site-packages/airflow/example_dags/tutorial.py took 0.110 seconds
[2024-05-24T11:46:01.226+0000] {processor.py:161} INFO - Started process (PID=88070) to work on /home/airflow/.local/lib/python3.12/site-packages/airflow/example_dags/tutorial.py
[2024-05-24T11:46:01.228+0000] {processor.py:830} INFO - Processing file /home/airflow/.local/lib/python3.12/site-packages/airflow/example_dags/tutorial.py for tasks to queue
[2024-05-24T11:46:01.229+0000] {logging_mixin.py:188} INFO - [2024-05-24T11:46:01.229+0000] {dagbag.py:545} INFO - Filling up the DagBag from /home/airflow/.local/lib/python3.12/site-packages/airflow/example_dags/tutorial.py
[2024-05-24T11:46:01.238+0000] {processor.py:840} INFO - DAG(s) 'tutorial' retrieved from /home/airflow/.local/lib/python3.12/site-packages/airflow/example_dags/tutorial.py
[2024-05-24T11:46:01.262+0000] {logging_mixin.py:188} INFO - [2024-05-24T11:46:01.261+0000] {dag.py:3096} INFO - Sync 1 DAGs
[2024-05-24T11:46:01.293+0000] {logging_mixin.py:188} INFO - [2024-05-24T11:46:01.292+0000] {dag.py:3954} INFO - Setting next_dagrun for tutorial to 2024-05-23 00:00:00+00:00, run_after=2024-05-24 00:00:00+00:00
[2024-05-24T11:46:01.313+0000] {processor.py:183} INFO - Processing /home/airflow/.local/lib/python3.12/site-packages/airflow/example_dags/tutorial.py took 0.095 seconds
[2024-05-24T12:47:07.173+0000] {processor.py:161} INFO - Started process (PID=88123) to work on /home/airflow/.local/lib/python3.12/site-packages/airflow/example_dags/tutorial.py
[2024-05-24T12:47:07.175+0000] {processor.py:830} INFO - Processing file /home/airflow/.local/lib/python3.12/site-packages/airflow/example_dags/tutorial.py for tasks to queue
[2024-05-24T12:47:07.176+0000] {logging_mixin.py:188} INFO - [2024-05-24T12:47:07.176+0000] {dagbag.py:545} INFO - Filling up the DagBag from /home/airflow/.local/lib/python3.12/site-packages/airflow/example_dags/tutorial.py
[2024-05-24T12:47:07.184+0000] {processor.py:840} INFO - DAG(s) 'tutorial' retrieved from /home/airflow/.local/lib/python3.12/site-packages/airflow/example_dags/tutorial.py
[2024-05-24T12:47:07.207+0000] {logging_mixin.py:188} INFO - [2024-05-24T12:47:07.207+0000] {dag.py:3096} INFO - Sync 1 DAGs
[2024-05-24T12:47:07.233+0000] {logging_mixin.py:188} INFO - [2024-05-24T12:47:07.233+0000] {dag.py:3954} INFO - Setting next_dagrun for tutorial to 2024-05-23 00:00:00+00:00, run_after=2024-05-24 00:00:00+00:00
[2024-05-24T12:47:07.253+0000] {processor.py:183} INFO - Processing /home/airflow/.local/lib/python3.12/site-packages/airflow/example_dags/tutorial.py took 0.090 seconds
[2024-05-24T13:48:16.092+0000] {processor.py:161} INFO - Started process (PID=88182) to work on /home/airflow/.local/lib/python3.12/site-packages/airflow/example_dags/tutorial.py
[2024-05-24T13:48:16.095+0000] {processor.py:830} INFO - Processing file /home/airflow/.local/lib/python3.12/site-packages/airflow/example_dags/tutorial.py for tasks to queue
[2024-05-24T13:48:16.097+0000] {logging_mixin.py:188} INFO - [2024-05-24T13:48:16.096+0000] {dagbag.py:545} INFO - Filling up the DagBag from /home/airflow/.local/lib/python3.12/site-packages/airflow/example_dags/tutorial.py
[2024-05-24T13:48:16.117+0000] {processor.py:840} INFO - DAG(s) 'tutorial' retrieved from /home/airflow/.local/lib/python3.12/site-packages/airflow/example_dags/tutorial.py
[2024-05-24T13:48:16.150+0000] {logging_mixin.py:188} INFO - [2024-05-24T13:48:16.149+0000] {dag.py:3096} INFO - Sync 1 DAGs
[2024-05-24T13:48:16.182+0000] {logging_mixin.py:188} INFO - [2024-05-24T13:48:16.182+0000] {dag.py:3954} INFO - Setting next_dagrun for tutorial to 2024-05-23 00:00:00+00:00, run_after=2024-05-24 00:00:00+00:00
[2024-05-24T13:48:16.199+0000] {processor.py:183} INFO - Processing /home/airflow/.local/lib/python3.12/site-packages/airflow/example_dags/tutorial.py took 0.121 seconds
[2024-05-24T14:49:26.187+0000] {processor.py:161} INFO - Started process (PID=88241) to work on /home/airflow/.local/lib/python3.12/site-packages/airflow/example_dags/tutorial.py
[2024-05-24T14:49:26.190+0000] {processor.py:830} INFO - Processing file /home/airflow/.local/lib/python3.12/site-packages/airflow/example_dags/tutorial.py for tasks to queue
[2024-05-24T14:49:26.192+0000] {logging_mixin.py:188} INFO - [2024-05-24T14:49:26.191+0000] {dagbag.py:545} INFO - Filling up the DagBag from /home/airflow/.local/lib/python3.12/site-packages/airflow/example_dags/tutorial.py
[2024-05-24T14:49:26.205+0000] {processor.py:840} INFO - DAG(s) 'tutorial' retrieved from /home/airflow/.local/lib/python3.12/site-packages/airflow/example_dags/tutorial.py
[2024-05-24T14:49:26.233+0000] {logging_mixin.py:188} INFO - [2024-05-24T14:49:26.233+0000] {dag.py:3096} INFO - Sync 1 DAGs
[2024-05-24T14:49:26.260+0000] {logging_mixin.py:188} INFO - [2024-05-24T14:49:26.259+0000] {dag.py:3954} INFO - Setting next_dagrun for tutorial to 2024-05-23 00:00:00+00:00, run_after=2024-05-24 00:00:00+00:00
[2024-05-24T14:49:26.278+0000] {processor.py:183} INFO - Processing /home/airflow/.local/lib/python3.12/site-packages/airflow/example_dags/tutorial.py took 0.098 seconds
[2024-05-24T15:48:51.627+0000] {processor.py:161} INFO - Started process (PID=88300) to work on /home/airflow/.local/lib/python3.12/site-packages/airflow/example_dags/tutorial.py
[2024-05-24T15:48:51.628+0000] {processor.py:830} INFO - Processing file /home/airflow/.local/lib/python3.12/site-packages/airflow/example_dags/tutorial.py for tasks to queue
[2024-05-24T15:48:51.629+0000] {logging_mixin.py:188} INFO - [2024-05-24T15:48:51.629+0000] {dagbag.py:545} INFO - Filling up the DagBag from /home/airflow/.local/lib/python3.12/site-packages/airflow/example_dags/tutorial.py
[2024-05-24T15:48:51.637+0000] {processor.py:840} INFO - DAG(s) 'tutorial' retrieved from /home/airflow/.local/lib/python3.12/site-packages/airflow/example_dags/tutorial.py
[2024-05-24T15:48:51.662+0000] {logging_mixin.py:188} INFO - [2024-05-24T15:48:51.661+0000] {dag.py:3096} INFO - Sync 1 DAGs
[2024-05-24T15:48:51.690+0000] {logging_mixin.py:188} INFO - [2024-05-24T15:48:51.690+0000] {dag.py:3954} INFO - Setting next_dagrun for tutorial to 2024-05-23 00:00:00+00:00, run_after=2024-05-24 00:00:00+00:00
[2024-05-24T15:48:51.717+0000] {processor.py:183} INFO - Processing /home/airflow/.local/lib/python3.12/site-packages/airflow/example_dags/tutorial.py took 0.098 seconds
[2024-05-24T15:50:34.680+0000] {processor.py:161} INFO - Started process (PID=88359) to work on /home/airflow/.local/lib/python3.12/site-packages/airflow/example_dags/tutorial.py
[2024-05-24T15:50:34.681+0000] {processor.py:830} INFO - Processing file /home/airflow/.local/lib/python3.12/site-packages/airflow/example_dags/tutorial.py for tasks to queue
[2024-05-24T15:50:34.682+0000] {logging_mixin.py:188} INFO - [2024-05-24T15:50:34.682+0000] {dagbag.py:545} INFO - Filling up the DagBag from /home/airflow/.local/lib/python3.12/site-packages/airflow/example_dags/tutorial.py
[2024-05-24T15:50:34.691+0000] {processor.py:840} INFO - DAG(s) 'tutorial' retrieved from /home/airflow/.local/lib/python3.12/site-packages/airflow/example_dags/tutorial.py
[2024-05-24T15:50:34.713+0000] {logging_mixin.py:188} INFO - [2024-05-24T15:50:34.713+0000] {dag.py:3096} INFO - Sync 1 DAGs
[2024-05-24T15:50:34.738+0000] {logging_mixin.py:188} INFO - [2024-05-24T15:50:34.738+0000] {dag.py:3954} INFO - Setting next_dagrun for tutorial to 2024-05-23 00:00:00+00:00, run_after=2024-05-24 00:00:00+00:00
[2024-05-24T15:50:34.763+0000] {processor.py:183} INFO - Processing /home/airflow/.local/lib/python3.12/site-packages/airflow/example_dags/tutorial.py took 0.091 seconds
[2024-05-24T16:51:42.216+0000] {processor.py:161} INFO - Started process (PID=88418) to work on /home/airflow/.local/lib/python3.12/site-packages/airflow/example_dags/tutorial.py
[2024-05-24T16:51:42.217+0000] {processor.py:830} INFO - Processing file /home/airflow/.local/lib/python3.12/site-packages/airflow/example_dags/tutorial.py for tasks to queue
[2024-05-24T16:51:42.220+0000] {logging_mixin.py:188} INFO - [2024-05-24T16:51:42.220+0000] {dagbag.py:545} INFO - Filling up the DagBag from /home/airflow/.local/lib/python3.12/site-packages/airflow/example_dags/tutorial.py
[2024-05-24T16:51:42.238+0000] {processor.py:840} INFO - DAG(s) 'tutorial' retrieved from /home/airflow/.local/lib/python3.12/site-packages/airflow/example_dags/tutorial.py
[2024-05-24T16:51:42.282+0000] {logging_mixin.py:188} INFO - [2024-05-24T16:51:42.282+0000] {dag.py:3096} INFO - Sync 1 DAGs
[2024-05-24T16:51:42.338+0000] {logging_mixin.py:188} INFO - [2024-05-24T16:51:42.338+0000] {dag.py:3954} INFO - Setting next_dagrun for tutorial to 2024-05-23 00:00:00+00:00, run_after=2024-05-24 00:00:00+00:00
[2024-05-24T16:51:42.376+0000] {processor.py:183} INFO - Processing /home/airflow/.local/lib/python3.12/site-packages/airflow/example_dags/tutorial.py took 0.172 seconds
[2024-05-24T17:50:13.947+0000] {processor.py:161} INFO - Started process (PID=88476) to work on /home/airflow/.local/lib/python3.12/site-packages/airflow/example_dags/tutorial.py
[2024-05-24T17:50:13.948+0000] {processor.py:830} INFO - Processing file /home/airflow/.local/lib/python3.12/site-packages/airflow/example_dags/tutorial.py for tasks to queue
[2024-05-24T17:50:13.949+0000] {logging_mixin.py:188} INFO - [2024-05-24T17:50:13.949+0000] {dagbag.py:545} INFO - Filling up the DagBag from /home/airflow/.local/lib/python3.12/site-packages/airflow/example_dags/tutorial.py
[2024-05-24T17:50:13.957+0000] {processor.py:840} INFO - DAG(s) 'tutorial' retrieved from /home/airflow/.local/lib/python3.12/site-packages/airflow/example_dags/tutorial.py
[2024-05-24T17:50:13.979+0000] {logging_mixin.py:188} INFO - [2024-05-24T17:50:13.979+0000] {dag.py:3096} INFO - Sync 1 DAGs
[2024-05-24T17:50:14.007+0000] {logging_mixin.py:188} INFO - [2024-05-24T17:50:14.007+0000] {dag.py:3954} INFO - Setting next_dagrun for tutorial to 2024-05-23 00:00:00+00:00, run_after=2024-05-24 00:00:00+00:00
[2024-05-24T17:50:14.027+0000] {processor.py:183} INFO - Processing /home/airflow/.local/lib/python3.12/site-packages/airflow/example_dags/tutorial.py took 0.088 seconds
[2024-05-24T17:50:44.589+0000] {processor.py:161} INFO - Started process (PID=88535) to work on /home/airflow/.local/lib/python3.12/site-packages/airflow/example_dags/tutorial.py
[2024-05-24T17:50:44.592+0000] {processor.py:830} INFO - Processing file /home/airflow/.local/lib/python3.12/site-packages/airflow/example_dags/tutorial.py for tasks to queue
[2024-05-24T17:50:44.593+0000] {logging_mixin.py:188} INFO - [2024-05-24T17:50:44.593+0000] {dagbag.py:545} INFO - Filling up the DagBag from /home/airflow/.local/lib/python3.12/site-packages/airflow/example_dags/tutorial.py
[2024-05-24T17:50:44.601+0000] {processor.py:840} INFO - DAG(s) 'tutorial' retrieved from /home/airflow/.local/lib/python3.12/site-packages/airflow/example_dags/tutorial.py
[2024-05-24T17:50:44.626+0000] {logging_mixin.py:188} INFO - [2024-05-24T17:50:44.626+0000] {dag.py:3096} INFO - Sync 1 DAGs
[2024-05-24T17:50:44.652+0000] {logging_mixin.py:188} INFO - [2024-05-24T17:50:44.652+0000] {dag.py:3954} INFO - Setting next_dagrun for tutorial to 2024-05-23 00:00:00+00:00, run_after=2024-05-24 00:00:00+00:00
[2024-05-24T17:50:44.671+0000] {processor.py:183} INFO - Processing /home/airflow/.local/lib/python3.12/site-packages/airflow/example_dags/tutorial.py took 0.089 seconds
[2024-05-24T18:53:38.748+0000] {processor.py:161} INFO - Started process (PID=88594) to work on /home/airflow/.local/lib/python3.12/site-packages/airflow/example_dags/tutorial.py
[2024-05-24T18:53:38.750+0000] {processor.py:830} INFO - Processing file /home/airflow/.local/lib/python3.12/site-packages/airflow/example_dags/tutorial.py for tasks to queue
[2024-05-24T18:53:38.751+0000] {logging_mixin.py:188} INFO - [2024-05-24T18:53:38.750+0000] {dagbag.py:545} INFO - Filling up the DagBag from /home/airflow/.local/lib/python3.12/site-packages/airflow/example_dags/tutorial.py
[2024-05-24T18:53:38.758+0000] {processor.py:840} INFO - DAG(s) 'tutorial' retrieved from /home/airflow/.local/lib/python3.12/site-packages/airflow/example_dags/tutorial.py
[2024-05-24T18:53:38.780+0000] {logging_mixin.py:188} INFO - [2024-05-24T18:53:38.780+0000] {dag.py:3096} INFO - Sync 1 DAGs
[2024-05-24T18:53:38.804+0000] {logging_mixin.py:188} INFO - [2024-05-24T18:53:38.804+0000] {dag.py:3954} INFO - Setting next_dagrun for tutorial to 2024-05-23 00:00:00+00:00, run_after=2024-05-24 00:00:00+00:00
[2024-05-24T18:53:38.823+0000] {processor.py:183} INFO - Processing /home/airflow/.local/lib/python3.12/site-packages/airflow/example_dags/tutorial.py took 0.081 seconds
[2024-05-24T19:53:32.318+0000] {processor.py:161} INFO - Started process (PID=88653) to work on /home/airflow/.local/lib/python3.12/site-packages/airflow/example_dags/tutorial.py
[2024-05-24T19:53:32.319+0000] {processor.py:830} INFO - Processing file /home/airflow/.local/lib/python3.12/site-packages/airflow/example_dags/tutorial.py for tasks to queue
[2024-05-24T19:53:32.320+0000] {logging_mixin.py:188} INFO - [2024-05-24T19:53:32.320+0000] {dagbag.py:545} INFO - Filling up the DagBag from /home/airflow/.local/lib/python3.12/site-packages/airflow/example_dags/tutorial.py
[2024-05-24T19:53:32.328+0000] {processor.py:840} INFO - DAG(s) 'tutorial' retrieved from /home/airflow/.local/lib/python3.12/site-packages/airflow/example_dags/tutorial.py
[2024-05-24T19:53:32.350+0000] {logging_mixin.py:188} INFO - [2024-05-24T19:53:32.349+0000] {dag.py:3096} INFO - Sync 1 DAGs
[2024-05-24T19:53:32.390+0000] {logging_mixin.py:188} INFO - [2024-05-24T19:53:32.389+0000] {dag.py:3954} INFO - Setting next_dagrun for tutorial to 2024-05-23 00:00:00+00:00, run_after=2024-05-24 00:00:00+00:00
[2024-05-24T19:53:32.409+0000] {processor.py:183} INFO - Processing /home/airflow/.local/lib/python3.12/site-packages/airflow/example_dags/tutorial.py took 0.097 seconds
[2024-05-24T20:54:48.339+0000] {processor.py:161} INFO - Started process (PID=88712) to work on /home/airflow/.local/lib/python3.12/site-packages/airflow/example_dags/tutorial.py
[2024-05-24T20:54:48.344+0000] {processor.py:830} INFO - Processing file /home/airflow/.local/lib/python3.12/site-packages/airflow/example_dags/tutorial.py for tasks to queue
[2024-05-24T20:54:48.357+0000] {logging_mixin.py:188} INFO - [2024-05-24T20:54:48.351+0000] {dagbag.py:545} INFO - Filling up the DagBag from /home/airflow/.local/lib/python3.12/site-packages/airflow/example_dags/tutorial.py
[2024-05-24T20:54:48.429+0000] {processor.py:840} INFO - DAG(s) 'tutorial' retrieved from /home/airflow/.local/lib/python3.12/site-packages/airflow/example_dags/tutorial.py
[2024-05-24T20:54:48.549+0000] {logging_mixin.py:188} INFO - [2024-05-24T20:54:48.549+0000] {dag.py:3096} INFO - Sync 1 DAGs
[2024-05-24T20:54:48.673+0000] {logging_mixin.py:188} INFO - [2024-05-24T20:54:48.673+0000] {dag.py:3954} INFO - Setting next_dagrun for tutorial to 2024-05-23 00:00:00+00:00, run_after=2024-05-24 00:00:00+00:00
[2024-05-24T20:54:48.728+0000] {processor.py:183} INFO - Processing /home/airflow/.local/lib/python3.12/site-packages/airflow/example_dags/tutorial.py took 0.441 seconds
[2024-05-24T21:55:52.547+0000] {processor.py:161} INFO - Started process (PID=88771) to work on /home/airflow/.local/lib/python3.12/site-packages/airflow/example_dags/tutorial.py
[2024-05-24T21:55:52.549+0000] {processor.py:830} INFO - Processing file /home/airflow/.local/lib/python3.12/site-packages/airflow/example_dags/tutorial.py for tasks to queue
[2024-05-24T21:55:52.551+0000] {logging_mixin.py:188} INFO - [2024-05-24T21:55:52.551+0000] {dagbag.py:545} INFO - Filling up the DagBag from /home/airflow/.local/lib/python3.12/site-packages/airflow/example_dags/tutorial.py
[2024-05-24T21:55:52.559+0000] {processor.py:840} INFO - DAG(s) 'tutorial' retrieved from /home/airflow/.local/lib/python3.12/site-packages/airflow/example_dags/tutorial.py
[2024-05-24T21:55:52.579+0000] {logging_mixin.py:188} INFO - [2024-05-24T21:55:52.579+0000] {dag.py:3096} INFO - Sync 1 DAGs
[2024-05-24T21:55:52.606+0000] {logging_mixin.py:188} INFO - [2024-05-24T21:55:52.606+0000] {dag.py:3954} INFO - Setting next_dagrun for tutorial to 2024-05-23 00:00:00+00:00, run_after=2024-05-24 00:00:00+00:00
[2024-05-24T21:55:52.630+0000] {processor.py:183} INFO - Processing /home/airflow/.local/lib/python3.12/site-packages/airflow/example_dags/tutorial.py took 0.111 seconds
[2024-05-24T22:56:59.093+0000] {processor.py:161} INFO - Started process (PID=88830) to work on /home/airflow/.local/lib/python3.12/site-packages/airflow/example_dags/tutorial.py
[2024-05-24T22:56:59.097+0000] {processor.py:830} INFO - Processing file /home/airflow/.local/lib/python3.12/site-packages/airflow/example_dags/tutorial.py for tasks to queue
[2024-05-24T22:56:59.098+0000] {logging_mixin.py:188} INFO - [2024-05-24T22:56:59.098+0000] {dagbag.py:545} INFO - Filling up the DagBag from /home/airflow/.local/lib/python3.12/site-packages/airflow/example_dags/tutorial.py
[2024-05-24T22:56:59.107+0000] {processor.py:840} INFO - DAG(s) 'tutorial' retrieved from /home/airflow/.local/lib/python3.12/site-packages/airflow/example_dags/tutorial.py
[2024-05-24T22:56:59.133+0000] {logging_mixin.py:188} INFO - [2024-05-24T22:56:59.133+0000] {dag.py:3096} INFO - Sync 1 DAGs
[2024-05-24T22:56:59.160+0000] {logging_mixin.py:188} INFO - [2024-05-24T22:56:59.159+0000] {dag.py:3954} INFO - Setting next_dagrun for tutorial to 2024-05-23 00:00:00+00:00, run_after=2024-05-24 00:00:00+00:00
[2024-05-24T22:56:59.180+0000] {processor.py:183} INFO - Processing /home/airflow/.local/lib/python3.12/site-packages/airflow/example_dags/tutorial.py took 0.094 seconds
