[2024-05-29T18:03:03.620+0000] {local_task_job_runner.py:120} INFO - ::group::Pre task execution logs
[2024-05-29T18:03:03.638+0000] {taskinstance.py:2076} INFO - Dependencies all met for dep_context=non-requeueable deps ti=<TaskInstance: example_dag_1.branch_rate manual__2024-05-29T18:02:57.205147+00:00 [queued]>
[2024-05-29T18:03:03.646+0000] {taskinstance.py:2076} INFO - Dependencies all met for dep_context=requeueable deps ti=<TaskInstance: example_dag_1.branch_rate manual__2024-05-29T18:02:57.205147+00:00 [queued]>
[2024-05-29T18:03:03.646+0000] {taskinstance.py:2306} INFO - Starting attempt 1 of 4
[2024-05-29T18:03:03.661+0000] {taskinstance.py:2330} INFO - Executing <Task(BaseBranchOperator): branch_rate> on 2024-05-29 18:02:57.205147+00:00
[2024-05-29T18:03:03.667+0000] {warnings.py:110} WARNING - /home/***/.local/lib/python3.12/site-packages/***/task/task_runner/standard_task_runner.py:61: DeprecationWarning: This process (pid=2547) is multi-threaded, use of fork() may lead to deadlocks in the child.
  pid = os.fork()

[2024-05-29T18:03:03.669+0000] {standard_task_runner.py:63} INFO - Started process 2550 to run task
[2024-05-29T18:03:03.669+0000] {standard_task_runner.py:90} INFO - Running: ['***', 'tasks', 'run', 'example_dag_1', 'branch_rate', 'manual__2024-05-29T18:02:57.205147+00:00', '--job-id', '2543', '--raw', '--subdir', 'DAGS_FOLDER/first_dag.py', '--cfg-path', '/tmp/tmpzhfgvrh6']
[2024-05-29T18:03:03.672+0000] {standard_task_runner.py:91} INFO - Job 2543: Subtask branch_rate
[2024-05-29T18:03:03.719+0000] {task_command.py:426} INFO - Running <TaskInstance: example_dag_1.branch_rate manual__2024-05-29T18:02:57.205147+00:00 [running]> on host 6ecac41592ab
[2024-05-29T18:03:03.813+0000] {taskinstance.py:2648} INFO - Exporting env vars: AIRFLOW_CTX_DAG_EMAIL='gurlenko.13032001@gmail.com' AIRFLOW_CTX_DAG_OWNER='***' AIRFLOW_CTX_DAG_ID='example_dag_1' AIRFLOW_CTX_TASK_ID='branch_rate' AIRFLOW_CTX_EXECUTION_DATE='2024-05-29T18:02:57.205147+00:00' AIRFLOW_CTX_TRY_NUMBER='1' AIRFLOW_CTX_DAG_RUN_ID='manual__2024-05-29T18:02:57.205147+00:00'
[2024-05-29T18:03:03.816+0000] {taskinstance.py:430} INFO - ::endgroup::
[2024-05-29T18:03:03.816+0000] {taskinstance.py:441} INFO - ::group::Post task execution logs
[2024-05-29T18:03:03.817+0000] {taskinstance.py:2905} ERROR - Task failed with exception
Traceback (most recent call last):
  File "/home/airflow/.local/lib/python3.12/site-packages/airflow/models/taskinstance.py", line 465, in _execute_task
    result = _execute_callable(context=context, **execute_callable_kwargs)
             ^^^^^^^^^^^^^^^^^^^^^^^^^^^^^^^^^^^^^^^^^^^^^^^^^^^^^^^^^^^^^
  File "/home/airflow/.local/lib/python3.12/site-packages/airflow/models/taskinstance.py", line 432, in _execute_callable
    return execute_callable(context=context, **execute_callable_kwargs)
           ^^^^^^^^^^^^^^^^^^^^^^^^^^^^^^^^^^^^^^^^^^^^^^^^^^^^^^^^^^^^
  File "/home/airflow/.local/lib/python3.12/site-packages/airflow/models/baseoperator.py", line 400, in wrapper
    return func(self, *args, **kwargs)
           ^^^^^^^^^^^^^^^^^^^^^^^^^^^
  File "/home/airflow/.local/lib/python3.12/site-packages/airflow/operators/branch.py", line 67, in execute
    return self.do_branch(context, self.choose_branch(context))
                                   ^^^^^^^^^^^^^^^^^^^^^^^^^^^
  File "/home/airflow/.local/lib/python3.12/site-packages/airflow/operators/branch.py", line 64, in choose_branch
    raise NotImplementedError
NotImplementedError
[2024-05-29T18:03:03.826+0000] {taskinstance.py:1206} INFO - Marking task as UP_FOR_RETRY. dag_id=example_dag_1, task_id=branch_rate, run_id=manual__2024-05-29T18:02:57.205147+00:00, execution_date=20240529T180257, start_date=20240529T180303, end_date=20240529T180303
[2024-05-29T18:03:03.838+0000] {standard_task_runner.py:110} ERROR - Failed to execute job 2543 for task branch_rate (; 2550)
[2024-05-29T18:03:03.851+0000] {local_task_job_runner.py:240} INFO - Task exited with return code 1
[2024-05-29T18:03:03.877+0000] {taskinstance.py:3498} INFO - 0 downstream tasks scheduled from follow-on schedule check
[2024-05-29T18:03:03.879+0000] {local_task_job_runner.py:222} INFO - ::endgroup::
