[2024-05-27T20:46:55.970+0000] {local_task_job_runner.py:120} INFO - ::group::Pre task execution logs
[2024-05-27T20:46:56.017+0000] {taskinstance.py:2076} INFO - Dependencies all met for dep_context=non-requeueable deps ti=<TaskInstance: process_sales.extract_data_from_api manual__2024-05-27T20:46:52.148384+00:00 [queued]>
[2024-05-27T20:46:56.027+0000] {taskinstance.py:2076} INFO - Dependencies all met for dep_context=requeueable deps ti=<TaskInstance: process_sales.extract_data_from_api manual__2024-05-27T20:46:52.148384+00:00 [queued]>
[2024-05-27T20:46:56.028+0000] {taskinstance.py:2306} INFO - Starting attempt 1 of 3
[2024-05-27T20:46:56.047+0000] {taskinstance.py:2330} INFO - Executing <Task(PythonOperator): extract_data_from_api> on 2024-05-27 20:46:52.148384+00:00
[2024-05-27T20:46:56.059+0000] {warnings.py:110} WARNING - /home/***/.local/lib/python3.12/site-packages/***/task/task_runner/standard_task_runner.py:61: DeprecationWarning: This process (pid=333) is multi-threaded, use of fork() may lead to deadlocks in the child.
  pid = os.fork()

[2024-05-27T20:46:56.064+0000] {standard_task_runner.py:63} INFO - Started process 335 to run task
[2024-05-27T20:46:56.065+0000] {standard_task_runner.py:90} INFO - Running: ['***', 'tasks', 'run', 'process_sales', 'extract_data_from_api', 'manual__2024-05-27T20:46:52.148384+00:00', '--job-id', '2478', '--raw', '--subdir', 'DAGS_FOLDER/process_sales.py', '--cfg-path', '/tmp/tmpiowaknrl']
[2024-05-27T20:46:56.070+0000] {standard_task_runner.py:91} INFO - Job 2478: Subtask extract_data_from_api
[2024-05-27T20:46:56.153+0000] {task_command.py:426} INFO - Running <TaskInstance: process_sales.extract_data_from_api manual__2024-05-27T20:46:52.148384+00:00 [running]> on host 6ecac41592ab
[2024-05-27T20:46:56.280+0000] {taskinstance.py:2648} INFO - Exporting env vars: AIRFLOW_CTX_DAG_EMAIL='gurlenko.1488@gmail.com' AIRFLOW_CTX_DAG_OWNER='***' AIRFLOW_CTX_DAG_ID='process_sales' AIRFLOW_CTX_TASK_ID='extract_data_from_api' AIRFLOW_CTX_EXECUTION_DATE='2024-05-27T20:46:52.148384+00:00' AIRFLOW_CTX_TRY_NUMBER='1' AIRFLOW_CTX_DAG_RUN_ID='manual__2024-05-27T20:46:52.148384+00:00'
[2024-05-27T20:46:56.283+0000] {taskinstance.py:430} INFO - ::endgroup::
[2024-05-27T20:46:56.284+0000] {logging_mixin.py:188} INFO - Starting job 1
[2024-05-27T20:46:59.710+0000] {logging_mixin.py:188} INFO - Passion
[2024-05-27T20:46:59.712+0000] {python.py:237} INFO - Done. Returned value was: None
[2024-05-27T20:46:59.713+0000] {taskinstance.py:441} INFO - ::group::Post task execution logs
[2024-05-27T20:46:59.752+0000] {taskinstance.py:1206} INFO - Marking task as SUCCESS. dag_id=process_sales, task_id=extract_data_from_api, run_id=manual__2024-05-27T20:46:52.148384+00:00, execution_date=20240527T204652, start_date=20240527T204656, end_date=20240527T204659
[2024-05-27T20:46:59.819+0000] {local_task_job_runner.py:240} INFO - Task exited with return code 0
[2024-05-27T20:46:59.844+0000] {taskinstance.py:3498} INFO - 1 downstream tasks scheduled from follow-on schedule check
[2024-05-27T20:46:59.847+0000] {local_task_job_runner.py:222} INFO - ::endgroup::
