[2024-05-26T06:21:18.637+0000] {local_task_job_runner.py:120} INFO - ::group::Pre task execution logs
[2024-05-26T06:21:18.903+0000] {taskinstance.py:2076} INFO - Dependencies all met for dep_context=non-requeueable deps ti=<TaskInstance: process_sales.get_send_data_task scheduled__2023-04-14T01:00:00+00:00 [queued]>
[2024-05-26T06:21:18.974+0000] {taskinstance.py:2076} INFO - Dependencies all met for dep_context=requeueable deps ti=<TaskInstance: process_sales.get_send_data_task scheduled__2023-04-14T01:00:00+00:00 [queued]>
[2024-05-26T06:21:18.979+0000] {taskinstance.py:2306} INFO - Starting attempt 1 of 3
[2024-05-26T06:21:19.135+0000] {taskinstance.py:2330} INFO - Executing <Task(PythonOperator): get_send_data_task> on 2023-04-14 01:00:00+00:00
[2024-05-26T06:21:19.206+0000] {warnings.py:110} WARNING - /home/***/.local/lib/python3.12/site-packages/***/task/task_runner/standard_task_runner.py:61: DeprecationWarning: This process (pid=5363) is multi-threaded, use of fork() may lead to deadlocks in the child.
  pid = os.fork()

[2024-05-26T06:21:19.239+0000] {standard_task_runner.py:63} INFO - Started process 5371 to run task
[2024-05-26T06:21:19.254+0000] {standard_task_runner.py:90} INFO - Running: ['***', 'tasks', 'run', 'process_sales', 'get_send_data_task', 'scheduled__2023-04-14T01:00:00+00:00', '--job-id', '964', '--raw', '--subdir', 'DAGS_FOLDER/process_sales.py', '--cfg-path', '/tmp/tmp93dqfrnz']
[2024-05-26T06:21:19.322+0000] {standard_task_runner.py:91} INFO - Job 964: Subtask get_send_data_task
[2024-05-26T06:21:20.047+0000] {task_command.py:426} INFO - Running <TaskInstance: process_sales.get_send_data_task scheduled__2023-04-14T01:00:00+00:00 [running]> on host 6ecac41592ab
[2024-05-26T06:21:21.257+0000] {taskinstance.py:2648} INFO - Exporting env vars: AIRFLOW_CTX_DAG_EMAIL='gurlenko.1488@gmail.com' AIRFLOW_CTX_DAG_OWNER='***' AIRFLOW_CTX_DAG_ID='process_sales' AIRFLOW_CTX_TASK_ID='get_send_data_task' AIRFLOW_CTX_EXECUTION_DATE='2023-04-14T01:00:00+00:00' AIRFLOW_CTX_TRY_NUMBER='1' AIRFLOW_CTX_DAG_RUN_ID='scheduled__2023-04-14T01:00:00+00:00'
[2024-05-26T06:21:21.284+0000] {taskinstance.py:430} INFO - ::endgroup::
[2024-05-26T06:21:23.354+0000] {logging_mixin.py:188} INFO - Response status code on page 1:  200
[2024-05-26T06:21:24.187+0000] {logging_mixin.py:188} INFO - Response status code on page 2:  200
[2024-05-26T06:21:25.319+0000] {logging_mixin.py:188} INFO - Response status code on page 3:  200
[2024-05-26T06:21:26.574+0000] {logging_mixin.py:188} INFO - Response status code on page 4:  200
[2024-05-26T06:21:27.296+0000] {logging_mixin.py:188} INFO - Total pages: 4
[2024-05-26T06:21:27.370+0000] {logging_mixin.py:188} INFO - Data successfully posted to Job_1.
[2024-05-26T06:21:27.393+0000] {python.py:237} INFO - Done. Returned value was: None
[2024-05-26T06:21:27.399+0000] {taskinstance.py:441} INFO - ::group::Post task execution logs
[2024-05-26T06:21:27.511+0000] {taskinstance.py:1206} INFO - Marking task as SUCCESS. dag_id=process_sales, task_id=get_send_data_task, run_id=scheduled__2023-04-14T01:00:00+00:00, execution_date=20230414T010000, start_date=20240526T062118, end_date=20240526T062127
[2024-05-26T06:21:27.754+0000] {local_task_job_runner.py:240} INFO - Task exited with return code 0
[2024-05-26T06:21:27.957+0000] {taskinstance.py:3498} INFO - 1 downstream tasks scheduled from follow-on schedule check
[2024-05-26T06:21:27.968+0000] {local_task_job_runner.py:222} INFO - ::endgroup::
